<html>
<head>
<title>TestNG:  Smoke tests - Portal QA env</title>
<link href="../testng.css" rel="stylesheet" type="text/css" />
<link href="../my-testng.css" rel="stylesheet" type="text/css" />

<style type="text/css">
.log { display: none;} 
.stack-trace { display: none;} 
</style>
<script type="text/javascript">
<!--
function flip(e) {
  current = e.style.display;
  if (current == 'block') {
    e.style.display = 'none';
    return 0;
  }
  else {
    e.style.display = 'block';
    return 1;
  }
}

function toggleBox(szDivId, elem, msg1, msg2)
{
  var res = -1;  if (document.getElementById) {
    res = flip(document.getElementById(szDivId));
  }
  else if (document.all) {
    // this is the way old msie versions work
    res = flip(document.all[szDivId]);
  }
  if(elem) {
    if(res == 0) elem.innerHTML = msg1; else elem.innerHTML = msg2;
  }

}

function toggleAllBoxes() {
  if (document.getElementsByTagName) {
    d = document.getElementsByTagName('div');
    for (i = 0; i < d.length; i++) {
      if (d[i].className == 'log') {
        flip(d[i]);
      }
    }
  }
}

// -->
</script>

</head>
<body>
<h2 align='center'>Smoke tests - Portal QA env</h2><table border='1' align="center">
<tr>
<td>Tests passed/Failed/Skipped:</td><td>0/1/10</td>
</tr><tr>
<td>Started on:</td><td>Thu Feb 18 15:21:27 IST 2021</td>
</tr>
<tr><td>Total time:</td><td>21 seconds (21150 ms)</td>
</tr><tr>
<td>Included groups:</td><td></td>
</tr><tr>
<td>Excluded groups:</td><td></td>
</tr>
</table><p/>
<small><i>(Hover the method name to see the test class name)</i></small><p/>
<table width='100%' border='1' class='invocation-failed'>
<tr><td colspan='4' align='center'><b>FAILED TESTS</b></td></tr>
<tr><td><b>Test method</b></td>
<td width="30%"><b>Exception</b></td>
<td width="10%"><b>Time (seconds)</b></td>
<td><b>Instance</b></td>
</tr>
<tr>
<td title='Tests.Environments.InitAndCleanupPortal.cleanupAgents()'><b>cleanupAgents</b><br>Test class: Tests.Environments.InitAndCleanupPortal</td>
<td><div><pre>java.lang.AssertionError: Could not create SSH connection to machine: 10.243.68.105  user name: Moshe.Avidor password: Smile2009@ port number: 22
com.jcraft.jsch.JSchException: java.net.ConnectException: Connection timed out: connect

Video: C:\Nep-4-next\nep-qa-next@f35aa3a96df\nep-qa-automation/test-output/capture/InitAndCleanupPortal-18-02-2021-15.21.27.avi


	at Utils.Remote.SSHManager.Connect(SSHManager.java:61)
	at Utils.Remote.SSHManager.&lt;init&gt;(SSHManager.java:32)
	at Actions.BaseAgentActions.&lt;init&gt;(BaseAgentActions.java:46)
	at Actions.WinAgentActions.&lt;init&gt;(WinAgentActions.java:42)
	at Actions.AgentActionsFactory.getAgentActions(AgentActionsFactory.java:11)
	at Tests.Environments.InitAndCleanupPortal.cleanupAgents(InitAndCleanupPortal.java:54)
	at java.base/java.util.ArrayList.forEach(ArrayList.java:1540)
	at Utils.Main.RunTest.main(RunTest.java:116)
... Removed 25 stack frames</pre></div><a href='#' onClick='toggleBox("stack-trace1630968203", this, "Click to show all stack frames", "Click to hide stack frames")'>Click to show all stack frames</a>
<div class='stack-trace' id='stack-trace1630968203'><pre>java.lang.AssertionError: Could not create SSH connection to machine: 10.243.68.105  user name: Moshe.Avidor password: Smile2009@ port number: 22
com.jcraft.jsch.JSchException: java.net.ConnectException: Connection timed out: connect

Video: C:\Nep-4-next\nep-qa-next@f35aa3a96df\nep-qa-automation/test-output/capture/InitAndCleanupPortal-18-02-2021-15.21.27.avi


	at org.testng.Assert.fail(Assert.java:97)
	at Utils.Remote.SSHManager.Connect(SSHManager.java:61)
	at Utils.Remote.SSHManager.&lt;init&gt;(SSHManager.java:32)
	at Actions.BaseAgentActions.&lt;init&gt;(BaseAgentActions.java:46)
	at Actions.WinAgentActions.&lt;init&gt;(WinAgentActions.java:42)
	at Actions.AgentActionsFactory.getAgentActions(AgentActionsFactory.java:11)
	at Tests.Environments.InitAndCleanupPortal.cleanupAgents(InitAndCleanupPortal.java:54)
	at java.base/jdk.internal.reflect.NativeMethodAccessorImpl.invoke0(Native Method)
	at java.base/jdk.internal.reflect.NativeMethodAccessorImpl.invoke(NativeMethodAccessorImpl.java:62)
	at java.base/jdk.internal.reflect.DelegatingMethodAccessorImpl.invoke(DelegatingMethodAccessorImpl.java:43)
	at java.base/java.lang.reflect.Method.invoke(Method.java:567)
	at org.testng.internal.MethodInvocationHelper.invokeMethod(MethodInvocationHelper.java:134)
	at org.testng.internal.TestInvoker.invokeMethod(TestInvoker.java:597)
	at org.testng.internal.TestInvoker.invokeTestMethod(TestInvoker.java:173)
	at org.testng.internal.MethodRunner.runInSequence(MethodRunner.java:46)
	at org.testng.internal.TestInvoker$MethodInvocationAgent.invoke(TestInvoker.java:816)
	at org.testng.internal.TestInvoker.invokeTestMethods(TestInvoker.java:146)
	at org.testng.internal.TestMethodWorker.invokeTestMethods(TestMethodWorker.java:146)
	at org.testng.internal.TestMethodWorker.run(TestMethodWorker.java:128)
	at java.base/java.util.ArrayList.forEach(ArrayList.java:1540)
	at org.testng.TestRunner.privateRun(TestRunner.java:766)
	at org.testng.TestRunner.run(TestRunner.java:587)
	at org.testng.SuiteRunner.runTest(SuiteRunner.java:384)
	at org.testng.SuiteRunner.runSequentially(SuiteRunner.java:378)
	at org.testng.SuiteRunner.privateRun(SuiteRunner.java:337)
	at org.testng.SuiteRunner.run(SuiteRunner.java:286)
	at org.testng.SuiteRunnerWorker.runSuite(SuiteRunnerWorker.java:53)
	at org.testng.SuiteRunnerWorker.run(SuiteRunnerWorker.java:96)
	at org.testng.TestNG.runSuitesSequentially(TestNG.java:1187)
	at org.testng.TestNG.runSuitesLocally(TestNG.java:1109)
	at org.testng.TestNG.runSuites(TestNG.java:1039)
	at org.testng.TestNG.run(TestNG.java:1007)
	at Utils.Main.RunTest.main(RunTest.java:116)
</pre></div></td>
<td>21</td>
<td>Tests.Environments.InitAndCleanupPortal@7bef452c</td></tr>
</table><p>
<table width='100%' border='1' class='invocation-skipped'>
<tr><td colspan='4' align='center'><b>SKIPPED TESTS</b></td></tr>
<tr><td><b>Test method</b></td>
<td width="30%"><b>Exception</b></td>
<td width="10%"><b>Time (seconds)</b></td>
<td><b>Instance</b></td>
</tr>
<tr>
<td title='Tests.Environments.CreateNewInstallers.CreateNewInstalllersAndDeleteOldInstallers()'><b>CreateNewInstalllersAndDeleteOldInstallers</b><br>Test class: Tests.Environments.CreateNewInstallers</td>
<td><div><pre>java.lang.Throwable: Method CreateNewInstallers.CreateNewInstalllersAndDeleteOldInstallers()[pri:0, instance:Tests.Environments.CreateNewInstallers@f14e5bf, instance params:[{Parameters Per Environment=QA, Wait for publish to be completed=180, Customer=TrustwaveEP Test#21}]] depends on not successfully finished methods in group &quot;InitAndCleanup&quot;
	at java.base/java.util.ArrayList.forEach(ArrayList.java:1540)
	at Utils.Main.RunTest.main(RunTest.java:116)
... Removed 15 stack frames</pre></div><a href='#' onClick='toggleBox("stack-trace1688917723", this, "Click to show all stack frames", "Click to hide stack frames")'>Click to show all stack frames</a>
<div class='stack-trace' id='stack-trace1688917723'><pre>java.lang.Throwable: Method CreateNewInstallers.CreateNewInstalllersAndDeleteOldInstallers()[pri:0, instance:Tests.Environments.CreateNewInstallers@f14e5bf, instance params:[{Parameters Per Environment=QA, Wait for publish to be completed=180, Customer=TrustwaveEP Test#21}]] depends on not successfully finished methods in group &quot;InitAndCleanup&quot;
	at org.testng.internal.TestInvoker.invokeTestMethods(TestInvoker.java:101)
	at org.testng.internal.TestMethodWorker.invokeTestMethods(TestMethodWorker.java:146)
	at org.testng.internal.TestMethodWorker.run(TestMethodWorker.java:128)
	at java.base/java.util.ArrayList.forEach(ArrayList.java:1540)
	at org.testng.TestRunner.privateRun(TestRunner.java:766)
	at org.testng.TestRunner.run(TestRunner.java:587)
	at org.testng.SuiteRunner.runTest(SuiteRunner.java:384)
	at org.testng.SuiteRunner.runSequentially(SuiteRunner.java:378)
	at org.testng.SuiteRunner.privateRun(SuiteRunner.java:337)
	at org.testng.SuiteRunner.run(SuiteRunner.java:286)
	at org.testng.SuiteRunnerWorker.runSuite(SuiteRunnerWorker.java:53)
	at org.testng.SuiteRunnerWorker.run(SuiteRunnerWorker.java:96)
	at org.testng.TestNG.runSuitesSequentially(TestNG.java:1187)
	at org.testng.TestNG.runSuitesLocally(TestNG.java:1109)
	at org.testng.TestNG.runSuites(TestNG.java:1039)
	at org.testng.TestNG.run(TestNG.java:1007)
	at Utils.Main.RunTest.main(RunTest.java:116)
</pre></div></td>
<td>0</td>
<td>Tests.Environments.CreateNewInstallers@f14e5bf</td></tr>
<tr>
<td title='Tests.Environments.InstallEndPointEnvironmentsTest.InstallTest()'><b>InstallTest</b><br>Test class: Tests.Environments.InstallEndPointEnvironmentsTest</td>
<td><div><pre>java.lang.Throwable: Method InstallEndPointEnvironmentsTest.InstallTest()[pri:0, instance:Tests.Environments.InstallEndPointEnvironmentsTest@5965844d, instance params:[{Installation timeout=180, From service start until logs show active timeout=180, EP_Type_1=win, EP_UserName_1=Moshe.Avidor, EP_Password_1=Smile2009@, EP_Values_Populate_Method=Row_For_Every_EP, EP_HostName_1=10.243.68.105}]] depends on not successfully finished methods in group &quot;ChangeCustomerConfAndVerify&quot;
	at java.base/java.util.ArrayList.forEach(ArrayList.java:1540)
	at Utils.Main.RunTest.main(RunTest.java:116)
... Removed 15 stack frames</pre></div><a href='#' onClick='toggleBox("stack-trace255041198", this, "Click to show all stack frames", "Click to hide stack frames")'>Click to show all stack frames</a>
<div class='stack-trace' id='stack-trace255041198'><pre>java.lang.Throwable: Method InstallEndPointEnvironmentsTest.InstallTest()[pri:0, instance:Tests.Environments.InstallEndPointEnvironmentsTest@5965844d, instance params:[{Installation timeout=180, From service start until logs show active timeout=180, EP_Type_1=win, EP_UserName_1=Moshe.Avidor, EP_Password_1=Smile2009@, EP_Values_Populate_Method=Row_For_Every_EP, EP_HostName_1=10.243.68.105}]] depends on not successfully finished methods in group &quot;ChangeCustomerConfAndVerify&quot;
	at org.testng.internal.TestInvoker.invokeTestMethods(TestInvoker.java:101)
	at org.testng.internal.TestMethodWorker.invokeTestMethods(TestMethodWorker.java:146)
	at org.testng.internal.TestMethodWorker.run(TestMethodWorker.java:128)
	at java.base/java.util.ArrayList.forEach(ArrayList.java:1540)
	at org.testng.TestRunner.privateRun(TestRunner.java:766)
	at org.testng.TestRunner.run(TestRunner.java:587)
	at org.testng.SuiteRunner.runTest(SuiteRunner.java:384)
	at org.testng.SuiteRunner.runSequentially(SuiteRunner.java:378)
	at org.testng.SuiteRunner.privateRun(SuiteRunner.java:337)
	at org.testng.SuiteRunner.run(SuiteRunner.java:286)
	at org.testng.SuiteRunnerWorker.runSuite(SuiteRunnerWorker.java:53)
	at org.testng.SuiteRunnerWorker.run(SuiteRunnerWorker.java:96)
	at org.testng.TestNG.runSuitesSequentially(TestNG.java:1187)
	at org.testng.TestNG.runSuitesLocally(TestNG.java:1109)
	at org.testng.TestNG.runSuites(TestNG.java:1039)
	at org.testng.TestNG.run(TestNG.java:1007)
	at Utils.Main.RunTest.main(RunTest.java:116)
</pre></div></td>
<td>0</td>
<td>Tests.Environments.InstallEndPointEnvironmentsTest@5965844d</td></tr>
<tr>
<td title='Tests.Environments.ClientLogToPortalTest.SendLogsAndVerify()'><b>SendLogsAndVerify</b><br>Test class: Tests.Environments.ClientLogToPortalTest</td>
<td><div><pre>java.lang.Throwable: Method ClientLogToPortalTest.SendLogsAndVerify()[pri:0, instance:Tests.Environments.ClientLogToPortalTest@aa004a0, instance params:[{Event Description=Hello!! this is the test info, Customer=TrustwaveEP Test#21, Log To Appear Timeout=1800, Event Log=APPLICATION, Fusion Password=P@ssw0rd1, EP_UserName_1=Moshe.Avidor, EP_Password_1=Smile2009@, Parameters Per Environment=QA, Fusion User Name=twSuperAdmin, Event ID=123, Add time stamp to description=Yes, Event Source=AutomationTest, Fusion Link=https://portal.qa.tw-test.net, EP_Type_1=win, Event Type=INFORMATION, Report Interval=30, EP_Values_Populate_Method=Row_For_Every_EP, EP_HostName_1=10.243.68.105}]] depends on not successfully finished methods in group &quot;verify&quot;
	at java.base/java.util.ArrayList.forEach(ArrayList.java:1540)
	at Utils.Main.RunTest.main(RunTest.java:116)
... Removed 15 stack frames</pre></div><a href='#' onClick='toggleBox("stack-trace1077316166", this, "Click to show all stack frames", "Click to hide stack frames")'>Click to show all stack frames</a>
<div class='stack-trace' id='stack-trace1077316166'><pre>java.lang.Throwable: Method ClientLogToPortalTest.SendLogsAndVerify()[pri:0, instance:Tests.Environments.ClientLogToPortalTest@aa004a0, instance params:[{Event Description=Hello!! this is the test info, Customer=TrustwaveEP Test#21, Log To Appear Timeout=1800, Event Log=APPLICATION, Fusion Password=P@ssw0rd1, EP_UserName_1=Moshe.Avidor, EP_Password_1=Smile2009@, Parameters Per Environment=QA, Fusion User Name=twSuperAdmin, Event ID=123, Add time stamp to description=Yes, Event Source=AutomationTest, Fusion Link=https://portal.qa.tw-test.net, EP_Type_1=win, Event Type=INFORMATION, Report Interval=30, EP_Values_Populate_Method=Row_For_Every_EP, EP_HostName_1=10.243.68.105}]] depends on not successfully finished methods in group &quot;verify&quot;
	at org.testng.internal.TestInvoker.invokeTestMethods(TestInvoker.java:101)
	at org.testng.internal.TestMethodWorker.invokeTestMethods(TestMethodWorker.java:146)
	at org.testng.internal.TestMethodWorker.run(TestMethodWorker.java:128)
	at java.base/java.util.ArrayList.forEach(ArrayList.java:1540)
	at org.testng.TestRunner.privateRun(TestRunner.java:766)
	at org.testng.TestRunner.run(TestRunner.java:587)
	at org.testng.SuiteRunner.runTest(SuiteRunner.java:384)
	at org.testng.SuiteRunner.runSequentially(SuiteRunner.java:378)
	at org.testng.SuiteRunner.privateRun(SuiteRunner.java:337)
	at org.testng.SuiteRunner.run(SuiteRunner.java:286)
	at org.testng.SuiteRunnerWorker.runSuite(SuiteRunnerWorker.java:53)
	at org.testng.SuiteRunnerWorker.run(SuiteRunnerWorker.java:96)
	at org.testng.TestNG.runSuitesSequentially(TestNG.java:1187)
	at org.testng.TestNG.runSuitesLocally(TestNG.java:1109)
	at org.testng.TestNG.runSuites(TestNG.java:1039)
	at org.testng.TestNG.run(TestNG.java:1007)
	at Utils.Main.RunTest.main(RunTest.java:116)
</pre></div></td>
<td>0</td>
<td>Tests.Environments.ClientLogToPortalTest@aa004a0</td></tr>
<tr>
<td title='Tests.Environments.VerifyEndPointOkAtPortalTest.VerifyEndPointStatusAtPortalTest()'><b>VerifyEndPointStatusAtPortalTest</b><br>Test class: Tests.Environments.VerifyEndPointOkAtPortalTest</td>
<td><div><pre>java.lang.Throwable: Method VerifyEndPointOkAtPortalTest.VerifyEndPointStatusAtPortalTest()[pri:0, instance:Tests.Environments.VerifyEndPointOkAtPortalTest@6d4a65c6, instance params:[{EP_Type_1=win, Customer=TrustwaveEP Test#21, EP_UserName_1=Moshe.Avidor, EP_Password_1=Smile2009@, Parameters Per Environment=QA, EP_Values_Populate_Method=Row_For_Every_EP, EP_HostName_1=10.243.68.105, EP Appear At CentCom Timeout=120}]] depends on not successfully finished methods in group &quot;InstallEP&quot;
	at java.base/java.util.ArrayList.forEach(ArrayList.java:1540)
	at Utils.Main.RunTest.main(RunTest.java:116)
... Removed 15 stack frames</pre></div><a href='#' onClick='toggleBox("stack-trace1303362110", this, "Click to show all stack frames", "Click to hide stack frames")'>Click to show all stack frames</a>
<div class='stack-trace' id='stack-trace1303362110'><pre>java.lang.Throwable: Method VerifyEndPointOkAtPortalTest.VerifyEndPointStatusAtPortalTest()[pri:0, instance:Tests.Environments.VerifyEndPointOkAtPortalTest@6d4a65c6, instance params:[{EP_Type_1=win, Customer=TrustwaveEP Test#21, EP_UserName_1=Moshe.Avidor, EP_Password_1=Smile2009@, Parameters Per Environment=QA, EP_Values_Populate_Method=Row_For_Every_EP, EP_HostName_1=10.243.68.105, EP Appear At CentCom Timeout=120}]] depends on not successfully finished methods in group &quot;InstallEP&quot;
	at org.testng.internal.TestInvoker.invokeTestMethods(TestInvoker.java:101)
	at org.testng.internal.TestMethodWorker.invokeTestMethods(TestMethodWorker.java:146)
	at org.testng.internal.TestMethodWorker.run(TestMethodWorker.java:128)
	at java.base/java.util.ArrayList.forEach(ArrayList.java:1540)
	at org.testng.TestRunner.privateRun(TestRunner.java:766)
	at org.testng.TestRunner.run(TestRunner.java:587)
	at org.testng.SuiteRunner.runTest(SuiteRunner.java:384)
	at org.testng.SuiteRunner.runSequentially(SuiteRunner.java:378)
	at org.testng.SuiteRunner.privateRun(SuiteRunner.java:337)
	at org.testng.SuiteRunner.run(SuiteRunner.java:286)
	at org.testng.SuiteRunnerWorker.runSuite(SuiteRunnerWorker.java:53)
	at org.testng.SuiteRunnerWorker.run(SuiteRunnerWorker.java:96)
	at org.testng.TestNG.runSuitesSequentially(TestNG.java:1187)
	at org.testng.TestNG.runSuitesLocally(TestNG.java:1109)
	at org.testng.TestNG.runSuites(TestNG.java:1039)
	at org.testng.TestNG.run(TestNG.java:1007)
	at Utils.Main.RunTest.main(RunTest.java:116)
</pre></div></td>
<td>0</td>
<td>Tests.Environments.VerifyEndPointOkAtPortalTest@6d4a65c6</td></tr>
<tr>
<td title='Tests.LNE.ChangeCustomerConfAndVerify.changeCustomerConfAndVerify()'><b>changeCustomerConfAndVerify</b><br>Test class: Tests.LNE.ChangeCustomerConfAndVerify</td>
<td><div><pre>java.lang.Throwable: Method ChangeCustomerConfAndVerify.changeCustomerConfAndVerify()[pri:20, instance:Tests.LNE.ChangeCustomerConfAndVerify@6f952d6c, instance params:[{EP_UserName_1=Moshe.Avidor, EP_Password_1=Smile2009@, EP_Type_1=win, EP_HostName_1=10.243.68.105, EP_Values_Populate_Method=All_EP_In_One_Row}]] depends on not successfully finished methods in group &quot;DownloadInstallers&quot;
	at java.base/java.util.ArrayList.forEach(ArrayList.java:1540)
	at Utils.Main.RunTest.main(RunTest.java:116)
... Removed 15 stack frames</pre></div><a href='#' onClick='toggleBox("stack-trace1415979460", this, "Click to show all stack frames", "Click to hide stack frames")'>Click to show all stack frames</a>
<div class='stack-trace' id='stack-trace1415979460'><pre>java.lang.Throwable: Method ChangeCustomerConfAndVerify.changeCustomerConfAndVerify()[pri:20, instance:Tests.LNE.ChangeCustomerConfAndVerify@6f952d6c, instance params:[{EP_UserName_1=Moshe.Avidor, EP_Password_1=Smile2009@, EP_Type_1=win, EP_HostName_1=10.243.68.105, EP_Values_Populate_Method=All_EP_In_One_Row}]] depends on not successfully finished methods in group &quot;DownloadInstallers&quot;
	at org.testng.internal.TestInvoker.invokeTestMethods(TestInvoker.java:101)
	at org.testng.internal.TestMethodWorker.invokeTestMethods(TestMethodWorker.java:146)
	at org.testng.internal.TestMethodWorker.run(TestMethodWorker.java:128)
	at java.base/java.util.ArrayList.forEach(ArrayList.java:1540)
	at org.testng.TestRunner.privateRun(TestRunner.java:766)
	at org.testng.TestRunner.run(TestRunner.java:587)
	at org.testng.SuiteRunner.runTest(SuiteRunner.java:384)
	at org.testng.SuiteRunner.runSequentially(SuiteRunner.java:378)
	at org.testng.SuiteRunner.privateRun(SuiteRunner.java:337)
	at org.testng.SuiteRunner.run(SuiteRunner.java:286)
	at org.testng.SuiteRunnerWorker.runSuite(SuiteRunnerWorker.java:53)
	at org.testng.SuiteRunnerWorker.run(SuiteRunnerWorker.java:96)
	at org.testng.TestNG.runSuitesSequentially(TestNG.java:1187)
	at org.testng.TestNG.runSuitesLocally(TestNG.java:1109)
	at org.testng.TestNG.runSuites(TestNG.java:1039)
	at org.testng.TestNG.run(TestNG.java:1007)
	at Utils.Main.RunTest.main(RunTest.java:116)
</pre></div></td>
<td>0</td>
<td>Tests.LNE.ChangeCustomerConfAndVerify@6f952d6c</td></tr>
<tr>
<td title='Tests.LNE.DeleteEndpoint.deleteEndpoint()'><b>deleteEndpoint</b><br>Test class: Tests.LNE.DeleteEndpoint</td>
<td><div><pre>java.lang.Throwable: Method DeleteEndpoint.deleteEndpoint()[pri:10, instance:Tests.LNE.DeleteEndpoint@dffa30b, instance params:[{EP_UserName_1=Moshe.Avidor, EP_Password_1=Smile2009@, EP_Type_1=win, EP_Values_Populate_Method=Row_For_Every_EP, EP_HostName_1=10.243.68.105}]] depends on not successfully finished methods in group &quot;InstallEP&quot;
	at java.base/java.util.ArrayList.forEach(ArrayList.java:1540)
	at Utils.Main.RunTest.main(RunTest.java:116)
... Removed 15 stack frames</pre></div><a href='#' onClick='toggleBox("stack-trace1322484262", this, "Click to show all stack frames", "Click to hide stack frames")'>Click to show all stack frames</a>
<div class='stack-trace' id='stack-trace1322484262'><pre>java.lang.Throwable: Method DeleteEndpoint.deleteEndpoint()[pri:10, instance:Tests.LNE.DeleteEndpoint@dffa30b, instance params:[{EP_UserName_1=Moshe.Avidor, EP_Password_1=Smile2009@, EP_Type_1=win, EP_Values_Populate_Method=Row_For_Every_EP, EP_HostName_1=10.243.68.105}]] depends on not successfully finished methods in group &quot;InstallEP&quot;
	at org.testng.internal.TestInvoker.invokeTestMethods(TestInvoker.java:101)
	at org.testng.internal.TestMethodWorker.invokeTestMethods(TestMethodWorker.java:146)
	at org.testng.internal.TestMethodWorker.run(TestMethodWorker.java:128)
	at java.base/java.util.ArrayList.forEach(ArrayList.java:1540)
	at org.testng.TestRunner.privateRun(TestRunner.java:766)
	at org.testng.TestRunner.run(TestRunner.java:587)
	at org.testng.SuiteRunner.runTest(SuiteRunner.java:384)
	at org.testng.SuiteRunner.runSequentially(SuiteRunner.java:378)
	at org.testng.SuiteRunner.privateRun(SuiteRunner.java:337)
	at org.testng.SuiteRunner.run(SuiteRunner.java:286)
	at org.testng.SuiteRunnerWorker.runSuite(SuiteRunnerWorker.java:53)
	at org.testng.SuiteRunnerWorker.run(SuiteRunnerWorker.java:96)
	at org.testng.TestNG.runSuitesSequentially(TestNG.java:1187)
	at org.testng.TestNG.runSuitesLocally(TestNG.java:1109)
	at org.testng.TestNG.runSuites(TestNG.java:1039)
	at org.testng.TestNG.run(TestNG.java:1007)
	at Utils.Main.RunTest.main(RunTest.java:116)
</pre></div></td>
<td>0</td>
<td>Tests.LNE.DeleteEndpoint@dffa30b</td></tr>
<tr>
<td title='Tests.Environments.DownloadInstallers.downloadInstallersFromFileCabinet()'><b>downloadInstallersFromFileCabinet</b><br>Test class: Tests.Environments.DownloadInstallers</td>
<td><div><pre>java.lang.Throwable: Method DownloadInstallers.downloadInstallersFromFileCabinet()[pri:0, instance:Tests.Environments.DownloadInstallers@d176a31, instance params:[{Parameters Per Environment=QA, Customer=TrustwaveEP Test#21, Wait because File is still being processed (virus scanned and stored)=900, Wait files to be downloaded timeout in seconds=600, Wait files ready to download timeout=600}]] depends on not successfully finished methods in group &quot;CreateNewInstallers&quot;
	at java.base/java.util.ArrayList.forEach(ArrayList.java:1540)
	at Utils.Main.RunTest.main(RunTest.java:116)
... Removed 15 stack frames</pre></div><a href='#' onClick='toggleBox("stack-trace1624355359", this, "Click to show all stack frames", "Click to hide stack frames")'>Click to show all stack frames</a>
<div class='stack-trace' id='stack-trace1624355359'><pre>java.lang.Throwable: Method DownloadInstallers.downloadInstallersFromFileCabinet()[pri:0, instance:Tests.Environments.DownloadInstallers@d176a31, instance params:[{Parameters Per Environment=QA, Customer=TrustwaveEP Test#21, Wait because File is still being processed (virus scanned and stored)=900, Wait files to be downloaded timeout in seconds=600, Wait files ready to download timeout=600}]] depends on not successfully finished methods in group &quot;CreateNewInstallers&quot;
	at org.testng.internal.TestInvoker.invokeTestMethods(TestInvoker.java:101)
	at org.testng.internal.TestMethodWorker.invokeTestMethods(TestMethodWorker.java:146)
	at org.testng.internal.TestMethodWorker.run(TestMethodWorker.java:128)
	at java.base/java.util.ArrayList.forEach(ArrayList.java:1540)
	at org.testng.TestRunner.privateRun(TestRunner.java:766)
	at org.testng.TestRunner.run(TestRunner.java:587)
	at org.testng.SuiteRunner.runTest(SuiteRunner.java:384)
	at org.testng.SuiteRunner.runSequentially(SuiteRunner.java:378)
	at org.testng.SuiteRunner.privateRun(SuiteRunner.java:337)
	at org.testng.SuiteRunner.run(SuiteRunner.java:286)
	at org.testng.SuiteRunnerWorker.runSuite(SuiteRunnerWorker.java:53)
	at org.testng.SuiteRunnerWorker.run(SuiteRunnerWorker.java:96)
	at org.testng.TestNG.runSuitesSequentially(TestNG.java:1187)
	at org.testng.TestNG.runSuitesLocally(TestNG.java:1109)
	at org.testng.TestNG.runSuites(TestNG.java:1039)
	at org.testng.TestNG.run(TestNG.java:1007)
	at Utils.Main.RunTest.main(RunTest.java:116)
</pre></div></td>
<td>0</td>
<td>Tests.Environments.DownloadInstallers@d176a31</td></tr>
<tr>
<td title='Tests.LNE.RevokeEndpoint.revokeEndpoint()'><b>revokeEndpoint</b><br>Test class: Tests.LNE.RevokeEndpoint</td>
<td><div><pre>java.lang.Throwable: Method RevokeEndpoint.revokeEndpoint()[pri:11, instance:Tests.LNE.RevokeEndpoint@7f02251, instance params:[{EP_UserName_1=Moshe.Avidor, EP_Password_1=Smile2009@, EP_Type_1=win, EP_Values_Populate_Method=Row_For_Every_EP, EP_HostName_1=10.243.68.105}]] depends on not successfully finished methods in group &quot;InstallEP&quot;
	at java.base/java.util.ArrayList.forEach(ArrayList.java:1540)
	at Utils.Main.RunTest.main(RunTest.java:116)
... Removed 15 stack frames</pre></div><a href='#' onClick='toggleBox("stack-trace1957530885", this, "Click to show all stack frames", "Click to hide stack frames")'>Click to show all stack frames</a>
<div class='stack-trace' id='stack-trace1957530885'><pre>java.lang.Throwable: Method RevokeEndpoint.revokeEndpoint()[pri:11, instance:Tests.LNE.RevokeEndpoint@7f02251, instance params:[{EP_UserName_1=Moshe.Avidor, EP_Password_1=Smile2009@, EP_Type_1=win, EP_Values_Populate_Method=Row_For_Every_EP, EP_HostName_1=10.243.68.105}]] depends on not successfully finished methods in group &quot;InstallEP&quot;
	at org.testng.internal.TestInvoker.invokeTestMethods(TestInvoker.java:101)
	at org.testng.internal.TestMethodWorker.invokeTestMethods(TestMethodWorker.java:146)
	at org.testng.internal.TestMethodWorker.run(TestMethodWorker.java:128)
	at java.base/java.util.ArrayList.forEach(ArrayList.java:1540)
	at org.testng.TestRunner.privateRun(TestRunner.java:766)
	at org.testng.TestRunner.run(TestRunner.java:587)
	at org.testng.SuiteRunner.runTest(SuiteRunner.java:384)
	at org.testng.SuiteRunner.runSequentially(SuiteRunner.java:378)
	at org.testng.SuiteRunner.privateRun(SuiteRunner.java:337)
	at org.testng.SuiteRunner.run(SuiteRunner.java:286)
	at org.testng.SuiteRunnerWorker.runSuite(SuiteRunnerWorker.java:53)
	at org.testng.SuiteRunnerWorker.run(SuiteRunnerWorker.java:96)
	at org.testng.TestNG.runSuitesSequentially(TestNG.java:1187)
	at org.testng.TestNG.runSuitesLocally(TestNG.java:1109)
	at org.testng.TestNG.runSuites(TestNG.java:1039)
	at org.testng.TestNG.run(TestNG.java:1007)
	at Utils.Main.RunTest.main(RunTest.java:116)
</pre></div></td>
<td>0</td>
<td>Tests.LNE.RevokeEndpoint@7f02251</td></tr>
<tr>
<td title='Tests.LNE.ClusterConfiguration.setClusterConfiguration()'><b>setClusterConfiguration</b><br>Test class: Tests.LNE.ClusterConfiguration</td>
<td><div><pre>java.lang.Throwable: Method ClusterConfiguration.setClusterConfiguration()[pri:20, instance:Tests.LNE.ClusterConfiguration@4c98a6d5, instance params:[{EP_Type_1=win, EP_Type_2=win, EP_UserName_1=Moshe.Avidor, EP_Password_2=password, EP_UserName_2=user name, EP_Password_1=Smile2009@, EP_HostName_1=10.243.68.105, EP_Values_Populate_Method=All_EP_In_One_Row, EP_HostName_2=hostname}]] depends on not successfully finished methods in group &quot;InstallEP&quot;
	at java.base/java.util.ArrayList.forEach(ArrayList.java:1540)
	at Utils.Main.RunTest.main(RunTest.java:116)
... Removed 15 stack frames</pre></div><a href='#' onClick='toggleBox("stack-trace905940937", this, "Click to show all stack frames", "Click to hide stack frames")'>Click to show all stack frames</a>
<div class='stack-trace' id='stack-trace905940937'><pre>java.lang.Throwable: Method ClusterConfiguration.setClusterConfiguration()[pri:20, instance:Tests.LNE.ClusterConfiguration@4c98a6d5, instance params:[{EP_Type_1=win, EP_Type_2=win, EP_UserName_1=Moshe.Avidor, EP_Password_2=password, EP_UserName_2=user name, EP_Password_1=Smile2009@, EP_HostName_1=10.243.68.105, EP_Values_Populate_Method=All_EP_In_One_Row, EP_HostName_2=hostname}]] depends on not successfully finished methods in group &quot;InstallEP&quot;
	at org.testng.internal.TestInvoker.invokeTestMethods(TestInvoker.java:101)
	at org.testng.internal.TestMethodWorker.invokeTestMethods(TestMethodWorker.java:146)
	at org.testng.internal.TestMethodWorker.run(TestMethodWorker.java:128)
	at java.base/java.util.ArrayList.forEach(ArrayList.java:1540)
	at org.testng.TestRunner.privateRun(TestRunner.java:766)
	at org.testng.TestRunner.run(TestRunner.java:587)
	at org.testng.SuiteRunner.runTest(SuiteRunner.java:384)
	at org.testng.SuiteRunner.runSequentially(SuiteRunner.java:378)
	at org.testng.SuiteRunner.privateRun(SuiteRunner.java:337)
	at org.testng.SuiteRunner.run(SuiteRunner.java:286)
	at org.testng.SuiteRunnerWorker.runSuite(SuiteRunnerWorker.java:53)
	at org.testng.SuiteRunnerWorker.run(SuiteRunnerWorker.java:96)
	at org.testng.TestNG.runSuitesSequentially(TestNG.java:1187)
	at org.testng.TestNG.runSuitesLocally(TestNG.java:1109)
	at org.testng.TestNG.runSuites(TestNG.java:1039)
	at org.testng.TestNG.run(TestNG.java:1007)
	at Utils.Main.RunTest.main(RunTest.java:116)
</pre></div></td>
<td>0</td>
<td>Tests.LNE.ClusterConfiguration@4c98a6d5</td></tr>
<tr>
<td title='Tests.LNE.StandaloneEPconfigurationVerify.verifyStandaloneEPconfiguration()'><b>verifyStandaloneEPconfiguration</b><br>Test class: Tests.LNE.StandaloneEPconfigurationVerify</td>
<td><div><pre>java.lang.Throwable: Method StandaloneEPconfigurationVerify.verifyStandaloneEPconfiguration()[pri:20, instance:Tests.LNE.StandaloneEPconfigurationVerify@392a04e7, instance params:[{StandAloneConfig=#REF!, EP_Type_1=win, EP_UserName_1=Moshe.Avidor, EP_Password_1=Smile2009@, EP_HostName_1=10.243.68.105, EP_Values_Populate_Method=All_EP_In_One_Row, Download timeout=180}]] depends on not successfully finished methods in group &quot;InstallEP&quot;
	at java.base/java.util.ArrayList.forEach(ArrayList.java:1540)
	at Utils.Main.RunTest.main(RunTest.java:116)
... Removed 15 stack frames</pre></div><a href='#' onClick='toggleBox("stack-trace1198158701", this, "Click to show all stack frames", "Click to hide stack frames")'>Click to show all stack frames</a>
<div class='stack-trace' id='stack-trace1198158701'><pre>java.lang.Throwable: Method StandaloneEPconfigurationVerify.verifyStandaloneEPconfiguration()[pri:20, instance:Tests.LNE.StandaloneEPconfigurationVerify@392a04e7, instance params:[{StandAloneConfig=#REF!, EP_Type_1=win, EP_UserName_1=Moshe.Avidor, EP_Password_1=Smile2009@, EP_HostName_1=10.243.68.105, EP_Values_Populate_Method=All_EP_In_One_Row, Download timeout=180}]] depends on not successfully finished methods in group &quot;InstallEP&quot;
	at org.testng.internal.TestInvoker.invokeTestMethods(TestInvoker.java:101)
	at org.testng.internal.TestMethodWorker.invokeTestMethods(TestMethodWorker.java:146)
	at org.testng.internal.TestMethodWorker.run(TestMethodWorker.java:128)
	at java.base/java.util.ArrayList.forEach(ArrayList.java:1540)
	at org.testng.TestRunner.privateRun(TestRunner.java:766)
	at org.testng.TestRunner.run(TestRunner.java:587)
	at org.testng.SuiteRunner.runTest(SuiteRunner.java:384)
	at org.testng.SuiteRunner.runSequentially(SuiteRunner.java:378)
	at org.testng.SuiteRunner.privateRun(SuiteRunner.java:337)
	at org.testng.SuiteRunner.run(SuiteRunner.java:286)
	at org.testng.SuiteRunnerWorker.runSuite(SuiteRunnerWorker.java:53)
	at org.testng.SuiteRunnerWorker.run(SuiteRunnerWorker.java:96)
	at org.testng.TestNG.runSuitesSequentially(TestNG.java:1187)
	at org.testng.TestNG.runSuitesLocally(TestNG.java:1109)
	at org.testng.TestNG.runSuites(TestNG.java:1039)
	at org.testng.TestNG.run(TestNG.java:1007)
	at Utils.Main.RunTest.main(RunTest.java:116)
</pre></div></td>
<td>0</td>
<td>Tests.LNE.StandaloneEPconfigurationVerify@392a04e7</td></tr>
</table><p>
</body>
</html>