2021-02-18 11:36:02,266 DEBUG T.RecordedTest [main] screenshot file: C:\Nep-4-next\nep-qa-next@f35aa3a96df\nep-qa-automation/test-output/capture/InitAndCleanupPortal-18-02-2021-11.36.02.png
2021-02-18 11:36:02,295 INFO T.E.InitAndCleanupPortal [main] Starting Cleanup agents
2021-02-18 11:36:10,114 INFO U.R.SSHManager [main] Connected Successfully to host 10.243.68.105
2021-02-18 11:36:10,117 INFO U.R.SSHManager [main] Going to executing command: hostname
2021-02-18 11:36:10,153 DEBUG U.R.SSHManager [main] Done.
2021-02-18 11:36:10,154 INFO U.R.SSHManager [main] Going to executing command: Cluster
2021-02-18 11:36:10,169 WARN U.R.SSHManager [main] Error response: 
'Cluster' is not recognized as an internal or external command,
operable program or batch file.
2021-02-18 11:36:14,416 INFO A.SimulatedAgentActions [main] SimulatedAgentActions, DS URL: https://endpoint-protection-services.qa.tw-test.net:443/
2021-02-18 11:36:14,468 INFO T.E.InitAndCleanupPortal [main] Going to send delete action to Centcom for agent on hostanem NTY-EN-8D25HC2
2021-02-18 11:36:14,469 DEBUG A.SeleniumBrowser [main] Selenium browser Launch - Before switch application type: Chrome
2021-02-18 11:36:14,470 DEBUG A.SeleniumBrowser [main] Setting Chrome driver location: C:/home/NepManagerDownloads/utils/chromedriver.exe
2021-02-18 11:36:14,471 DEBUG A.SeleniumBrowser [main] Selenium browser Launch - After creating new hashMap
2021-02-18 11:36:14,472 DEBUG A.SeleniumBrowser [main] Selenium browser Launch - After reading MasterDownloadFolder property: C:\home\NepManagerDownloads
2021-02-18 11:36:14,472 DEBUG A.SeleniumBrowser [main] Selenium browser Launch - After put to hash
2021-02-18 11:36:14,480 DEBUG A.SeleniumBrowser [main] Selenium browser Launch - After new chrome options
2021-02-18 11:36:14,484 DEBUG A.SeleniumBrowser [main] Selenium browser Launch - After chrome setExperimentalOption
2021-02-18 11:36:14,485 DEBUG A.SeleniumBrowser [main] Selenium browser Launch - Before setting several chrome options
2021-02-18 11:36:14,532 DEBUG A.SeleniumBrowser [main] Selenium browser Launch - Before creating new chrome driver
2021-02-18 11:36:24,346 DEBUG A.SeleniumBrowser [main] Selenium browser Launch - After creating new chrome driver
2021-02-18 11:36:24,388 DEBUG A.SeleniumBrowser [main] After Setting implicit timeout
2021-02-18 11:36:26,404 DEBUG A.SeleniumBrowser [main] After maximizing window 
2021-02-18 11:36:26,404 DEBUG A.SeleniumBrowser [main] LoadURL: Before check if driver equals to null 
2021-02-18 11:36:26,405 DEBUG A.SeleniumBrowser [main] LoadURL: After check if driver equals to null 
2021-02-18 11:36:26,405 DEBUG A.SeleniumBrowser [main] LoadURL: URL =  https://portal.qa.tw-test.net
2021-02-18 11:36:33,065 DEBUG A.SeleniumBrowser [main] LoadURL: after get URL =  https://portal.qa.tw-test.net
2021-02-18 11:36:34,651 DEBUG A.BrowserActions [main] Waiting for login button to be clickable...
2021-02-18 11:36:34,793 DEBUG A.BrowserActions [main] Login button clicked successfully...
2021-02-18 11:36:36,720 DEBUG A.SeleniumBrowser [main] LoadURL: Before check if driver equals to null 
2021-02-18 11:36:36,721 DEBUG A.SeleniumBrowser [main] LoadURL: After check if driver equals to null 
2021-02-18 11:36:36,721 DEBUG A.SeleniumBrowser [main] LoadURL: URL =  https://portal.qa.tw-test.net/#/operations?menuKey=centcom-devices&stackKey=entity-search&types=EntityType.AGENT
2021-02-18 11:36:37,204 DEBUG A.SeleniumBrowser [main] LoadURL: after get URL =  https://portal.qa.tw-test.net/#/operations?menuKey=centcom-devices&stackKey=entity-search&types=EntityType.AGENT
2021-02-18 11:36:57,069 ERROR A.BrowserActions [main] Could not select the specific cluster  at CentCom search page. cluster: ttttt
org.openqa.selenium.ElementClickInterceptedException: element click intercepted: Element <div class="ellipsis _ngcontent-dyk-121" tooltiponlyifoverflow="" aria-owns="cbd07ec3-4c21-4b66-ad82-d093055666f7--1622" aria-haspopup="true">...</div> is not clickable at point (844, 406). Other element would receive the click: <div class="table-container _ngcontent-dyk-77">...</div>
  (Session info: chrome=88.0.4324.150)
Build info: version: '3.141.59', revision: 'e82be7d358', time: '2018-11-14T08:17:03'
System info: host: 'NTY-EN-8D25HC2', ip: '10.243.68.105', os.name: 'Windows 10', os.arch: 'amd64', os.version: '10.0', java.version: '12.0.2'
Driver info: org.openqa.selenium.chrome.ChromeDriver
Capabilities {acceptInsecureCerts: false, browserName: chrome, browserVersion: 88.0.4324.150, chrome: {chromedriverVersion: 87.0.4280.20 (c99e81631faa0..., userDataDir: C:\Users\MOSHE~1.AVI\AppDat...}, goog:chromeOptions: {debuggerAddress: localhost:52251}, javascriptEnabled: true, networkConnectionEnabled: false, pageLoadStrategy: normal, platform: WINDOWS, platformName: WINDOWS, proxy: Proxy(), setWindowRect: true, strictFileInteractability: false, timeouts: {implicit: 0, pageLoad: 300000, script: 30000}, unhandledPromptBehavior: dismiss and notify, webauthn:virtualAuthenticators: true}
Session ID: d238db69c37f4bd8d7528b27ee9ce71b
	at jdk.internal.reflect.NativeConstructorAccessorImpl.newInstance0(Native Method) ~[?:?]
	at jdk.internal.reflect.NativeConstructorAccessorImpl.newInstance(NativeConstructorAccessorImpl.java:62) ~[?:?]
	at jdk.internal.reflect.DelegatingConstructorAccessorImpl.newInstance(DelegatingConstructorAccessorImpl.java:45) ~[?:?]
	at java.lang.reflect.Constructor.newInstanceWithCaller(Constructor.java:500) ~[?:?]
	at java.lang.reflect.Constructor.newInstance(Constructor.java:481) ~[?:?]
	at org.openqa.selenium.remote.http.W3CHttpResponseCodec.createException(W3CHttpResponseCodec.java:187) ~[selenium-remote-driver-3.141.59.jar:?]
	at org.openqa.selenium.remote.http.W3CHttpResponseCodec.decode(W3CHttpResponseCodec.java:122) ~[selenium-remote-driver-3.141.59.jar:?]
	at org.openqa.selenium.remote.http.W3CHttpResponseCodec.decode(W3CHttpResponseCodec.java:49) ~[selenium-remote-driver-3.141.59.jar:?]
	at org.openqa.selenium.remote.HttpCommandExecutor.execute(HttpCommandExecutor.java:158) ~[selenium-remote-driver-3.141.59.jar:?]
	at org.openqa.selenium.remote.service.DriverCommandExecutor.execute(DriverCommandExecutor.java:83) ~[selenium-remote-driver-3.141.59.jar:?]
	at org.openqa.selenium.remote.RemoteWebDriver.execute(RemoteWebDriver.java:552) ~[selenium-remote-driver-3.141.59.jar:?]
	at org.openqa.selenium.remote.RemoteWebElement.execute(RemoteWebElement.java:285) ~[selenium-remote-driver-3.141.59.jar:?]
	at org.openqa.selenium.remote.RemoteWebElement.click(RemoteWebElement.java:84) ~[selenium-remote-driver-3.141.59.jar:?]
	at Actions.BrowserActions.CreateNewCluster(BrowserActions.java:843) ~[classes/:?]
	at Tests.Environments.InitAndCleanupPortal.CreateNewClusterActions(InitAndCleanupPortal.java:127) ~[classes/:?]
	at Tests.Environments.InitAndCleanupPortal.cleanupAgents(InitAndCleanupPortal.java:67) ~[classes/:?]
	at jdk.internal.reflect.NativeMethodAccessorImpl.invoke0(Native Method) ~[?:?]
	at jdk.internal.reflect.NativeMethodAccessorImpl.invoke(NativeMethodAccessorImpl.java:62) ~[?:?]
	at jdk.internal.reflect.DelegatingMethodAccessorImpl.invoke(DelegatingMethodAccessorImpl.java:43) ~[?:?]
	at java.lang.reflect.Method.invoke(Method.java:567) ~[?:?]
	at org.testng.internal.MethodInvocationHelper.invokeMethod(MethodInvocationHelper.java:134) ~[testng-7.1.0.jar:?]
	at org.testng.internal.TestInvoker.invokeMethod(TestInvoker.java:597) ~[testng-7.1.0.jar:?]
	at org.testng.internal.TestInvoker.invokeTestMethod(TestInvoker.java:173) ~[testng-7.1.0.jar:?]
	at org.testng.internal.MethodRunner.runInSequence(MethodRunner.java:46) ~[testng-7.1.0.jar:?]
	at org.testng.internal.TestInvoker$MethodInvocationAgent.invoke(TestInvoker.java:816) ~[testng-7.1.0.jar:?]
	at org.testng.internal.TestInvoker.invokeTestMethods(TestInvoker.java:146) ~[testng-7.1.0.jar:?]
	at org.testng.internal.TestMethodWorker.invokeTestMethods(TestMethodWorker.java:146) ~[testng-7.1.0.jar:?]
	at org.testng.internal.TestMethodWorker.run(TestMethodWorker.java:128) ~[testng-7.1.0.jar:?]
	at java.util.ArrayList.forEach(ArrayList.java:1540) [?:?]
	at org.testng.TestRunner.privateRun(TestRunner.java:766) [testng-7.1.0.jar:?]
	at org.testng.TestRunner.run(TestRunner.java:587) [testng-7.1.0.jar:?]
	at org.testng.SuiteRunner.runTest(SuiteRunner.java:384) [testng-7.1.0.jar:?]
	at org.testng.SuiteRunner.runSequentially(SuiteRunner.java:378) [testng-7.1.0.jar:?]
	at org.testng.SuiteRunner.privateRun(SuiteRunner.java:337) [testng-7.1.0.jar:?]
	at org.testng.SuiteRunner.run(SuiteRunner.java:286) [testng-7.1.0.jar:?]
	at org.testng.SuiteRunnerWorker.runSuite(SuiteRunnerWorker.java:53) [testng-7.1.0.jar:?]
	at org.testng.SuiteRunnerWorker.run(SuiteRunnerWorker.java:96) [testng-7.1.0.jar:?]
	at org.testng.TestNG.runSuitesSequentially(TestNG.java:1187) [testng-7.1.0.jar:?]
	at org.testng.TestNG.runSuitesLocally(TestNG.java:1109) [testng-7.1.0.jar:?]
	at org.testng.TestNG.runSuites(TestNG.java:1039) [testng-7.1.0.jar:?]
	at org.testng.TestNG.run(TestNG.java:1007) [testng-7.1.0.jar:?]
	at Utils.Main.RunTest.main(RunTest.java:116) [classes/:?]
2021-02-18 11:36:58,157 ERROR A.BrowserActions [main] Could not select the specific cluster  at CentCom search page. cluster: 
org.openqa.selenium.ElementClickInterceptedException: element click intercepted: Element <div class="ellipse _ngcontent-dyk-110" tooltiponlyifoverflow="" aria-owns="cbd07ec3-4c21-4b66-ad82-d093055666f7--1482" aria-haspopup="true">...</div> is not clickable at point (821, 114). Other element would receive the click: <div pane-id="default-52" class="pane modal visible" style="inset: 0px; transform: translateX(0px) translateY(0px);">...</div>
  (Session info: chrome=88.0.4324.150)
Build info: version: '3.141.59', revision: 'e82be7d358', time: '2018-11-14T08:17:03'
System info: host: 'NTY-EN-8D25HC2', ip: '10.243.68.105', os.name: 'Windows 10', os.arch: 'amd64', os.version: '10.0', java.version: '12.0.2'
Driver info: org.openqa.selenium.chrome.ChromeDriver
Capabilities {acceptInsecureCerts: false, browserName: chrome, browserVersion: 88.0.4324.150, chrome: {chromedriverVersion: 87.0.4280.20 (c99e81631faa0..., userDataDir: C:\Users\MOSHE~1.AVI\AppDat...}, goog:chromeOptions: {debuggerAddress: localhost:52251}, javascriptEnabled: true, networkConnectionEnabled: false, pageLoadStrategy: normal, platform: WINDOWS, platformName: WINDOWS, proxy: Proxy(), setWindowRect: true, strictFileInteractability: false, timeouts: {implicit: 0, pageLoad: 300000, script: 30000}, unhandledPromptBehavior: dismiss and notify, webauthn:virtualAuthenticators: true}
Session ID: d238db69c37f4bd8d7528b27ee9ce71b
	at jdk.internal.reflect.NativeConstructorAccessorImpl.newInstance0(Native Method) ~[?:?]
	at jdk.internal.reflect.NativeConstructorAccessorImpl.newInstance(NativeConstructorAccessorImpl.java:62) ~[?:?]
	at jdk.internal.reflect.DelegatingConstructorAccessorImpl.newInstance(DelegatingConstructorAccessorImpl.java:45) ~[?:?]
	at java.lang.reflect.Constructor.newInstanceWithCaller(Constructor.java:500) ~[?:?]
	at java.lang.reflect.Constructor.newInstance(Constructor.java:481) ~[?:?]
	at org.openqa.selenium.remote.http.W3CHttpResponseCodec.createException(W3CHttpResponseCodec.java:187) ~[selenium-remote-driver-3.141.59.jar:?]
	at org.openqa.selenium.remote.http.W3CHttpResponseCodec.decode(W3CHttpResponseCodec.java:122) ~[selenium-remote-driver-3.141.59.jar:?]
	at org.openqa.selenium.remote.http.W3CHttpResponseCodec.decode(W3CHttpResponseCodec.java:49) ~[selenium-remote-driver-3.141.59.jar:?]
	at org.openqa.selenium.remote.HttpCommandExecutor.execute(HttpCommandExecutor.java:158) ~[selenium-remote-driver-3.141.59.jar:?]
	at org.openqa.selenium.remote.service.DriverCommandExecutor.execute(DriverCommandExecutor.java:83) ~[selenium-remote-driver-3.141.59.jar:?]
	at org.openqa.selenium.remote.RemoteWebDriver.execute(RemoteWebDriver.java:552) ~[selenium-remote-driver-3.141.59.jar:?]
	at org.openqa.selenium.remote.RemoteWebElement.execute(RemoteWebElement.java:285) ~[selenium-remote-driver-3.141.59.jar:?]
	at org.openqa.selenium.remote.RemoteWebElement.click(RemoteWebElement.java:84) ~[selenium-remote-driver-3.141.59.jar:?]
	at jdk.internal.reflect.NativeMethodAccessorImpl.invoke0(Native Method) ~[?:?]
	at jdk.internal.reflect.NativeMethodAccessorImpl.invoke(NativeMethodAccessorImpl.java:62) ~[?:?]
	at jdk.internal.reflect.DelegatingMethodAccessorImpl.invoke(DelegatingMethodAccessorImpl.java:43) ~[?:?]
	at java.lang.reflect.Method.invoke(Method.java:567) ~[?:?]
	at org.openqa.selenium.support.pagefactory.internal.LocatingElementHandler.invoke(LocatingElementHandler.java:51) ~[selenium-support-3.141.59.jar:?]
	at com.sun.proxy.$Proxy30.click(Unknown Source) ~[?:?]
	at Actions.BrowserActions.CreateNewCluster(BrowserActions.java:679) ~[classes/:?]
	at Tests.Environments.InitAndCleanupPortal.CreateNewClusterActions(InitAndCleanupPortal.java:129) ~[classes/:?]
	at Tests.Environments.InitAndCleanupPortal.cleanupAgents(InitAndCleanupPortal.java:67) ~[classes/:?]
	at jdk.internal.reflect.NativeMethodAccessorImpl.invoke0(Native Method) ~[?:?]
	at jdk.internal.reflect.NativeMethodAccessorImpl.invoke(NativeMethodAccessorImpl.java:62) ~[?:?]
	at jdk.internal.reflect.DelegatingMethodAccessorImpl.invoke(DelegatingMethodAccessorImpl.java:43) ~[?:?]
	at java.lang.reflect.Method.invoke(Method.java:567) ~[?:?]
	at org.testng.internal.MethodInvocationHelper.invokeMethod(MethodInvocationHelper.java:134) ~[testng-7.1.0.jar:?]
	at org.testng.internal.TestInvoker.invokeMethod(TestInvoker.java:597) ~[testng-7.1.0.jar:?]
	at org.testng.internal.TestInvoker.invokeTestMethod(TestInvoker.java:173) ~[testng-7.1.0.jar:?]
	at org.testng.internal.MethodRunner.runInSequence(MethodRunner.java:46) ~[testng-7.1.0.jar:?]
	at org.testng.internal.TestInvoker$MethodInvocationAgent.invoke(TestInvoker.java:816) ~[testng-7.1.0.jar:?]
	at org.testng.internal.TestInvoker.invokeTestMethods(TestInvoker.java:146) ~[testng-7.1.0.jar:?]
	at org.testng.internal.TestMethodWorker.invokeTestMethods(TestMethodWorker.java:146) ~[testng-7.1.0.jar:?]
	at org.testng.internal.TestMethodWorker.run(TestMethodWorker.java:128) ~[testng-7.1.0.jar:?]
	at java.util.ArrayList.forEach(ArrayList.java:1540) [?:?]
	at org.testng.TestRunner.privateRun(TestRunner.java:766) [testng-7.1.0.jar:?]
	at org.testng.TestRunner.run(TestRunner.java:587) [testng-7.1.0.jar:?]
	at org.testng.SuiteRunner.runTest(SuiteRunner.java:384) [testng-7.1.0.jar:?]
	at org.testng.SuiteRunner.runSequentially(SuiteRunner.java:378) [testng-7.1.0.jar:?]
	at org.testng.SuiteRunner.privateRun(SuiteRunner.java:337) [testng-7.1.0.jar:?]
	at org.testng.SuiteRunner.run(SuiteRunner.java:286) [testng-7.1.0.jar:?]
	at org.testng.SuiteRunnerWorker.runSuite(SuiteRunnerWorker.java:53) [testng-7.1.0.jar:?]
	at org.testng.SuiteRunnerWorker.run(SuiteRunnerWorker.java:96) [testng-7.1.0.jar:?]
	at org.testng.TestNG.runSuitesSequentially(TestNG.java:1187) [testng-7.1.0.jar:?]
	at org.testng.TestNG.runSuitesLocally(TestNG.java:1109) [testng-7.1.0.jar:?]
	at org.testng.TestNG.runSuites(TestNG.java:1039) [testng-7.1.0.jar:?]
	at org.testng.TestNG.run(TestNG.java:1007) [testng-7.1.0.jar:?]
	at Utils.Main.RunTest.main(RunTest.java:116) [classes/:?]
2021-02-18 11:36:58,161 INFO T.E.InitAndCleanupPortal [main] Agent was found and delete action was done in Centcom, going to wait until service is uninstalled from agent
2021-02-18 11:37:03,163 INFO U.R.SSHManager [main] Going to executing command: net start
2021-02-18 11:37:03,260 DEBUG U.R.SSHManager [main] Done.
2021-02-18 11:37:03,260 INFO A.BaseAgentActions [main] Endpoint service was stopped!
2021-02-18 11:37:03,260 DEBUG A.BaseAgentActions [main] Agent Service was not found after uninstall
2021-02-18 11:37:03,261 INFO U.R.SSHManager [main] Going to executing command: tasklist
2021-02-18 11:37:03,718 DEBUG U.R.SSHManager [main] Done.
2021-02-18 11:37:03,718 DEBUG A.BaseAgentActions [main] Agent process was not found after uninstall
2021-02-18 11:37:03,719 INFO T.E.InitAndCleanupPortal [main] Done. Service is not running on agent
2021-02-18 11:37:04,924 DEBUG T.RecordedTest [main] screenshot file: C:\Nep-4-next\nep-qa-next@f35aa3a96df\nep-qa-automation/test-output/capture/CreateNewInstallers-18-02-2021-11.37.04.png
2021-02-18 11:37:04,925 INFO T.E.CreateNewInstallers [main] Starting Create New Installers...
2021-02-18 11:37:04,925 DEBUG A.SeleniumBrowser [main] Selenium browser Launch - Before switch application type: Chrome
2021-02-18 11:37:04,926 DEBUG A.SeleniumBrowser [main] Setting Chrome driver location: C:/home/NepManagerDownloads/utils/chromedriver.exe
2021-02-18 11:37:04,926 DEBUG A.SeleniumBrowser [main] Selenium browser Launch - After creating new hashMap
2021-02-18 11:37:04,927 DEBUG A.SeleniumBrowser [main] Selenium browser Launch - After reading MasterDownloadFolder property: C:\home\NepManagerDownloads
2021-02-18 11:37:04,927 DEBUG A.SeleniumBrowser [main] Selenium browser Launch - After put to hash
2021-02-18 11:37:04,927 DEBUG A.SeleniumBrowser [main] Selenium browser Launch - After new chrome options
2021-02-18 11:37:04,928 DEBUG A.SeleniumBrowser [main] Selenium browser Launch - After chrome setExperimentalOption
2021-02-18 11:37:04,928 DEBUG A.SeleniumBrowser [main] Selenium browser Launch - Before setting several chrome options
2021-02-18 11:37:04,929 DEBUG A.SeleniumBrowser [main] Selenium browser Launch - Before creating new chrome driver
2021-02-18 11:37:09,215 DEBUG A.SeleniumBrowser [main] Selenium browser Launch - After creating new chrome driver
2021-02-18 11:37:09,219 DEBUG A.SeleniumBrowser [main] After Setting implicit timeout
2021-02-18 11:37:20,709 DEBUG T.RecordedTest [main] screenshot file: C:\Nep-4-next\nep-qa-next@f35aa3a96df\nep-qa-automation/test-output/capture/InitAndCleanupPortal-18-02-2021-11.37.20.png
2021-02-18 11:37:20,715 INFO T.E.InitAndCleanupPortal [main] Starting Cleanup agents
2021-02-18 11:37:26,174 INFO U.R.SSHManager [main] Connected Successfully to host 10.243.68.105
2021-02-18 11:37:26,176 INFO U.R.SSHManager [main] Going to executing command: hostname
2021-02-18 11:37:26,199 DEBUG U.R.SSHManager [main] Done.
2021-02-18 11:37:26,200 INFO U.R.SSHManager [main] Going to executing command: Cluster
2021-02-18 11:37:26,211 WARN U.R.SSHManager [main] Error response: 
'Cluster' is not recognized as an internal or external command,
operable program or batch file.
2021-02-18 11:37:29,994 INFO A.SimulatedAgentActions [main] SimulatedAgentActions, DS URL: https://endpoint-protection-services.qa.tw-test.net:443/
2021-02-18 11:37:30,037 INFO T.E.InitAndCleanupPortal [main] Going to send delete action to Centcom for agent on hostanem NTY-EN-8D25HC2
2021-02-18 11:37:30,038 DEBUG A.SeleniumBrowser [main] Selenium browser Launch - Before switch application type: Chrome
2021-02-18 11:37:30,039 DEBUG A.SeleniumBrowser [main] Setting Chrome driver location: C:/home/NepManagerDownloads/utils/chromedriver.exe
2021-02-18 11:37:30,040 DEBUG A.SeleniumBrowser [main] Selenium browser Launch - After creating new hashMap
2021-02-18 11:37:30,041 DEBUG A.SeleniumBrowser [main] Selenium browser Launch - After reading MasterDownloadFolder property: C:\home\NepManagerDownloads
2021-02-18 11:37:30,041 DEBUG A.SeleniumBrowser [main] Selenium browser Launch - After put to hash
2021-02-18 11:37:30,049 DEBUG A.SeleniumBrowser [main] Selenium browser Launch - After new chrome options
2021-02-18 11:37:30,055 DEBUG A.SeleniumBrowser [main] Selenium browser Launch - After chrome setExperimentalOption
2021-02-18 11:37:30,056 DEBUG A.SeleniumBrowser [main] Selenium browser Launch - Before setting several chrome options
2021-02-18 11:37:30,067 DEBUG A.SeleniumBrowser [main] Selenium browser Launch - Before creating new chrome driver
2021-02-18 11:37:34,072 DEBUG A.SeleniumBrowser [main] Selenium browser Launch - After creating new chrome driver
2021-02-18 11:37:34,080 DEBUG A.SeleniumBrowser [main] After Setting implicit timeout
2021-02-18 11:37:36,106 DEBUG A.SeleniumBrowser [main] After maximizing window 
2021-02-18 11:37:36,107 DEBUG A.SeleniumBrowser [main] LoadURL: Before check if driver equals to null 
2021-02-18 11:37:36,109 DEBUG A.SeleniumBrowser [main] LoadURL: After check if driver equals to null 
2021-02-18 11:37:36,110 DEBUG A.SeleniumBrowser [main] LoadURL: URL =  https://portal.qa.tw-test.net
2021-02-18 11:37:42,604 DEBUG A.SeleniumBrowser [main] LoadURL: after get URL =  https://portal.qa.tw-test.net
2021-02-18 11:37:44,018 DEBUG A.BrowserActions [main] Waiting for login button to be clickable...
2021-02-18 11:37:44,170 DEBUG A.BrowserActions [main] Login button clicked successfully...
2021-02-18 11:37:45,996 DEBUG A.SeleniumBrowser [main] LoadURL: Before check if driver equals to null 
2021-02-18 11:37:45,996 DEBUG A.SeleniumBrowser [main] LoadURL: After check if driver equals to null 
2021-02-18 11:37:45,997 DEBUG A.SeleniumBrowser [main] LoadURL: URL =  https://portal.qa.tw-test.net/#/operations?menuKey=centcom-devices&stackKey=entity-search&types=EntityType.AGENT
2021-02-18 11:37:46,591 DEBUG A.SeleniumBrowser [main] LoadURL: after get URL =  https://portal.qa.tw-test.net/#/operations?menuKey=centcom-devices&stackKey=entity-search&types=EntityType.AGENT
2021-02-18 11:38:11,751 ERROR A.BrowserActions [main] Could not select the specific cluster  at CentCom search page. cluster: ttttt
org.openqa.selenium.ElementClickInterceptedException: element click intercepted: Element <div class="ellipsis _ngcontent-hyg-121" tooltiponlyifoverflow="" aria-owns="d162facd-01a3-4bc1-a773-a0ff243b43ac--1622" aria-haspopup="true">...</div> is not clickable at point (844, 406). Other element would receive the click: <div class="table-container _ngcontent-hyg-77">...</div>
  (Session info: chrome=88.0.4324.150)
Build info: version: '3.141.59', revision: 'e82be7d358', time: '2018-11-14T08:17:03'
System info: host: 'NTY-EN-8D25HC2', ip: '10.243.68.105', os.name: 'Windows 10', os.arch: 'amd64', os.version: '10.0', java.version: '12.0.2'
Driver info: org.openqa.selenium.chrome.ChromeDriver
Capabilities {acceptInsecureCerts: false, browserName: chrome, browserVersion: 88.0.4324.150, chrome: {chromedriverVersion: 87.0.4280.20 (c99e81631faa0..., userDataDir: C:\Users\MOSHE~1.AVI\AppDat...}, goog:chromeOptions: {debuggerAddress: localhost:52307}, javascriptEnabled: true, networkConnectionEnabled: false, pageLoadStrategy: normal, platform: WINDOWS, platformName: WINDOWS, proxy: Proxy(), setWindowRect: true, strictFileInteractability: false, timeouts: {implicit: 0, pageLoad: 300000, script: 30000}, unhandledPromptBehavior: dismiss and notify, webauthn:virtualAuthenticators: true}
Session ID: 9b7356c1bf4761ec5923af6e73cf5207
	at jdk.internal.reflect.NativeConstructorAccessorImpl.newInstance0(Native Method) ~[?:?]
	at jdk.internal.reflect.NativeConstructorAccessorImpl.newInstance(NativeConstructorAccessorImpl.java:62) ~[?:?]
	at jdk.internal.reflect.DelegatingConstructorAccessorImpl.newInstance(DelegatingConstructorAccessorImpl.java:45) ~[?:?]
	at java.lang.reflect.Constructor.newInstanceWithCaller(Constructor.java:500) ~[?:?]
	at java.lang.reflect.Constructor.newInstance(Constructor.java:481) ~[?:?]
	at org.openqa.selenium.remote.http.W3CHttpResponseCodec.createException(W3CHttpResponseCodec.java:187) ~[selenium-remote-driver-3.141.59.jar:?]
	at org.openqa.selenium.remote.http.W3CHttpResponseCodec.decode(W3CHttpResponseCodec.java:122) ~[selenium-remote-driver-3.141.59.jar:?]
	at org.openqa.selenium.remote.http.W3CHttpResponseCodec.decode(W3CHttpResponseCodec.java:49) ~[selenium-remote-driver-3.141.59.jar:?]
	at org.openqa.selenium.remote.HttpCommandExecutor.execute(HttpCommandExecutor.java:158) ~[selenium-remote-driver-3.141.59.jar:?]
	at org.openqa.selenium.remote.service.DriverCommandExecutor.execute(DriverCommandExecutor.java:83) ~[selenium-remote-driver-3.141.59.jar:?]
	at org.openqa.selenium.remote.RemoteWebDriver.execute(RemoteWebDriver.java:552) ~[selenium-remote-driver-3.141.59.jar:?]
	at org.openqa.selenium.remote.RemoteWebElement.execute(RemoteWebElement.java:285) ~[selenium-remote-driver-3.141.59.jar:?]
	at org.openqa.selenium.remote.RemoteWebElement.click(RemoteWebElement.java:84) ~[selenium-remote-driver-3.141.59.jar:?]
	at Actions.BrowserActions.CreateNewCluster(BrowserActions.java:843) ~[classes/:?]
	at Tests.Environments.InitAndCleanupPortal.CreateNewClusterActions(InitAndCleanupPortal.java:127) ~[classes/:?]
	at Tests.Environments.InitAndCleanupPortal.cleanupAgents(InitAndCleanupPortal.java:67) ~[classes/:?]
	at jdk.internal.reflect.NativeMethodAccessorImpl.invoke0(Native Method) ~[?:?]
	at jdk.internal.reflect.NativeMethodAccessorImpl.invoke(NativeMethodAccessorImpl.java:62) ~[?:?]
	at jdk.internal.reflect.DelegatingMethodAccessorImpl.invoke(DelegatingMethodAccessorImpl.java:43) ~[?:?]
	at java.lang.reflect.Method.invoke(Method.java:567) ~[?:?]
	at org.testng.internal.MethodInvocationHelper.invokeMethod(MethodInvocationHelper.java:134) ~[testng-7.1.0.jar:?]
	at org.testng.internal.TestInvoker.invokeMethod(TestInvoker.java:597) ~[testng-7.1.0.jar:?]
	at org.testng.internal.TestInvoker.invokeTestMethod(TestInvoker.java:173) ~[testng-7.1.0.jar:?]
	at org.testng.internal.MethodRunner.runInSequence(MethodRunner.java:46) ~[testng-7.1.0.jar:?]
	at org.testng.internal.TestInvoker$MethodInvocationAgent.invoke(TestInvoker.java:816) ~[testng-7.1.0.jar:?]
	at org.testng.internal.TestInvoker.invokeTestMethods(TestInvoker.java:146) ~[testng-7.1.0.jar:?]
	at org.testng.internal.TestMethodWorker.invokeTestMethods(TestMethodWorker.java:146) ~[testng-7.1.0.jar:?]
	at org.testng.internal.TestMethodWorker.run(TestMethodWorker.java:128) ~[testng-7.1.0.jar:?]
	at java.util.ArrayList.forEach(ArrayList.java:1540) [?:?]
	at org.testng.TestRunner.privateRun(TestRunner.java:766) [testng-7.1.0.jar:?]
	at org.testng.TestRunner.run(TestRunner.java:587) [testng-7.1.0.jar:?]
	at org.testng.SuiteRunner.runTest(SuiteRunner.java:384) [testng-7.1.0.jar:?]
	at org.testng.SuiteRunner.runSequentially(SuiteRunner.java:378) [testng-7.1.0.jar:?]
	at org.testng.SuiteRunner.privateRun(SuiteRunner.java:337) [testng-7.1.0.jar:?]
	at org.testng.SuiteRunner.run(SuiteRunner.java:286) [testng-7.1.0.jar:?]
	at org.testng.SuiteRunnerWorker.runSuite(SuiteRunnerWorker.java:53) [testng-7.1.0.jar:?]
	at org.testng.SuiteRunnerWorker.run(SuiteRunnerWorker.java:96) [testng-7.1.0.jar:?]
	at org.testng.TestNG.runSuitesSequentially(TestNG.java:1187) [testng-7.1.0.jar:?]
	at org.testng.TestNG.runSuitesLocally(TestNG.java:1109) [testng-7.1.0.jar:?]
	at org.testng.TestNG.runSuites(TestNG.java:1039) [testng-7.1.0.jar:?]
	at org.testng.TestNG.run(TestNG.java:1007) [testng-7.1.0.jar:?]
	at Utils.Main.RunTest.main(RunTest.java:116) [classes/:?]
2021-02-18 11:38:12,888 ERROR A.BrowserActions [main] Could not select the specific cluster  at CentCom search page. cluster: 
org.openqa.selenium.ElementClickInterceptedException: element click intercepted: Element <div class="ellipse _ngcontent-hyg-110" tooltiponlyifoverflow="" aria-owns="d162facd-01a3-4bc1-a773-a0ff243b43ac--1482" aria-haspopup="true">...</div> is not clickable at point (821, 114). Other element would receive the click: <div pane-id="default-52" class="pane modal visible" style="inset: 0px; transform: translateX(0px) translateY(0px);">...</div>
  (Session info: chrome=88.0.4324.150)
Build info: version: '3.141.59', revision: 'e82be7d358', time: '2018-11-14T08:17:03'
System info: host: 'NTY-EN-8D25HC2', ip: '10.243.68.105', os.name: 'Windows 10', os.arch: 'amd64', os.version: '10.0', java.version: '12.0.2'
Driver info: org.openqa.selenium.chrome.ChromeDriver
Capabilities {acceptInsecureCerts: false, browserName: chrome, browserVersion: 88.0.4324.150, chrome: {chromedriverVersion: 87.0.4280.20 (c99e81631faa0..., userDataDir: C:\Users\MOSHE~1.AVI\AppDat...}, goog:chromeOptions: {debuggerAddress: localhost:52307}, javascriptEnabled: true, networkConnectionEnabled: false, pageLoadStrategy: normal, platform: WINDOWS, platformName: WINDOWS, proxy: Proxy(), setWindowRect: true, strictFileInteractability: false, timeouts: {implicit: 0, pageLoad: 300000, script: 30000}, unhandledPromptBehavior: dismiss and notify, webauthn:virtualAuthenticators: true}
Session ID: 9b7356c1bf4761ec5923af6e73cf5207
	at jdk.internal.reflect.NativeConstructorAccessorImpl.newInstance0(Native Method) ~[?:?]
	at jdk.internal.reflect.NativeConstructorAccessorImpl.newInstance(NativeConstructorAccessorImpl.java:62) ~[?:?]
	at jdk.internal.reflect.DelegatingConstructorAccessorImpl.newInstance(DelegatingConstructorAccessorImpl.java:45) ~[?:?]
	at java.lang.reflect.Constructor.newInstanceWithCaller(Constructor.java:500) ~[?:?]
	at java.lang.reflect.Constructor.newInstance(Constructor.java:481) ~[?:?]
	at org.openqa.selenium.remote.http.W3CHttpResponseCodec.createException(W3CHttpResponseCodec.java:187) ~[selenium-remote-driver-3.141.59.jar:?]
	at org.openqa.selenium.remote.http.W3CHttpResponseCodec.decode(W3CHttpResponseCodec.java:122) ~[selenium-remote-driver-3.141.59.jar:?]
	at org.openqa.selenium.remote.http.W3CHttpResponseCodec.decode(W3CHttpResponseCodec.java:49) ~[selenium-remote-driver-3.141.59.jar:?]
	at org.openqa.selenium.remote.HttpCommandExecutor.execute(HttpCommandExecutor.java:158) ~[selenium-remote-driver-3.141.59.jar:?]
	at org.openqa.selenium.remote.service.DriverCommandExecutor.execute(DriverCommandExecutor.java:83) ~[selenium-remote-driver-3.141.59.jar:?]
	at org.openqa.selenium.remote.RemoteWebDriver.execute(RemoteWebDriver.java:552) ~[selenium-remote-driver-3.141.59.jar:?]
	at org.openqa.selenium.remote.RemoteWebElement.execute(RemoteWebElement.java:285) ~[selenium-remote-driver-3.141.59.jar:?]
	at org.openqa.selenium.remote.RemoteWebElement.click(RemoteWebElement.java:84) ~[selenium-remote-driver-3.141.59.jar:?]
	at jdk.internal.reflect.NativeMethodAccessorImpl.invoke0(Native Method) ~[?:?]
	at jdk.internal.reflect.NativeMethodAccessorImpl.invoke(NativeMethodAccessorImpl.java:62) ~[?:?]
	at jdk.internal.reflect.DelegatingMethodAccessorImpl.invoke(DelegatingMethodAccessorImpl.java:43) ~[?:?]
	at java.lang.reflect.Method.invoke(Method.java:567) ~[?:?]
	at org.openqa.selenium.support.pagefactory.internal.LocatingElementHandler.invoke(LocatingElementHandler.java:51) ~[selenium-support-3.141.59.jar:?]
	at com.sun.proxy.$Proxy30.click(Unknown Source) ~[?:?]
	at Actions.BrowserActions.CreateNewCluster(BrowserActions.java:679) ~[classes/:?]
	at Tests.Environments.InitAndCleanupPortal.CreateNewClusterActions(InitAndCleanupPortal.java:129) ~[classes/:?]
	at Tests.Environments.InitAndCleanupPortal.cleanupAgents(InitAndCleanupPortal.java:67) ~[classes/:?]
	at jdk.internal.reflect.NativeMethodAccessorImpl.invoke0(Native Method) ~[?:?]
	at jdk.internal.reflect.NativeMethodAccessorImpl.invoke(NativeMethodAccessorImpl.java:62) ~[?:?]
	at jdk.internal.reflect.DelegatingMethodAccessorImpl.invoke(DelegatingMethodAccessorImpl.java:43) ~[?:?]
	at java.lang.reflect.Method.invoke(Method.java:567) ~[?:?]
	at org.testng.internal.MethodInvocationHelper.invokeMethod(MethodInvocationHelper.java:134) ~[testng-7.1.0.jar:?]
	at org.testng.internal.TestInvoker.invokeMethod(TestInvoker.java:597) ~[testng-7.1.0.jar:?]
	at org.testng.internal.TestInvoker.invokeTestMethod(TestInvoker.java:173) ~[testng-7.1.0.jar:?]
	at org.testng.internal.MethodRunner.runInSequence(MethodRunner.java:46) ~[testng-7.1.0.jar:?]
	at org.testng.internal.TestInvoker$MethodInvocationAgent.invoke(TestInvoker.java:816) ~[testng-7.1.0.jar:?]
	at org.testng.internal.TestInvoker.invokeTestMethods(TestInvoker.java:146) ~[testng-7.1.0.jar:?]
	at org.testng.internal.TestMethodWorker.invokeTestMethods(TestMethodWorker.java:146) ~[testng-7.1.0.jar:?]
	at org.testng.internal.TestMethodWorker.run(TestMethodWorker.java:128) ~[testng-7.1.0.jar:?]
	at java.util.ArrayList.forEach(ArrayList.java:1540) [?:?]
	at org.testng.TestRunner.privateRun(TestRunner.java:766) [testng-7.1.0.jar:?]
	at org.testng.TestRunner.run(TestRunner.java:587) [testng-7.1.0.jar:?]
	at org.testng.SuiteRunner.runTest(SuiteRunner.java:384) [testng-7.1.0.jar:?]
	at org.testng.SuiteRunner.runSequentially(SuiteRunner.java:378) [testng-7.1.0.jar:?]
	at org.testng.SuiteRunner.privateRun(SuiteRunner.java:337) [testng-7.1.0.jar:?]
	at org.testng.SuiteRunner.run(SuiteRunner.java:286) [testng-7.1.0.jar:?]
	at org.testng.SuiteRunnerWorker.runSuite(SuiteRunnerWorker.java:53) [testng-7.1.0.jar:?]
	at org.testng.SuiteRunnerWorker.run(SuiteRunnerWorker.java:96) [testng-7.1.0.jar:?]
	at org.testng.TestNG.runSuitesSequentially(TestNG.java:1187) [testng-7.1.0.jar:?]
	at org.testng.TestNG.runSuitesLocally(TestNG.java:1109) [testng-7.1.0.jar:?]
	at org.testng.TestNG.runSuites(TestNG.java:1039) [testng-7.1.0.jar:?]
	at org.testng.TestNG.run(TestNG.java:1007) [testng-7.1.0.jar:?]
	at Utils.Main.RunTest.main(RunTest.java:116) [classes/:?]
2021-02-18 11:38:12,893 INFO T.E.InitAndCleanupPortal [main] Agent was found and delete action was done in Centcom, going to wait until service is uninstalled from agent
2021-02-18 11:38:17,895 INFO U.R.SSHManager [main] Going to executing command: net start
2021-02-18 11:38:17,936 DEBUG U.R.SSHManager [main] Done.
2021-02-18 11:38:17,936 INFO A.BaseAgentActions [main] Endpoint service was stopped!
2021-02-18 11:38:17,937 DEBUG A.BaseAgentActions [main] Agent Service was not found after uninstall
2021-02-18 11:38:17,938 INFO U.R.SSHManager [main] Going to executing command: tasklist
2021-02-18 11:38:18,416 DEBUG U.R.SSHManager [main] Done.
2021-02-18 11:38:18,417 DEBUG A.BaseAgentActions [main] Agent process was not found after uninstall
2021-02-18 11:38:18,417 INFO T.E.InitAndCleanupPortal [main] Done. Service is not running on agent
2021-02-18 11:38:19,655 DEBUG T.RecordedTest [main] screenshot file: C:\Nep-4-next\nep-qa-next@f35aa3a96df\nep-qa-automation/test-output/capture/CreateNewInstallers-18-02-2021-11.38.19.png
2021-02-18 11:38:19,656 INFO T.E.CreateNewInstallers [main] Starting Create New Installers...
2021-02-18 11:38:19,657 DEBUG A.SeleniumBrowser [main] Selenium browser Launch - Before switch application type: Chrome
2021-02-18 11:38:19,657 DEBUG A.SeleniumBrowser [main] Setting Chrome driver location: C:/home/NepManagerDownloads/utils/chromedriver.exe
2021-02-18 11:38:19,657 DEBUG A.SeleniumBrowser [main] Selenium browser Launch - After creating new hashMap
2021-02-18 11:38:19,658 DEBUG A.SeleniumBrowser [main] Selenium browser Launch - After reading MasterDownloadFolder property: C:\home\NepManagerDownloads
2021-02-18 11:38:19,658 DEBUG A.SeleniumBrowser [main] Selenium browser Launch - After put to hash
2021-02-18 11:38:19,658 DEBUG A.SeleniumBrowser [main] Selenium browser Launch - After new chrome options
2021-02-18 11:38:19,659 DEBUG A.SeleniumBrowser [main] Selenium browser Launch - After chrome setExperimentalOption
2021-02-18 11:38:19,659 DEBUG A.SeleniumBrowser [main] Selenium browser Launch - Before setting several chrome options
2021-02-18 11:38:19,660 DEBUG A.SeleniumBrowser [main] Selenium browser Launch - Before creating new chrome driver
2021-02-18 11:41:41,190 DEBUG T.RecordedTest [main] screenshot file: C:\Nep-4-next\nep-qa-next@f35aa3a96df\nep-qa-automation/test-output/capture/InitAndCleanupPortal-18-02-2021-11.41.41.png
2021-02-18 11:41:41,198 INFO T.E.InitAndCleanupPortal [main] Starting Cleanup agents
2021-02-18 11:41:46,582 INFO U.R.SSHManager [main] Connected Successfully to host 10.243.68.105
2021-02-18 11:41:46,585 INFO U.R.SSHManager [main] Going to executing command: hostname
2021-02-18 11:41:46,613 DEBUG U.R.SSHManager [main] Done.
2021-02-18 11:41:46,613 INFO U.R.SSHManager [main] Going to executing command: Cluster
2021-02-18 11:41:46,625 WARN U.R.SSHManager [main] Error response: 
'Cluster' is not recognized as an internal or external command,
operable program or batch file.
2021-02-18 11:41:50,679 INFO A.SimulatedAgentActions [main] SimulatedAgentActions, DS URL: https://endpoint-protection-services.qa.tw-test.net:443/
2021-02-18 11:41:50,696 INFO T.E.InitAndCleanupPortal [main] Going to send delete action to Centcom for agent on hostanem NTY-EN-8D25HC2
2021-02-18 11:41:50,696 DEBUG A.SeleniumBrowser [main] Selenium browser Launch - Before switch application type: Chrome
2021-02-18 11:41:50,697 DEBUG A.SeleniumBrowser [main] Setting Chrome driver location: C:/home/NepManagerDownloads/utils/chromedriver.exe
2021-02-18 11:41:50,697 DEBUG A.SeleniumBrowser [main] Selenium browser Launch - After creating new hashMap
2021-02-18 11:41:50,698 DEBUG A.SeleniumBrowser [main] Selenium browser Launch - After reading MasterDownloadFolder property: C:\home\NepManagerDownloads
2021-02-18 11:41:50,698 DEBUG A.SeleniumBrowser [main] Selenium browser Launch - After put to hash
2021-02-18 11:41:50,703 DEBUG A.SeleniumBrowser [main] Selenium browser Launch - After new chrome options
2021-02-18 11:41:50,705 DEBUG A.SeleniumBrowser [main] Selenium browser Launch - After chrome setExperimentalOption
2021-02-18 11:41:50,706 DEBUG A.SeleniumBrowser [main] Selenium browser Launch - Before setting several chrome options
2021-02-18 11:41:50,711 DEBUG A.SeleniumBrowser [main] Selenium browser Launch - Before creating new chrome driver
2021-02-18 11:41:54,634 DEBUG A.SeleniumBrowser [main] Selenium browser Launch - After creating new chrome driver
2021-02-18 11:41:54,643 DEBUG A.SeleniumBrowser [main] After Setting implicit timeout
2021-02-18 11:41:56,707 DEBUG A.SeleniumBrowser [main] After maximizing window 
2021-02-18 11:41:56,708 DEBUG A.SeleniumBrowser [main] LoadURL: Before check if driver equals to null 
2021-02-18 11:41:56,708 DEBUG A.SeleniumBrowser [main] LoadURL: After check if driver equals to null 
2021-02-18 11:41:56,709 DEBUG A.SeleniumBrowser [main] LoadURL: URL =  https://portal.qa.tw-test.net
2021-02-18 11:42:02,819 DEBUG A.SeleniumBrowser [main] LoadURL: after get URL =  https://portal.qa.tw-test.net
2021-02-18 11:42:04,239 DEBUG A.BrowserActions [main] Waiting for login button to be clickable...
2021-02-18 11:42:04,393 DEBUG A.BrowserActions [main] Login button clicked successfully...
2021-02-18 11:42:06,180 DEBUG A.SeleniumBrowser [main] LoadURL: Before check if driver equals to null 
2021-02-18 11:42:06,181 DEBUG A.SeleniumBrowser [main] LoadURL: After check if driver equals to null 
2021-02-18 11:42:06,181 DEBUG A.SeleniumBrowser [main] LoadURL: URL =  https://portal.qa.tw-test.net/#/operations?menuKey=centcom-devices&stackKey=entity-search&types=EntityType.AGENT
2021-02-18 11:42:06,891 DEBUG A.SeleniumBrowser [main] LoadURL: after get URL =  https://portal.qa.tw-test.net/#/operations?menuKey=centcom-devices&stackKey=entity-search&types=EntityType.AGENT
2021-02-18 15:21:27,295 DEBUG T.RecordedTest [main] screenshot file: C:\Nep-4-next\nep-qa-next@f35aa3a96df\nep-qa-automation/test-output/capture/InitAndCleanupPortal-18-02-2021-15.21.27.png
2021-02-18 15:21:27,303 INFO T.E.InitAndCleanupPortal [main] Starting Cleanup agents
2021-02-18 15:21:48,368 ERROR U.T.InvokedMethodListener [main] Could not create SSH connection to machine: 10.243.68.105  user name: Moshe.Avidor password: Smile2009@ port number: 22
com.jcraft.jsch.JSchException: java.net.ConnectException: Connection timed out: connect

Video: C:\Nep-4-next\nep-qa-next@f35aa3a96df\nep-qa-automation/test-output/capture/InitAndCleanupPortal-18-02-2021-15.21.27.avi


