2021-01-18 15:10:50,274 DEBUG T.RecordedTest [main] screenshot file: C:\Nep-4-next\nep-qa-next@f35aa3a96df\nep-qa-automation/test-output/capture/InitAndCleanupPortal-18-01-2021-15.10.50.png
2021-01-18 15:10:50,305 INFO T.E.InitAndCleanupPortal [main] Starting Cleanup agents
2021-01-18 15:10:58,411 INFO U.R.SSHManager [main] Connected Successfully to host 10.243.68.223
2021-01-18 15:10:58,414 INFO U.R.SSHManager [main] Going to executing command: hostname
2021-01-18 15:10:58,446 DEBUG U.R.SSHManager [main] Done.
2021-01-18 15:11:04,417 INFO A.SimulatedAgentActions [main] SimulatedAgentActions, DS URL: https://endpoint-protection-services.qa.tw-test.net:443/
2021-01-18 15:11:04,549 INFO T.E.InitAndCleanupPortal [main] Going to send delete action to Centcom for agent on hostanem NTY-EN-8D25HC2
2021-01-18 15:11:04,551 DEBUG A.SeleniumBrowser [main] Selenium browser Launch - Before switch application type: Chrome
2021-01-18 15:11:04,551 DEBUG A.SeleniumBrowser [main] Setting Chrome driver location: C:/home/NepManagerDownloads/utils/chromedriver.exe
2021-01-18 15:11:04,552 DEBUG A.SeleniumBrowser [main] Selenium browser Launch - After creating new hashMap
2021-01-18 15:11:04,552 DEBUG A.SeleniumBrowser [main] Selenium browser Launch - After reading MasterDownloadFolder property: C:\home\NepManagerDownloads
2021-01-18 15:11:04,553 DEBUG A.SeleniumBrowser [main] Selenium browser Launch - After put to hash
2021-01-18 15:11:04,557 DEBUG A.SeleniumBrowser [main] Selenium browser Launch - After new chrome options
2021-01-18 15:11:04,559 DEBUG A.SeleniumBrowser [main] Selenium browser Launch - After chrome setExperimentalOption
2021-01-18 15:11:04,559 DEBUG A.SeleniumBrowser [main] Selenium browser Launch - Before setting several chrome options
2021-01-18 15:11:04,595 DEBUG A.SeleniumBrowser [main] Selenium browser Launch - Before creating new chrome driver
2021-01-18 15:11:19,559 DEBUG A.SeleniumBrowser [main] Selenium browser Launch - After creating new chrome driver
2021-01-18 15:11:19,588 DEBUG A.SeleniumBrowser [main] After Setting implicit timeout
2021-01-18 15:11:21,871 DEBUG A.SeleniumBrowser [main] After maximizing window 
2021-01-18 15:11:21,872 DEBUG A.SeleniumBrowser [main] LoadURL: Before check if driver equals to null 
2021-01-18 15:11:21,872 DEBUG A.SeleniumBrowser [main] LoadURL: After check if driver equals to null 
2021-01-18 15:11:21,872 DEBUG A.SeleniumBrowser [main] LoadURL: URL =  https://portal.qa.tw-test.net
2021-01-18 15:11:27,519 DEBUG A.SeleniumBrowser [main] LoadURL: after get URL =  https://portal.qa.tw-test.net
2021-01-18 15:11:29,089 DEBUG A.BrowserActions [main] Waiting for login button to be clickable...
2021-01-18 15:11:29,246 DEBUG A.BrowserActions [main] Login button clicked successfully...
2021-01-18 15:11:30,957 DEBUG A.SeleniumBrowser [main] LoadURL: Before check if driver equals to null 
2021-01-18 15:11:30,958 DEBUG A.SeleniumBrowser [main] LoadURL: After check if driver equals to null 
2021-01-18 15:11:30,958 DEBUG A.SeleniumBrowser [main] LoadURL: URL =  https://portal.qa.tw-test.net/#/operations?menuKey=centcom-devices&stackKey=entity-search&types=EntityType.AGENT
2021-01-18 15:11:31,515 DEBUG A.SeleniumBrowser [main] LoadURL: after get URL =  https://portal.qa.tw-test.net/#/operations?menuKey=centcom-devices&stackKey=entity-search&types=EntityType.AGENT
2021-01-18 15:12:02,361 ERROR A.BrowserActions [main] Could not check endpoint status at CentCom for customer: TrustwaveEP Test#17
org.openqa.selenium.NoSuchElementException: Cannot locate an element using xpath=//twa-datalist-column//div[normalize-space(text())='TrustwaveEP Test#17']
For documentation on this error, please visit: https://www.seleniumhq.org/exceptions/no_such_element.html
Build info: version: '3.141.59', revision: 'e82be7d358', time: '2018-11-14T08:17:03'
System info: host: 'NTY-EN-8D25HC2', ip: '10.243.68.223', os.name: 'Windows 10', os.arch: 'amd64', os.version: '10.0', java.version: '12.0.2'
Driver info: driver.version: RemoteWebDriver
	at org.openqa.selenium.remote.RemoteWebDriver.findElement(RemoteWebDriver.java:327) ~[selenium-remote-driver-3.141.59.jar:?]
	at org.openqa.selenium.remote.RemoteWebDriver.findElementByXPath(RemoteWebDriver.java:428) ~[selenium-remote-driver-3.141.59.jar:?]
	at org.openqa.selenium.By$ByXPath.findElement(By.java:353) ~[selenium-api-3.141.59.jar:?]
	at org.openqa.selenium.remote.RemoteWebDriver.findElement(RemoteWebDriver.java:315) ~[selenium-remote-driver-3.141.59.jar:?]
	at Pages.Portal.CentComSearchPage.GetCustomerRow(CentComSearchPage.java:33) ~[classes/:?]
	at Actions.BrowserActions.GotoCentComEndpointsPage(BrowserActions.java:322) ~[classes/:?]
	at Tests.Environments.InitAndCleanupPortal.deleteEndpointFromCentCom(InitAndCleanupPortal.java:120) ~[classes/:?]
	at Tests.Environments.InitAndCleanupPortal.cleanupAgents(InitAndCleanupPortal.java:65) ~[classes/:?]
	at jdk.internal.reflect.NativeMethodAccessorImpl.invoke0(Native Method) ~[?:?]
	at jdk.internal.reflect.NativeMethodAccessorImpl.invoke(NativeMethodAccessorImpl.java:62) ~[?:?]
	at jdk.internal.reflect.DelegatingMethodAccessorImpl.invoke(DelegatingMethodAccessorImpl.java:43) ~[?:?]
	at java.lang.reflect.Method.invoke(Method.java:567) ~[?:?]
	at org.testng.internal.MethodInvocationHelper.invokeMethod(MethodInvocationHelper.java:134) ~[testng-7.1.0.jar:?]
	at org.testng.internal.TestInvoker.invokeMethod(TestInvoker.java:597) ~[testng-7.1.0.jar:?]
	at org.testng.internal.TestInvoker.invokeTestMethod(TestInvoker.java:173) ~[testng-7.1.0.jar:?]
	at org.testng.internal.MethodRunner.runInSequence(MethodRunner.java:46) ~[testng-7.1.0.jar:?]
	at org.testng.internal.TestInvoker$MethodInvocationAgent.invoke(TestInvoker.java:816) ~[testng-7.1.0.jar:?]
	at org.testng.internal.TestInvoker.invokeTestMethods(TestInvoker.java:146) ~[testng-7.1.0.jar:?]
	at org.testng.internal.TestMethodWorker.invokeTestMethods(TestMethodWorker.java:146) ~[testng-7.1.0.jar:?]
	at org.testng.internal.TestMethodWorker.run(TestMethodWorker.java:128) ~[testng-7.1.0.jar:?]
	at java.util.ArrayList.forEach(ArrayList.java:1540) [?:?]
	at org.testng.TestRunner.privateRun(TestRunner.java:766) [testng-7.1.0.jar:?]
	at org.testng.TestRunner.run(TestRunner.java:587) [testng-7.1.0.jar:?]
	at org.testng.SuiteRunner.runTest(SuiteRunner.java:384) [testng-7.1.0.jar:?]
	at org.testng.SuiteRunner.runSequentially(SuiteRunner.java:378) [testng-7.1.0.jar:?]
	at org.testng.SuiteRunner.privateRun(SuiteRunner.java:337) [testng-7.1.0.jar:?]
	at org.testng.SuiteRunner.run(SuiteRunner.java:286) [testng-7.1.0.jar:?]
	at org.testng.SuiteRunnerWorker.runSuite(SuiteRunnerWorker.java:53) [testng-7.1.0.jar:?]
	at org.testng.SuiteRunnerWorker.run(SuiteRunnerWorker.java:96) [testng-7.1.0.jar:?]
	at org.testng.TestNG.runSuitesSequentially(TestNG.java:1187) [testng-7.1.0.jar:?]
	at org.testng.TestNG.runSuitesLocally(TestNG.java:1109) [testng-7.1.0.jar:?]
	at org.testng.TestNG.runSuites(TestNG.java:1039) [testng-7.1.0.jar:?]
	at org.testng.TestNG.run(TestNG.java:1007) [testng-7.1.0.jar:?]
	at Utils.Main.RunTest.main(RunTest.java:116) [classes/:?]
2021-01-18 15:12:06,571 ERROR U.T.InvokedMethodListener [main] Could not check endpoint status at CentCom for customer: TrustwaveEP Test#17
org.openqa.selenium.NoSuchElementException: Cannot locate an element using xpath=//twa-datalist-column//div[normalize-space(text())='TrustwaveEP Test#17']
For documentation on this error, please visit: https://www.seleniumhq.org/exceptions/no_such_element.html
Build info: version: '3.141.59', revision: 'e82be7d358', time: '2018-11-14T08:17:03'
System info: host: 'NTY-EN-8D25HC2', ip: '10.243.68.223', os.name: 'Windows 10', os.arch: 'amd64', os.version: '10.0', java.version: '12.0.2'
Driver info: driver.version: RemoteWebDriver

Video: C:\Nep-4-next\nep-qa-next@f35aa3a96df\nep-qa-automation/test-output/capture/InitAndCleanupPortal-18-01-2021-15.10.50.avi


2021-01-18 15:17:18,805 DEBUG T.RecordedTest [main] screenshot file: C:\Nep-4-next\nep-qa-next@f35aa3a96df\nep-qa-automation/test-output/capture/InitAndCleanupPortal-18-01-2021-15.17.18.png
2021-01-18 15:17:18,811 INFO T.E.InitAndCleanupPortal [main] Starting Cleanup agents
2021-01-18 15:17:24,127 INFO U.R.SSHManager [main] Connected Successfully to host 10.243.68.223
2021-01-18 15:17:24,129 INFO U.R.SSHManager [main] Going to executing command: hostname
2021-01-18 15:17:24,157 DEBUG U.R.SSHManager [main] Done.
2021-01-18 15:17:28,293 INFO A.SimulatedAgentActions [main] SimulatedAgentActions, DS URL: https://endpoint-protection-services.qa.tw-test.net:443/
2021-01-18 15:17:28,329 INFO T.E.InitAndCleanupPortal [main] Going to send delete action to Centcom for agent on hostanem NTY-EN-8D25HC2
2021-01-18 15:17:28,330 DEBUG A.SeleniumBrowser [main] Selenium browser Launch - Before switch application type: Chrome
2021-01-18 15:17:28,331 DEBUG A.SeleniumBrowser [main] Setting Chrome driver location: C:/home/NepManagerDownloads/utils/chromedriver.exe
2021-01-18 15:17:28,332 DEBUG A.SeleniumBrowser [main] Selenium browser Launch - After creating new hashMap
2021-01-18 15:17:28,333 DEBUG A.SeleniumBrowser [main] Selenium browser Launch - After reading MasterDownloadFolder property: C:\home\NepManagerDownloads
2021-01-18 15:17:28,333 DEBUG A.SeleniumBrowser [main] Selenium browser Launch - After put to hash
2021-01-18 15:17:28,341 DEBUG A.SeleniumBrowser [main] Selenium browser Launch - After new chrome options
2021-01-18 15:17:28,344 DEBUG A.SeleniumBrowser [main] Selenium browser Launch - After chrome setExperimentalOption
2021-01-18 15:17:28,344 DEBUG A.SeleniumBrowser [main] Selenium browser Launch - Before setting several chrome options
2021-01-18 15:17:28,349 DEBUG A.SeleniumBrowser [main] Selenium browser Launch - Before creating new chrome driver
2021-01-18 15:17:32,248 DEBUG A.SeleniumBrowser [main] Selenium browser Launch - After creating new chrome driver
2021-01-18 15:17:32,254 DEBUG A.SeleniumBrowser [main] After Setting implicit timeout
2021-01-18 15:17:34,266 DEBUG A.SeleniumBrowser [main] After maximizing window 
2021-01-18 15:17:34,266 DEBUG A.SeleniumBrowser [main] LoadURL: Before check if driver equals to null 
2021-01-18 15:17:34,267 DEBUG A.SeleniumBrowser [main] LoadURL: After check if driver equals to null 
2021-01-18 15:17:34,267 DEBUG A.SeleniumBrowser [main] LoadURL: URL =  https://portal.qa.tw-test.net
2021-01-18 15:17:41,635 DEBUG A.SeleniumBrowser [main] LoadURL: after get URL =  https://portal.qa.tw-test.net
2021-01-18 15:17:42,957 DEBUG A.BrowserActions [main] Waiting for login button to be clickable...
2021-01-18 15:17:43,105 DEBUG A.BrowserActions [main] Login button clicked successfully...
2021-01-18 15:17:45,025 DEBUG A.SeleniumBrowser [main] LoadURL: Before check if driver equals to null 
2021-01-18 15:17:45,026 DEBUG A.SeleniumBrowser [main] LoadURL: After check if driver equals to null 
2021-01-18 15:17:45,027 DEBUG A.SeleniumBrowser [main] LoadURL: URL =  https://portal.qa.tw-test.net/#/operations?menuKey=centcom-devices&stackKey=entity-search&types=EntityType.AGENT
2021-01-18 15:17:45,442 DEBUG A.SeleniumBrowser [main] LoadURL: after get URL =  https://portal.qa.tw-test.net/#/operations?menuKey=centcom-devices&stackKey=entity-search&types=EntityType.AGENT
2021-01-18 15:18:03,077 ERROR A.BrowserActions [main] Could not check endpoint status at CentCom for customer: TrustwaveEP Test #36
org.openqa.selenium.NoSuchElementException: Cannot locate an element using xpath=//twa-datalist-column//div[normalize-space(text())='TrustwaveEP Test #36']
For documentation on this error, please visit: https://www.seleniumhq.org/exceptions/no_such_element.html
Build info: version: '3.141.59', revision: 'e82be7d358', time: '2018-11-14T08:17:03'
System info: host: 'NTY-EN-8D25HC2', ip: '10.243.68.223', os.name: 'Windows 10', os.arch: 'amd64', os.version: '10.0', java.version: '12.0.2'
Driver info: driver.version: RemoteWebDriver
	at org.openqa.selenium.remote.RemoteWebDriver.findElement(RemoteWebDriver.java:327) ~[selenium-remote-driver-3.141.59.jar:?]
	at org.openqa.selenium.remote.RemoteWebDriver.findElementByXPath(RemoteWebDriver.java:428) ~[selenium-remote-driver-3.141.59.jar:?]
	at org.openqa.selenium.By$ByXPath.findElement(By.java:353) ~[selenium-api-3.141.59.jar:?]
	at org.openqa.selenium.remote.RemoteWebDriver.findElement(RemoteWebDriver.java:315) ~[selenium-remote-driver-3.141.59.jar:?]
	at Pages.Portal.CentComSearchPage.GetCustomerRow(CentComSearchPage.java:33) ~[classes/:?]
	at Actions.BrowserActions.GotoCentComEndpointsPage(BrowserActions.java:322) ~[classes/:?]
	at Tests.Environments.InitAndCleanupPortal.deleteEndpointFromCentCom(InitAndCleanupPortal.java:120) ~[classes/:?]
	at Tests.Environments.InitAndCleanupPortal.cleanupAgents(InitAndCleanupPortal.java:65) ~[classes/:?]
	at jdk.internal.reflect.NativeMethodAccessorImpl.invoke0(Native Method) ~[?:?]
	at jdk.internal.reflect.NativeMethodAccessorImpl.invoke(NativeMethodAccessorImpl.java:62) ~[?:?]
	at jdk.internal.reflect.DelegatingMethodAccessorImpl.invoke(DelegatingMethodAccessorImpl.java:43) ~[?:?]
	at java.lang.reflect.Method.invoke(Method.java:567) ~[?:?]
	at org.testng.internal.MethodInvocationHelper.invokeMethod(MethodInvocationHelper.java:134) ~[testng-7.1.0.jar:?]
	at org.testng.internal.TestInvoker.invokeMethod(TestInvoker.java:597) ~[testng-7.1.0.jar:?]
	at org.testng.internal.TestInvoker.invokeTestMethod(TestInvoker.java:173) ~[testng-7.1.0.jar:?]
	at org.testng.internal.MethodRunner.runInSequence(MethodRunner.java:46) ~[testng-7.1.0.jar:?]
	at org.testng.internal.TestInvoker$MethodInvocationAgent.invoke(TestInvoker.java:816) ~[testng-7.1.0.jar:?]
	at org.testng.internal.TestInvoker.invokeTestMethods(TestInvoker.java:146) ~[testng-7.1.0.jar:?]
	at org.testng.internal.TestMethodWorker.invokeTestMethods(TestMethodWorker.java:146) ~[testng-7.1.0.jar:?]
	at org.testng.internal.TestMethodWorker.run(TestMethodWorker.java:128) ~[testng-7.1.0.jar:?]
	at java.util.ArrayList.forEach(ArrayList.java:1540) [?:?]
	at org.testng.TestRunner.privateRun(TestRunner.java:766) [testng-7.1.0.jar:?]
	at org.testng.TestRunner.run(TestRunner.java:587) [testng-7.1.0.jar:?]
	at org.testng.SuiteRunner.runTest(SuiteRunner.java:384) [testng-7.1.0.jar:?]
	at org.testng.SuiteRunner.runSequentially(SuiteRunner.java:378) [testng-7.1.0.jar:?]
	at org.testng.SuiteRunner.privateRun(SuiteRunner.java:337) [testng-7.1.0.jar:?]
	at org.testng.SuiteRunner.run(SuiteRunner.java:286) [testng-7.1.0.jar:?]
	at org.testng.SuiteRunnerWorker.runSuite(SuiteRunnerWorker.java:53) [testng-7.1.0.jar:?]
	at org.testng.SuiteRunnerWorker.run(SuiteRunnerWorker.java:96) [testng-7.1.0.jar:?]
	at org.testng.TestNG.runSuitesSequentially(TestNG.java:1187) [testng-7.1.0.jar:?]
	at org.testng.TestNG.runSuitesLocally(TestNG.java:1109) [testng-7.1.0.jar:?]
	at org.testng.TestNG.runSuites(TestNG.java:1039) [testng-7.1.0.jar:?]
	at org.testng.TestNG.run(TestNG.java:1007) [testng-7.1.0.jar:?]
	at Utils.Main.RunTest.main(RunTest.java:116) [classes/:?]
2021-01-18 15:18:03,184 ERROR U.T.InvokedMethodListener [main] Could not check endpoint status at CentCom for customer: TrustwaveEP Test #36
org.openqa.selenium.NoSuchElementException: Cannot locate an element using xpath=//twa-datalist-column//div[normalize-space(text())='TrustwaveEP Test #36']
For documentation on this error, please visit: https://www.seleniumhq.org/exceptions/no_such_element.html
Build info: version: '3.141.59', revision: 'e82be7d358', time: '2018-11-14T08:17:03'
System info: host: 'NTY-EN-8D25HC2', ip: '10.243.68.223', os.name: 'Windows 10', os.arch: 'amd64', os.version: '10.0', java.version: '12.0.2'
Driver info: driver.version: RemoteWebDriver

Video: C:\Nep-4-next\nep-qa-next@f35aa3a96df\nep-qa-automation/test-output/capture/InitAndCleanupPortal-18-01-2021-15.17.18.avi
ScreenShot: C:\Nep-4-next\nep-qa-next@f35aa3a96df\nep-qa-automation/test-output/capture/InitAndCleanupPortal-18-01-2021-15.17.18.png


2021-01-18 15:23:27,448 DEBUG T.RecordedTest [main] screenshot file: C:\Nep-4-next\nep-qa-next@f35aa3a96df\nep-qa-automation/test-output/capture/InitAndCleanupPortal-18-01-2021-15.23.27.png
2021-01-18 15:23:27,455 INFO T.E.InitAndCleanupPortal [main] Starting Cleanup agents
2021-01-18 15:23:33,464 INFO U.R.SSHManager [main] Connected Successfully to host 10.243.68.223
2021-01-18 15:23:33,466 INFO U.R.SSHManager [main] Going to executing command: hostname
2021-01-18 15:23:33,491 DEBUG U.R.SSHManager [main] Done.
2021-01-18 15:23:37,582 INFO A.SimulatedAgentActions [main] SimulatedAgentActions, DS URL: https://endpoint-protection-services.qa.tw-test.net:443/
2021-01-18 15:23:37,623 INFO T.E.InitAndCleanupPortal [main] Going to send delete action to Centcom for agent on hostanem NTY-EN-8D25HC2
2021-01-18 15:23:37,625 DEBUG A.SeleniumBrowser [main] Selenium browser Launch - Before switch application type: Chrome
2021-01-18 15:23:37,626 DEBUG A.SeleniumBrowser [main] Setting Chrome driver location: C:/home/NepManagerDownloads/utils/chromedriver.exe
2021-01-18 15:23:37,627 DEBUG A.SeleniumBrowser [main] Selenium browser Launch - After creating new hashMap
2021-01-18 15:23:37,628 DEBUG A.SeleniumBrowser [main] Selenium browser Launch - After reading MasterDownloadFolder property: C:\home\NepManagerDownloads
2021-01-18 15:23:37,629 DEBUG A.SeleniumBrowser [main] Selenium browser Launch - After put to hash
2021-01-18 15:23:37,635 DEBUG A.SeleniumBrowser [main] Selenium browser Launch - After new chrome options
2021-01-18 15:23:37,640 DEBUG A.SeleniumBrowser [main] Selenium browser Launch - After chrome setExperimentalOption
2021-01-18 15:23:37,640 DEBUG A.SeleniumBrowser [main] Selenium browser Launch - Before setting several chrome options
2021-01-18 15:23:37,646 DEBUG A.SeleniumBrowser [main] Selenium browser Launch - Before creating new chrome driver
2021-01-18 15:23:41,493 DEBUG A.SeleniumBrowser [main] Selenium browser Launch - After creating new chrome driver
2021-01-18 15:23:41,500 DEBUG A.SeleniumBrowser [main] After Setting implicit timeout
2021-01-18 15:23:43,522 DEBUG A.SeleniumBrowser [main] After maximizing window 
2021-01-18 15:23:43,523 DEBUG A.SeleniumBrowser [main] LoadURL: Before check if driver equals to null 
2021-01-18 15:23:43,524 DEBUG A.SeleniumBrowser [main] LoadURL: After check if driver equals to null 
2021-01-18 15:23:43,525 DEBUG A.SeleniumBrowser [main] LoadURL: URL =  https://portal.qa.tw-test.net
2021-01-18 15:23:50,088 DEBUG A.SeleniumBrowser [main] LoadURL: after get URL =  https://portal.qa.tw-test.net
2021-01-18 15:23:51,727 DEBUG A.BrowserActions [main] Waiting for login button to be clickable...
2021-01-18 15:23:51,874 DEBUG A.BrowserActions [main] Login button clicked successfully...
2021-01-18 15:23:53,991 DEBUG A.SeleniumBrowser [main] LoadURL: Before check if driver equals to null 
2021-01-18 15:23:53,991 DEBUG A.SeleniumBrowser [main] LoadURL: After check if driver equals to null 
2021-01-18 15:23:53,991 DEBUG A.SeleniumBrowser [main] LoadURL: URL =  https://portal.qa.tw-test.net/#/operations?menuKey=centcom-devices&stackKey=entity-search&types=EntityType.AGENT
2021-01-18 15:23:54,252 DEBUG A.SeleniumBrowser [main] LoadURL: after get URL =  https://portal.qa.tw-test.net/#/operations?menuKey=centcom-devices&stackKey=entity-search&types=EntityType.AGENT
2021-01-18 15:24:11,995 ERROR A.BrowserActions [main] Could not check endpoint status at CentCom for customer: TrustwaveEP Test #36
org.openqa.selenium.NoSuchElementException: Cannot locate an element using xpath=//twa-datalist-column//div[normalize-space(text())='TrustwaveEP Test #36']
For documentation on this error, please visit: https://www.seleniumhq.org/exceptions/no_such_element.html
Build info: version: '3.141.59', revision: 'e82be7d358', time: '2018-11-14T08:17:03'
System info: host: 'NTY-EN-8D25HC2', ip: '10.243.68.223', os.name: 'Windows 10', os.arch: 'amd64', os.version: '10.0', java.version: '12.0.2'
Driver info: driver.version: RemoteWebDriver
	at org.openqa.selenium.remote.RemoteWebDriver.findElement(RemoteWebDriver.java:327) ~[selenium-remote-driver-3.141.59.jar:?]
	at org.openqa.selenium.remote.RemoteWebDriver.findElementByXPath(RemoteWebDriver.java:428) ~[selenium-remote-driver-3.141.59.jar:?]
	at org.openqa.selenium.By$ByXPath.findElement(By.java:353) ~[selenium-api-3.141.59.jar:?]
	at org.openqa.selenium.remote.RemoteWebDriver.findElement(RemoteWebDriver.java:315) ~[selenium-remote-driver-3.141.59.jar:?]
	at Pages.Portal.CentComSearchPage.GetCustomerRow(CentComSearchPage.java:33) ~[classes/:?]
	at Actions.BrowserActions.GotoCentComEndpointsPage(BrowserActions.java:322) ~[classes/:?]
	at Tests.Environments.InitAndCleanupPortal.deleteEndpointFromCentCom(InitAndCleanupPortal.java:120) ~[classes/:?]
	at Tests.Environments.InitAndCleanupPortal.cleanupAgents(InitAndCleanupPortal.java:65) ~[classes/:?]
	at jdk.internal.reflect.NativeMethodAccessorImpl.invoke0(Native Method) ~[?:?]
	at jdk.internal.reflect.NativeMethodAccessorImpl.invoke(NativeMethodAccessorImpl.java:62) ~[?:?]
	at jdk.internal.reflect.DelegatingMethodAccessorImpl.invoke(DelegatingMethodAccessorImpl.java:43) ~[?:?]
	at java.lang.reflect.Method.invoke(Method.java:567) ~[?:?]
	at org.testng.internal.MethodInvocationHelper.invokeMethod(MethodInvocationHelper.java:134) ~[testng-7.1.0.jar:?]
	at org.testng.internal.TestInvoker.invokeMethod(TestInvoker.java:597) ~[testng-7.1.0.jar:?]
	at org.testng.internal.TestInvoker.invokeTestMethod(TestInvoker.java:173) ~[testng-7.1.0.jar:?]
	at org.testng.internal.MethodRunner.runInSequence(MethodRunner.java:46) ~[testng-7.1.0.jar:?]
	at org.testng.internal.TestInvoker$MethodInvocationAgent.invoke(TestInvoker.java:816) ~[testng-7.1.0.jar:?]
	at org.testng.internal.TestInvoker.invokeTestMethods(TestInvoker.java:146) ~[testng-7.1.0.jar:?]
	at org.testng.internal.TestMethodWorker.invokeTestMethods(TestMethodWorker.java:146) ~[testng-7.1.0.jar:?]
	at org.testng.internal.TestMethodWorker.run(TestMethodWorker.java:128) ~[testng-7.1.0.jar:?]
	at java.util.ArrayList.forEach(ArrayList.java:1540) [?:?]
	at org.testng.TestRunner.privateRun(TestRunner.java:766) [testng-7.1.0.jar:?]
	at org.testng.TestRunner.run(TestRunner.java:587) [testng-7.1.0.jar:?]
	at org.testng.SuiteRunner.runTest(SuiteRunner.java:384) [testng-7.1.0.jar:?]
	at org.testng.SuiteRunner.runSequentially(SuiteRunner.java:378) [testng-7.1.0.jar:?]
	at org.testng.SuiteRunner.privateRun(SuiteRunner.java:337) [testng-7.1.0.jar:?]
	at org.testng.SuiteRunner.run(SuiteRunner.java:286) [testng-7.1.0.jar:?]
	at org.testng.SuiteRunnerWorker.runSuite(SuiteRunnerWorker.java:53) [testng-7.1.0.jar:?]
	at org.testng.SuiteRunnerWorker.run(SuiteRunnerWorker.java:96) [testng-7.1.0.jar:?]
	at org.testng.TestNG.runSuitesSequentially(TestNG.java:1187) [testng-7.1.0.jar:?]
	at org.testng.TestNG.runSuitesLocally(TestNG.java:1109) [testng-7.1.0.jar:?]
	at org.testng.TestNG.runSuites(TestNG.java:1039) [testng-7.1.0.jar:?]
	at org.testng.TestNG.run(TestNG.java:1007) [testng-7.1.0.jar:?]
	at Utils.Main.RunTest.main(RunTest.java:116) [classes/:?]
2021-01-18 15:24:16,058 ERROR U.T.InvokedMethodListener [main] Could not check endpoint status at CentCom for customer: TrustwaveEP Test #36
org.openqa.selenium.NoSuchElementException: Cannot locate an element using xpath=//twa-datalist-column//div[normalize-space(text())='TrustwaveEP Test #36']
For documentation on this error, please visit: https://www.seleniumhq.org/exceptions/no_such_element.html
Build info: version: '3.141.59', revision: 'e82be7d358', time: '2018-11-14T08:17:03'
System info: host: 'NTY-EN-8D25HC2', ip: '10.243.68.223', os.name: 'Windows 10', os.arch: 'amd64', os.version: '10.0', java.version: '12.0.2'
Driver info: driver.version: RemoteWebDriver

Video: C:\Nep-4-next\nep-qa-next@f35aa3a96df\nep-qa-automation/test-output/capture/InitAndCleanupPortal-18-01-2021-15.23.27.avi


2021-01-18 15:31:35,282 DEBUG T.RecordedTest [main] screenshot file: C:\Nep-4-next\nep-qa-next@f35aa3a96df\nep-qa-automation/test-output/capture/InitAndCleanupPortal-18-01-2021-15.31.35.png
2021-01-18 15:31:35,289 INFO T.E.InitAndCleanupPortal [main] Starting Cleanup agents
2021-01-18 15:31:40,660 INFO U.R.SSHManager [main] Connected Successfully to host 10.243.68.223
2021-01-18 15:31:40,663 INFO U.R.SSHManager [main] Going to executing command: hostname
2021-01-18 15:31:40,691 DEBUG U.R.SSHManager [main] Done.
2021-01-18 15:31:44,711 INFO A.SimulatedAgentActions [main] SimulatedAgentActions, DS URL: https://endpoint-protection-services.qa.tw-test.net:443/
2021-01-18 15:31:44,728 INFO T.E.InitAndCleanupPortal [main] Going to send delete action to Centcom for agent on hostanem NTY-EN-8D25HC2
2021-01-18 15:31:44,729 DEBUG A.SeleniumBrowser [main] Selenium browser Launch - Before switch application type: Chrome
2021-01-18 15:31:44,729 DEBUG A.SeleniumBrowser [main] Setting Chrome driver location: C:/home/NepManagerDownloads/utils/chromedriver.exe
2021-01-18 15:31:44,730 DEBUG A.SeleniumBrowser [main] Selenium browser Launch - After creating new hashMap
2021-01-18 15:31:44,730 DEBUG A.SeleniumBrowser [main] Selenium browser Launch - After reading MasterDownloadFolder property: C:\home\NepManagerDownloads
2021-01-18 15:31:44,730 DEBUG A.SeleniumBrowser [main] Selenium browser Launch - After put to hash
2021-01-18 15:31:44,735 DEBUG A.SeleniumBrowser [main] Selenium browser Launch - After new chrome options
2021-01-18 15:31:44,737 DEBUG A.SeleniumBrowser [main] Selenium browser Launch - After chrome setExperimentalOption
2021-01-18 15:31:44,737 DEBUG A.SeleniumBrowser [main] Selenium browser Launch - Before setting several chrome options
2021-01-18 15:31:44,742 DEBUG A.SeleniumBrowser [main] Selenium browser Launch - Before creating new chrome driver
2021-01-18 15:31:48,682 DEBUG A.SeleniumBrowser [main] Selenium browser Launch - After creating new chrome driver
2021-01-18 15:31:48,690 DEBUG A.SeleniumBrowser [main] After Setting implicit timeout
2021-01-18 15:31:50,705 DEBUG A.SeleniumBrowser [main] After maximizing window 
2021-01-18 15:31:50,705 DEBUG A.SeleniumBrowser [main] LoadURL: Before check if driver equals to null 
2021-01-18 15:31:50,705 DEBUG A.SeleniumBrowser [main] LoadURL: After check if driver equals to null 
2021-01-18 15:31:50,706 DEBUG A.SeleniumBrowser [main] LoadURL: URL =  https://portal.qa.tw-test.net
2021-01-18 15:31:57,067 DEBUG A.SeleniumBrowser [main] LoadURL: after get URL =  https://portal.qa.tw-test.net
2021-01-18 15:31:58,630 DEBUG A.BrowserActions [main] Waiting for login button to be clickable...
2021-01-18 15:31:58,787 DEBUG A.BrowserActions [main] Login button clicked successfully...
2021-01-18 15:33:52,624 DEBUG T.RecordedTest [main] screenshot file: C:\Nep-4-next\nep-qa-next@f35aa3a96df\nep-qa-automation/test-output/capture/InitAndCleanupPortal-18-01-2021-15.33.52.png
2021-01-18 15:33:52,631 INFO T.E.InitAndCleanupPortal [main] Starting Cleanup agents
2021-01-18 15:33:58,390 INFO U.R.SSHManager [main] Connected Successfully to host 10.243.68.223
2021-01-18 15:33:58,392 INFO U.R.SSHManager [main] Going to executing command: hostname
2021-01-18 15:33:58,418 DEBUG U.R.SSHManager [main] Done.
2021-01-18 15:34:02,196 INFO A.SimulatedAgentActions [main] SimulatedAgentActions, DS URL: https://endpoint-protection-services.qa.tw-test.net:443/
2021-01-18 15:34:02,238 INFO T.E.InitAndCleanupPortal [main] Going to send delete action to Centcom for agent on hostanem NTY-EN-8D25HC2
2021-01-18 15:34:02,239 DEBUG A.SeleniumBrowser [main] Selenium browser Launch - Before switch application type: Chrome
2021-01-18 15:34:02,241 DEBUG A.SeleniumBrowser [main] Setting Chrome driver location: C:/home/NepManagerDownloads/utils/chromedriver.exe
2021-01-18 15:34:02,241 DEBUG A.SeleniumBrowser [main] Selenium browser Launch - After creating new hashMap
2021-01-18 15:34:02,242 DEBUG A.SeleniumBrowser [main] Selenium browser Launch - After reading MasterDownloadFolder property: C:\home\NepManagerDownloads
2021-01-18 15:34:02,242 DEBUG A.SeleniumBrowser [main] Selenium browser Launch - After put to hash
2021-01-18 15:34:02,246 DEBUG A.SeleniumBrowser [main] Selenium browser Launch - After new chrome options
2021-01-18 15:34:02,249 DEBUG A.SeleniumBrowser [main] Selenium browser Launch - After chrome setExperimentalOption
2021-01-18 15:34:02,249 DEBUG A.SeleniumBrowser [main] Selenium browser Launch - Before setting several chrome options
2021-01-18 15:34:02,254 DEBUG A.SeleniumBrowser [main] Selenium browser Launch - Before creating new chrome driver
2021-01-18 15:34:06,367 DEBUG A.SeleniumBrowser [main] Selenium browser Launch - After creating new chrome driver
2021-01-18 15:34:06,374 DEBUG A.SeleniumBrowser [main] After Setting implicit timeout
2021-01-18 15:34:08,388 DEBUG A.SeleniumBrowser [main] After maximizing window 
2021-01-18 15:34:08,389 DEBUG A.SeleniumBrowser [main] LoadURL: Before check if driver equals to null 
2021-01-18 15:34:08,389 DEBUG A.SeleniumBrowser [main] LoadURL: After check if driver equals to null 
2021-01-18 15:34:08,389 DEBUG A.SeleniumBrowser [main] LoadURL: URL =  https://portal.qa.tw-test.net
2021-01-18 15:34:13,455 DEBUG A.SeleniumBrowser [main] LoadURL: after get URL =  https://portal.qa.tw-test.net
2021-01-18 15:34:14,993 DEBUG A.BrowserActions [main] Waiting for login button to be clickable...
2021-01-18 15:34:15,219 DEBUG A.BrowserActions [main] Login button clicked successfully...
2021-01-18 15:34:18,087 DEBUG A.SeleniumBrowser [main] LoadURL: Before check if driver equals to null 
2021-01-18 15:34:18,087 DEBUG A.SeleniumBrowser [main] LoadURL: After check if driver equals to null 
2021-01-18 15:34:18,088 DEBUG A.SeleniumBrowser [main] LoadURL: URL =  https://portal.qa.tw-test.net/#/operations?menuKey=centcom-devices&stackKey=entity-search&types=EntityType.AGENT
2021-01-18 15:34:18,573 DEBUG A.SeleniumBrowser [main] LoadURL: after get URL =  https://portal.qa.tw-test.net/#/operations?menuKey=centcom-devices&stackKey=entity-search&types=EntityType.AGENT
2021-01-18 15:38:40,652 DEBUG T.RecordedTest [main] screenshot file: C:\Nep-4-next\nep-qa-next@f35aa3a96df\nep-qa-automation/test-output/capture/InitAndCleanupPortal-18-01-2021-15.38.40.png
2021-01-18 15:38:40,659 INFO T.E.InitAndCleanupPortal [main] Starting Cleanup agents
2021-01-18 15:38:46,260 INFO U.R.SSHManager [main] Connected Successfully to host 10.243.68.223
2021-01-18 15:38:46,263 INFO U.R.SSHManager [main] Going to executing command: hostname
2021-01-18 15:38:46,290 DEBUG U.R.SSHManager [main] Done.
2021-01-18 15:38:50,260 INFO A.SimulatedAgentActions [main] SimulatedAgentActions, DS URL: https://endpoint-protection-services.qa.tw-test.net:443/
2021-01-18 15:38:50,275 INFO T.E.InitAndCleanupPortal [main] Going to send delete action to Centcom for agent on hostanem NTY-EN-8D25HC2
2021-01-18 15:38:50,276 DEBUG A.SeleniumBrowser [main] Selenium browser Launch - Before switch application type: Chrome
2021-01-18 15:38:50,276 DEBUG A.SeleniumBrowser [main] Setting Chrome driver location: C:/home/NepManagerDownloads/utils/chromedriver.exe
2021-01-18 15:38:50,277 DEBUG A.SeleniumBrowser [main] Selenium browser Launch - After creating new hashMap
2021-01-18 15:38:50,279 DEBUG A.SeleniumBrowser [main] Selenium browser Launch - After reading MasterDownloadFolder property: C:\home\NepManagerDownloads
2021-01-18 15:38:50,279 DEBUG A.SeleniumBrowser [main] Selenium browser Launch - After put to hash
2021-01-18 15:38:50,286 DEBUG A.SeleniumBrowser [main] Selenium browser Launch - After new chrome options
2021-01-18 15:38:50,290 DEBUG A.SeleniumBrowser [main] Selenium browser Launch - After chrome setExperimentalOption
2021-01-18 15:38:50,290 DEBUG A.SeleniumBrowser [main] Selenium browser Launch - Before setting several chrome options
2021-01-18 15:38:50,295 DEBUG A.SeleniumBrowser [main] Selenium browser Launch - Before creating new chrome driver
2021-01-18 15:38:54,148 DEBUG A.SeleniumBrowser [main] Selenium browser Launch - After creating new chrome driver
2021-01-18 15:38:54,156 DEBUG A.SeleniumBrowser [main] After Setting implicit timeout
2021-01-18 15:38:56,404 ERROR U.T.InvokedMethodListener [main] Could load the following browser: Chrome
org.openqa.selenium.WebDriverException: unknown error: failed to change window state to 'normal', current state is 'maximized'
  (Session info: chrome=87.0.4280.141)
Build info: version: '3.141.59', revision: 'e82be7d358', time: '2018-11-14T08:17:03'
System info: host: 'NTY-EN-8D25HC2', ip: '10.243.68.223', os.name: 'Windows 10', os.arch: 'amd64', os.version: '10.0', java.version: '12.0.2'
Driver info: org.openqa.selenium.chrome.ChromeDriver
Capabilities {acceptInsecureCerts: false, browserName: chrome, browserVersion: 87.0.4280.141, chrome: {chromedriverVersion: 87.0.4280.20 (c99e81631faa0..., userDataDir: C:\Users\MOSHE~1.AVI\AppDat...}, goog:chromeOptions: {debuggerAddress: localhost:57004}, javascriptEnabled: true, networkConnectionEnabled: false, pageLoadStrategy: normal, platform: WINDOWS, platformName: WINDOWS, proxy: Proxy(), setWindowRect: true, strictFileInteractability: false, timeouts: {implicit: 0, pageLoad: 300000, script: 30000}, unhandledPromptBehavior: dismiss and notify, webauthn:virtualAuthenticators: true}
Session ID: 0eed78fd08f6ecaa38a97762e513c14e

Video: C:\Nep-4-next\nep-qa-next@f35aa3a96df\nep-qa-automation/test-output/capture/InitAndCleanupPortal-18-01-2021-15.38.40.avi
ScreenShot: C:\Nep-4-next\nep-qa-next@f35aa3a96df\nep-qa-automation/test-output/capture/InitAndCleanupPortal-18-01-2021-15.38.40.png


2021-01-18 16:04:57,176 DEBUG T.RecordedTest [main] screenshot file: C:\Nep-4-next\nep-qa-next@f35aa3a96df\nep-qa-automation/test-output/capture/InitAndCleanupPortal-18-01-2021-16.04.57.png
2021-01-18 16:04:57,184 INFO T.E.InitAndCleanupPortal [main] Starting Cleanup agents
2021-01-18 16:05:02,905 INFO U.R.SSHManager [main] Connected Successfully to host 10.243.68.223
2021-01-18 16:05:02,908 INFO U.R.SSHManager [main] Going to executing command: hostname
2021-01-18 16:05:02,934 DEBUG U.R.SSHManager [main] Done.
2021-01-18 16:05:06,973 INFO A.SimulatedAgentActions [main] SimulatedAgentActions, DS URL: https://endpoint-protection-services.qa.tw-test.net:443/
2021-01-18 16:05:06,992 INFO T.E.InitAndCleanupPortal [main] Going to send delete action to Centcom for agent on hostanem NTY-EN-8D25HC2
2021-01-18 16:05:06,993 DEBUG A.SeleniumBrowser [main] Selenium browser Launch - Before switch application type: Chrome
2021-01-18 16:05:06,993 DEBUG A.SeleniumBrowser [main] Setting Chrome driver location: C:/home/NepManagerDownloads/utils/chromedriver.exe
2021-01-18 16:05:06,994 DEBUG A.SeleniumBrowser [main] Selenium browser Launch - After creating new hashMap
2021-01-18 16:05:06,994 DEBUG A.SeleniumBrowser [main] Selenium browser Launch - After reading MasterDownloadFolder property: C:\home\NepManagerDownloads
2021-01-18 16:05:06,994 DEBUG A.SeleniumBrowser [main] Selenium browser Launch - After put to hash
2021-01-18 16:05:06,998 DEBUG A.SeleniumBrowser [main] Selenium browser Launch - After new chrome options
2021-01-18 16:05:07,001 DEBUG A.SeleniumBrowser [main] Selenium browser Launch - After chrome setExperimentalOption
2021-01-18 16:05:07,001 DEBUG A.SeleniumBrowser [main] Selenium browser Launch - Before setting several chrome options
2021-01-18 16:05:07,007 DEBUG A.SeleniumBrowser [main] Selenium browser Launch - Before creating new chrome driver
2021-01-18 16:05:10,996 DEBUG A.SeleniumBrowser [main] Selenium browser Launch - After creating new chrome driver
2021-01-18 16:05:11,002 DEBUG A.SeleniumBrowser [main] After Setting implicit timeout
2021-01-18 16:05:13,023 DEBUG A.SeleniumBrowser [main] After maximizing window 
2021-01-18 16:05:13,024 DEBUG A.SeleniumBrowser [main] LoadURL: Before check if driver equals to null 
2021-01-18 16:05:13,025 DEBUG A.SeleniumBrowser [main] LoadURL: After check if driver equals to null 
2021-01-18 16:05:13,026 DEBUG A.SeleniumBrowser [main] LoadURL: URL =  https://portal.inc.tw-test.net
2021-01-18 16:05:21,296 DEBUG A.SeleniumBrowser [main] LoadURL: after get URL =  https://portal.inc.tw-test.net
2021-01-18 16:05:22,681 DEBUG A.BrowserActions [main] Waiting for login button to be clickable...
2021-01-18 16:05:22,834 DEBUG A.BrowserActions [main] Login button clicked successfully...
2021-01-18 16:05:24,486 DEBUG A.SeleniumBrowser [main] LoadURL: Before check if driver equals to null 
2021-01-18 16:05:24,486 DEBUG A.SeleniumBrowser [main] LoadURL: After check if driver equals to null 
2021-01-18 16:05:24,486 DEBUG A.SeleniumBrowser [main] LoadURL: URL =  https://portal.inc.tw-test.net/#/operations?menuKey=centcom-devices&stackKey=entity-search&types=EntityType.AGENT
2021-01-18 16:05:24,854 DEBUG A.SeleniumBrowser [main] LoadURL: after get URL =  https://portal.inc.tw-test.net/#/operations?menuKey=centcom-devices&stackKey=entity-search&types=EntityType.AGENT
2021-01-18 16:10:30,481 DEBUG T.RecordedTest [main] screenshot file: C:\Nep-4-next\nep-qa-next@f35aa3a96df\nep-qa-automation/test-output/capture/InitAndCleanupPortal-18-01-2021-16.10.30.png
2021-01-18 16:10:30,487 INFO T.E.InitAndCleanupPortal [main] Starting Cleanup agents
2021-01-18 16:10:36,097 INFO U.R.SSHManager [main] Connected Successfully to host 10.243.68.223
2021-01-18 16:10:36,100 INFO U.R.SSHManager [main] Going to executing command: hostname
2021-01-18 16:10:36,129 DEBUG U.R.SSHManager [main] Done.
2021-01-18 16:10:40,241 INFO A.SimulatedAgentActions [main] SimulatedAgentActions, DS URL: https://endpoint-protection-services.qa.tw-test.net:443/
2021-01-18 16:10:40,288 INFO T.E.InitAndCleanupPortal [main] Going to send delete action to Centcom for agent on hostanem NTY-EN-8D25HC2
2021-01-18 16:10:40,289 DEBUG A.SeleniumBrowser [main] Selenium browser Launch - Before switch application type: Chrome
2021-01-18 16:10:40,290 DEBUG A.SeleniumBrowser [main] Setting Chrome driver location: C:/home/NepManagerDownloads/utils/chromedriver.exe
2021-01-18 16:10:40,290 DEBUG A.SeleniumBrowser [main] Selenium browser Launch - After creating new hashMap
2021-01-18 16:10:40,292 DEBUG A.SeleniumBrowser [main] Selenium browser Launch - After reading MasterDownloadFolder property: C:\home\NepManagerDownloads
2021-01-18 16:10:40,292 DEBUG A.SeleniumBrowser [main] Selenium browser Launch - After put to hash
2021-01-18 16:10:40,297 DEBUG A.SeleniumBrowser [main] Selenium browser Launch - After new chrome options
2021-01-18 16:10:40,301 DEBUG A.SeleniumBrowser [main] Selenium browser Launch - After chrome setExperimentalOption
2021-01-18 16:10:40,301 DEBUG A.SeleniumBrowser [main] Selenium browser Launch - Before setting several chrome options
2021-01-18 16:10:40,310 DEBUG A.SeleniumBrowser [main] Selenium browser Launch - Before creating new chrome driver
2021-01-18 16:10:44,183 DEBUG A.SeleniumBrowser [main] Selenium browser Launch - After creating new chrome driver
2021-01-18 16:10:44,193 DEBUG A.SeleniumBrowser [main] After Setting implicit timeout
2021-01-18 16:10:46,206 DEBUG A.SeleniumBrowser [main] After maximizing window 
2021-01-18 16:10:46,207 DEBUG A.SeleniumBrowser [main] LoadURL: Before check if driver equals to null 
2021-01-18 16:10:46,207 DEBUG A.SeleniumBrowser [main] LoadURL: After check if driver equals to null 
2021-01-18 16:10:46,207 DEBUG A.SeleniumBrowser [main] LoadURL: URL =  https://portal.inc.tw-test.net
2021-01-18 16:10:59,556 DEBUG A.SeleniumBrowser [main] LoadURL: after get URL =  https://portal.inc.tw-test.net
2021-01-18 16:11:00,911 DEBUG A.BrowserActions [main] Waiting for login button to be clickable...
2021-01-18 16:11:01,065 DEBUG A.BrowserActions [main] Login button clicked successfully...
2021-01-18 16:11:02,665 DEBUG A.SeleniumBrowser [main] LoadURL: Before check if driver equals to null 
2021-01-18 16:11:02,666 DEBUG A.SeleniumBrowser [main] LoadURL: After check if driver equals to null 
2021-01-18 16:11:02,666 DEBUG A.SeleniumBrowser [main] LoadURL: URL =  https://portal.inc.tw-test.net/#/operations?menuKey=centcom-devices&stackKey=entity-search&types=EntityType.AGENT
2021-01-18 16:11:02,810 DEBUG A.SeleniumBrowser [main] LoadURL: after get URL =  https://portal.inc.tw-test.net/#/operations?menuKey=centcom-devices&stackKey=entity-search&types=EntityType.AGENT
2021-01-18 16:13:27,170 ERROR U.T.InvokedMethodListener [main] Could not delete from CentCom endpoint: NTY-EN-8D25HC2
org.openqa.selenium.ElementNotInteractableException: element not interactable
  (Session info: chrome=87.0.4280.141)
Build info: version: '3.141.59', revision: 'e82be7d358', time: '2018-11-14T08:17:03'
System info: host: 'NTY-EN-8D25HC2', ip: '10.243.68.223', os.name: 'Windows 10', os.arch: 'amd64', os.version: '10.0', java.version: '12.0.2'
Driver info: org.openqa.selenium.chrome.ChromeDriver
Capabilities {acceptInsecureCerts: false, browserName: chrome, browserVersion: 87.0.4280.141, chrome: {chromedriverVersion: 87.0.4280.20 (c99e81631faa0..., userDataDir: C:\Users\MOSHE~1.AVI\AppDat...}, goog:chromeOptions: {debuggerAddress: localhost:57303}, javascriptEnabled: true, networkConnectionEnabled: false, pageLoadStrategy: normal, platform: WINDOWS, platformName: WINDOWS, proxy: Proxy(), setWindowRect: true, strictFileInteractability: false, timeouts: {implicit: 0, pageLoad: 300000, script: 30000}, unhandledPromptBehavior: dismiss and notify, webauthn:virtualAuthenticators: true}
Session ID: 7d46c4b5dd59a957190f8795661f9918

Video: C:\Nep-4-next\nep-qa-next@f35aa3a96df\nep-qa-automation/test-output/capture/InitAndCleanupPortal-18-01-2021-16.10.30.avi
ScreenShot: C:\Nep-4-next\nep-qa-next@f35aa3a96df\nep-qa-automation/test-output/capture/InitAndCleanupPortal-18-01-2021-16.10.30.png


2021-01-18 16:25:17,001 DEBUG T.RecordedTest [main] screenshot file: C:\Nep-4-next\nep-qa-next@f35aa3a96df\nep-qa-automation/test-output/capture/InitAndCleanupPortal-18-01-2021-16.25.16.png
2021-01-18 16:25:17,008 INFO T.E.InitAndCleanupPortal [main] Starting Cleanup agents
2021-01-18 16:25:22,949 INFO U.R.SSHManager [main] Connected Successfully to host 10.243.68.223
2021-01-18 16:25:22,951 INFO U.R.SSHManager [main] Going to executing command: hostname
2021-01-18 16:25:22,979 DEBUG U.R.SSHManager [main] Done.
2021-01-18 16:25:27,116 INFO A.SimulatedAgentActions [main] SimulatedAgentActions, DS URL: https://endpoint-protection-services.qa.tw-test.net:443/
2021-01-18 16:25:27,153 INFO T.E.InitAndCleanupPortal [main] Going to send delete action to Centcom for agent on hostanem NTY-EN-8D25HC2
2021-01-18 16:25:27,154 DEBUG A.SeleniumBrowser [main] Selenium browser Launch - Before switch application type: Chrome
2021-01-18 16:25:27,155 DEBUG A.SeleniumBrowser [main] Setting Chrome driver location: C:/home/NepManagerDownloads/utils/chromedriver.exe
2021-01-18 16:25:27,156 DEBUG A.SeleniumBrowser [main] Selenium browser Launch - After creating new hashMap
2021-01-18 16:25:27,157 DEBUG A.SeleniumBrowser [main] Selenium browser Launch - After reading MasterDownloadFolder property: C:\home\NepManagerDownloads
2021-01-18 16:25:27,157 DEBUG A.SeleniumBrowser [main] Selenium browser Launch - After put to hash
2021-01-18 16:25:27,164 DEBUG A.SeleniumBrowser [main] Selenium browser Launch - After new chrome options
2021-01-18 16:25:27,168 DEBUG A.SeleniumBrowser [main] Selenium browser Launch - After chrome setExperimentalOption
2021-01-18 16:25:27,168 DEBUG A.SeleniumBrowser [main] Selenium browser Launch - Before setting several chrome options
2021-01-18 16:25:27,176 DEBUG A.SeleniumBrowser [main] Selenium browser Launch - Before creating new chrome driver
2021-01-18 16:25:31,167 DEBUG A.SeleniumBrowser [main] Selenium browser Launch - After creating new chrome driver
2021-01-18 16:25:31,175 DEBUG A.SeleniumBrowser [main] After Setting implicit timeout
2021-01-18 16:25:33,192 DEBUG A.SeleniumBrowser [main] After maximizing window 
2021-01-18 16:25:33,193 DEBUG A.SeleniumBrowser [main] LoadURL: Before check if driver equals to null 
2021-01-18 16:25:33,193 DEBUG A.SeleniumBrowser [main] LoadURL: After check if driver equals to null 
2021-01-18 16:25:33,194 DEBUG A.SeleniumBrowser [main] LoadURL: URL =  https://portal.inc.tw-test.net
2021-01-18 16:25:38,659 DEBUG A.SeleniumBrowser [main] LoadURL: after get URL =  https://portal.inc.tw-test.net
2021-01-18 16:25:40,051 DEBUG A.BrowserActions [main] Waiting for login button to be clickable...
2021-01-18 16:25:40,231 DEBUG A.BrowserActions [main] Login button clicked successfully...
2021-01-18 16:25:41,735 DEBUG A.SeleniumBrowser [main] LoadURL: Before check if driver equals to null 
2021-01-18 16:25:41,735 DEBUG A.SeleniumBrowser [main] LoadURL: After check if driver equals to null 
2021-01-18 16:25:41,736 DEBUG A.SeleniumBrowser [main] LoadURL: URL =  https://portal.inc.tw-test.net/#/operations?menuKey=centcom-devices&stackKey=entity-search&types=EntityType.AGENT
2021-01-18 16:25:42,036 DEBUG A.SeleniumBrowser [main] LoadURL: after get URL =  https://portal.inc.tw-test.net/#/operations?menuKey=centcom-devices&stackKey=entity-search&types=EntityType.AGENT
2021-01-18 16:26:20,181 DEBUG T.RecordedTest [main] screenshot file: C:\Nep-4-next\nep-qa-next@f35aa3a96df\nep-qa-automation/test-output/capture/InitAndCleanupPortal-18-01-2021-16.26.20.png
2021-01-18 16:26:20,188 INFO T.E.InitAndCleanupPortal [main] Starting Cleanup agents
2021-01-18 16:26:25,413 INFO U.R.SSHManager [main] Connected Successfully to host 10.243.68.223
2021-01-18 16:26:25,416 INFO U.R.SSHManager [main] Going to executing command: hostname
2021-01-18 16:26:25,442 DEBUG U.R.SSHManager [main] Done.
2021-01-18 16:26:29,196 INFO A.SimulatedAgentActions [main] SimulatedAgentActions, DS URL: https://endpoint-protection-services.qa.tw-test.net:443/
2021-01-18 16:26:29,242 INFO T.E.InitAndCleanupPortal [main] Going to send delete action to Centcom for agent on hostanem NTY-EN-8D25HC2
2021-01-18 16:26:29,242 DEBUG A.SeleniumBrowser [main] Selenium browser Launch - Before switch application type: Chrome
2021-01-18 16:26:29,243 DEBUG A.SeleniumBrowser [main] Setting Chrome driver location: C:/home/NepManagerDownloads/utils/chromedriver.exe
2021-01-18 16:26:29,243 DEBUG A.SeleniumBrowser [main] Selenium browser Launch - After creating new hashMap
2021-01-18 16:26:29,243 DEBUG A.SeleniumBrowser [main] Selenium browser Launch - After reading MasterDownloadFolder property: C:\home\NepManagerDownloads
2021-01-18 16:26:29,244 DEBUG A.SeleniumBrowser [main] Selenium browser Launch - After put to hash
2021-01-18 16:26:29,248 DEBUG A.SeleniumBrowser [main] Selenium browser Launch - After new chrome options
2021-01-18 16:26:29,252 DEBUG A.SeleniumBrowser [main] Selenium browser Launch - After chrome setExperimentalOption
2021-01-18 16:26:29,253 DEBUG A.SeleniumBrowser [main] Selenium browser Launch - Before setting several chrome options
2021-01-18 16:26:29,261 DEBUG A.SeleniumBrowser [main] Selenium browser Launch - Before creating new chrome driver
2021-01-18 16:26:33,152 DEBUG A.SeleniumBrowser [main] Selenium browser Launch - After creating new chrome driver
2021-01-18 16:26:33,160 DEBUG A.SeleniumBrowser [main] After Setting implicit timeout
2021-01-18 16:26:35,179 DEBUG A.SeleniumBrowser [main] After maximizing window 
2021-01-18 16:26:35,180 DEBUG A.SeleniumBrowser [main] LoadURL: Before check if driver equals to null 
2021-01-18 16:26:35,181 DEBUG A.SeleniumBrowser [main] LoadURL: After check if driver equals to null 
2021-01-18 16:26:35,181 DEBUG A.SeleniumBrowser [main] LoadURL: URL =  https://portal.inc.tw-test.net
2021-01-18 16:26:41,093 DEBUG A.SeleniumBrowser [main] LoadURL: after get URL =  https://portal.inc.tw-test.net
2021-01-18 16:26:42,435 DEBUG A.BrowserActions [main] Waiting for login button to be clickable...
2021-01-18 16:26:42,573 DEBUG A.BrowserActions [main] Login button clicked successfully...
2021-01-18 16:26:44,306 DEBUG A.SeleniumBrowser [main] LoadURL: Before check if driver equals to null 
2021-01-18 16:26:44,307 DEBUG A.SeleniumBrowser [main] LoadURL: After check if driver equals to null 
2021-01-18 16:26:44,307 DEBUG A.SeleniumBrowser [main] LoadURL: URL =  https://portal.inc.tw-test.net/#/operations?menuKey=centcom-devices&stackKey=entity-search&types=EntityType.AGENT
2021-01-18 16:26:44,712 DEBUG A.SeleniumBrowser [main] LoadURL: after get URL =  https://portal.inc.tw-test.net/#/operations?menuKey=centcom-devices&stackKey=entity-search&types=EntityType.AGENT
2021-01-18 16:33:38,647 DEBUG T.RecordedTest [main] screenshot file: C:\Nep-4-next\nep-qa-next@f35aa3a96df\nep-qa-automation/test-output/capture/InitAndCleanupPortal-18-01-2021-16.33.38.png
2021-01-18 16:33:38,652 INFO T.E.InitAndCleanupPortal [main] Starting Cleanup agents
2021-01-18 16:33:44,232 INFO U.R.SSHManager [main] Connected Successfully to host 10.243.68.223
2021-01-18 16:33:44,234 INFO U.R.SSHManager [main] Going to executing command: hostname
2021-01-18 16:33:44,259 DEBUG U.R.SSHManager [main] Done.
2021-01-18 16:33:48,265 INFO A.SimulatedAgentActions [main] SimulatedAgentActions, DS URL: https://endpoint-protection-services.qa.tw-test.net:443/
2021-01-18 16:33:48,283 INFO T.E.InitAndCleanupPortal [main] Going to send delete action to Centcom for agent on hostanem NTY-EN-8D25HC2
2021-01-18 16:33:48,283 DEBUG A.SeleniumBrowser [main] Selenium browser Launch - Before switch application type: Chrome
2021-01-18 16:33:48,283 DEBUG A.SeleniumBrowser [main] Setting Chrome driver location: C:/home/NepManagerDownloads/utils/chromedriver.exe
2021-01-18 16:33:48,284 DEBUG A.SeleniumBrowser [main] Selenium browser Launch - After creating new hashMap
2021-01-18 16:33:48,284 DEBUG A.SeleniumBrowser [main] Selenium browser Launch - After reading MasterDownloadFolder property: C:\home\NepManagerDownloads
2021-01-18 16:33:48,285 DEBUG A.SeleniumBrowser [main] Selenium browser Launch - After put to hash
2021-01-18 16:33:48,289 DEBUG A.SeleniumBrowser [main] Selenium browser Launch - After new chrome options
2021-01-18 16:33:48,292 DEBUG A.SeleniumBrowser [main] Selenium browser Launch - After chrome setExperimentalOption
2021-01-18 16:33:48,292 DEBUG A.SeleniumBrowser [main] Selenium browser Launch - Before setting several chrome options
2021-01-18 16:33:48,298 DEBUG A.SeleniumBrowser [main] Selenium browser Launch - Before creating new chrome driver
2021-01-18 16:33:52,397 DEBUG A.SeleniumBrowser [main] Selenium browser Launch - After creating new chrome driver
2021-01-18 16:33:52,406 DEBUG A.SeleniumBrowser [main] After Setting implicit timeout
2021-01-18 16:33:54,430 DEBUG A.SeleniumBrowser [main] After maximizing window 
2021-01-18 16:33:54,432 DEBUG A.SeleniumBrowser [main] LoadURL: Before check if driver equals to null 
2021-01-18 16:33:54,433 DEBUG A.SeleniumBrowser [main] LoadURL: After check if driver equals to null 
2021-01-18 16:33:54,434 DEBUG A.SeleniumBrowser [main] LoadURL: URL =  https://portal.inc.tw-test.net
2021-01-18 16:33:59,836 DEBUG A.SeleniumBrowser [main] LoadURL: after get URL =  https://portal.inc.tw-test.net
2021-01-18 16:34:01,465 DEBUG A.BrowserActions [main] Waiting for login button to be clickable...
2021-01-18 16:34:01,677 DEBUG A.BrowserActions [main] Login button clicked successfully...
2021-01-18 16:34:03,284 DEBUG A.SeleniumBrowser [main] LoadURL: Before check if driver equals to null 
2021-01-18 16:34:03,284 DEBUG A.SeleniumBrowser [main] LoadURL: After check if driver equals to null 
2021-01-18 16:34:03,284 DEBUG A.SeleniumBrowser [main] LoadURL: URL =  https://portal.inc.tw-test.net/#/operations?menuKey=centcom-devices&stackKey=entity-search&types=EntityType.AGENT
2021-01-18 16:34:03,563 DEBUG A.SeleniumBrowser [main] LoadURL: after get URL =  https://portal.inc.tw-test.net/#/operations?menuKey=centcom-devices&stackKey=entity-search&types=EntityType.AGENT
2021-01-18 16:42:48,227 DEBUG T.RecordedTest [main] screenshot file: C:\Nep-4-next\nep-qa-next@f35aa3a96df\nep-qa-automation/test-output/capture/InitAndCleanupPortal-18-01-2021-16.42.48.png
2021-01-18 16:42:48,234 INFO T.E.InitAndCleanupPortal [main] Starting Cleanup agents
2021-01-18 16:42:55,364 INFO U.R.SSHManager [main] Connected Successfully to host 10.243.68.223
2021-01-18 16:42:55,366 INFO U.R.SSHManager [main] Going to executing command: hostname
2021-01-18 16:42:55,394 DEBUG U.R.SSHManager [main] Done.
2021-01-18 16:42:59,432 INFO A.SimulatedAgentActions [main] SimulatedAgentActions, DS URL: https://endpoint-protection-services.qa.tw-test.net:443/
2021-01-18 16:42:59,462 INFO T.E.InitAndCleanupPortal [main] Going to send delete action to Centcom for agent on hostanem NTY-EN-8D25HC2
2021-01-18 16:42:59,463 DEBUG A.SeleniumBrowser [main] Selenium browser Launch - Before switch application type: Chrome
2021-01-18 16:42:59,463 DEBUG A.SeleniumBrowser [main] Setting Chrome driver location: C:/home/NepManagerDownloads/utils/chromedriver.exe
2021-01-18 16:42:59,464 DEBUG A.SeleniumBrowser [main] Selenium browser Launch - After creating new hashMap
2021-01-18 16:42:59,465 DEBUG A.SeleniumBrowser [main] Selenium browser Launch - After reading MasterDownloadFolder property: C:\home\NepManagerDownloads
2021-01-18 16:42:59,466 DEBUG A.SeleniumBrowser [main] Selenium browser Launch - After put to hash
2021-01-18 16:42:59,473 DEBUG A.SeleniumBrowser [main] Selenium browser Launch - After new chrome options
2021-01-18 16:42:59,477 DEBUG A.SeleniumBrowser [main] Selenium browser Launch - After chrome setExperimentalOption
2021-01-18 16:42:59,478 DEBUG A.SeleniumBrowser [main] Selenium browser Launch - Before setting several chrome options
2021-01-18 16:42:59,485 DEBUG A.SeleniumBrowser [main] Selenium browser Launch - Before creating new chrome driver
2021-01-18 16:43:03,320 DEBUG A.SeleniumBrowser [main] Selenium browser Launch - After creating new chrome driver
2021-01-18 16:43:03,327 DEBUG A.SeleniumBrowser [main] After Setting implicit timeout
2021-01-18 16:43:05,343 DEBUG A.SeleniumBrowser [main] After maximizing window 
2021-01-18 16:43:05,343 DEBUG A.SeleniumBrowser [main] LoadURL: Before check if driver equals to null 
2021-01-18 16:43:05,343 DEBUG A.SeleniumBrowser [main] LoadURL: After check if driver equals to null 
2021-01-18 16:43:05,344 DEBUG A.SeleniumBrowser [main] LoadURL: URL =  https://portal.qa.tw-test.net
2021-01-18 16:43:11,591 DEBUG A.SeleniumBrowser [main] LoadURL: after get URL =  https://portal.qa.tw-test.net
2021-01-18 16:43:13,186 DEBUG A.BrowserActions [main] Waiting for login button to be clickable...
2021-01-18 16:43:13,327 DEBUG A.BrowserActions [main] Login button clicked successfully...
2021-01-18 16:43:15,683 DEBUG A.SeleniumBrowser [main] LoadURL: Before check if driver equals to null 
2021-01-18 16:43:15,683 DEBUG A.SeleniumBrowser [main] LoadURL: After check if driver equals to null 
2021-01-18 16:43:15,683 DEBUG A.SeleniumBrowser [main] LoadURL: URL =  https://portal.qa.tw-test.net/#/operations?menuKey=centcom-devices&stackKey=entity-search&types=EntityType.AGENT
2021-01-18 16:43:16,072 DEBUG A.SeleniumBrowser [main] LoadURL: after get URL =  https://portal.qa.tw-test.net/#/operations?menuKey=centcom-devices&stackKey=entity-search&types=EntityType.AGENT
2021-01-18 16:43:51,266 ERROR U.T.InvokedMethodListener [main] Could not delete from CentCom endpoint: NTY-EN-8D25HC2
org.openqa.selenium.StaleElementReferenceException: stale element reference: element is not attached to the page document
  (Session info: chrome=87.0.4280.141)
For documentation on this error, please visit: https://www.seleniumhq.org/exceptions/stale_element_reference.html
Build info: version: '3.141.59', revision: 'e82be7d358', time: '2018-11-14T08:17:03'
System info: host: 'NTY-EN-8D25HC2', ip: '10.243.68.223', os.name: 'Windows 10', os.arch: 'amd64', os.version: '10.0', java.version: '12.0.2'
Driver info: org.openqa.selenium.chrome.ChromeDriver
Capabilities {acceptInsecureCerts: false, browserName: chrome, browserVersion: 87.0.4280.141, chrome: {chromedriverVersion: 87.0.4280.20 (c99e81631faa0..., userDataDir: C:\Users\MOSHE~1.AVI\AppDat...}, goog:chromeOptions: {debuggerAddress: localhost:55125}, javascriptEnabled: true, networkConnectionEnabled: false, pageLoadStrategy: normal, platform: WINDOWS, platformName: WINDOWS, proxy: Proxy(), setWindowRect: true, strictFileInteractability: false, timeouts: {implicit: 0, pageLoad: 300000, script: 30000}, unhandledPromptBehavior: dismiss and notify, webauthn:virtualAuthenticators: true}
Session ID: 98670b1464a7f6598c4cf3aa9f63500a

Video: C:\Nep-4-next\nep-qa-next@f35aa3a96df\nep-qa-automation/test-output/capture/InitAndCleanupPortal-18-01-2021-16.42.48.avi
ScreenShot: C:\Nep-4-next\nep-qa-next@f35aa3a96df\nep-qa-automation/test-output/capture/InitAndCleanupPortal-18-01-2021-16.42.48.png


2021-01-18 17:10:57,438 DEBUG T.RecordedTest [main] screenshot file: C:\Nep-4-next\nep-qa-next@f35aa3a96df\nep-qa-automation/test-output/capture/InitAndCleanupPortal-18-01-2021-17.10.57.png
2021-01-18 17:10:57,445 INFO T.E.InitAndCleanupPortal [main] Starting Cleanup agents
2021-01-18 17:11:03,634 INFO U.R.SSHManager [main] Connected Successfully to host 10.243.68.223
2021-01-18 17:11:03,636 INFO U.R.SSHManager [main] Going to executing command: hostname
2021-01-18 17:11:03,665 DEBUG U.R.SSHManager [main] Done.
2021-01-18 17:11:07,804 INFO A.SimulatedAgentActions [main] SimulatedAgentActions, DS URL: https://endpoint-protection-services.qa.tw-test.net:443/
2021-01-18 17:11:07,844 INFO T.E.InitAndCleanupPortal [main] Going to send delete action to Centcom for agent on hostanem NTY-EN-8D25HC2
2021-01-18 17:11:07,845 DEBUG A.SeleniumBrowser [main] Selenium browser Launch - Before switch application type: Chrome
2021-01-18 17:11:07,845 DEBUG A.SeleniumBrowser [main] Setting Chrome driver location: C:/home/NepManagerDownloads/utils/chromedriver.exe
2021-01-18 17:11:07,846 DEBUG A.SeleniumBrowser [main] Selenium browser Launch - After creating new hashMap
2021-01-18 17:11:07,846 DEBUG A.SeleniumBrowser [main] Selenium browser Launch - After reading MasterDownloadFolder property: C:\home\NepManagerDownloads
2021-01-18 17:11:07,847 DEBUG A.SeleniumBrowser [main] Selenium browser Launch - After put to hash
2021-01-18 17:11:07,853 DEBUG A.SeleniumBrowser [main] Selenium browser Launch - After new chrome options
2021-01-18 17:11:07,856 DEBUG A.SeleniumBrowser [main] Selenium browser Launch - After chrome setExperimentalOption
2021-01-18 17:11:07,857 DEBUG A.SeleniumBrowser [main] Selenium browser Launch - Before setting several chrome options
2021-01-18 17:11:07,865 DEBUG A.SeleniumBrowser [main] Selenium browser Launch - Before creating new chrome driver
2021-01-18 17:11:11,650 DEBUG A.SeleniumBrowser [main] Selenium browser Launch - After creating new chrome driver
2021-01-18 17:11:11,656 DEBUG A.SeleniumBrowser [main] After Setting implicit timeout
2021-01-18 17:11:13,678 DEBUG A.SeleniumBrowser [main] After maximizing window 
2021-01-18 17:11:13,679 DEBUG A.SeleniumBrowser [main] LoadURL: Before check if driver equals to null 
2021-01-18 17:11:13,680 DEBUG A.SeleniumBrowser [main] LoadURL: After check if driver equals to null 
2021-01-18 17:11:13,681 DEBUG A.SeleniumBrowser [main] LoadURL: URL =  https://portal.qa.tw-test.net
2021-01-18 17:11:21,732 DEBUG A.SeleniumBrowser [main] LoadURL: after get URL =  https://portal.qa.tw-test.net
2021-01-18 17:11:23,177 DEBUG A.BrowserActions [main] Waiting for login button to be clickable...
2021-01-18 17:11:23,402 DEBUG A.BrowserActions [main] Login button clicked successfully...
2021-01-18 17:11:25,297 DEBUG A.SeleniumBrowser [main] LoadURL: Before check if driver equals to null 
2021-01-18 17:11:25,297 DEBUG A.SeleniumBrowser [main] LoadURL: After check if driver equals to null 
2021-01-18 17:11:25,297 DEBUG A.SeleniumBrowser [main] LoadURL: URL =  https://portal.qa.tw-test.net/#/operations?menuKey=centcom-devices&stackKey=entity-search&types=EntityType.AGENT
2021-01-18 17:11:25,777 DEBUG A.SeleniumBrowser [main] LoadURL: after get URL =  https://portal.qa.tw-test.net/#/operations?menuKey=centcom-devices&stackKey=entity-search&types=EntityType.AGENT
2021-01-18 17:11:49,619 ERROR U.T.InvokedMethodListener [main] Could not delete from CentCom endpoint: NTY-EN-8D25HC2
org.openqa.selenium.StaleElementReferenceException: stale element reference: element is not attached to the page document
  (Session info: chrome=87.0.4280.141)
For documentation on this error, please visit: https://www.seleniumhq.org/exceptions/stale_element_reference.html
Build info: version: '3.141.59', revision: 'e82be7d358', time: '2018-11-14T08:17:03'
System info: host: 'NTY-EN-8D25HC2', ip: '10.243.68.223', os.name: 'Windows 10', os.arch: 'amd64', os.version: '10.0', java.version: '12.0.2'
Driver info: org.openqa.selenium.chrome.ChromeDriver
Capabilities {acceptInsecureCerts: false, browserName: chrome, browserVersion: 87.0.4280.141, chrome: {chromedriverVersion: 87.0.4280.20 (c99e81631faa0..., userDataDir: C:\Users\MOSHE~1.AVI\AppDat...}, goog:chromeOptions: {debuggerAddress: localhost:55480}, javascriptEnabled: true, networkConnectionEnabled: false, pageLoadStrategy: normal, platform: WINDOWS, platformName: WINDOWS, proxy: Proxy(), setWindowRect: true, strictFileInteractability: false, timeouts: {implicit: 0, pageLoad: 300000, script: 30000}, unhandledPromptBehavior: dismiss and notify, webauthn:virtualAuthenticators: true}
Session ID: ffe24cba40d4cac50c4362526750e8ca

Video: C:\Nep-4-next\nep-qa-next@f35aa3a96df\nep-qa-automation/test-output/capture/InitAndCleanupPortal-18-01-2021-17.10.57.avi
ScreenShot: C:\Nep-4-next\nep-qa-next@f35aa3a96df\nep-qa-automation/test-output/capture/InitAndCleanupPortal-18-01-2021-17.10.57.png


2021-01-18 17:13:32,472 DEBUG T.RecordedTest [main] screenshot file: C:\Nep-4-next\nep-qa-next@f35aa3a96df\nep-qa-automation/test-output/capture/InitAndCleanupPortal-18-01-2021-17.13.32.png
2021-01-18 17:13:32,479 INFO T.E.InitAndCleanupPortal [main] Starting Cleanup agents
2021-01-18 17:13:38,176 INFO U.R.SSHManager [main] Connected Successfully to host 10.243.68.223
2021-01-18 17:13:38,178 INFO U.R.SSHManager [main] Going to executing command: hostname
2021-01-18 17:13:38,203 DEBUG U.R.SSHManager [main] Done.
2021-01-18 17:13:42,229 INFO A.SimulatedAgentActions [main] SimulatedAgentActions, DS URL: https://endpoint-protection-services.qa.tw-test.net:443/
2021-01-18 17:13:42,253 INFO T.E.InitAndCleanupPortal [main] Going to send delete action to Centcom for agent on hostanem NTY-EN-8D25HC2
2021-01-18 17:13:42,253 DEBUG A.SeleniumBrowser [main] Selenium browser Launch - Before switch application type: Chrome
2021-01-18 17:13:42,254 DEBUG A.SeleniumBrowser [main] Setting Chrome driver location: C:/home/NepManagerDownloads/utils/chromedriver.exe
2021-01-18 17:13:42,254 DEBUG A.SeleniumBrowser [main] Selenium browser Launch - After creating new hashMap
2021-01-18 17:13:42,254 DEBUG A.SeleniumBrowser [main] Selenium browser Launch - After reading MasterDownloadFolder property: C:\home\NepManagerDownloads
2021-01-18 17:13:42,255 DEBUG A.SeleniumBrowser [main] Selenium browser Launch - After put to hash
2021-01-18 17:13:42,259 DEBUG A.SeleniumBrowser [main] Selenium browser Launch - After new chrome options
2021-01-18 17:13:42,261 DEBUG A.SeleniumBrowser [main] Selenium browser Launch - After chrome setExperimentalOption
2021-01-18 17:13:42,262 DEBUG A.SeleniumBrowser [main] Selenium browser Launch - Before setting several chrome options
2021-01-18 17:13:42,266 DEBUG A.SeleniumBrowser [main] Selenium browser Launch - Before creating new chrome driver
2021-01-18 17:13:46,152 DEBUG A.SeleniumBrowser [main] Selenium browser Launch - After creating new chrome driver
2021-01-18 17:13:46,159 DEBUG A.SeleniumBrowser [main] After Setting implicit timeout
2021-01-18 17:13:48,177 DEBUG A.SeleniumBrowser [main] After maximizing window 
2021-01-18 17:13:48,177 DEBUG A.SeleniumBrowser [main] LoadURL: Before check if driver equals to null 
2021-01-18 17:13:48,178 DEBUG A.SeleniumBrowser [main] LoadURL: After check if driver equals to null 
2021-01-18 17:13:48,178 DEBUG A.SeleniumBrowser [main] LoadURL: URL =  https://portal.qa.tw-test.net
2021-01-18 17:13:53,069 DEBUG A.SeleniumBrowser [main] LoadURL: after get URL =  https://portal.qa.tw-test.net
2021-01-18 17:13:54,597 DEBUG A.BrowserActions [main] Waiting for login button to be clickable...
2021-01-18 17:13:54,774 DEBUG A.BrowserActions [main] Login button clicked successfully...
2021-01-18 17:13:56,779 DEBUG A.SeleniumBrowser [main] LoadURL: Before check if driver equals to null 
2021-01-18 17:13:56,780 DEBUG A.SeleniumBrowser [main] LoadURL: After check if driver equals to null 
2021-01-18 17:13:56,780 DEBUG A.SeleniumBrowser [main] LoadURL: URL =  https://portal.qa.tw-test.net/#/operations?menuKey=centcom-devices&stackKey=entity-search&types=EntityType.AGENT
2021-01-18 17:13:57,315 DEBUG A.SeleniumBrowser [main] LoadURL: after get URL =  https://portal.qa.tw-test.net/#/operations?menuKey=centcom-devices&stackKey=entity-search&types=EntityType.AGENT
2021-01-18 17:14:21,230 ERROR A.BrowserActions [main] Cluster is already exists
2021-01-18 17:14:21,834 ERROR U.T.InvokedMethodListener [main] Could not delete from CentCom endpoint: NTY-EN-8D25HC2
org.openqa.selenium.StaleElementReferenceException: stale element reference: element is not attached to the page document
  (Session info: chrome=87.0.4280.141)
For documentation on this error, please visit: https://www.seleniumhq.org/exceptions/stale_element_reference.html
Build info: version: '3.141.59', revision: 'e82be7d358', time: '2018-11-14T08:17:03'
System info: host: 'NTY-EN-8D25HC2', ip: '10.243.68.223', os.name: 'Windows 10', os.arch: 'amd64', os.version: '10.0', java.version: '12.0.2'
Driver info: org.openqa.selenium.chrome.ChromeDriver
Capabilities {acceptInsecureCerts: false, browserName: chrome, browserVersion: 87.0.4280.141, chrome: {chromedriverVersion: 87.0.4280.20 (c99e81631faa0..., userDataDir: C:\Users\MOSHE~1.AVI\AppDat...}, goog:chromeOptions: {debuggerAddress: localhost:55531}, javascriptEnabled: true, networkConnectionEnabled: false, pageLoadStrategy: normal, platform: WINDOWS, platformName: WINDOWS, proxy: Proxy(), setWindowRect: true, strictFileInteractability: false, timeouts: {implicit: 0, pageLoad: 300000, script: 30000}, unhandledPromptBehavior: dismiss and notify, webauthn:virtualAuthenticators: true}
Session ID: da3b1bcf21d95a1e6c45381002e5e307

Video: C:\Nep-4-next\nep-qa-next@f35aa3a96df\nep-qa-automation/test-output/capture/InitAndCleanupPortal-18-01-2021-17.13.32.avi
ScreenShot: C:\Nep-4-next\nep-qa-next@f35aa3a96df\nep-qa-automation/test-output/capture/InitAndCleanupPortal-18-01-2021-17.13.32.png


2021-01-18 17:20:07,333 DEBUG T.RecordedTest [main] screenshot file: C:\Nep-4-next\nep-qa-next@f35aa3a96df\nep-qa-automation/test-output/capture/InitAndCleanupPortal-18-01-2021-17.20.07.png
2021-01-18 17:20:07,340 INFO T.E.InitAndCleanupPortal [main] Starting Cleanup agents
2021-01-18 17:20:12,773 INFO U.R.SSHManager [main] Connected Successfully to host 10.243.68.223
2021-01-18 17:20:12,776 INFO U.R.SSHManager [main] Going to executing command: hostname
2021-01-18 17:20:12,804 DEBUG U.R.SSHManager [main] Done.
2021-01-18 17:20:17,046 INFO A.SimulatedAgentActions [main] SimulatedAgentActions, DS URL: https://endpoint-protection-services.qa.tw-test.net:443/
2021-01-18 17:20:17,062 INFO T.E.InitAndCleanupPortal [main] Going to send delete action to Centcom for agent on hostanem NTY-EN-8D25HC2
2021-01-18 17:20:17,063 DEBUG A.SeleniumBrowser [main] Selenium browser Launch - Before switch application type: Chrome
2021-01-18 17:20:17,063 DEBUG A.SeleniumBrowser [main] Setting Chrome driver location: C:/home/NepManagerDownloads/utils/chromedriver.exe
2021-01-18 17:20:17,064 DEBUG A.SeleniumBrowser [main] Selenium browser Launch - After creating new hashMap
2021-01-18 17:20:17,064 DEBUG A.SeleniumBrowser [main] Selenium browser Launch - After reading MasterDownloadFolder property: C:\home\NepManagerDownloads
2021-01-18 17:20:17,065 DEBUG A.SeleniumBrowser [main] Selenium browser Launch - After put to hash
2021-01-18 17:20:17,068 DEBUG A.SeleniumBrowser [main] Selenium browser Launch - After new chrome options
2021-01-18 17:20:17,071 DEBUG A.SeleniumBrowser [main] Selenium browser Launch - After chrome setExperimentalOption
2021-01-18 17:20:17,071 DEBUG A.SeleniumBrowser [main] Selenium browser Launch - Before setting several chrome options
2021-01-18 17:20:17,078 DEBUG A.SeleniumBrowser [main] Selenium browser Launch - Before creating new chrome driver
2021-01-18 17:20:20,986 DEBUG A.SeleniumBrowser [main] Selenium browser Launch - After creating new chrome driver
2021-01-18 17:20:20,994 DEBUG A.SeleniumBrowser [main] After Setting implicit timeout
2021-01-18 17:20:23,012 DEBUG A.SeleniumBrowser [main] After maximizing window 
2021-01-18 17:20:23,012 DEBUG A.SeleniumBrowser [main] LoadURL: Before check if driver equals to null 
2021-01-18 17:20:23,012 DEBUG A.SeleniumBrowser [main] LoadURL: After check if driver equals to null 
2021-01-18 17:20:23,013 DEBUG A.SeleniumBrowser [main] LoadURL: URL =  https://portal.qa.tw-test.net
2021-01-18 17:20:27,822 DEBUG A.SeleniumBrowser [main] LoadURL: after get URL =  https://portal.qa.tw-test.net
2021-01-18 17:20:28,907 DEBUG A.BrowserActions [main] Waiting for login button to be clickable...
2021-01-18 17:20:29,063 DEBUG A.BrowserActions [main] Login button clicked successfully...
2021-01-18 17:21:32,308 DEBUG T.RecordedTest [main] screenshot file: C:\Nep-4-next\nep-qa-next@f35aa3a96df\nep-qa-automation/test-output/capture/InitAndCleanupPortal-18-01-2021-17.21.32.png
2021-01-18 17:21:32,313 INFO T.E.InitAndCleanupPortal [main] Starting Cleanup agents
2021-01-18 17:21:38,237 INFO U.R.SSHManager [main] Connected Successfully to host 10.243.68.223
2021-01-18 17:21:38,239 INFO U.R.SSHManager [main] Going to executing command: hostname
2021-01-18 17:21:38,264 DEBUG U.R.SSHManager [main] Done.
2021-01-18 17:21:42,140 INFO A.SimulatedAgentActions [main] SimulatedAgentActions, DS URL: https://endpoint-protection-services.qa.tw-test.net:443/
2021-01-18 17:21:42,158 INFO T.E.InitAndCleanupPortal [main] Going to send delete action to Centcom for agent on hostanem NTY-EN-8D25HC2
2021-01-18 17:21:42,159 DEBUG A.SeleniumBrowser [main] Selenium browser Launch - Before switch application type: Chrome
2021-01-18 17:21:42,159 DEBUG A.SeleniumBrowser [main] Setting Chrome driver location: C:/home/NepManagerDownloads/utils/chromedriver.exe
2021-01-18 17:21:42,160 DEBUG A.SeleniumBrowser [main] Selenium browser Launch - After creating new hashMap
2021-01-18 17:21:42,160 DEBUG A.SeleniumBrowser [main] Selenium browser Launch - After reading MasterDownloadFolder property: C:\home\NepManagerDownloads
2021-01-18 17:21:42,161 DEBUG A.SeleniumBrowser [main] Selenium browser Launch - After put to hash
2021-01-18 17:21:42,167 DEBUG A.SeleniumBrowser [main] Selenium browser Launch - After new chrome options
2021-01-18 17:21:42,169 DEBUG A.SeleniumBrowser [main] Selenium browser Launch - After chrome setExperimentalOption
2021-01-18 17:21:42,170 DEBUG A.SeleniumBrowser [main] Selenium browser Launch - Before setting several chrome options
2021-01-18 17:21:42,177 DEBUG A.SeleniumBrowser [main] Selenium browser Launch - Before creating new chrome driver
2021-01-18 17:21:46,105 DEBUG A.SeleniumBrowser [main] Selenium browser Launch - After creating new chrome driver
2021-01-18 17:21:46,114 DEBUG A.SeleniumBrowser [main] After Setting implicit timeout
2021-01-18 17:21:48,124 DEBUG A.SeleniumBrowser [main] After maximizing window 
2021-01-18 17:21:48,126 DEBUG A.SeleniumBrowser [main] LoadURL: Before check if driver equals to null 
2021-01-18 17:21:48,126 DEBUG A.SeleniumBrowser [main] LoadURL: After check if driver equals to null 
2021-01-18 17:21:48,126 DEBUG A.SeleniumBrowser [main] LoadURL: URL =  https://portal.qa.tw-test.net
2021-01-18 17:21:54,423 DEBUG A.SeleniumBrowser [main] LoadURL: after get URL =  https://portal.qa.tw-test.net
2021-01-18 17:21:55,265 DEBUG A.BrowserActions [main] Waiting for login button to be clickable...
2021-01-18 17:21:55,408 DEBUG A.BrowserActions [main] Login button clicked successfully...
2021-01-18 17:24:31,305 DEBUG T.RecordedTest [main] screenshot file: C:\Nep-4-next\nep-qa-next@f35aa3a96df\nep-qa-automation/test-output/capture/InitAndCleanupPortal-18-01-2021-17.24.31.png
2021-01-18 17:24:31,311 INFO T.E.InitAndCleanupPortal [main] Starting Cleanup agents
2021-01-18 17:24:36,553 INFO U.R.SSHManager [main] Connected Successfully to host 10.243.68.223
2021-01-18 17:24:36,555 INFO U.R.SSHManager [main] Going to executing command: hostname
2021-01-18 17:24:36,585 DEBUG U.R.SSHManager [main] Done.
2021-01-18 17:24:40,059 INFO A.SimulatedAgentActions [main] SimulatedAgentActions, DS URL: https://endpoint-protection-services.inc.tw-test.net:443/
2021-01-18 17:24:40,097 INFO T.E.InitAndCleanupPortal [main] Going to send delete action to Centcom for agent on hostanem NTY-EN-8D25HC2
2021-01-18 17:24:40,098 DEBUG A.SeleniumBrowser [main] Selenium browser Launch - Before switch application type: Chrome
2021-01-18 17:24:40,098 DEBUG A.SeleniumBrowser [main] Setting Chrome driver location: C:/home/NepManagerDownloads/utils/chromedriver.exe
2021-01-18 17:24:40,098 DEBUG A.SeleniumBrowser [main] Selenium browser Launch - After creating new hashMap
2021-01-18 17:24:40,099 DEBUG A.SeleniumBrowser [main] Selenium browser Launch - After reading MasterDownloadFolder property: C:\home\NepManagerDownloads
2021-01-18 17:24:40,099 DEBUG A.SeleniumBrowser [main] Selenium browser Launch - After put to hash
2021-01-18 17:24:40,104 DEBUG A.SeleniumBrowser [main] Selenium browser Launch - After new chrome options
2021-01-18 17:24:40,106 DEBUG A.SeleniumBrowser [main] Selenium browser Launch - After chrome setExperimentalOption
2021-01-18 17:24:40,106 DEBUG A.SeleniumBrowser [main] Selenium browser Launch - Before setting several chrome options
2021-01-18 17:24:40,112 DEBUG A.SeleniumBrowser [main] Selenium browser Launch - Before creating new chrome driver
2021-01-18 17:24:44,115 DEBUG A.SeleniumBrowser [main] Selenium browser Launch - After creating new chrome driver
2021-01-18 17:24:44,123 DEBUG A.SeleniumBrowser [main] After Setting implicit timeout
2021-01-18 17:24:46,145 DEBUG A.SeleniumBrowser [main] After maximizing window 
2021-01-18 17:24:46,146 DEBUG A.SeleniumBrowser [main] LoadURL: Before check if driver equals to null 
2021-01-18 17:24:46,147 DEBUG A.SeleniumBrowser [main] LoadURL: After check if driver equals to null 
2021-01-18 17:24:46,148 DEBUG A.SeleniumBrowser [main] LoadURL: URL =  https://portal.inc.tw-test.net
2021-01-18 17:24:52,584 DEBUG A.SeleniumBrowser [main] LoadURL: after get URL =  https://portal.inc.tw-test.net
2021-01-18 17:24:54,065 DEBUG A.BrowserActions [main] Waiting for login button to be clickable...
2021-01-18 17:24:54,240 DEBUG A.BrowserActions [main] Login button clicked successfully...
2021-01-18 17:24:55,972 DEBUG A.SeleniumBrowser [main] LoadURL: Before check if driver equals to null 
2021-01-18 17:24:55,973 DEBUG A.SeleniumBrowser [main] LoadURL: After check if driver equals to null 
2021-01-18 17:24:55,973 DEBUG A.SeleniumBrowser [main] LoadURL: URL =  https://portal.inc.tw-test.net/#/operations?menuKey=centcom-devices&stackKey=entity-search&types=EntityType.AGENT
2021-01-18 17:24:56,275 DEBUG A.SeleniumBrowser [main] LoadURL: after get URL =  https://portal.inc.tw-test.net/#/operations?menuKey=centcom-devices&stackKey=entity-search&types=EntityType.AGENT
2021-01-18 17:25:17,675 INFO A.BrowserActions [main] Successfully deleted endpoint: NTY-EN-8D25HC2
2021-01-18 17:25:17,675 INFO T.E.InitAndCleanupPortal [main] Agent was found and delete action was done in Centcom, going to wait until service is uninstalled from agent
2021-01-18 17:25:22,709 INFO U.R.SSHManager [main] Going to executing command: net start
2021-01-18 17:25:22,838 DEBUG U.R.SSHManager [main] Done.
2021-01-18 17:25:22,838 INFO A.BaseAgentActions [main] Endpoint service was stopped!
2021-01-18 17:25:22,839 DEBUG A.BaseAgentActions [main] Agent Service was not found after uninstall
2021-01-18 17:25:22,839 INFO U.R.SSHManager [main] Going to executing command: tasklist
2021-01-18 17:25:23,187 DEBUG U.R.SSHManager [main] Done.
2021-01-18 17:25:23,188 DEBUG A.BaseAgentActions [main] Agent process was not found after uninstall
2021-01-18 17:25:23,188 INFO T.E.InitAndCleanupPortal [main] Done. Service is not running on agent
2021-01-18 17:25:23,188 INFO T.E.InitAndCleanupPortal [main] Goind to send check updates by a simulated agent, to catch the 'uninstall' action, if applicable.
2021-01-18 17:25:23,188 INFO A.SimulatedAgentActions [main] Starting checkUpdates. Params: uuid CAD2A00C-FB6E-4216-9BCA-208775754967 epName NTY-EN-8D25HC2 binVersion 1.4.0.9999 confVersion 1 reporting status 0 schema version 1.1.1 
2021-01-18 17:25:23,189 DEBUG A.SimulatedAgentActions [main] Will send request check-updates/CAD2A00C-FB6E-4216-9BCA-208775754967/bin-ver/1.4.0.9999/conf-ver/1/reporting-status/0/local-name/NTY-EN-8D25HC2/schema-ver/1.1.1/
2021-01-18 17:25:24,193 ERROR A.SimulatedAgentActions [main] Failed to process the check updates request
java.io.FileNotFoundException: C:\home\NepManagerDownloads\inc\endpoint-111-1398155.111.p12 (The system cannot find the path specified)
	at java.io.FileInputStream.open0(Native Method) ~[?:?]
	at java.io.FileInputStream.open(FileInputStream.java:213) ~[?:?]
	at java.io.FileInputStream.<init>(FileInputStream.java:155) ~[?:?]
	at org.codehaus.groovy.runtime.ResourceGroovyMethods.newInputStream(ResourceGroovyMethods.java:2178) ~[groovy-3.0.3.jar:3.0.3]
	at org.codehaus.groovy.runtime.ResourceGroovyMethods.withInputStream(ResourceGroovyMethods.java:1882) ~[groovy-3.0.3.jar:3.0.3]
	at org.codehaus.groovy.runtime.dgm$1099.invoke(Unknown Source) ~[groovy-3.0.3.jar:3.0.3]
	at org.codehaus.groovy.runtime.callsite.PojoMetaMethodSite$PojoMetaMethodSiteNoUnwrapNoCoerce.invoke(PojoMetaMethodSite.java:247) ~[groovy-3.0.3.jar:3.0.3]
	at org.codehaus.groovy.runtime.callsite.PojoMetaMethodSite.call(PojoMetaMethodSite.java:56) ~[groovy-3.0.3.jar:3.0.3]
	at org.codehaus.groovy.runtime.callsite.CallSiteArray.defaultCall(CallSiteArray.java:47) ~[groovy-3.0.3.jar:3.0.3]
	at org.codehaus.groovy.runtime.callsite.AbstractCallSite.call(AbstractCallSite.java:125) ~[groovy-3.0.3.jar:3.0.3]
	at org.codehaus.groovy.runtime.callsite.AbstractCallSite.call(AbstractCallSite.java:139) ~[groovy-3.0.3.jar:3.0.3]
	at io.restassured.internal.TrustAndKeystoreSpecImpl.createStore(TrustAndKeystoreSpecImpl.groovy:92) ~[rest-assured-4.3.1.jar:?]
	at io.restassured.internal.TrustAndKeystoreSpecImpl$createStore.callCurrent(Unknown Source) ~[?:?]
	at org.codehaus.groovy.runtime.callsite.CallSiteArray.defaultCallCurrent(CallSiteArray.java:51) ~[groovy-3.0.3.jar:3.0.3]
	at org.codehaus.groovy.runtime.callsite.AbstractCallSite.callCurrent(AbstractCallSite.java:171) ~[groovy-3.0.3.jar:3.0.3]
	at org.codehaus.groovy.runtime.callsite.AbstractCallSite.callCurrent(AbstractCallSite.java:203) ~[groovy-3.0.3.jar:3.0.3]
	at io.restassured.internal.TrustAndKeystoreSpecImpl.apply(TrustAndKeystoreSpecImpl.groovy:48) ~[rest-assured-4.3.1.jar:?]
	at io.restassured.internal.http.AuthConfig.certificate(AuthConfig.java:158) ~[rest-assured-4.3.1.jar:?]
	at io.restassured.internal.http.AuthConfig$certificate.call(Unknown Source) ~[?:?]
	at org.codehaus.groovy.runtime.callsite.CallSiteArray.defaultCall(CallSiteArray.java:47) ~[groovy-3.0.3.jar:3.0.3]
	at org.codehaus.groovy.runtime.callsite.AbstractCallSite.call(AbstractCallSite.java:125) ~[groovy-3.0.3.jar:3.0.3]
	at io.restassured.authentication.CertAuthScheme.authenticate(CertAuthScheme.groovy:39) ~[rest-assured-4.3.1.jar:?]
	at io.restassured.authentication.AuthenticationScheme$authenticate.call(Unknown Source) ~[?:?]
	at org.codehaus.groovy.runtime.callsite.CallSiteArray.defaultCall(CallSiteArray.java:47) ~[groovy-3.0.3.jar:3.0.3]
	at org.codehaus.groovy.runtime.callsite.AbstractCallSite.call(AbstractCallSite.java:125) ~[groovy-3.0.3.jar:3.0.3]
	at org.codehaus.groovy.runtime.callsite.AbstractCallSite.call(AbstractCallSite.java:139) ~[groovy-3.0.3.jar:3.0.3]
	at io.restassured.internal.RequestSpecificationImpl.sendRequest(RequestSpecificationImpl.groovy:1172) ~[rest-assured-4.3.1.jar:?]
	at jdk.internal.reflect.NativeMethodAccessorImpl.invoke0(Native Method) ~[?:?]
	at jdk.internal.reflect.NativeMethodAccessorImpl.invoke(NativeMethodAccessorImpl.java:62) ~[?:?]
	at jdk.internal.reflect.DelegatingMethodAccessorImpl.invoke(DelegatingMethodAccessorImpl.java:43) ~[?:?]
	at java.lang.reflect.Method.invoke(Method.java:567) ~[?:?]
	at org.codehaus.groovy.reflection.CachedMethod.invoke(CachedMethod.java:107) ~[groovy-3.0.3.jar:3.0.3]
	at groovy.lang.MetaMethod.doMethodInvoke(MetaMethod.java:323) ~[groovy-3.0.3.jar:3.0.3]
	at groovy.lang.MetaClassImpl.invokeMethod(MetaClassImpl.java:1262) ~[groovy-3.0.3.jar:3.0.3]
	at groovy.lang.MetaClassImpl.invokeMethod(MetaClassImpl.java:1029) ~[groovy-3.0.3.jar:3.0.3]
	at groovy.lang.MetaClassImpl.invokeMethod(MetaClassImpl.java:816) ~[groovy-3.0.3.jar:3.0.3]
	at groovy.lang.GroovyObject.invokeMethod(GroovyObject.java:39) ~[groovy-3.0.3.jar:3.0.3]
	at org.codehaus.groovy.runtime.callsite.PogoInterceptableSite.call(PogoInterceptableSite.java:45) ~[groovy-3.0.3.jar:3.0.3]
	at org.codehaus.groovy.runtime.callsite.CallSiteArray.defaultCall(CallSiteArray.java:47) ~[groovy-3.0.3.jar:3.0.3]
	at org.codehaus.groovy.runtime.callsite.AbstractCallSite.call(AbstractCallSite.java:125) ~[groovy-3.0.3.jar:3.0.3]
	at org.codehaus.groovy.runtime.callsite.AbstractCallSite.call(AbstractCallSite.java:166) ~[groovy-3.0.3.jar:3.0.3]
	at io.restassured.internal.filter.SendRequestFilter.filter(SendRequestFilter.groovy:30) ~[rest-assured-4.3.1.jar:?]
	at io.restassured.filter.Filter$filter$0.call(Unknown Source) ~[?:?]
	at org.codehaus.groovy.runtime.callsite.CallSiteArray.defaultCall(CallSiteArray.java:47) ~[groovy-3.0.3.jar:3.0.3]
	at io.restassured.filter.Filter$filter.call(Unknown Source) ~[?:?]
	at io.restassured.internal.filter.FilterContextImpl.next(FilterContextImpl.groovy:72) ~[rest-assured-4.3.1.jar:?]
	at io.restassured.filter.time.TimingFilter.filter(TimingFilter.java:56) ~[rest-assured-4.3.1.jar:?]
	at io.restassured.filter.Filter$filter.call(Unknown Source) ~[?:?]
	at org.codehaus.groovy.runtime.callsite.CallSiteArray.defaultCall(CallSiteArray.java:47) ~[groovy-3.0.3.jar:3.0.3]
	at org.codehaus.groovy.runtime.callsite.AbstractCallSite.call(AbstractCallSite.java:125) ~[groovy-3.0.3.jar:3.0.3]
	at org.codehaus.groovy.runtime.callsite.AbstractCallSite.call(AbstractCallSite.java:157) ~[groovy-3.0.3.jar:3.0.3]
	at io.restassured.internal.filter.FilterContextImpl.next(FilterContextImpl.groovy:72) ~[rest-assured-4.3.1.jar:?]
	at io.restassured.filter.FilterContext$next.call(Unknown Source) ~[?:?]
	at org.codehaus.groovy.runtime.callsite.CallSiteArray.defaultCall(CallSiteArray.java:47) ~[groovy-3.0.3.jar:3.0.3]
	at org.codehaus.groovy.runtime.callsite.AbstractCallSite.call(AbstractCallSite.java:125) ~[groovy-3.0.3.jar:3.0.3]
	at org.codehaus.groovy.runtime.callsite.AbstractCallSite.call(AbstractCallSite.java:148) ~[groovy-3.0.3.jar:3.0.3]
	at io.restassured.internal.RequestSpecificationImpl.applyPathParamsAndSendRequest(RequestSpecificationImpl.groovy:1655) ~[rest-assured-4.3.1.jar:?]
	at jdk.internal.reflect.NativeMethodAccessorImpl.invoke0(Native Method) ~[?:?]
	at jdk.internal.reflect.NativeMethodAccessorImpl.invoke(NativeMethodAccessorImpl.java:62) ~[?:?]
	at jdk.internal.reflect.DelegatingMethodAccessorImpl.invoke(DelegatingMethodAccessorImpl.java:43) ~[?:?]
	at java.lang.reflect.Method.invoke(Method.java:567) ~[?:?]
	at org.codehaus.groovy.reflection.CachedMethod.invoke(CachedMethod.java:107) ~[groovy-3.0.3.jar:3.0.3]
	at groovy.lang.MetaMethod.doMethodInvoke(MetaMethod.java:323) ~[groovy-3.0.3.jar:3.0.3]
	at groovy.lang.MetaClassImpl.invokeMethod(MetaClassImpl.java:1262) ~[groovy-3.0.3.jar:3.0.3]
	at groovy.lang.MetaClassImpl.invokeMethod(MetaClassImpl.java:1029) ~[groovy-3.0.3.jar:3.0.3]
	at groovy.lang.MetaClassImpl.invokeMethod(MetaClassImpl.java:816) ~[groovy-3.0.3.jar:3.0.3]
	at groovy.lang.GroovyObject.invokeMethod(GroovyObject.java:39) ~[groovy-3.0.3.jar:3.0.3]
	at org.codehaus.groovy.runtime.callsite.PogoInterceptableSite.call(PogoInterceptableSite.java:45) ~[groovy-3.0.3.jar:3.0.3]
	at org.codehaus.groovy.runtime.callsite.PogoInterceptableSite.callCurrent(PogoInterceptableSite.java:55) ~[groovy-3.0.3.jar:3.0.3]
	at org.codehaus.groovy.runtime.callsite.CallSiteArray.defaultCallCurrent(CallSiteArray.java:51) ~[groovy-3.0.3.jar:3.0.3]
	at org.codehaus.groovy.runtime.callsite.AbstractCallSite.callCurrent(AbstractCallSite.java:171) ~[groovy-3.0.3.jar:3.0.3]
	at org.codehaus.groovy.runtime.callsite.AbstractCallSite.callCurrent(AbstractCallSite.java:203) ~[groovy-3.0.3.jar:3.0.3]
	at io.restassured.internal.RequestSpecificationImpl.applyPathParamsAndSendRequest(RequestSpecificationImpl.groovy:1661) ~[rest-assured-4.3.1.jar:?]
	at jdk.internal.reflect.NativeMethodAccessorImpl.invoke0(Native Method) ~[?:?]
	at jdk.internal.reflect.NativeMethodAccessorImpl.invoke(NativeMethodAccessorImpl.java:62) ~[?:?]
	at jdk.internal.reflect.DelegatingMethodAccessorImpl.invoke(DelegatingMethodAccessorImpl.java:43) ~[?:?]
	at java.lang.reflect.Method.invoke(Method.java:567) ~[?:?]
	at org.codehaus.groovy.reflection.CachedMethod.invoke(CachedMethod.java:107) ~[groovy-3.0.3.jar:3.0.3]
	at groovy.lang.MetaMethod.doMethodInvoke(MetaMethod.java:323) ~[groovy-3.0.3.jar:3.0.3]
	at groovy.lang.MetaClassImpl.invokeMethod(MetaClassImpl.java:1262) ~[groovy-3.0.3.jar:3.0.3]
	at groovy.lang.MetaClassImpl.invokeMethod(MetaClassImpl.java:1029) ~[groovy-3.0.3.jar:3.0.3]
	at groovy.lang.MetaClassImpl.invokeMethod(MetaClassImpl.java:816) ~[groovy-3.0.3.jar:3.0.3]
	at groovy.lang.GroovyObject.invokeMethod(GroovyObject.java:39) ~[groovy-3.0.3.jar:3.0.3]
	at org.codehaus.groovy.runtime.callsite.PogoInterceptableSite.call(PogoInterceptableSite.java:45) ~[groovy-3.0.3.jar:3.0.3]
	at org.codehaus.groovy.runtime.callsite.PogoInterceptableSite.callCurrent(PogoInterceptableSite.java:55) ~[groovy-3.0.3.jar:3.0.3]
	at org.codehaus.groovy.runtime.callsite.CallSiteArray.defaultCallCurrent(CallSiteArray.java:51) ~[groovy-3.0.3.jar:3.0.3]
	at org.codehaus.groovy.runtime.callsite.AbstractCallSite.callCurrent(AbstractCallSite.java:171) ~[groovy-3.0.3.jar:3.0.3]
	at org.codehaus.groovy.runtime.callsite.AbstractCallSite.callCurrent(AbstractCallSite.java:203) ~[groovy-3.0.3.jar:3.0.3]
	at io.restassured.internal.RequestSpecificationImpl.get(RequestSpecificationImpl.groovy:171) ~[rest-assured-4.3.1.jar:?]
	at io.restassured.internal.RequestSpecificationImpl.get(RequestSpecificationImpl.groovy) ~[rest-assured-4.3.1.jar:?]
	at Actions.SimulatedAgentActions.sendCheckUpdates(SimulatedAgentActions.java:218) ~[classes/:?]
	at Actions.SimulatedAgentActions.sendCheckUpdatesWithoutVerify(SimulatedAgentActions.java:146) ~[classes/:?]
	at Tests.Environments.InitAndCleanupPortal.sendCheckUpdatesBySimulatedAgent(InitAndCleanupPortal.java:161) ~[classes/:?]
	at Tests.Environments.InitAndCleanupPortal.cleanupAgents(InitAndCleanupPortal.java:70) ~[classes/:?]
	at jdk.internal.reflect.NativeMethodAccessorImpl.invoke0(Native Method) ~[?:?]
	at jdk.internal.reflect.NativeMethodAccessorImpl.invoke(NativeMethodAccessorImpl.java:62) ~[?:?]
	at jdk.internal.reflect.DelegatingMethodAccessorImpl.invoke(DelegatingMethodAccessorImpl.java:43) ~[?:?]
	at java.lang.reflect.Method.invoke(Method.java:567) ~[?:?]
	at org.testng.internal.MethodInvocationHelper.invokeMethod(MethodInvocationHelper.java:134) ~[testng-7.1.0.jar:?]
	at org.testng.internal.TestInvoker.invokeMethod(TestInvoker.java:597) ~[testng-7.1.0.jar:?]
	at org.testng.internal.TestInvoker.invokeTestMethod(TestInvoker.java:173) ~[testng-7.1.0.jar:?]
	at org.testng.internal.MethodRunner.runInSequence(MethodRunner.java:46) ~[testng-7.1.0.jar:?]
	at org.testng.internal.TestInvoker$MethodInvocationAgent.invoke(TestInvoker.java:816) ~[testng-7.1.0.jar:?]
	at org.testng.internal.TestInvoker.invokeTestMethods(TestInvoker.java:146) ~[testng-7.1.0.jar:?]
	at org.testng.internal.TestMethodWorker.invokeTestMethods(TestMethodWorker.java:146) ~[testng-7.1.0.jar:?]
	at org.testng.internal.TestMethodWorker.run(TestMethodWorker.java:128) ~[testng-7.1.0.jar:?]
	at java.util.ArrayList.forEach(ArrayList.java:1540) [?:?]
	at org.testng.TestRunner.privateRun(TestRunner.java:766) [testng-7.1.0.jar:?]
	at org.testng.TestRunner.run(TestRunner.java:587) [testng-7.1.0.jar:?]
	at org.testng.SuiteRunner.runTest(SuiteRunner.java:384) [testng-7.1.0.jar:?]
	at org.testng.SuiteRunner.runSequentially(SuiteRunner.java:378) [testng-7.1.0.jar:?]
	at org.testng.SuiteRunner.privateRun(SuiteRunner.java:337) [testng-7.1.0.jar:?]
	at org.testng.SuiteRunner.run(SuiteRunner.java:286) [testng-7.1.0.jar:?]
	at org.testng.SuiteRunnerWorker.runSuite(SuiteRunnerWorker.java:53) [testng-7.1.0.jar:?]
	at org.testng.SuiteRunnerWorker.run(SuiteRunnerWorker.java:96) [testng-7.1.0.jar:?]
	at org.testng.TestNG.runSuitesSequentially(TestNG.java:1187) [testng-7.1.0.jar:?]
	at org.testng.TestNG.runSuitesLocally(TestNG.java:1109) [testng-7.1.0.jar:?]
	at org.testng.TestNG.runSuites(TestNG.java:1039) [testng-7.1.0.jar:?]
	at org.testng.TestNG.run(TestNG.java:1007) [testng-7.1.0.jar:?]
	at Utils.Main.RunTest.main(RunTest.java:116) [classes/:?]
2021-01-18 17:25:24,213 ERROR U.T.InvokedMethodListener [main] Failed to process the check updates request

Video: C:\Nep-4-next\nep-qa-next@f35aa3a96df\nep-qa-automation/test-output/capture/InitAndCleanupPortal-18-01-2021-17.24.31.avi
ScreenShot: C:\Nep-4-next\nep-qa-next@f35aa3a96df\nep-qa-automation/test-output/capture/InitAndCleanupPortal-18-01-2021-17.24.31.png


2021-01-18 17:27:34,866 DEBUG T.RecordedTest [main] screenshot file: C:\Nep-4-next\nep-qa-next@f35aa3a96df\nep-qa-automation/test-output/capture/InitAndCleanupPortal-18-01-2021-17.27.34.png
2021-01-18 17:27:34,883 INFO T.E.InitAndCleanupPortal [main] Starting Cleanup agents
2021-01-18 17:27:40,080 INFO U.R.SSHManager [main] Connected Successfully to host 10.243.68.223
2021-01-18 17:27:40,082 INFO U.R.SSHManager [main] Going to executing command: hostname
2021-01-18 17:27:40,108 DEBUG U.R.SSHManager [main] Done.
2021-01-18 17:27:43,359 INFO A.SimulatedAgentActions [main] SimulatedAgentActions, DS URL: https://endpoint-protection-services.inc.tw-test.net:443/
2021-01-18 17:27:43,402 INFO T.E.InitAndCleanupPortal [main] Going to send delete action to Centcom for agent on hostanem NTY-EN-8D25HC2
2021-01-18 17:27:43,403 DEBUG A.SeleniumBrowser [main] Selenium browser Launch - Before switch application type: Chrome
2021-01-18 17:27:43,404 DEBUG A.SeleniumBrowser [main] Setting Chrome driver location: C:/home/NepManagerDownloads/utils/chromedriver.exe
2021-01-18 17:27:43,405 DEBUG A.SeleniumBrowser [main] Selenium browser Launch - After creating new hashMap
2021-01-18 17:27:43,406 DEBUG A.SeleniumBrowser [main] Selenium browser Launch - After reading MasterDownloadFolder property: C:\home\NepManagerDownloads
2021-01-18 17:27:43,408 DEBUG A.SeleniumBrowser [main] Selenium browser Launch - After put to hash
2021-01-18 17:27:43,416 DEBUG A.SeleniumBrowser [main] Selenium browser Launch - After new chrome options
2021-01-18 17:27:43,423 DEBUG A.SeleniumBrowser [main] Selenium browser Launch - After chrome setExperimentalOption
2021-01-18 17:27:43,424 DEBUG A.SeleniumBrowser [main] Selenium browser Launch - Before setting several chrome options
2021-01-18 17:27:43,430 DEBUG A.SeleniumBrowser [main] Selenium browser Launch - Before creating new chrome driver
2021-01-18 17:27:47,224 DEBUG A.SeleniumBrowser [main] Selenium browser Launch - After creating new chrome driver
2021-01-18 17:27:47,232 DEBUG A.SeleniumBrowser [main] After Setting implicit timeout
2021-01-18 17:27:49,254 DEBUG A.SeleniumBrowser [main] After maximizing window 
2021-01-18 17:27:49,254 DEBUG A.SeleniumBrowser [main] LoadURL: Before check if driver equals to null 
2021-01-18 17:27:49,255 DEBUG A.SeleniumBrowser [main] LoadURL: After check if driver equals to null 
2021-01-18 17:27:49,255 DEBUG A.SeleniumBrowser [main] LoadURL: URL =  https://portal.inc.tw-test.net
2021-01-18 17:27:56,472 DEBUG A.SeleniumBrowser [main] LoadURL: after get URL =  https://portal.inc.tw-test.net
2021-01-18 17:27:58,048 DEBUG A.BrowserActions [main] Waiting for login button to be clickable...
2021-01-18 17:27:58,192 DEBUG A.BrowserActions [main] Login button clicked successfully...
2021-01-18 17:27:59,770 DEBUG A.SeleniumBrowser [main] LoadURL: Before check if driver equals to null 
2021-01-18 17:27:59,770 DEBUG A.SeleniumBrowser [main] LoadURL: After check if driver equals to null 
2021-01-18 17:27:59,771 DEBUG A.SeleniumBrowser [main] LoadURL: URL =  https://portal.inc.tw-test.net/#/operations?menuKey=centcom-devices&stackKey=entity-search&types=EntityType.AGENT
2021-01-18 17:27:59,945 DEBUG A.SeleniumBrowser [main] LoadURL: after get URL =  https://portal.inc.tw-test.net/#/operations?menuKey=centcom-devices&stackKey=entity-search&types=EntityType.AGENT
2021-01-18 17:28:19,924 ERROR A.BrowserActions [main] Cluster is already exists
2021-01-18 17:30:23,700 ERROR A.BrowserActions [main] Could not select the specific cluster  at CentCom search page. cluster: NTY-EN-8D25HC2
org.openqa.selenium.ElementNotInteractableException: element not interactable
  (Session info: chrome=87.0.4280.141)
Build info: version: '3.141.59', revision: 'e82be7d358', time: '2018-11-14T08:17:03'
System info: host: 'NTY-EN-8D25HC2', ip: '10.243.68.223', os.name: 'Windows 10', os.arch: 'amd64', os.version: '10.0', java.version: '12.0.2'
Driver info: org.openqa.selenium.chrome.ChromeDriver
Capabilities {acceptInsecureCerts: false, browserName: chrome, browserVersion: 87.0.4280.141, chrome: {chromedriverVersion: 87.0.4280.20 (c99e81631faa0..., userDataDir: C:\Users\MOSHE~1.AVI\AppDat...}, goog:chromeOptions: {debuggerAddress: localhost:62755}, javascriptEnabled: true, networkConnectionEnabled: false, pageLoadStrategy: normal, platform: WINDOWS, platformName: WINDOWS, proxy: Proxy(), setWindowRect: true, strictFileInteractability: false, timeouts: {implicit: 0, pageLoad: 300000, script: 30000}, unhandledPromptBehavior: dismiss and notify, webauthn:virtualAuthenticators: true}
Session ID: 1b51553084c78c65254987aa4d7d122d
	at jdk.internal.reflect.NativeConstructorAccessorImpl.newInstance0(Native Method) ~[?:?]
	at jdk.internal.reflect.NativeConstructorAccessorImpl.newInstance(NativeConstructorAccessorImpl.java:62) ~[?:?]
	at jdk.internal.reflect.DelegatingConstructorAccessorImpl.newInstance(DelegatingConstructorAccessorImpl.java:45) ~[?:?]
	at java.lang.reflect.Constructor.newInstanceWithCaller(Constructor.java:500) ~[?:?]
	at java.lang.reflect.Constructor.newInstance(Constructor.java:481) ~[?:?]
	at org.openqa.selenium.remote.http.W3CHttpResponseCodec.createException(W3CHttpResponseCodec.java:187) ~[selenium-remote-driver-3.141.59.jar:?]
	at org.openqa.selenium.remote.http.W3CHttpResponseCodec.decode(W3CHttpResponseCodec.java:122) ~[selenium-remote-driver-3.141.59.jar:?]
	at org.openqa.selenium.remote.http.W3CHttpResponseCodec.decode(W3CHttpResponseCodec.java:49) ~[selenium-remote-driver-3.141.59.jar:?]
	at org.openqa.selenium.remote.HttpCommandExecutor.execute(HttpCommandExecutor.java:158) ~[selenium-remote-driver-3.141.59.jar:?]
	at org.openqa.selenium.remote.service.DriverCommandExecutor.execute(DriverCommandExecutor.java:83) ~[selenium-remote-driver-3.141.59.jar:?]
	at org.openqa.selenium.remote.RemoteWebDriver.execute(RemoteWebDriver.java:552) ~[selenium-remote-driver-3.141.59.jar:?]
	at org.openqa.selenium.remote.RemoteWebElement.execute(RemoteWebElement.java:285) ~[selenium-remote-driver-3.141.59.jar:?]
	at org.openqa.selenium.remote.RemoteWebElement.click(RemoteWebElement.java:84) ~[selenium-remote-driver-3.141.59.jar:?]
	at jdk.internal.reflect.NativeMethodAccessorImpl.invoke0(Native Method) ~[?:?]
	at jdk.internal.reflect.NativeMethodAccessorImpl.invoke(NativeMethodAccessorImpl.java:62) ~[?:?]
	at jdk.internal.reflect.DelegatingMethodAccessorImpl.invoke(DelegatingMethodAccessorImpl.java:43) ~[?:?]
	at java.lang.reflect.Method.invoke(Method.java:567) ~[?:?]
	at org.openqa.selenium.support.pagefactory.internal.LocatingElementHandler.invoke(LocatingElementHandler.java:51) ~[selenium-support-3.141.59.jar:?]
	at com.sun.proxy.$Proxy30.click(Unknown Source) ~[?:?]
	at Actions.BrowserActions.CreateNewCluster(BrowserActions.java:700) ~[classes/:?]
	at Tests.Environments.InitAndCleanupPortal.ClusterActions(InitAndCleanupPortal.java:127) ~[classes/:?]
	at Tests.Environments.InitAndCleanupPortal.cleanupAgents(InitAndCleanupPortal.java:66) ~[classes/:?]
	at jdk.internal.reflect.NativeMethodAccessorImpl.invoke0(Native Method) ~[?:?]
	at jdk.internal.reflect.NativeMethodAccessorImpl.invoke(NativeMethodAccessorImpl.java:62) ~[?:?]
	at jdk.internal.reflect.DelegatingMethodAccessorImpl.invoke(DelegatingMethodAccessorImpl.java:43) ~[?:?]
	at java.lang.reflect.Method.invoke(Method.java:567) ~[?:?]
	at org.testng.internal.MethodInvocationHelper.invokeMethod(MethodInvocationHelper.java:134) ~[testng-7.1.0.jar:?]
	at org.testng.internal.TestInvoker.invokeMethod(TestInvoker.java:597) ~[testng-7.1.0.jar:?]
	at org.testng.internal.TestInvoker.invokeTestMethod(TestInvoker.java:173) ~[testng-7.1.0.jar:?]
	at org.testng.internal.MethodRunner.runInSequence(MethodRunner.java:46) ~[testng-7.1.0.jar:?]
	at org.testng.internal.TestInvoker$MethodInvocationAgent.invoke(TestInvoker.java:816) ~[testng-7.1.0.jar:?]
	at org.testng.internal.TestInvoker.invokeTestMethods(TestInvoker.java:146) ~[testng-7.1.0.jar:?]
	at org.testng.internal.TestMethodWorker.invokeTestMethods(TestMethodWorker.java:146) ~[testng-7.1.0.jar:?]
	at org.testng.internal.TestMethodWorker.run(TestMethodWorker.java:128) ~[testng-7.1.0.jar:?]
	at java.util.ArrayList.forEach(ArrayList.java:1540) [?:?]
	at org.testng.TestRunner.privateRun(TestRunner.java:766) [testng-7.1.0.jar:?]
	at org.testng.TestRunner.run(TestRunner.java:587) [testng-7.1.0.jar:?]
	at org.testng.SuiteRunner.runTest(SuiteRunner.java:384) [testng-7.1.0.jar:?]
	at org.testng.SuiteRunner.runSequentially(SuiteRunner.java:378) [testng-7.1.0.jar:?]
	at org.testng.SuiteRunner.privateRun(SuiteRunner.java:337) [testng-7.1.0.jar:?]
	at org.testng.SuiteRunner.run(SuiteRunner.java:286) [testng-7.1.0.jar:?]
	at org.testng.SuiteRunnerWorker.runSuite(SuiteRunnerWorker.java:53) [testng-7.1.0.jar:?]
	at org.testng.SuiteRunnerWorker.run(SuiteRunnerWorker.java:96) [testng-7.1.0.jar:?]
	at org.testng.TestNG.runSuitesSequentially(TestNG.java:1187) [testng-7.1.0.jar:?]
	at org.testng.TestNG.runSuitesLocally(TestNG.java:1109) [testng-7.1.0.jar:?]
	at org.testng.TestNG.runSuites(TestNG.java:1039) [testng-7.1.0.jar:?]
	at org.testng.TestNG.run(TestNG.java:1007) [testng-7.1.0.jar:?]
	at Utils.Main.RunTest.main(RunTest.java:116) [classes/:?]
2021-01-18 17:30:23,710 INFO T.E.InitAndCleanupPortal [main] Agent was found and delete action was done in Centcom, going to wait until service is uninstalled from agent
2021-01-18 17:30:28,712 INFO U.R.SSHManager [main] Going to executing command: net start
2021-01-18 17:30:28,750 DEBUG U.R.SSHManager [main] Done.
2021-01-18 17:30:28,751 INFO A.BaseAgentActions [main] Endpoint service was stopped!
2021-01-18 17:30:28,751 DEBUG A.BaseAgentActions [main] Agent Service was not found after uninstall
2021-01-18 17:30:28,751 INFO U.R.SSHManager [main] Going to executing command: tasklist
2021-01-18 17:30:29,149 DEBUG U.R.SSHManager [main] Done.
2021-01-18 17:30:29,149 DEBUG A.BaseAgentActions [main] Agent process was not found after uninstall
2021-01-18 17:30:29,149 INFO T.E.InitAndCleanupPortal [main] Done. Service is not running on agent
2021-01-18 17:30:29,150 INFO T.E.InitAndCleanupPortal [main] Goind to send check updates by a simulated agent, to catch the 'uninstall' action, if applicable.
2021-01-18 17:30:29,150 INFO A.SimulatedAgentActions [main] Starting checkUpdates. Params: uuid CAD2A00C-FB6E-4216-9BCA-208775754967 epName NTY-EN-8D25HC2 binVersion 1.4.0.9999 confVersion 1 reporting status 0 schema version 1.1.1 
2021-01-18 17:30:29,151 DEBUG A.SimulatedAgentActions [main] Will send request check-updates/CAD2A00C-FB6E-4216-9BCA-208775754967/bin-ver/1.4.0.9999/conf-ver/1/reporting-status/0/local-name/NTY-EN-8D25HC2/schema-ver/1.1.1/
2021-01-18 17:30:29,945 ERROR A.SimulatedAgentActions [main] Failed to process the check updates request
java.io.FileNotFoundException: C:\home\NepManagerDownloads\inc\endpoint-111-1398155.111.p12 (The system cannot find the path specified)
	at java.io.FileInputStream.open0(Native Method) ~[?:?]
	at java.io.FileInputStream.open(FileInputStream.java:213) ~[?:?]
	at java.io.FileInputStream.<init>(FileInputStream.java:155) ~[?:?]
	at org.codehaus.groovy.runtime.ResourceGroovyMethods.newInputStream(ResourceGroovyMethods.java:2178) ~[groovy-3.0.3.jar:3.0.3]
	at org.codehaus.groovy.runtime.ResourceGroovyMethods.withInputStream(ResourceGroovyMethods.java:1882) ~[groovy-3.0.3.jar:3.0.3]
	at org.codehaus.groovy.runtime.dgm$1099.invoke(Unknown Source) ~[groovy-3.0.3.jar:3.0.3]
	at org.codehaus.groovy.runtime.callsite.PojoMetaMethodSite$PojoMetaMethodSiteNoUnwrapNoCoerce.invoke(PojoMetaMethodSite.java:247) ~[groovy-3.0.3.jar:3.0.3]
	at org.codehaus.groovy.runtime.callsite.PojoMetaMethodSite.call(PojoMetaMethodSite.java:56) ~[groovy-3.0.3.jar:3.0.3]
	at org.codehaus.groovy.runtime.callsite.CallSiteArray.defaultCall(CallSiteArray.java:47) ~[groovy-3.0.3.jar:3.0.3]
	at org.codehaus.groovy.runtime.callsite.AbstractCallSite.call(AbstractCallSite.java:125) ~[groovy-3.0.3.jar:3.0.3]
	at org.codehaus.groovy.runtime.callsite.AbstractCallSite.call(AbstractCallSite.java:139) ~[groovy-3.0.3.jar:3.0.3]
	at io.restassured.internal.TrustAndKeystoreSpecImpl.createStore(TrustAndKeystoreSpecImpl.groovy:92) ~[rest-assured-4.3.1.jar:?]
	at io.restassured.internal.TrustAndKeystoreSpecImpl$createStore.callCurrent(Unknown Source) ~[?:?]
	at org.codehaus.groovy.runtime.callsite.CallSiteArray.defaultCallCurrent(CallSiteArray.java:51) ~[groovy-3.0.3.jar:3.0.3]
	at org.codehaus.groovy.runtime.callsite.AbstractCallSite.callCurrent(AbstractCallSite.java:171) ~[groovy-3.0.3.jar:3.0.3]
	at org.codehaus.groovy.runtime.callsite.AbstractCallSite.callCurrent(AbstractCallSite.java:203) ~[groovy-3.0.3.jar:3.0.3]
	at io.restassured.internal.TrustAndKeystoreSpecImpl.apply(TrustAndKeystoreSpecImpl.groovy:48) ~[rest-assured-4.3.1.jar:?]
	at io.restassured.internal.http.AuthConfig.certificate(AuthConfig.java:158) ~[rest-assured-4.3.1.jar:?]
	at io.restassured.internal.http.AuthConfig$certificate.call(Unknown Source) ~[?:?]
	at org.codehaus.groovy.runtime.callsite.CallSiteArray.defaultCall(CallSiteArray.java:47) ~[groovy-3.0.3.jar:3.0.3]
	at org.codehaus.groovy.runtime.callsite.AbstractCallSite.call(AbstractCallSite.java:125) ~[groovy-3.0.3.jar:3.0.3]
	at io.restassured.authentication.CertAuthScheme.authenticate(CertAuthScheme.groovy:39) ~[rest-assured-4.3.1.jar:?]
	at io.restassured.authentication.AuthenticationScheme$authenticate.call(Unknown Source) ~[?:?]
	at org.codehaus.groovy.runtime.callsite.CallSiteArray.defaultCall(CallSiteArray.java:47) ~[groovy-3.0.3.jar:3.0.3]
	at org.codehaus.groovy.runtime.callsite.AbstractCallSite.call(AbstractCallSite.java:125) ~[groovy-3.0.3.jar:3.0.3]
	at org.codehaus.groovy.runtime.callsite.AbstractCallSite.call(AbstractCallSite.java:139) ~[groovy-3.0.3.jar:3.0.3]
	at io.restassured.internal.RequestSpecificationImpl.sendRequest(RequestSpecificationImpl.groovy:1172) ~[rest-assured-4.3.1.jar:?]
	at jdk.internal.reflect.NativeMethodAccessorImpl.invoke0(Native Method) ~[?:?]
	at jdk.internal.reflect.NativeMethodAccessorImpl.invoke(NativeMethodAccessorImpl.java:62) ~[?:?]
	at jdk.internal.reflect.DelegatingMethodAccessorImpl.invoke(DelegatingMethodAccessorImpl.java:43) ~[?:?]
	at java.lang.reflect.Method.invoke(Method.java:567) ~[?:?]
	at org.codehaus.groovy.reflection.CachedMethod.invoke(CachedMethod.java:107) ~[groovy-3.0.3.jar:3.0.3]
	at groovy.lang.MetaMethod.doMethodInvoke(MetaMethod.java:323) ~[groovy-3.0.3.jar:3.0.3]
	at groovy.lang.MetaClassImpl.invokeMethod(MetaClassImpl.java:1262) ~[groovy-3.0.3.jar:3.0.3]
	at groovy.lang.MetaClassImpl.invokeMethod(MetaClassImpl.java:1029) ~[groovy-3.0.3.jar:3.0.3]
	at groovy.lang.MetaClassImpl.invokeMethod(MetaClassImpl.java:816) ~[groovy-3.0.3.jar:3.0.3]
	at groovy.lang.GroovyObject.invokeMethod(GroovyObject.java:39) ~[groovy-3.0.3.jar:3.0.3]
	at org.codehaus.groovy.runtime.callsite.PogoInterceptableSite.call(PogoInterceptableSite.java:45) ~[groovy-3.0.3.jar:3.0.3]
	at org.codehaus.groovy.runtime.callsite.CallSiteArray.defaultCall(CallSiteArray.java:47) ~[groovy-3.0.3.jar:3.0.3]
	at org.codehaus.groovy.runtime.callsite.AbstractCallSite.call(AbstractCallSite.java:125) ~[groovy-3.0.3.jar:3.0.3]
	at org.codehaus.groovy.runtime.callsite.AbstractCallSite.call(AbstractCallSite.java:166) ~[groovy-3.0.3.jar:3.0.3]
	at io.restassured.internal.filter.SendRequestFilter.filter(SendRequestFilter.groovy:30) ~[rest-assured-4.3.1.jar:?]
	at io.restassured.filter.Filter$filter$0.call(Unknown Source) ~[?:?]
	at org.codehaus.groovy.runtime.callsite.CallSiteArray.defaultCall(CallSiteArray.java:47) ~[groovy-3.0.3.jar:3.0.3]
	at io.restassured.filter.Filter$filter.call(Unknown Source) ~[?:?]
	at io.restassured.internal.filter.FilterContextImpl.next(FilterContextImpl.groovy:72) ~[rest-assured-4.3.1.jar:?]
	at io.restassured.filter.time.TimingFilter.filter(TimingFilter.java:56) ~[rest-assured-4.3.1.jar:?]
	at io.restassured.filter.Filter$filter.call(Unknown Source) ~[?:?]
	at org.codehaus.groovy.runtime.callsite.CallSiteArray.defaultCall(CallSiteArray.java:47) ~[groovy-3.0.3.jar:3.0.3]
	at org.codehaus.groovy.runtime.callsite.AbstractCallSite.call(AbstractCallSite.java:125) ~[groovy-3.0.3.jar:3.0.3]
	at org.codehaus.groovy.runtime.callsite.AbstractCallSite.call(AbstractCallSite.java:157) ~[groovy-3.0.3.jar:3.0.3]
	at io.restassured.internal.filter.FilterContextImpl.next(FilterContextImpl.groovy:72) ~[rest-assured-4.3.1.jar:?]
	at io.restassured.filter.FilterContext$next.call(Unknown Source) ~[?:?]
	at org.codehaus.groovy.runtime.callsite.CallSiteArray.defaultCall(CallSiteArray.java:47) ~[groovy-3.0.3.jar:3.0.3]
	at org.codehaus.groovy.runtime.callsite.AbstractCallSite.call(AbstractCallSite.java:125) ~[groovy-3.0.3.jar:3.0.3]
	at org.codehaus.groovy.runtime.callsite.AbstractCallSite.call(AbstractCallSite.java:148) ~[groovy-3.0.3.jar:3.0.3]
	at io.restassured.internal.RequestSpecificationImpl.applyPathParamsAndSendRequest(RequestSpecificationImpl.groovy:1655) ~[rest-assured-4.3.1.jar:?]
	at jdk.internal.reflect.NativeMethodAccessorImpl.invoke0(Native Method) ~[?:?]
	at jdk.internal.reflect.NativeMethodAccessorImpl.invoke(NativeMethodAccessorImpl.java:62) ~[?:?]
	at jdk.internal.reflect.DelegatingMethodAccessorImpl.invoke(DelegatingMethodAccessorImpl.java:43) ~[?:?]
	at java.lang.reflect.Method.invoke(Method.java:567) ~[?:?]
	at org.codehaus.groovy.reflection.CachedMethod.invoke(CachedMethod.java:107) ~[groovy-3.0.3.jar:3.0.3]
	at groovy.lang.MetaMethod.doMethodInvoke(MetaMethod.java:323) ~[groovy-3.0.3.jar:3.0.3]
	at groovy.lang.MetaClassImpl.invokeMethod(MetaClassImpl.java:1262) ~[groovy-3.0.3.jar:3.0.3]
	at groovy.lang.MetaClassImpl.invokeMethod(MetaClassImpl.java:1029) ~[groovy-3.0.3.jar:3.0.3]
	at groovy.lang.MetaClassImpl.invokeMethod(MetaClassImpl.java:816) ~[groovy-3.0.3.jar:3.0.3]
	at groovy.lang.GroovyObject.invokeMethod(GroovyObject.java:39) ~[groovy-3.0.3.jar:3.0.3]
	at org.codehaus.groovy.runtime.callsite.PogoInterceptableSite.call(PogoInterceptableSite.java:45) ~[groovy-3.0.3.jar:3.0.3]
	at org.codehaus.groovy.runtime.callsite.PogoInterceptableSite.callCurrent(PogoInterceptableSite.java:55) ~[groovy-3.0.3.jar:3.0.3]
	at org.codehaus.groovy.runtime.callsite.CallSiteArray.defaultCallCurrent(CallSiteArray.java:51) ~[groovy-3.0.3.jar:3.0.3]
	at org.codehaus.groovy.runtime.callsite.AbstractCallSite.callCurrent(AbstractCallSite.java:171) ~[groovy-3.0.3.jar:3.0.3]
	at org.codehaus.groovy.runtime.callsite.AbstractCallSite.callCurrent(AbstractCallSite.java:203) ~[groovy-3.0.3.jar:3.0.3]
	at io.restassured.internal.RequestSpecificationImpl.applyPathParamsAndSendRequest(RequestSpecificationImpl.groovy:1661) ~[rest-assured-4.3.1.jar:?]
	at jdk.internal.reflect.NativeMethodAccessorImpl.invoke0(Native Method) ~[?:?]
	at jdk.internal.reflect.NativeMethodAccessorImpl.invoke(NativeMethodAccessorImpl.java:62) ~[?:?]
	at jdk.internal.reflect.DelegatingMethodAccessorImpl.invoke(DelegatingMethodAccessorImpl.java:43) ~[?:?]
	at java.lang.reflect.Method.invoke(Method.java:567) ~[?:?]
	at org.codehaus.groovy.reflection.CachedMethod.invoke(CachedMethod.java:107) ~[groovy-3.0.3.jar:3.0.3]
	at groovy.lang.MetaMethod.doMethodInvoke(MetaMethod.java:323) ~[groovy-3.0.3.jar:3.0.3]
	at groovy.lang.MetaClassImpl.invokeMethod(MetaClassImpl.java:1262) ~[groovy-3.0.3.jar:3.0.3]
	at groovy.lang.MetaClassImpl.invokeMethod(MetaClassImpl.java:1029) ~[groovy-3.0.3.jar:3.0.3]
	at groovy.lang.MetaClassImpl.invokeMethod(MetaClassImpl.java:816) ~[groovy-3.0.3.jar:3.0.3]
	at groovy.lang.GroovyObject.invokeMethod(GroovyObject.java:39) ~[groovy-3.0.3.jar:3.0.3]
	at org.codehaus.groovy.runtime.callsite.PogoInterceptableSite.call(PogoInterceptableSite.java:45) ~[groovy-3.0.3.jar:3.0.3]
	at org.codehaus.groovy.runtime.callsite.PogoInterceptableSite.callCurrent(PogoInterceptableSite.java:55) ~[groovy-3.0.3.jar:3.0.3]
	at org.codehaus.groovy.runtime.callsite.CallSiteArray.defaultCallCurrent(CallSiteArray.java:51) ~[groovy-3.0.3.jar:3.0.3]
	at org.codehaus.groovy.runtime.callsite.AbstractCallSite.callCurrent(AbstractCallSite.java:171) ~[groovy-3.0.3.jar:3.0.3]
	at org.codehaus.groovy.runtime.callsite.AbstractCallSite.callCurrent(AbstractCallSite.java:203) ~[groovy-3.0.3.jar:3.0.3]
	at io.restassured.internal.RequestSpecificationImpl.get(RequestSpecificationImpl.groovy:171) ~[rest-assured-4.3.1.jar:?]
	at io.restassured.internal.RequestSpecificationImpl.get(RequestSpecificationImpl.groovy) ~[rest-assured-4.3.1.jar:?]
	at Actions.SimulatedAgentActions.sendCheckUpdates(SimulatedAgentActions.java:218) ~[classes/:?]
	at Actions.SimulatedAgentActions.sendCheckUpdatesWithoutVerify(SimulatedAgentActions.java:146) ~[classes/:?]
	at Tests.Environments.InitAndCleanupPortal.sendCheckUpdatesBySimulatedAgent(InitAndCleanupPortal.java:162) ~[classes/:?]
	at Tests.Environments.InitAndCleanupPortal.cleanupAgents(InitAndCleanupPortal.java:71) ~[classes/:?]
	at jdk.internal.reflect.NativeMethodAccessorImpl.invoke0(Native Method) ~[?:?]
	at jdk.internal.reflect.NativeMethodAccessorImpl.invoke(NativeMethodAccessorImpl.java:62) ~[?:?]
	at jdk.internal.reflect.DelegatingMethodAccessorImpl.invoke(DelegatingMethodAccessorImpl.java:43) ~[?:?]
	at java.lang.reflect.Method.invoke(Method.java:567) ~[?:?]
	at org.testng.internal.MethodInvocationHelper.invokeMethod(MethodInvocationHelper.java:134) ~[testng-7.1.0.jar:?]
	at org.testng.internal.TestInvoker.invokeMethod(TestInvoker.java:597) ~[testng-7.1.0.jar:?]
	at org.testng.internal.TestInvoker.invokeTestMethod(TestInvoker.java:173) ~[testng-7.1.0.jar:?]
	at org.testng.internal.MethodRunner.runInSequence(MethodRunner.java:46) ~[testng-7.1.0.jar:?]
	at org.testng.internal.TestInvoker$MethodInvocationAgent.invoke(TestInvoker.java:816) ~[testng-7.1.0.jar:?]
	at org.testng.internal.TestInvoker.invokeTestMethods(TestInvoker.java:146) ~[testng-7.1.0.jar:?]
	at org.testng.internal.TestMethodWorker.invokeTestMethods(TestMethodWorker.java:146) ~[testng-7.1.0.jar:?]
	at org.testng.internal.TestMethodWorker.run(TestMethodWorker.java:128) ~[testng-7.1.0.jar:?]
	at java.util.ArrayList.forEach(ArrayList.java:1540) [?:?]
	at org.testng.TestRunner.privateRun(TestRunner.java:766) [testng-7.1.0.jar:?]
	at org.testng.TestRunner.run(TestRunner.java:587) [testng-7.1.0.jar:?]
	at org.testng.SuiteRunner.runTest(SuiteRunner.java:384) [testng-7.1.0.jar:?]
	at org.testng.SuiteRunner.runSequentially(SuiteRunner.java:378) [testng-7.1.0.jar:?]
	at org.testng.SuiteRunner.privateRun(SuiteRunner.java:337) [testng-7.1.0.jar:?]
	at org.testng.SuiteRunner.run(SuiteRunner.java:286) [testng-7.1.0.jar:?]
	at org.testng.SuiteRunnerWorker.runSuite(SuiteRunnerWorker.java:53) [testng-7.1.0.jar:?]
	at org.testng.SuiteRunnerWorker.run(SuiteRunnerWorker.java:96) [testng-7.1.0.jar:?]
	at org.testng.TestNG.runSuitesSequentially(TestNG.java:1187) [testng-7.1.0.jar:?]
	at org.testng.TestNG.runSuitesLocally(TestNG.java:1109) [testng-7.1.0.jar:?]
	at org.testng.TestNG.runSuites(TestNG.java:1039) [testng-7.1.0.jar:?]
	at org.testng.TestNG.run(TestNG.java:1007) [testng-7.1.0.jar:?]
	at Utils.Main.RunTest.main(RunTest.java:116) [classes/:?]
2021-01-18 17:30:29,997 ERROR U.T.InvokedMethodListener [main] Failed to process the check updates request

Video: C:\Nep-4-next\nep-qa-next@f35aa3a96df\nep-qa-automation/test-output/capture/InitAndCleanupPortal-18-01-2021-17.27.34.avi
ScreenShot: C:\Nep-4-next\nep-qa-next@f35aa3a96df\nep-qa-automation/test-output/capture/InitAndCleanupPortal-18-01-2021-17.27.34.png


2021-01-18 17:45:40,064 DEBUG T.RecordedTest [main] screenshot file: C:\Nep-4-next\nep-qa-next@f35aa3a96df\nep-qa-automation/test-output/capture/InitAndCleanupPortal-18-01-2021-17.45.40.png
2021-01-18 17:45:40,071 INFO T.E.InitAndCleanupPortal [main] Starting Cleanup agents
2021-01-18 17:45:46,515 INFO U.R.SSHManager [main] Connected Successfully to host 10.243.68.223
2021-01-18 17:45:46,517 INFO U.R.SSHManager [main] Going to executing command: hostname
2021-01-18 17:45:46,545 DEBUG U.R.SSHManager [main] Done.
2021-01-18 17:45:49,940 INFO A.SimulatedAgentActions [main] SimulatedAgentActions, DS URL: https://endpoint-protection-services.inc.tw-test.net:443/
2021-01-18 17:45:49,982 INFO T.E.InitAndCleanupPortal [main] Going to send delete action to Centcom for agent on hostanem NTY-EN-8D25HC2
2021-01-18 17:45:49,983 DEBUG A.SeleniumBrowser [main] Selenium browser Launch - Before switch application type: Chrome
2021-01-18 17:45:49,984 DEBUG A.SeleniumBrowser [main] Setting Chrome driver location: C:/home/NepManagerDownloads/utils/chromedriver.exe
2021-01-18 17:45:49,985 DEBUG A.SeleniumBrowser [main] Selenium browser Launch - After creating new hashMap
2021-01-18 17:45:49,986 DEBUG A.SeleniumBrowser [main] Selenium browser Launch - After reading MasterDownloadFolder property: C:\home\NepManagerDownloads
2021-01-18 17:45:49,987 DEBUG A.SeleniumBrowser [main] Selenium browser Launch - After put to hash
2021-01-18 17:45:49,996 DEBUG A.SeleniumBrowser [main] Selenium browser Launch - After new chrome options
2021-01-18 17:45:50,000 DEBUG A.SeleniumBrowser [main] Selenium browser Launch - After chrome setExperimentalOption
2021-01-18 17:45:50,001 DEBUG A.SeleniumBrowser [main] Selenium browser Launch - Before setting several chrome options
2021-01-18 17:45:50,007 DEBUG A.SeleniumBrowser [main] Selenium browser Launch - Before creating new chrome driver
2021-01-18 17:45:54,089 DEBUG A.SeleniumBrowser [main] Selenium browser Launch - After creating new chrome driver
2021-01-18 17:45:54,096 DEBUG A.SeleniumBrowser [main] After Setting implicit timeout
2021-01-18 17:45:56,108 DEBUG A.SeleniumBrowser [main] After maximizing window 
2021-01-18 17:45:56,109 DEBUG A.SeleniumBrowser [main] LoadURL: Before check if driver equals to null 
2021-01-18 17:45:56,109 DEBUG A.SeleniumBrowser [main] LoadURL: After check if driver equals to null 
2021-01-18 17:45:56,109 DEBUG A.SeleniumBrowser [main] LoadURL: URL =  https://portal.inc.tw-test.net
2021-01-18 17:46:01,496 DEBUG A.SeleniumBrowser [main] LoadURL: after get URL =  https://portal.inc.tw-test.net
2021-01-18 17:46:02,976 DEBUG A.BrowserActions [main] Waiting for login button to be clickable...
2021-01-18 17:46:03,182 DEBUG A.BrowserActions [main] Login button clicked successfully...
2021-01-18 17:46:04,694 DEBUG A.SeleniumBrowser [main] LoadURL: Before check if driver equals to null 
2021-01-18 17:46:04,696 DEBUG A.SeleniumBrowser [main] LoadURL: After check if driver equals to null 
2021-01-18 17:46:04,696 DEBUG A.SeleniumBrowser [main] LoadURL: URL =  https://portal.inc.tw-test.net/#/operations?menuKey=centcom-devices&stackKey=entity-search&types=EntityType.AGENT
2021-01-18 17:46:05,137 DEBUG A.SeleniumBrowser [main] LoadURL: after get URL =  https://portal.inc.tw-test.net/#/operations?menuKey=centcom-devices&stackKey=entity-search&types=EntityType.AGENT
2021-01-18 17:47:21,981 ERROR A.BrowserActions [main] Could not select the specific cluster  at CentCom search page. cluster: Test_cluster123
org.openqa.selenium.NoSuchElementException: Cannot locate an element using xpath=//twa-button[@aria-label='Publish']
For documentation on this error, please visit: https://www.seleniumhq.org/exceptions/no_such_element.html
Build info: version: '3.141.59', revision: 'e82be7d358', time: '2018-11-14T08:17:03'
System info: host: 'NTY-EN-8D25HC2', ip: '10.243.68.223', os.name: 'Windows 10', os.arch: 'amd64', os.version: '10.0', java.version: '12.0.2'
Driver info: driver.version: RemoteWebDriver
	at org.openqa.selenium.remote.RemoteWebDriver.findElement(RemoteWebDriver.java:327) ~[selenium-remote-driver-3.141.59.jar:?]
	at org.openqa.selenium.remote.RemoteWebDriver.findElementByXPath(RemoteWebDriver.java:428) ~[selenium-remote-driver-3.141.59.jar:?]
	at org.openqa.selenium.By$ByXPath.findElement(By.java:353) ~[selenium-api-3.141.59.jar:?]
	at org.openqa.selenium.remote.RemoteWebDriver.findElement(RemoteWebDriver.java:315) ~[selenium-remote-driver-3.141.59.jar:?]
	at org.openqa.selenium.support.pagefactory.DefaultElementLocator.findElement(DefaultElementLocator.java:69) ~[selenium-support-3.141.59.jar:?]
	at org.openqa.selenium.support.pagefactory.internal.LocatingElementHandler.invoke(LocatingElementHandler.java:38) ~[selenium-support-3.141.59.jar:?]
	at com.sun.proxy.$Proxy30.click(Unknown Source) ~[?:?]
	at Actions.BrowserActions.CreateNewCluster(BrowserActions.java:692) ~[classes/:?]
	at Tests.Environments.InitAndCleanupPortal.ClusterActions(InitAndCleanupPortal.java:125) ~[classes/:?]
	at Tests.Environments.InitAndCleanupPortal.cleanupAgents(InitAndCleanupPortal.java:66) ~[classes/:?]
	at jdk.internal.reflect.NativeMethodAccessorImpl.invoke0(Native Method) ~[?:?]
	at jdk.internal.reflect.NativeMethodAccessorImpl.invoke(NativeMethodAccessorImpl.java:62) ~[?:?]
	at jdk.internal.reflect.DelegatingMethodAccessorImpl.invoke(DelegatingMethodAccessorImpl.java:43) ~[?:?]
	at java.lang.reflect.Method.invoke(Method.java:567) ~[?:?]
	at org.testng.internal.MethodInvocationHelper.invokeMethod(MethodInvocationHelper.java:134) ~[testng-7.1.0.jar:?]
	at org.testng.internal.TestInvoker.invokeMethod(TestInvoker.java:597) ~[testng-7.1.0.jar:?]
	at org.testng.internal.TestInvoker.invokeTestMethod(TestInvoker.java:173) ~[testng-7.1.0.jar:?]
	at org.testng.internal.MethodRunner.runInSequence(MethodRunner.java:46) ~[testng-7.1.0.jar:?]
	at org.testng.internal.TestInvoker$MethodInvocationAgent.invoke(TestInvoker.java:816) ~[testng-7.1.0.jar:?]
	at org.testng.internal.TestInvoker.invokeTestMethods(TestInvoker.java:146) ~[testng-7.1.0.jar:?]
	at org.testng.internal.TestMethodWorker.invokeTestMethods(TestMethodWorker.java:146) ~[testng-7.1.0.jar:?]
	at org.testng.internal.TestMethodWorker.run(TestMethodWorker.java:128) ~[testng-7.1.0.jar:?]
	at java.util.ArrayList.forEach(ArrayList.java:1540) [?:?]
	at org.testng.TestRunner.privateRun(TestRunner.java:766) [testng-7.1.0.jar:?]
	at org.testng.TestRunner.run(TestRunner.java:587) [testng-7.1.0.jar:?]
	at org.testng.SuiteRunner.runTest(SuiteRunner.java:384) [testng-7.1.0.jar:?]
	at org.testng.SuiteRunner.runSequentially(SuiteRunner.java:378) [testng-7.1.0.jar:?]
	at org.testng.SuiteRunner.privateRun(SuiteRunner.java:337) [testng-7.1.0.jar:?]
	at org.testng.SuiteRunner.run(SuiteRunner.java:286) [testng-7.1.0.jar:?]
	at org.testng.SuiteRunnerWorker.runSuite(SuiteRunnerWorker.java:53) [testng-7.1.0.jar:?]
	at org.testng.SuiteRunnerWorker.run(SuiteRunnerWorker.java:96) [testng-7.1.0.jar:?]
	at org.testng.TestNG.runSuitesSequentially(TestNG.java:1187) [testng-7.1.0.jar:?]
	at org.testng.TestNG.runSuitesLocally(TestNG.java:1109) [testng-7.1.0.jar:?]
	at org.testng.TestNG.runSuites(TestNG.java:1039) [testng-7.1.0.jar:?]
	at org.testng.TestNG.run(TestNG.java:1007) [testng-7.1.0.jar:?]
	at Utils.Main.RunTest.main(RunTest.java:116) [classes/:?]
2021-01-18 17:47:22,057 ERROR A.BrowserActions [main] Could not select the specific cluster  at CentCom search page. cluster: NTY-EN-8D25HC2
org.openqa.selenium.NoSuchWindowException: no such window: target window already closed
from unknown error: web view not found
  (Session info: chrome=87.0.4280.141)
Build info: version: '3.141.59', revision: 'e82be7d358', time: '2018-11-14T08:17:03'
System info: host: 'NTY-EN-8D25HC2', ip: '10.243.68.223', os.name: 'Windows 10', os.arch: 'amd64', os.version: '10.0', java.version: '12.0.2'
Driver info: org.openqa.selenium.chrome.ChromeDriver
Capabilities {acceptInsecureCerts: false, browserName: chrome, browserVersion: 87.0.4280.141, chrome: {chromedriverVersion: 87.0.4280.20 (c99e81631faa0..., userDataDir: C:\Users\MOSHE~1.AVI\AppDat...}, goog:chromeOptions: {debuggerAddress: localhost:62972}, javascriptEnabled: true, networkConnectionEnabled: false, pageLoadStrategy: normal, platform: WINDOWS, platformName: WINDOWS, proxy: Proxy(), setWindowRect: true, strictFileInteractability: false, timeouts: {implicit: 0, pageLoad: 300000, script: 30000}, unhandledPromptBehavior: dismiss and notify, webauthn:virtualAuthenticators: true}
Session ID: a8f308f415f9d798e6897ac197138fc8
*** Element info: {Using=xpath, value=//div[contains(text(),'Clusters')]}
	at jdk.internal.reflect.NativeConstructorAccessorImpl.newInstance0(Native Method) ~[?:?]
	at jdk.internal.reflect.NativeConstructorAccessorImpl.newInstance(NativeConstructorAccessorImpl.java:62) ~[?:?]
	at jdk.internal.reflect.DelegatingConstructorAccessorImpl.newInstance(DelegatingConstructorAccessorImpl.java:45) ~[?:?]
	at java.lang.reflect.Constructor.newInstanceWithCaller(Constructor.java:500) ~[?:?]
	at java.lang.reflect.Constructor.newInstance(Constructor.java:481) ~[?:?]
	at org.openqa.selenium.remote.http.W3CHttpResponseCodec.createException(W3CHttpResponseCodec.java:187) ~[selenium-remote-driver-3.141.59.jar:?]
	at org.openqa.selenium.remote.http.W3CHttpResponseCodec.decode(W3CHttpResponseCodec.java:122) ~[selenium-remote-driver-3.141.59.jar:?]
	at org.openqa.selenium.remote.http.W3CHttpResponseCodec.decode(W3CHttpResponseCodec.java:49) ~[selenium-remote-driver-3.141.59.jar:?]
	at org.openqa.selenium.remote.HttpCommandExecutor.execute(HttpCommandExecutor.java:158) ~[selenium-remote-driver-3.141.59.jar:?]
	at org.openqa.selenium.remote.service.DriverCommandExecutor.execute(DriverCommandExecutor.java:83) ~[selenium-remote-driver-3.141.59.jar:?]
	at org.openqa.selenium.remote.RemoteWebDriver.execute(RemoteWebDriver.java:552) ~[selenium-remote-driver-3.141.59.jar:?]
	at org.openqa.selenium.remote.RemoteWebDriver.findElement(RemoteWebDriver.java:323) ~[selenium-remote-driver-3.141.59.jar:?]
	at org.openqa.selenium.remote.RemoteWebDriver.findElementByXPath(RemoteWebDriver.java:428) ~[selenium-remote-driver-3.141.59.jar:?]
	at org.openqa.selenium.By$ByXPath.findElement(By.java:353) ~[selenium-api-3.141.59.jar:?]
	at org.openqa.selenium.remote.RemoteWebDriver.findElement(RemoteWebDriver.java:315) ~[selenium-remote-driver-3.141.59.jar:?]
	at org.openqa.selenium.support.pagefactory.DefaultElementLocator.findElement(DefaultElementLocator.java:69) ~[selenium-support-3.141.59.jar:?]
	at org.openqa.selenium.support.pagefactory.internal.LocatingElementHandler.invoke(LocatingElementHandler.java:38) ~[selenium-support-3.141.59.jar:?]
	at com.sun.proxy.$Proxy30.click(Unknown Source) ~[?:?]
	at Actions.BrowserActions.CreateNewCluster(BrowserActions.java:678) ~[classes/:?]
	at Tests.Environments.InitAndCleanupPortal.ClusterActions(InitAndCleanupPortal.java:127) ~[classes/:?]
	at Tests.Environments.InitAndCleanupPortal.cleanupAgents(InitAndCleanupPortal.java:66) ~[classes/:?]
	at jdk.internal.reflect.NativeMethodAccessorImpl.invoke0(Native Method) ~[?:?]
	at jdk.internal.reflect.NativeMethodAccessorImpl.invoke(NativeMethodAccessorImpl.java:62) ~[?:?]
	at jdk.internal.reflect.DelegatingMethodAccessorImpl.invoke(DelegatingMethodAccessorImpl.java:43) ~[?:?]
	at java.lang.reflect.Method.invoke(Method.java:567) ~[?:?]
	at org.testng.internal.MethodInvocationHelper.invokeMethod(MethodInvocationHelper.java:134) ~[testng-7.1.0.jar:?]
	at org.testng.internal.TestInvoker.invokeMethod(TestInvoker.java:597) ~[testng-7.1.0.jar:?]
	at org.testng.internal.TestInvoker.invokeTestMethod(TestInvoker.java:173) ~[testng-7.1.0.jar:?]
	at org.testng.internal.MethodRunner.runInSequence(MethodRunner.java:46) ~[testng-7.1.0.jar:?]
	at org.testng.internal.TestInvoker$MethodInvocationAgent.invoke(TestInvoker.java:816) ~[testng-7.1.0.jar:?]
	at org.testng.internal.TestInvoker.invokeTestMethods(TestInvoker.java:146) ~[testng-7.1.0.jar:?]
	at org.testng.internal.TestMethodWorker.invokeTestMethods(TestMethodWorker.java:146) ~[testng-7.1.0.jar:?]
	at org.testng.internal.TestMethodWorker.run(TestMethodWorker.java:128) ~[testng-7.1.0.jar:?]
	at java.util.ArrayList.forEach(ArrayList.java:1540) [?:?]
	at org.testng.TestRunner.privateRun(TestRunner.java:766) [testng-7.1.0.jar:?]
	at org.testng.TestRunner.run(TestRunner.java:587) [testng-7.1.0.jar:?]
	at org.testng.SuiteRunner.runTest(SuiteRunner.java:384) [testng-7.1.0.jar:?]
	at org.testng.SuiteRunner.runSequentially(SuiteRunner.java:378) [testng-7.1.0.jar:?]
	at org.testng.SuiteRunner.privateRun(SuiteRunner.java:337) [testng-7.1.0.jar:?]
	at org.testng.SuiteRunner.run(SuiteRunner.java:286) [testng-7.1.0.jar:?]
	at org.testng.SuiteRunnerWorker.runSuite(SuiteRunnerWorker.java:53) [testng-7.1.0.jar:?]
	at org.testng.SuiteRunnerWorker.run(SuiteRunnerWorker.java:96) [testng-7.1.0.jar:?]
	at org.testng.TestNG.runSuitesSequentially(TestNG.java:1187) [testng-7.1.0.jar:?]
	at org.testng.TestNG.runSuitesLocally(TestNG.java:1109) [testng-7.1.0.jar:?]
	at org.testng.TestNG.runSuites(TestNG.java:1039) [testng-7.1.0.jar:?]
	at org.testng.TestNG.run(TestNG.java:1007) [testng-7.1.0.jar:?]
	at Utils.Main.RunTest.main(RunTest.java:116) [classes/:?]
2021-01-18 17:47:22,064 INFO T.E.InitAndCleanupPortal [main] Agent was found and delete action was done in Centcom, going to wait until service is uninstalled from agent
2021-01-18 17:47:38,121 DEBUG T.RecordedTest [main] screenshot file: C:\Nep-4-next\nep-qa-next@f35aa3a96df\nep-qa-automation/test-output/capture/InitAndCleanupPortal-18-01-2021-17.47.38.png
2021-01-18 17:47:38,127 INFO T.E.InitAndCleanupPortal [main] Starting Cleanup agents
2021-01-18 17:47:43,339 INFO U.R.SSHManager [main] Connected Successfully to host 10.243.68.223
2021-01-18 17:47:43,341 INFO U.R.SSHManager [main] Going to executing command: hostname
2021-01-18 17:47:43,365 DEBUG U.R.SSHManager [main] Done.
2021-01-18 17:47:46,628 INFO A.SimulatedAgentActions [main] SimulatedAgentActions, DS URL: https://endpoint-protection-services.inc.tw-test.net:443/
2021-01-18 17:47:46,642 INFO T.E.InitAndCleanupPortal [main] Going to send delete action to Centcom for agent on hostanem NTY-EN-8D25HC2
2021-01-18 17:47:46,642 DEBUG A.SeleniumBrowser [main] Selenium browser Launch - Before switch application type: Chrome
2021-01-18 17:47:46,642 DEBUG A.SeleniumBrowser [main] Setting Chrome driver location: C:/home/NepManagerDownloads/utils/chromedriver.exe
2021-01-18 17:47:46,643 DEBUG A.SeleniumBrowser [main] Selenium browser Launch - After creating new hashMap
2021-01-18 17:47:46,643 DEBUG A.SeleniumBrowser [main] Selenium browser Launch - After reading MasterDownloadFolder property: C:\home\NepManagerDownloads
2021-01-18 17:47:46,643 DEBUG A.SeleniumBrowser [main] Selenium browser Launch - After put to hash
2021-01-18 17:47:46,648 DEBUG A.SeleniumBrowser [main] Selenium browser Launch - After new chrome options
2021-01-18 17:47:46,651 DEBUG A.SeleniumBrowser [main] Selenium browser Launch - After chrome setExperimentalOption
2021-01-18 17:47:46,652 DEBUG A.SeleniumBrowser [main] Selenium browser Launch - Before setting several chrome options
2021-01-18 17:47:46,657 DEBUG A.SeleniumBrowser [main] Selenium browser Launch - Before creating new chrome driver
2021-01-18 17:47:50,672 DEBUG A.SeleniumBrowser [main] Selenium browser Launch - After creating new chrome driver
2021-01-18 17:47:50,678 DEBUG A.SeleniumBrowser [main] After Setting implicit timeout
2021-01-18 17:47:52,700 DEBUG A.SeleniumBrowser [main] After maximizing window 
2021-01-18 17:47:52,701 DEBUG A.SeleniumBrowser [main] LoadURL: Before check if driver equals to null 
2021-01-18 17:47:52,702 DEBUG A.SeleniumBrowser [main] LoadURL: After check if driver equals to null 
2021-01-18 17:47:52,704 DEBUG A.SeleniumBrowser [main] LoadURL: URL =  https://portal.inc.tw-test.net
2021-01-18 17:47:58,449 DEBUG A.SeleniumBrowser [main] LoadURL: after get URL =  https://portal.inc.tw-test.net
2021-01-18 17:47:59,878 DEBUG A.BrowserActions [main] Waiting for login button to be clickable...
2021-01-18 17:48:00,034 DEBUG A.BrowserActions [main] Login button clicked successfully...
2021-01-18 17:48:01,625 DEBUG A.SeleniumBrowser [main] LoadURL: Before check if driver equals to null 
2021-01-18 17:48:01,626 DEBUG A.SeleniumBrowser [main] LoadURL: After check if driver equals to null 
2021-01-18 17:48:01,626 DEBUG A.SeleniumBrowser [main] LoadURL: URL =  https://portal.inc.tw-test.net/#/operations?menuKey=centcom-devices&stackKey=entity-search&types=EntityType.AGENT
2021-01-18 17:48:01,832 DEBUG A.SeleniumBrowser [main] LoadURL: after get URL =  https://portal.inc.tw-test.net/#/operations?menuKey=centcom-devices&stackKey=entity-search&types=EntityType.AGENT
2021-01-18 17:49:21,301 ERROR A.BrowserActions [main] Could not select the specific cluster  at CentCom search page. cluster: Test_cluster123
org.openqa.selenium.NoSuchElementException: Cannot locate an element using xpath=//twa-button[@aria-label='Publish']
For documentation on this error, please visit: https://www.seleniumhq.org/exceptions/no_such_element.html
Build info: version: '3.141.59', revision: 'e82be7d358', time: '2018-11-14T08:17:03'
System info: host: 'NTY-EN-8D25HC2', ip: '10.243.68.223', os.name: 'Windows 10', os.arch: 'amd64', os.version: '10.0', java.version: '12.0.2'
Driver info: driver.version: RemoteWebDriver
	at org.openqa.selenium.remote.RemoteWebDriver.findElement(RemoteWebDriver.java:327) ~[selenium-remote-driver-3.141.59.jar:?]
	at org.openqa.selenium.remote.RemoteWebDriver.findElementByXPath(RemoteWebDriver.java:428) ~[selenium-remote-driver-3.141.59.jar:?]
	at org.openqa.selenium.By$ByXPath.findElement(By.java:353) ~[selenium-api-3.141.59.jar:?]
	at org.openqa.selenium.remote.RemoteWebDriver.findElement(RemoteWebDriver.java:315) ~[selenium-remote-driver-3.141.59.jar:?]
	at org.openqa.selenium.support.pagefactory.DefaultElementLocator.findElement(DefaultElementLocator.java:69) ~[selenium-support-3.141.59.jar:?]
	at org.openqa.selenium.support.pagefactory.internal.LocatingElementHandler.invoke(LocatingElementHandler.java:38) ~[selenium-support-3.141.59.jar:?]
	at com.sun.proxy.$Proxy30.click(Unknown Source) ~[?:?]
	at Actions.BrowserActions.CreateNewCluster(BrowserActions.java:692) ~[classes/:?]
	at Tests.Environments.InitAndCleanupPortal.ClusterActions(InitAndCleanupPortal.java:125) ~[classes/:?]
	at Tests.Environments.InitAndCleanupPortal.cleanupAgents(InitAndCleanupPortal.java:66) ~[classes/:?]
	at jdk.internal.reflect.NativeMethodAccessorImpl.invoke0(Native Method) ~[?:?]
	at jdk.internal.reflect.NativeMethodAccessorImpl.invoke(NativeMethodAccessorImpl.java:62) ~[?:?]
	at jdk.internal.reflect.DelegatingMethodAccessorImpl.invoke(DelegatingMethodAccessorImpl.java:43) ~[?:?]
	at java.lang.reflect.Method.invoke(Method.java:567) ~[?:?]
	at org.testng.internal.MethodInvocationHelper.invokeMethod(MethodInvocationHelper.java:134) ~[testng-7.1.0.jar:?]
	at org.testng.internal.TestInvoker.invokeMethod(TestInvoker.java:597) ~[testng-7.1.0.jar:?]
	at org.testng.internal.TestInvoker.invokeTestMethod(TestInvoker.java:173) ~[testng-7.1.0.jar:?]
	at org.testng.internal.MethodRunner.runInSequence(MethodRunner.java:46) ~[testng-7.1.0.jar:?]
	at org.testng.internal.TestInvoker$MethodInvocationAgent.invoke(TestInvoker.java:816) ~[testng-7.1.0.jar:?]
	at org.testng.internal.TestInvoker.invokeTestMethods(TestInvoker.java:146) ~[testng-7.1.0.jar:?]
	at org.testng.internal.TestMethodWorker.invokeTestMethods(TestMethodWorker.java:146) ~[testng-7.1.0.jar:?]
	at org.testng.internal.TestMethodWorker.run(TestMethodWorker.java:128) ~[testng-7.1.0.jar:?]
	at java.util.ArrayList.forEach(ArrayList.java:1540) [?:?]
	at org.testng.TestRunner.privateRun(TestRunner.java:766) [testng-7.1.0.jar:?]
	at org.testng.TestRunner.run(TestRunner.java:587) [testng-7.1.0.jar:?]
	at org.testng.SuiteRunner.runTest(SuiteRunner.java:384) [testng-7.1.0.jar:?]
	at org.testng.SuiteRunner.runSequentially(SuiteRunner.java:378) [testng-7.1.0.jar:?]
	at org.testng.SuiteRunner.privateRun(SuiteRunner.java:337) [testng-7.1.0.jar:?]
	at org.testng.SuiteRunner.run(SuiteRunner.java:286) [testng-7.1.0.jar:?]
	at org.testng.SuiteRunnerWorker.runSuite(SuiteRunnerWorker.java:53) [testng-7.1.0.jar:?]
	at org.testng.SuiteRunnerWorker.run(SuiteRunnerWorker.java:96) [testng-7.1.0.jar:?]
	at org.testng.TestNG.runSuitesSequentially(TestNG.java:1187) [testng-7.1.0.jar:?]
	at org.testng.TestNG.runSuitesLocally(TestNG.java:1109) [testng-7.1.0.jar:?]
	at org.testng.TestNG.runSuites(TestNG.java:1039) [testng-7.1.0.jar:?]
	at org.testng.TestNG.run(TestNG.java:1007) [testng-7.1.0.jar:?]
	at Utils.Main.RunTest.main(RunTest.java:116) [classes/:?]
2021-01-18 17:49:21,355 ERROR A.BrowserActions [main] Could not select the specific cluster  at CentCom search page. cluster: NTY-EN-8D25HC2
org.openqa.selenium.NoSuchWindowException: no such window: target window already closed
from unknown error: web view not found
  (Session info: chrome=87.0.4280.141)
Build info: version: '3.141.59', revision: 'e82be7d358', time: '2018-11-14T08:17:03'
System info: host: 'NTY-EN-8D25HC2', ip: '10.243.68.223', os.name: 'Windows 10', os.arch: 'amd64', os.version: '10.0', java.version: '12.0.2'
Driver info: org.openqa.selenium.chrome.ChromeDriver
Capabilities {acceptInsecureCerts: false, browserName: chrome, browserVersion: 87.0.4280.141, chrome: {chromedriverVersion: 87.0.4280.20 (c99e81631faa0..., userDataDir: C:\Users\MOSHE~1.AVI\AppDat...}, goog:chromeOptions: {debuggerAddress: localhost:63030}, javascriptEnabled: true, networkConnectionEnabled: false, pageLoadStrategy: normal, platform: WINDOWS, platformName: WINDOWS, proxy: Proxy(), setWindowRect: true, strictFileInteractability: false, timeouts: {implicit: 0, pageLoad: 300000, script: 30000}, unhandledPromptBehavior: dismiss and notify, webauthn:virtualAuthenticators: true}
Session ID: d2c0d84f9b62f2ef104c5e54c63c438c
*** Element info: {Using=xpath, value=//div[contains(text(),'Clusters')]}
	at jdk.internal.reflect.NativeConstructorAccessorImpl.newInstance0(Native Method) ~[?:?]
	at jdk.internal.reflect.NativeConstructorAccessorImpl.newInstance(NativeConstructorAccessorImpl.java:62) ~[?:?]
	at jdk.internal.reflect.DelegatingConstructorAccessorImpl.newInstance(DelegatingConstructorAccessorImpl.java:45) ~[?:?]
	at java.lang.reflect.Constructor.newInstanceWithCaller(Constructor.java:500) ~[?:?]
	at java.lang.reflect.Constructor.newInstance(Constructor.java:481) ~[?:?]
	at org.openqa.selenium.remote.http.W3CHttpResponseCodec.createException(W3CHttpResponseCodec.java:187) ~[selenium-remote-driver-3.141.59.jar:?]
	at org.openqa.selenium.remote.http.W3CHttpResponseCodec.decode(W3CHttpResponseCodec.java:122) ~[selenium-remote-driver-3.141.59.jar:?]
	at org.openqa.selenium.remote.http.W3CHttpResponseCodec.decode(W3CHttpResponseCodec.java:49) ~[selenium-remote-driver-3.141.59.jar:?]
	at org.openqa.selenium.remote.HttpCommandExecutor.execute(HttpCommandExecutor.java:158) ~[selenium-remote-driver-3.141.59.jar:?]
	at org.openqa.selenium.remote.service.DriverCommandExecutor.execute(DriverCommandExecutor.java:83) ~[selenium-remote-driver-3.141.59.jar:?]
	at org.openqa.selenium.remote.RemoteWebDriver.execute(RemoteWebDriver.java:552) ~[selenium-remote-driver-3.141.59.jar:?]
	at org.openqa.selenium.remote.RemoteWebDriver.findElement(RemoteWebDriver.java:323) ~[selenium-remote-driver-3.141.59.jar:?]
	at org.openqa.selenium.remote.RemoteWebDriver.findElementByXPath(RemoteWebDriver.java:428) ~[selenium-remote-driver-3.141.59.jar:?]
	at org.openqa.selenium.By$ByXPath.findElement(By.java:353) ~[selenium-api-3.141.59.jar:?]
	at org.openqa.selenium.remote.RemoteWebDriver.findElement(RemoteWebDriver.java:315) ~[selenium-remote-driver-3.141.59.jar:?]
	at org.openqa.selenium.support.pagefactory.DefaultElementLocator.findElement(DefaultElementLocator.java:69) ~[selenium-support-3.141.59.jar:?]
	at org.openqa.selenium.support.pagefactory.internal.LocatingElementHandler.invoke(LocatingElementHandler.java:38) ~[selenium-support-3.141.59.jar:?]
	at com.sun.proxy.$Proxy30.click(Unknown Source) ~[?:?]
	at Actions.BrowserActions.CreateNewCluster(BrowserActions.java:678) ~[classes/:?]
	at Tests.Environments.InitAndCleanupPortal.ClusterActions(InitAndCleanupPortal.java:127) ~[classes/:?]
	at Tests.Environments.InitAndCleanupPortal.cleanupAgents(InitAndCleanupPortal.java:66) ~[classes/:?]
	at jdk.internal.reflect.NativeMethodAccessorImpl.invoke0(Native Method) ~[?:?]
	at jdk.internal.reflect.NativeMethodAccessorImpl.invoke(NativeMethodAccessorImpl.java:62) ~[?:?]
	at jdk.internal.reflect.DelegatingMethodAccessorImpl.invoke(DelegatingMethodAccessorImpl.java:43) ~[?:?]
	at java.lang.reflect.Method.invoke(Method.java:567) ~[?:?]
	at org.testng.internal.MethodInvocationHelper.invokeMethod(MethodInvocationHelper.java:134) ~[testng-7.1.0.jar:?]
	at org.testng.internal.TestInvoker.invokeMethod(TestInvoker.java:597) ~[testng-7.1.0.jar:?]
	at org.testng.internal.TestInvoker.invokeTestMethod(TestInvoker.java:173) ~[testng-7.1.0.jar:?]
	at org.testng.internal.MethodRunner.runInSequence(MethodRunner.java:46) ~[testng-7.1.0.jar:?]
	at org.testng.internal.TestInvoker$MethodInvocationAgent.invoke(TestInvoker.java:816) ~[testng-7.1.0.jar:?]
	at org.testng.internal.TestInvoker.invokeTestMethods(TestInvoker.java:146) ~[testng-7.1.0.jar:?]
	at org.testng.internal.TestMethodWorker.invokeTestMethods(TestMethodWorker.java:146) ~[testng-7.1.0.jar:?]
	at org.testng.internal.TestMethodWorker.run(TestMethodWorker.java:128) ~[testng-7.1.0.jar:?]
	at java.util.ArrayList.forEach(ArrayList.java:1540) [?:?]
	at org.testng.TestRunner.privateRun(TestRunner.java:766) [testng-7.1.0.jar:?]
	at org.testng.TestRunner.run(TestRunner.java:587) [testng-7.1.0.jar:?]
	at org.testng.SuiteRunner.runTest(SuiteRunner.java:384) [testng-7.1.0.jar:?]
	at org.testng.SuiteRunner.runSequentially(SuiteRunner.java:378) [testng-7.1.0.jar:?]
	at org.testng.SuiteRunner.privateRun(SuiteRunner.java:337) [testng-7.1.0.jar:?]
	at org.testng.SuiteRunner.run(SuiteRunner.java:286) [testng-7.1.0.jar:?]
	at org.testng.SuiteRunnerWorker.runSuite(SuiteRunnerWorker.java:53) [testng-7.1.0.jar:?]
	at org.testng.SuiteRunnerWorker.run(SuiteRunnerWorker.java:96) [testng-7.1.0.jar:?]
	at org.testng.TestNG.runSuitesSequentially(TestNG.java:1187) [testng-7.1.0.jar:?]
	at org.testng.TestNG.runSuitesLocally(TestNG.java:1109) [testng-7.1.0.jar:?]
	at org.testng.TestNG.runSuites(TestNG.java:1039) [testng-7.1.0.jar:?]
	at org.testng.TestNG.run(TestNG.java:1007) [testng-7.1.0.jar:?]
	at Utils.Main.RunTest.main(RunTest.java:116) [classes/:?]
2021-01-18 17:49:21,357 INFO T.E.InitAndCleanupPortal [main] Agent was found and delete action was done in Centcom, going to wait until service is uninstalled from agent
2021-01-18 17:49:37,742 DEBUG T.RecordedTest [main] screenshot file: C:\Nep-4-next\nep-qa-next@f35aa3a96df\nep-qa-automation/test-output/capture/InitAndCleanupPortal-18-01-2021-17.49.37.png
2021-01-18 17:49:37,747 INFO T.E.InitAndCleanupPortal [main] Starting Cleanup agents
2021-01-18 17:49:43,026 INFO U.R.SSHManager [main] Connected Successfully to host 10.243.68.223
2021-01-18 17:49:43,028 INFO U.R.SSHManager [main] Going to executing command: hostname
2021-01-18 17:49:43,051 DEBUG U.R.SSHManager [main] Done.
2021-01-18 17:49:46,244 INFO A.SimulatedAgentActions [main] SimulatedAgentActions, DS URL: https://endpoint-protection-services.inc.tw-test.net:443/
2021-01-18 17:49:46,260 INFO T.E.InitAndCleanupPortal [main] Going to send delete action to Centcom for agent on hostanem NTY-EN-8D25HC2
2021-01-18 17:49:46,261 DEBUG A.SeleniumBrowser [main] Selenium browser Launch - Before switch application type: Chrome
2021-01-18 17:49:46,261 DEBUG A.SeleniumBrowser [main] Setting Chrome driver location: C:/home/NepManagerDownloads/utils/chromedriver.exe
2021-01-18 17:49:46,261 DEBUG A.SeleniumBrowser [main] Selenium browser Launch - After creating new hashMap
2021-01-18 17:49:46,262 DEBUG A.SeleniumBrowser [main] Selenium browser Launch - After reading MasterDownloadFolder property: C:\home\NepManagerDownloads
2021-01-18 17:49:46,262 DEBUG A.SeleniumBrowser [main] Selenium browser Launch - After put to hash
2021-01-18 17:49:46,266 DEBUG A.SeleniumBrowser [main] Selenium browser Launch - After new chrome options
2021-01-18 17:49:46,268 DEBUG A.SeleniumBrowser [main] Selenium browser Launch - After chrome setExperimentalOption
2021-01-18 17:49:46,269 DEBUG A.SeleniumBrowser [main] Selenium browser Launch - Before setting several chrome options
2021-01-18 17:49:46,274 DEBUG A.SeleniumBrowser [main] Selenium browser Launch - Before creating new chrome driver
2021-01-18 17:49:50,186 DEBUG A.SeleniumBrowser [main] Selenium browser Launch - After creating new chrome driver
2021-01-18 17:49:50,196 DEBUG A.SeleniumBrowser [main] After Setting implicit timeout
2021-01-18 17:49:52,212 DEBUG A.SeleniumBrowser [main] After maximizing window 
2021-01-18 17:49:52,212 DEBUG A.SeleniumBrowser [main] LoadURL: Before check if driver equals to null 
2021-01-18 17:49:52,213 DEBUG A.SeleniumBrowser [main] LoadURL: After check if driver equals to null 
2021-01-18 17:49:52,213 DEBUG A.SeleniumBrowser [main] LoadURL: URL =  https://portal.inc.tw-test.net
2021-01-18 17:49:57,205 DEBUG A.SeleniumBrowser [main] LoadURL: after get URL =  https://portal.inc.tw-test.net
2021-01-18 17:49:58,673 DEBUG A.BrowserActions [main] Waiting for login button to be clickable...
2021-01-18 17:49:58,825 DEBUG A.BrowserActions [main] Login button clicked successfully...
2021-01-18 17:50:00,309 DEBUG A.SeleniumBrowser [main] LoadURL: Before check if driver equals to null 
2021-01-18 17:50:00,309 DEBUG A.SeleniumBrowser [main] LoadURL: After check if driver equals to null 
2021-01-18 17:50:00,309 DEBUG A.SeleniumBrowser [main] LoadURL: URL =  https://portal.inc.tw-test.net/#/operations?menuKey=centcom-devices&stackKey=entity-search&types=EntityType.AGENT
2021-01-18 17:50:00,695 DEBUG A.SeleniumBrowser [main] LoadURL: after get URL =  https://portal.inc.tw-test.net/#/operations?menuKey=centcom-devices&stackKey=entity-search&types=EntityType.AGENT
2021-01-18 17:50:26,583 ERROR A.BrowserActions [main] Cluster is already exists
2021-01-18 17:51:25,656 DEBUG T.RecordedTest [main] screenshot file: C:\Nep-4-next\nep-qa-next@f35aa3a96df\nep-qa-automation/test-output/capture/InitAndCleanupPortal-18-01-2021-17.51.25.png
2021-01-18 17:51:25,663 INFO T.E.InitAndCleanupPortal [main] Starting Cleanup agents
2021-01-18 17:51:30,921 INFO U.R.SSHManager [main] Connected Successfully to host 10.243.68.223
2021-01-18 17:51:30,924 INFO U.R.SSHManager [main] Going to executing command: hostname
2021-01-18 17:51:30,948 DEBUG U.R.SSHManager [main] Done.
2021-01-18 17:51:34,419 INFO A.SimulatedAgentActions [main] SimulatedAgentActions, DS URL: https://endpoint-protection-services.inc.tw-test.net:443/
2021-01-18 17:51:34,447 INFO T.E.InitAndCleanupPortal [main] Going to send delete action to Centcom for agent on hostanem NTY-EN-8D25HC2
2021-01-18 17:51:34,448 DEBUG A.SeleniumBrowser [main] Selenium browser Launch - Before switch application type: Chrome
2021-01-18 17:51:34,449 DEBUG A.SeleniumBrowser [main] Setting Chrome driver location: C:/home/NepManagerDownloads/utils/chromedriver.exe
2021-01-18 17:51:34,449 DEBUG A.SeleniumBrowser [main] Selenium browser Launch - After creating new hashMap
2021-01-18 17:51:34,450 DEBUG A.SeleniumBrowser [main] Selenium browser Launch - After reading MasterDownloadFolder property: C:\home\NepManagerDownloads
2021-01-18 17:51:34,451 DEBUG A.SeleniumBrowser [main] Selenium browser Launch - After put to hash
2021-01-18 17:51:34,459 DEBUG A.SeleniumBrowser [main] Selenium browser Launch - After new chrome options
2021-01-18 17:51:34,462 DEBUG A.SeleniumBrowser [main] Selenium browser Launch - After chrome setExperimentalOption
2021-01-18 17:51:34,462 DEBUG A.SeleniumBrowser [main] Selenium browser Launch - Before setting several chrome options
2021-01-18 17:51:34,468 DEBUG A.SeleniumBrowser [main] Selenium browser Launch - Before creating new chrome driver
2021-01-18 17:51:38,503 DEBUG A.SeleniumBrowser [main] Selenium browser Launch - After creating new chrome driver
2021-01-18 17:51:38,509 DEBUG A.SeleniumBrowser [main] After Setting implicit timeout
2021-01-18 17:51:40,522 DEBUG A.SeleniumBrowser [main] After maximizing window 
2021-01-18 17:51:40,523 DEBUG A.SeleniumBrowser [main] LoadURL: Before check if driver equals to null 
2021-01-18 17:51:40,523 DEBUG A.SeleniumBrowser [main] LoadURL: After check if driver equals to null 
2021-01-18 17:51:40,523 DEBUG A.SeleniumBrowser [main] LoadURL: URL =  https://portal.inc.tw-test.net
2021-01-18 17:51:49,963 DEBUG A.SeleniumBrowser [main] LoadURL: after get URL =  https://portal.inc.tw-test.net
2021-01-18 17:51:51,412 DEBUG A.BrowserActions [main] Waiting for login button to be clickable...
2021-01-18 17:51:51,562 DEBUG A.BrowserActions [main] Login button clicked successfully...
2021-01-18 17:51:52,997 DEBUG A.SeleniumBrowser [main] LoadURL: Before check if driver equals to null 
2021-01-18 17:51:52,997 DEBUG A.SeleniumBrowser [main] LoadURL: After check if driver equals to null 
2021-01-18 17:51:52,998 DEBUG A.SeleniumBrowser [main] LoadURL: URL =  https://portal.inc.tw-test.net/#/operations?menuKey=centcom-devices&stackKey=entity-search&types=EntityType.AGENT
2021-01-18 17:51:53,347 DEBUG A.SeleniumBrowser [main] LoadURL: after get URL =  https://portal.inc.tw-test.net/#/operations?menuKey=centcom-devices&stackKey=entity-search&types=EntityType.AGENT
2021-01-18 17:53:02,800 ERROR A.BrowserActions [main] Cluster is already exists
2021-01-18 17:53:24,642 ERROR A.BrowserActions [main] Could not select the specific cluster  at CentCom search page. cluster: NTY-EN-8D25HC2
org.openqa.selenium.NoSuchWindowException: no such window: target window already closed
from unknown error: web view not found
  (Session info: chrome=87.0.4280.141)
Build info: version: '3.141.59', revision: 'e82be7d358', time: '2018-11-14T08:17:03'
System info: host: 'NTY-EN-8D25HC2', ip: '10.243.68.223', os.name: 'Windows 10', os.arch: 'amd64', os.version: '10.0', java.version: '12.0.2'
Driver info: org.openqa.selenium.chrome.ChromeDriver
Capabilities {acceptInsecureCerts: false, browserName: chrome, browserVersion: 87.0.4280.141, chrome: {chromedriverVersion: 87.0.4280.20 (c99e81631faa0..., userDataDir: C:\Users\MOSHE~1.AVI\AppDat...}, goog:chromeOptions: {debuggerAddress: localhost:63129}, javascriptEnabled: true, networkConnectionEnabled: false, pageLoadStrategy: normal, platform: WINDOWS, platformName: WINDOWS, proxy: Proxy(), setWindowRect: true, strictFileInteractability: false, timeouts: {implicit: 0, pageLoad: 300000, script: 30000}, unhandledPromptBehavior: dismiss and notify, webauthn:virtualAuthenticators: true}
Session ID: cafeda6bdf029fdc700f11c6b6b207a5
*** Element info: {Using=xpath, value=//twa-table-row//div[normalize-space(text())='NTY-EN-8D25HC2']}
	at jdk.internal.reflect.NativeConstructorAccessorImpl.newInstance0(Native Method) ~[?:?]
	at jdk.internal.reflect.NativeConstructorAccessorImpl.newInstance(NativeConstructorAccessorImpl.java:62) ~[?:?]
	at jdk.internal.reflect.DelegatingConstructorAccessorImpl.newInstance(DelegatingConstructorAccessorImpl.java:45) ~[?:?]
	at java.lang.reflect.Constructor.newInstanceWithCaller(Constructor.java:500) ~[?:?]
	at java.lang.reflect.Constructor.newInstance(Constructor.java:481) ~[?:?]
	at org.openqa.selenium.remote.http.W3CHttpResponseCodec.createException(W3CHttpResponseCodec.java:187) ~[selenium-remote-driver-3.141.59.jar:?]
	at org.openqa.selenium.remote.http.W3CHttpResponseCodec.decode(W3CHttpResponseCodec.java:122) ~[selenium-remote-driver-3.141.59.jar:?]
	at org.openqa.selenium.remote.http.W3CHttpResponseCodec.decode(W3CHttpResponseCodec.java:49) ~[selenium-remote-driver-3.141.59.jar:?]
	at org.openqa.selenium.remote.HttpCommandExecutor.execute(HttpCommandExecutor.java:158) ~[selenium-remote-driver-3.141.59.jar:?]
	at org.openqa.selenium.remote.service.DriverCommandExecutor.execute(DriverCommandExecutor.java:83) ~[selenium-remote-driver-3.141.59.jar:?]
	at org.openqa.selenium.remote.RemoteWebDriver.execute(RemoteWebDriver.java:552) ~[selenium-remote-driver-3.141.59.jar:?]
	at org.openqa.selenium.remote.RemoteWebDriver.findElements(RemoteWebDriver.java:353) ~[selenium-remote-driver-3.141.59.jar:?]
	at org.openqa.selenium.remote.RemoteWebDriver.findElementsByXPath(RemoteWebDriver.java:432) ~[selenium-remote-driver-3.141.59.jar:?]
	at org.openqa.selenium.By$ByXPath.findElements(By.java:348) ~[selenium-api-3.141.59.jar:?]
	at org.openqa.selenium.remote.RemoteWebDriver.findElements(RemoteWebDriver.java:311) ~[selenium-remote-driver-3.141.59.jar:?]
	at Pages.GenericPage.IsElementExist(GenericPage.java:53) ~[classes/:?]
	at Actions.BrowserActions.CreateNewCluster(BrowserActions.java:687) ~[classes/:?]
	at Tests.Environments.InitAndCleanupPortal.ClusterActions(InitAndCleanupPortal.java:127) ~[classes/:?]
	at Tests.Environments.InitAndCleanupPortal.cleanupAgents(InitAndCleanupPortal.java:66) ~[classes/:?]
	at jdk.internal.reflect.NativeMethodAccessorImpl.invoke0(Native Method) ~[?:?]
	at jdk.internal.reflect.NativeMethodAccessorImpl.invoke(NativeMethodAccessorImpl.java:62) ~[?:?]
	at jdk.internal.reflect.DelegatingMethodAccessorImpl.invoke(DelegatingMethodAccessorImpl.java:43) ~[?:?]
	at java.lang.reflect.Method.invoke(Method.java:567) ~[?:?]
	at org.testng.internal.MethodInvocationHelper.invokeMethod(MethodInvocationHelper.java:134) ~[testng-7.1.0.jar:?]
	at org.testng.internal.TestInvoker.invokeMethod(TestInvoker.java:597) ~[testng-7.1.0.jar:?]
	at org.testng.internal.TestInvoker.invokeTestMethod(TestInvoker.java:173) ~[testng-7.1.0.jar:?]
	at org.testng.internal.MethodRunner.runInSequence(MethodRunner.java:46) ~[testng-7.1.0.jar:?]
	at org.testng.internal.TestInvoker$MethodInvocationAgent.invoke(TestInvoker.java:816) ~[testng-7.1.0.jar:?]
	at org.testng.internal.TestInvoker.invokeTestMethods(TestInvoker.java:146) ~[testng-7.1.0.jar:?]
	at org.testng.internal.TestMethodWorker.invokeTestMethods(TestMethodWorker.java:146) ~[testng-7.1.0.jar:?]
	at org.testng.internal.TestMethodWorker.run(TestMethodWorker.java:128) ~[testng-7.1.0.jar:?]
	at java.util.ArrayList.forEach(ArrayList.java:1540) [?:?]
	at org.testng.TestRunner.privateRun(TestRunner.java:766) [testng-7.1.0.jar:?]
	at org.testng.TestRunner.run(TestRunner.java:587) [testng-7.1.0.jar:?]
	at org.testng.SuiteRunner.runTest(SuiteRunner.java:384) [testng-7.1.0.jar:?]
	at org.testng.SuiteRunner.runSequentially(SuiteRunner.java:378) [testng-7.1.0.jar:?]
	at org.testng.SuiteRunner.privateRun(SuiteRunner.java:337) [testng-7.1.0.jar:?]
	at org.testng.SuiteRunner.run(SuiteRunner.java:286) [testng-7.1.0.jar:?]
	at org.testng.SuiteRunnerWorker.runSuite(SuiteRunnerWorker.java:53) [testng-7.1.0.jar:?]
	at org.testng.SuiteRunnerWorker.run(SuiteRunnerWorker.java:96) [testng-7.1.0.jar:?]
	at org.testng.TestNG.runSuitesSequentially(TestNG.java:1187) [testng-7.1.0.jar:?]
	at org.testng.TestNG.runSuitesLocally(TestNG.java:1109) [testng-7.1.0.jar:?]
	at org.testng.TestNG.runSuites(TestNG.java:1039) [testng-7.1.0.jar:?]
	at org.testng.TestNG.run(TestNG.java:1007) [testng-7.1.0.jar:?]
	at Utils.Main.RunTest.main(RunTest.java:116) [classes/:?]
2021-01-18 17:53:24,655 INFO T.E.InitAndCleanupPortal [main] Agent was found and delete action was done in Centcom, going to wait until service is uninstalled from agent
2021-01-18 23:30:32,917 DEBUG T.RecordedTest [main] screenshot file: C:\Nep-4-next\nep-qa-next@f35aa3a96df\nep-qa-automation/test-output/capture/InitAndCleanupPortal-18-01-2021-23.30.32.png
2021-01-18 23:30:32,930 INFO T.E.InitAndCleanupPortal [main] Starting Cleanup agents
2021-01-18 23:30:40,528 INFO U.R.SSHManager [main] Connected Successfully to host 10.243.68.210
2021-01-18 23:30:40,531 INFO U.R.SSHManager [main] Going to executing command: hostname
2021-01-18 23:30:40,563 DEBUG U.R.SSHManager [main] Done.
2021-01-18 23:30:44,184 INFO A.SimulatedAgentActions [main] SimulatedAgentActions, DS URL: https://endpoint-protection-services.inc.tw-test.net:443/
2021-01-18 23:30:44,307 INFO T.E.InitAndCleanupPortal [main] Going to send delete action to Centcom for agent on hostanem NTY-EN-8D25HC2
2021-01-18 23:30:44,307 DEBUG A.SeleniumBrowser [main] Selenium browser Launch - Before switch application type: Chrome
2021-01-18 23:30:44,309 DEBUG A.SeleniumBrowser [main] Setting Chrome driver location: C:/home/NepManagerDownloads/utils/chromedriver.exe
2021-01-18 23:30:44,309 DEBUG A.SeleniumBrowser [main] Selenium browser Launch - After creating new hashMap
2021-01-18 23:30:44,310 DEBUG A.SeleniumBrowser [main] Selenium browser Launch - After reading MasterDownloadFolder property: C:\home\NepManagerDownloads
2021-01-18 23:30:44,310 DEBUG A.SeleniumBrowser [main] Selenium browser Launch - After put to hash
2021-01-18 23:30:44,316 DEBUG A.SeleniumBrowser [main] Selenium browser Launch - After new chrome options
2021-01-18 23:30:44,320 DEBUG A.SeleniumBrowser [main] Selenium browser Launch - After chrome setExperimentalOption
2021-01-18 23:30:44,321 DEBUG A.SeleniumBrowser [main] Selenium browser Launch - Before setting several chrome options
2021-01-18 23:30:44,328 DEBUG A.SeleniumBrowser [main] Selenium browser Launch - Before creating new chrome driver
2021-01-18 23:30:49,278 DEBUG A.SeleniumBrowser [main] Selenium browser Launch - After creating new chrome driver
2021-01-18 23:30:49,329 DEBUG A.SeleniumBrowser [main] After Setting implicit timeout
2021-01-18 23:30:51,344 DEBUG A.SeleniumBrowser [main] After maximizing window 
2021-01-18 23:30:51,344 DEBUG A.SeleniumBrowser [main] LoadURL: Before check if driver equals to null 
2021-01-18 23:30:51,345 DEBUG A.SeleniumBrowser [main] LoadURL: After check if driver equals to null 
2021-01-18 23:30:51,345 DEBUG A.SeleniumBrowser [main] LoadURL: URL =  https://portal.inc.tw-test.net
2021-01-18 23:30:57,196 DEBUG A.SeleniumBrowser [main] LoadURL: after get URL =  https://portal.inc.tw-test.net
2021-01-18 23:30:58,608 DEBUG A.BrowserActions [main] Waiting for login button to be clickable...
2021-01-18 23:30:58,854 DEBUG A.BrowserActions [main] Login button clicked successfully...
2021-01-18 23:31:00,532 DEBUG A.SeleniumBrowser [main] LoadURL: Before check if driver equals to null 
2021-01-18 23:31:00,532 DEBUG A.SeleniumBrowser [main] LoadURL: After check if driver equals to null 
2021-01-18 23:31:00,533 DEBUG A.SeleniumBrowser [main] LoadURL: URL =  https://portal.inc.tw-test.net/#/operations?menuKey=centcom-devices&stackKey=entity-search&types=EntityType.AGENT
2021-01-18 23:31:00,940 DEBUG A.SeleniumBrowser [main] LoadURL: after get URL =  https://portal.inc.tw-test.net/#/operations?menuKey=centcom-devices&stackKey=entity-search&types=EntityType.AGENT
2021-01-18 23:31:38,968 ERROR A.BrowserActions [main] Could not select the specific cluster  at CentCom search page. cluster: Test_cluster123
org.openqa.selenium.NoSuchElementException: Cannot locate an element using xpath=//twa-button[@aria-label='Publish']
For documentation on this error, please visit: https://www.seleniumhq.org/exceptions/no_such_element.html
Build info: version: '3.141.59', revision: 'e82be7d358', time: '2018-11-14T08:17:03'
System info: host: 'NTY-EN-8D25HC2', ip: '10.243.68.210', os.name: 'Windows 10', os.arch: 'amd64', os.version: '10.0', java.version: '12.0.2'
Driver info: driver.version: RemoteWebDriver
	at org.openqa.selenium.remote.RemoteWebDriver.findElement(RemoteWebDriver.java:327) ~[selenium-remote-driver-3.141.59.jar:?]
	at org.openqa.selenium.remote.RemoteWebDriver.findElementByXPath(RemoteWebDriver.java:428) ~[selenium-remote-driver-3.141.59.jar:?]
	at org.openqa.selenium.By$ByXPath.findElement(By.java:353) ~[selenium-api-3.141.59.jar:?]
	at org.openqa.selenium.remote.RemoteWebDriver.findElement(RemoteWebDriver.java:315) ~[selenium-remote-driver-3.141.59.jar:?]
	at org.openqa.selenium.support.pagefactory.DefaultElementLocator.findElement(DefaultElementLocator.java:69) ~[selenium-support-3.141.59.jar:?]
	at org.openqa.selenium.support.pagefactory.internal.LocatingElementHandler.invoke(LocatingElementHandler.java:38) ~[selenium-support-3.141.59.jar:?]
	at com.sun.proxy.$Proxy30.click(Unknown Source) ~[?:?]
	at Actions.BrowserActions.CreateNewCluster(BrowserActions.java:693) ~[classes/:?]
	at Tests.Environments.InitAndCleanupPortal.ClusterActions(InitAndCleanupPortal.java:125) ~[classes/:?]
	at Tests.Environments.InitAndCleanupPortal.cleanupAgents(InitAndCleanupPortal.java:66) ~[classes/:?]
	at jdk.internal.reflect.NativeMethodAccessorImpl.invoke0(Native Method) ~[?:?]
	at jdk.internal.reflect.NativeMethodAccessorImpl.invoke(NativeMethodAccessorImpl.java:62) ~[?:?]
	at jdk.internal.reflect.DelegatingMethodAccessorImpl.invoke(DelegatingMethodAccessorImpl.java:43) ~[?:?]
	at java.lang.reflect.Method.invoke(Method.java:567) ~[?:?]
	at org.testng.internal.MethodInvocationHelper.invokeMethod(MethodInvocationHelper.java:134) ~[testng-7.1.0.jar:?]
	at org.testng.internal.TestInvoker.invokeMethod(TestInvoker.java:597) ~[testng-7.1.0.jar:?]
	at org.testng.internal.TestInvoker.invokeTestMethod(TestInvoker.java:173) ~[testng-7.1.0.jar:?]
	at org.testng.internal.MethodRunner.runInSequence(MethodRunner.java:46) ~[testng-7.1.0.jar:?]
	at org.testng.internal.TestInvoker$MethodInvocationAgent.invoke(TestInvoker.java:816) ~[testng-7.1.0.jar:?]
	at org.testng.internal.TestInvoker.invokeTestMethods(TestInvoker.java:146) ~[testng-7.1.0.jar:?]
	at org.testng.internal.TestMethodWorker.invokeTestMethods(TestMethodWorker.java:146) ~[testng-7.1.0.jar:?]
	at org.testng.internal.TestMethodWorker.run(TestMethodWorker.java:128) ~[testng-7.1.0.jar:?]
	at java.util.ArrayList.forEach(ArrayList.java:1540) [?:?]
	at org.testng.TestRunner.privateRun(TestRunner.java:766) [testng-7.1.0.jar:?]
	at org.testng.TestRunner.run(TestRunner.java:587) [testng-7.1.0.jar:?]
	at org.testng.SuiteRunner.runTest(SuiteRunner.java:384) [testng-7.1.0.jar:?]
	at org.testng.SuiteRunner.runSequentially(SuiteRunner.java:378) [testng-7.1.0.jar:?]
	at org.testng.SuiteRunner.privateRun(SuiteRunner.java:337) [testng-7.1.0.jar:?]
	at org.testng.SuiteRunner.run(SuiteRunner.java:286) [testng-7.1.0.jar:?]
	at org.testng.SuiteRunnerWorker.runSuite(SuiteRunnerWorker.java:53) [testng-7.1.0.jar:?]
	at org.testng.SuiteRunnerWorker.run(SuiteRunnerWorker.java:96) [testng-7.1.0.jar:?]
	at org.testng.TestNG.runSuitesSequentially(TestNG.java:1187) [testng-7.1.0.jar:?]
	at org.testng.TestNG.runSuitesLocally(TestNG.java:1109) [testng-7.1.0.jar:?]
	at org.testng.TestNG.runSuites(TestNG.java:1039) [testng-7.1.0.jar:?]
	at org.testng.TestNG.run(TestNG.java:1007) [testng-7.1.0.jar:?]
	at Utils.Main.RunTest.main(RunTest.java:116) [classes/:?]
2021-01-18 23:31:39,044 ERROR A.BrowserActions [main] Could not select the specific cluster  at CentCom search page. cluster: NTY-EN-8D25HC2
org.openqa.selenium.NoSuchWindowException: no such window: target window already closed
from unknown error: web view not found
  (Session info: chrome=87.0.4280.141)
Build info: version: '3.141.59', revision: 'e82be7d358', time: '2018-11-14T08:17:03'
System info: host: 'NTY-EN-8D25HC2', ip: '10.243.68.210', os.name: 'Windows 10', os.arch: 'amd64', os.version: '10.0', java.version: '12.0.2'
Driver info: org.openqa.selenium.chrome.ChromeDriver
Capabilities {acceptInsecureCerts: false, browserName: chrome, browserVersion: 87.0.4280.141, chrome: {chromedriverVersion: 87.0.4280.20 (c99e81631faa0..., userDataDir: C:\Users\MOSHE~1.AVI\AppDat...}, goog:chromeOptions: {debuggerAddress: localhost:60648}, javascriptEnabled: true, networkConnectionEnabled: false, pageLoadStrategy: normal, platform: WINDOWS, platformName: WINDOWS, proxy: Proxy(), setWindowRect: true, strictFileInteractability: false, timeouts: {implicit: 0, pageLoad: 300000, script: 30000}, unhandledPromptBehavior: dismiss and notify, webauthn:virtualAuthenticators: true}
Session ID: f7d004cdadcfe3b306d149404332771c
*** Element info: {Using=xpath, value=//div[contains(text(),'Clusters')]}
	at jdk.internal.reflect.NativeConstructorAccessorImpl.newInstance0(Native Method) ~[?:?]
	at jdk.internal.reflect.NativeConstructorAccessorImpl.newInstance(NativeConstructorAccessorImpl.java:62) ~[?:?]
	at jdk.internal.reflect.DelegatingConstructorAccessorImpl.newInstance(DelegatingConstructorAccessorImpl.java:45) ~[?:?]
	at java.lang.reflect.Constructor.newInstanceWithCaller(Constructor.java:500) ~[?:?]
	at java.lang.reflect.Constructor.newInstance(Constructor.java:481) ~[?:?]
	at org.openqa.selenium.remote.http.W3CHttpResponseCodec.createException(W3CHttpResponseCodec.java:187) ~[selenium-remote-driver-3.141.59.jar:?]
	at org.openqa.selenium.remote.http.W3CHttpResponseCodec.decode(W3CHttpResponseCodec.java:122) ~[selenium-remote-driver-3.141.59.jar:?]
	at org.openqa.selenium.remote.http.W3CHttpResponseCodec.decode(W3CHttpResponseCodec.java:49) ~[selenium-remote-driver-3.141.59.jar:?]
	at org.openqa.selenium.remote.HttpCommandExecutor.execute(HttpCommandExecutor.java:158) ~[selenium-remote-driver-3.141.59.jar:?]
	at org.openqa.selenium.remote.service.DriverCommandExecutor.execute(DriverCommandExecutor.java:83) ~[selenium-remote-driver-3.141.59.jar:?]
	at org.openqa.selenium.remote.RemoteWebDriver.execute(RemoteWebDriver.java:552) ~[selenium-remote-driver-3.141.59.jar:?]
	at org.openqa.selenium.remote.RemoteWebDriver.findElement(RemoteWebDriver.java:323) ~[selenium-remote-driver-3.141.59.jar:?]
	at org.openqa.selenium.remote.RemoteWebDriver.findElementByXPath(RemoteWebDriver.java:428) ~[selenium-remote-driver-3.141.59.jar:?]
	at org.openqa.selenium.By$ByXPath.findElement(By.java:353) ~[selenium-api-3.141.59.jar:?]
	at org.openqa.selenium.remote.RemoteWebDriver.findElement(RemoteWebDriver.java:315) ~[selenium-remote-driver-3.141.59.jar:?]
	at org.openqa.selenium.support.pagefactory.DefaultElementLocator.findElement(DefaultElementLocator.java:69) ~[selenium-support-3.141.59.jar:?]
	at org.openqa.selenium.support.pagefactory.internal.LocatingElementHandler.invoke(LocatingElementHandler.java:38) ~[selenium-support-3.141.59.jar:?]
	at com.sun.proxy.$Proxy30.click(Unknown Source) ~[?:?]
	at Actions.BrowserActions.CreateNewCluster(BrowserActions.java:678) ~[classes/:?]
	at Tests.Environments.InitAndCleanupPortal.ClusterActions(InitAndCleanupPortal.java:127) ~[classes/:?]
	at Tests.Environments.InitAndCleanupPortal.cleanupAgents(InitAndCleanupPortal.java:66) ~[classes/:?]
	at jdk.internal.reflect.NativeMethodAccessorImpl.invoke0(Native Method) ~[?:?]
	at jdk.internal.reflect.NativeMethodAccessorImpl.invoke(NativeMethodAccessorImpl.java:62) ~[?:?]
	at jdk.internal.reflect.DelegatingMethodAccessorImpl.invoke(DelegatingMethodAccessorImpl.java:43) ~[?:?]
	at java.lang.reflect.Method.invoke(Method.java:567) ~[?:?]
	at org.testng.internal.MethodInvocationHelper.invokeMethod(MethodInvocationHelper.java:134) ~[testng-7.1.0.jar:?]
	at org.testng.internal.TestInvoker.invokeMethod(TestInvoker.java:597) ~[testng-7.1.0.jar:?]
	at org.testng.internal.TestInvoker.invokeTestMethod(TestInvoker.java:173) ~[testng-7.1.0.jar:?]
	at org.testng.internal.MethodRunner.runInSequence(MethodRunner.java:46) ~[testng-7.1.0.jar:?]
	at org.testng.internal.TestInvoker$MethodInvocationAgent.invoke(TestInvoker.java:816) ~[testng-7.1.0.jar:?]
	at org.testng.internal.TestInvoker.invokeTestMethods(TestInvoker.java:146) ~[testng-7.1.0.jar:?]
	at org.testng.internal.TestMethodWorker.invokeTestMethods(TestMethodWorker.java:146) ~[testng-7.1.0.jar:?]
	at org.testng.internal.TestMethodWorker.run(TestMethodWorker.java:128) ~[testng-7.1.0.jar:?]
	at java.util.ArrayList.forEach(ArrayList.java:1540) [?:?]
	at org.testng.TestRunner.privateRun(TestRunner.java:766) [testng-7.1.0.jar:?]
	at org.testng.TestRunner.run(TestRunner.java:587) [testng-7.1.0.jar:?]
	at org.testng.SuiteRunner.runTest(SuiteRunner.java:384) [testng-7.1.0.jar:?]
	at org.testng.SuiteRunner.runSequentially(SuiteRunner.java:378) [testng-7.1.0.jar:?]
	at org.testng.SuiteRunner.privateRun(SuiteRunner.java:337) [testng-7.1.0.jar:?]
	at org.testng.SuiteRunner.run(SuiteRunner.java:286) [testng-7.1.0.jar:?]
	at org.testng.SuiteRunnerWorker.runSuite(SuiteRunnerWorker.java:53) [testng-7.1.0.jar:?]
	at org.testng.SuiteRunnerWorker.run(SuiteRunnerWorker.java:96) [testng-7.1.0.jar:?]
	at org.testng.TestNG.runSuitesSequentially(TestNG.java:1187) [testng-7.1.0.jar:?]
	at org.testng.TestNG.runSuitesLocally(TestNG.java:1109) [testng-7.1.0.jar:?]
	at org.testng.TestNG.runSuites(TestNG.java:1039) [testng-7.1.0.jar:?]
	at org.testng.TestNG.run(TestNG.java:1007) [testng-7.1.0.jar:?]
	at Utils.Main.RunTest.main(RunTest.java:116) [classes/:?]
2021-01-18 23:31:39,048 INFO T.E.InitAndCleanupPortal [main] Agent was found and delete action was done in Centcom, going to wait until service is uninstalled from agent
2021-01-18 23:38:00,162 DEBUG T.RecordedTest [main] screenshot file: C:\Nep-4-next\nep-qa-next@f35aa3a96df\nep-qa-automation/test-output/capture/InitAndCleanupPortal-18-01-2021-23.38.00.png
2021-01-18 23:38:00,168 INFO T.E.InitAndCleanupPortal [main] Starting Cleanup agents
2021-01-18 23:38:05,576 INFO U.R.SSHManager [main] Connected Successfully to host 10.243.68.210
2021-01-18 23:38:05,578 INFO U.R.SSHManager [main] Going to executing command: hostname
2021-01-18 23:38:05,603 DEBUG U.R.SSHManager [main] Done.
2021-01-18 23:38:09,049 INFO A.SimulatedAgentActions [main] SimulatedAgentActions, DS URL: https://endpoint-protection-services.inc.tw-test.net:443/
2021-01-18 23:38:09,086 INFO T.E.InitAndCleanupPortal [main] Going to send delete action to Centcom for agent on hostanem NTY-EN-8D25HC2
2021-01-18 23:38:09,087 DEBUG A.SeleniumBrowser [main] Selenium browser Launch - Before switch application type: Chrome
2021-01-18 23:38:09,088 DEBUG A.SeleniumBrowser [main] Setting Chrome driver location: C:/home/NepManagerDownloads/utils/chromedriver.exe
2021-01-18 23:38:09,088 DEBUG A.SeleniumBrowser [main] Selenium browser Launch - After creating new hashMap
2021-01-18 23:38:09,089 DEBUG A.SeleniumBrowser [main] Selenium browser Launch - After reading MasterDownloadFolder property: C:\home\NepManagerDownloads
2021-01-18 23:38:09,090 DEBUG A.SeleniumBrowser [main] Selenium browser Launch - After put to hash
2021-01-18 23:38:09,097 DEBUG A.SeleniumBrowser [main] Selenium browser Launch - After new chrome options
2021-01-18 23:38:09,101 DEBUG A.SeleniumBrowser [main] Selenium browser Launch - After chrome setExperimentalOption
2021-01-18 23:38:09,102 DEBUG A.SeleniumBrowser [main] Selenium browser Launch - Before setting several chrome options
2021-01-18 23:38:09,108 DEBUG A.SeleniumBrowser [main] Selenium browser Launch - Before creating new chrome driver
2021-01-18 23:38:12,940 DEBUG A.SeleniumBrowser [main] Selenium browser Launch - After creating new chrome driver
2021-01-18 23:38:12,947 DEBUG A.SeleniumBrowser [main] After Setting implicit timeout
2021-01-18 23:38:14,962 DEBUG A.SeleniumBrowser [main] After maximizing window 
2021-01-18 23:38:14,962 DEBUG A.SeleniumBrowser [main] LoadURL: Before check if driver equals to null 
2021-01-18 23:38:14,963 DEBUG A.SeleniumBrowser [main] LoadURL: After check if driver equals to null 
2021-01-18 23:38:14,963 DEBUG A.SeleniumBrowser [main] LoadURL: URL =  https://portal.inc.tw-test.net
2021-01-18 23:38:22,136 DEBUG A.SeleniumBrowser [main] LoadURL: after get URL =  https://portal.inc.tw-test.net
2021-01-18 23:38:23,549 DEBUG A.BrowserActions [main] Waiting for login button to be clickable...
2021-01-18 23:38:23,744 DEBUG A.BrowserActions [main] Login button clicked successfully...
2021-01-18 23:38:25,232 DEBUG A.SeleniumBrowser [main] LoadURL: Before check if driver equals to null 
2021-01-18 23:38:25,233 DEBUG A.SeleniumBrowser [main] LoadURL: After check if driver equals to null 
2021-01-18 23:38:25,233 DEBUG A.SeleniumBrowser [main] LoadURL: URL =  https://portal.inc.tw-test.net/#/operations?menuKey=centcom-devices&stackKey=entity-search&types=EntityType.AGENT
2021-01-18 23:38:25,614 DEBUG A.SeleniumBrowser [main] LoadURL: after get URL =  https://portal.inc.tw-test.net/#/operations?menuKey=centcom-devices&stackKey=entity-search&types=EntityType.AGENT
2021-01-18 23:38:54,211 ERROR A.BrowserActions [main] Cluster is already exists
2021-01-18 23:47:42,486 DEBUG T.RecordedTest [main] screenshot file: C:\Nep-4-next\nep-qa-next@f35aa3a96df\nep-qa-automation/test-output/capture/InitAndCleanupPortal-18-01-2021-23.47.42.png
2021-01-18 23:47:42,492 INFO T.E.InitAndCleanupPortal [main] Starting Cleanup agents
2021-01-18 23:47:48,347 INFO U.R.SSHManager [main] Connected Successfully to host 10.243.68.210
2021-01-18 23:47:48,349 INFO U.R.SSHManager [main] Going to executing command: hostname
2021-01-18 23:47:48,372 DEBUG U.R.SSHManager [main] Done.
2021-01-18 23:47:51,779 INFO A.SimulatedAgentActions [main] SimulatedAgentActions, DS URL: https://endpoint-protection-services.inc.tw-test.net:443/
2021-01-18 23:47:51,811 INFO T.E.InitAndCleanupPortal [main] Going to send delete action to Centcom for agent on hostanem NTY-EN-8D25HC2
2021-01-18 23:47:51,812 DEBUG A.SeleniumBrowser [main] Selenium browser Launch - Before switch application type: Chrome
2021-01-18 23:47:51,812 DEBUG A.SeleniumBrowser [main] Setting Chrome driver location: C:/home/NepManagerDownloads/utils/chromedriver.exe
2021-01-18 23:47:51,813 DEBUG A.SeleniumBrowser [main] Selenium browser Launch - After creating new hashMap
2021-01-18 23:47:51,814 DEBUG A.SeleniumBrowser [main] Selenium browser Launch - After reading MasterDownloadFolder property: C:\home\NepManagerDownloads
2021-01-18 23:47:51,814 DEBUG A.SeleniumBrowser [main] Selenium browser Launch - After put to hash
2021-01-18 23:47:51,821 DEBUG A.SeleniumBrowser [main] Selenium browser Launch - After new chrome options
2021-01-18 23:47:51,825 DEBUG A.SeleniumBrowser [main] Selenium browser Launch - After chrome setExperimentalOption
2021-01-18 23:47:51,826 DEBUG A.SeleniumBrowser [main] Selenium browser Launch - Before setting several chrome options
2021-01-18 23:47:51,832 DEBUG A.SeleniumBrowser [main] Selenium browser Launch - Before creating new chrome driver
2021-01-18 23:47:55,757 DEBUG A.SeleniumBrowser [main] Selenium browser Launch - After creating new chrome driver
2021-01-18 23:47:55,765 DEBUG A.SeleniumBrowser [main] After Setting implicit timeout
2021-01-18 23:47:57,786 DEBUG A.SeleniumBrowser [main] After maximizing window 
2021-01-18 23:47:57,787 DEBUG A.SeleniumBrowser [main] LoadURL: Before check if driver equals to null 
2021-01-18 23:47:57,789 DEBUG A.SeleniumBrowser [main] LoadURL: After check if driver equals to null 
2021-01-18 23:47:57,790 DEBUG A.SeleniumBrowser [main] LoadURL: URL =  https://portal.inc.tw-test.net
2021-01-18 23:48:03,426 DEBUG A.SeleniumBrowser [main] LoadURL: after get URL =  https://portal.inc.tw-test.net
2021-01-18 23:48:04,989 DEBUG A.BrowserActions [main] Waiting for login button to be clickable...
2021-01-18 23:48:05,171 DEBUG A.BrowserActions [main] Login button clicked successfully...
2021-01-18 23:48:07,738 DEBUG A.SeleniumBrowser [main] LoadURL: Before check if driver equals to null 
2021-01-18 23:48:07,739 DEBUG A.SeleniumBrowser [main] LoadURL: After check if driver equals to null 
2021-01-18 23:48:07,739 DEBUG A.SeleniumBrowser [main] LoadURL: URL =  https://portal.inc.tw-test.net/#/operations?menuKey=centcom-devices&stackKey=entity-search&types=EntityType.AGENT
2021-01-18 23:48:07,993 DEBUG A.SeleniumBrowser [main] LoadURL: after get URL =  https://portal.inc.tw-test.net/#/operations?menuKey=centcom-devices&stackKey=entity-search&types=EntityType.AGENT
2021-01-18 23:48:33,461 ERROR A.BrowserActions [main] Cluster is already exists
2021-01-18 23:49:00,983 ERROR A.BrowserActions [main] Could not select the specific cluster  at CentCom search page. cluster: NTY-EN-8D25HC2
org.openqa.selenium.StaleElementReferenceException: stale element reference: element is not attached to the page document
  (Session info: chrome=87.0.4280.141)
For documentation on this error, please visit: https://www.seleniumhq.org/exceptions/stale_element_reference.html
Build info: version: '3.141.59', revision: 'e82be7d358', time: '2018-11-14T08:17:03'
System info: host: 'NTY-EN-8D25HC2', ip: '10.243.68.210', os.name: 'Windows 10', os.arch: 'amd64', os.version: '10.0', java.version: '12.0.2'
Driver info: org.openqa.selenium.chrome.ChromeDriver
Capabilities {acceptInsecureCerts: false, browserName: chrome, browserVersion: 87.0.4280.141, chrome: {chromedriverVersion: 87.0.4280.20 (c99e81631faa0..., userDataDir: C:\Users\MOSHE~1.AVI\AppDat...}, goog:chromeOptions: {debuggerAddress: localhost:60830}, javascriptEnabled: true, networkConnectionEnabled: false, pageLoadStrategy: normal, platform: WINDOWS, platformName: WINDOWS, proxy: Proxy(), setWindowRect: true, strictFileInteractability: false, timeouts: {implicit: 0, pageLoad: 300000, script: 30000}, unhandledPromptBehavior: dismiss and notify, webauthn:virtualAuthenticators: true}
Session ID: b8ace419780b5946fdaf6d99fc05b6d7
	at jdk.internal.reflect.NativeConstructorAccessorImpl.newInstance0(Native Method) ~[?:?]
	at jdk.internal.reflect.NativeConstructorAccessorImpl.newInstance(NativeConstructorAccessorImpl.java:62) ~[?:?]
	at jdk.internal.reflect.DelegatingConstructorAccessorImpl.newInstance(DelegatingConstructorAccessorImpl.java:45) ~[?:?]
	at java.lang.reflect.Constructor.newInstanceWithCaller(Constructor.java:500) ~[?:?]
	at java.lang.reflect.Constructor.newInstance(Constructor.java:481) ~[?:?]
	at org.openqa.selenium.remote.http.W3CHttpResponseCodec.createException(W3CHttpResponseCodec.java:187) ~[selenium-remote-driver-3.141.59.jar:?]
	at org.openqa.selenium.remote.http.W3CHttpResponseCodec.decode(W3CHttpResponseCodec.java:122) ~[selenium-remote-driver-3.141.59.jar:?]
	at org.openqa.selenium.remote.http.W3CHttpResponseCodec.decode(W3CHttpResponseCodec.java:49) ~[selenium-remote-driver-3.141.59.jar:?]
	at org.openqa.selenium.remote.HttpCommandExecutor.execute(HttpCommandExecutor.java:158) ~[selenium-remote-driver-3.141.59.jar:?]
	at org.openqa.selenium.remote.service.DriverCommandExecutor.execute(DriverCommandExecutor.java:83) ~[selenium-remote-driver-3.141.59.jar:?]
	at org.openqa.selenium.remote.RemoteWebDriver.execute(RemoteWebDriver.java:552) ~[selenium-remote-driver-3.141.59.jar:?]
	at org.openqa.selenium.remote.RemoteWebElement.execute(RemoteWebElement.java:285) ~[selenium-remote-driver-3.141.59.jar:?]
	at org.openqa.selenium.remote.RemoteWebElement.click(RemoteWebElement.java:84) ~[selenium-remote-driver-3.141.59.jar:?]
	at jdk.internal.reflect.NativeMethodAccessorImpl.invoke0(Native Method) ~[?:?]
	at jdk.internal.reflect.NativeMethodAccessorImpl.invoke(NativeMethodAccessorImpl.java:62) ~[?:?]
	at jdk.internal.reflect.DelegatingMethodAccessorImpl.invoke(DelegatingMethodAccessorImpl.java:43) ~[?:?]
	at java.lang.reflect.Method.invoke(Method.java:567) ~[?:?]
	at org.openqa.selenium.support.pagefactory.internal.LocatingElementHandler.invoke(LocatingElementHandler.java:51) ~[selenium-support-3.141.59.jar:?]
	at com.sun.proxy.$Proxy30.click(Unknown Source) ~[?:?]
	at Actions.BrowserActions.CreateNewCluster(BrowserActions.java:678) ~[classes/:?]
	at Tests.Environments.InitAndCleanupPortal.ClusterActions(InitAndCleanupPortal.java:127) ~[classes/:?]
	at Tests.Environments.InitAndCleanupPortal.cleanupAgents(InitAndCleanupPortal.java:66) ~[classes/:?]
	at jdk.internal.reflect.NativeMethodAccessorImpl.invoke0(Native Method) ~[?:?]
	at jdk.internal.reflect.NativeMethodAccessorImpl.invoke(NativeMethodAccessorImpl.java:62) ~[?:?]
	at jdk.internal.reflect.DelegatingMethodAccessorImpl.invoke(DelegatingMethodAccessorImpl.java:43) ~[?:?]
	at java.lang.reflect.Method.invoke(Method.java:567) ~[?:?]
	at org.testng.internal.MethodInvocationHelper.invokeMethod(MethodInvocationHelper.java:134) ~[testng-7.1.0.jar:?]
	at org.testng.internal.TestInvoker.invokeMethod(TestInvoker.java:597) ~[testng-7.1.0.jar:?]
	at org.testng.internal.TestInvoker.invokeTestMethod(TestInvoker.java:173) ~[testng-7.1.0.jar:?]
	at org.testng.internal.MethodRunner.runInSequence(MethodRunner.java:46) ~[testng-7.1.0.jar:?]
	at org.testng.internal.TestInvoker$MethodInvocationAgent.invoke(TestInvoker.java:816) ~[testng-7.1.0.jar:?]
	at org.testng.internal.TestInvoker.invokeTestMethods(TestInvoker.java:146) ~[testng-7.1.0.jar:?]
	at org.testng.internal.TestMethodWorker.invokeTestMethods(TestMethodWorker.java:146) ~[testng-7.1.0.jar:?]
	at org.testng.internal.TestMethodWorker.run(TestMethodWorker.java:128) ~[testng-7.1.0.jar:?]
	at java.util.ArrayList.forEach(ArrayList.java:1540) [?:?]
	at org.testng.TestRunner.privateRun(TestRunner.java:766) [testng-7.1.0.jar:?]
	at org.testng.TestRunner.run(TestRunner.java:587) [testng-7.1.0.jar:?]
	at org.testng.SuiteRunner.runTest(SuiteRunner.java:384) [testng-7.1.0.jar:?]
	at org.testng.SuiteRunner.runSequentially(SuiteRunner.java:378) [testng-7.1.0.jar:?]
	at org.testng.SuiteRunner.privateRun(SuiteRunner.java:337) [testng-7.1.0.jar:?]
	at org.testng.SuiteRunner.run(SuiteRunner.java:286) [testng-7.1.0.jar:?]
	at org.testng.SuiteRunnerWorker.runSuite(SuiteRunnerWorker.java:53) [testng-7.1.0.jar:?]
	at org.testng.SuiteRunnerWorker.run(SuiteRunnerWorker.java:96) [testng-7.1.0.jar:?]
	at org.testng.TestNG.runSuitesSequentially(TestNG.java:1187) [testng-7.1.0.jar:?]
	at org.testng.TestNG.runSuitesLocally(TestNG.java:1109) [testng-7.1.0.jar:?]
	at org.testng.TestNG.runSuites(TestNG.java:1039) [testng-7.1.0.jar:?]
	at org.testng.TestNG.run(TestNG.java:1007) [testng-7.1.0.jar:?]
	at Utils.Main.RunTest.main(RunTest.java:116) [classes/:?]
2021-01-18 23:49:00,994 INFO T.E.InitAndCleanupPortal [main] Agent was found and delete action was done in Centcom, going to wait until service is uninstalled from agent
2021-01-18 23:49:05,996 INFO U.R.SSHManager [main] Going to executing command: net start
2021-01-18 23:49:06,049 DEBUG U.R.SSHManager [main] Done.
2021-01-18 23:49:06,049 INFO A.BaseAgentActions [main] Endpoint service was stopped!
2021-01-18 23:49:06,050 DEBUG A.BaseAgentActions [main] Agent Service was not found after uninstall
2021-01-18 23:49:06,050 INFO U.R.SSHManager [main] Going to executing command: tasklist
2021-01-18 23:49:06,491 DEBUG U.R.SSHManager [main] Done.
2021-01-18 23:49:06,491 DEBUG A.BaseAgentActions [main] Agent process was not found after uninstall
2021-01-18 23:49:06,492 INFO T.E.InitAndCleanupPortal [main] Done. Service is not running on agent
2021-01-18 23:49:06,492 INFO T.E.InitAndCleanupPortal [main] Goind to send check updates by a simulated agent, to catch the 'uninstall' action, if applicable.
2021-01-18 23:49:06,493 INFO A.SimulatedAgentActions [main] Starting checkUpdates. Params: uuid CAD2A00C-FB6E-4216-9BCA-208775754967 epName NTY-EN-8D25HC2 binVersion 1.4.0.9999 confVersion 1 reporting status 0 schema version 1.1.1 
2021-01-18 23:49:06,493 DEBUG A.SimulatedAgentActions [main] Will send request check-updates/CAD2A00C-FB6E-4216-9BCA-208775754967/bin-ver/1.4.0.9999/conf-ver/1/reporting-status/0/local-name/NTY-EN-8D25HC2/schema-ver/1.1.1/
2021-01-18 23:49:07,699 ERROR A.SimulatedAgentActions [main] Failed to process the check updates request
java.io.FileNotFoundException: C:\home\NepManagerDownloads\inc\endpoint-111-1398155.111.p12 (The system cannot find the path specified)
	at java.io.FileInputStream.open0(Native Method) ~[?:?]
	at java.io.FileInputStream.open(FileInputStream.java:213) ~[?:?]
	at java.io.FileInputStream.<init>(FileInputStream.java:155) ~[?:?]
	at org.codehaus.groovy.runtime.ResourceGroovyMethods.newInputStream(ResourceGroovyMethods.java:2178) ~[groovy-3.0.3.jar:3.0.3]
	at org.codehaus.groovy.runtime.ResourceGroovyMethods.withInputStream(ResourceGroovyMethods.java:1882) ~[groovy-3.0.3.jar:3.0.3]
	at org.codehaus.groovy.runtime.dgm$1099.invoke(Unknown Source) ~[groovy-3.0.3.jar:3.0.3]
	at org.codehaus.groovy.runtime.callsite.PojoMetaMethodSite$PojoMetaMethodSiteNoUnwrapNoCoerce.invoke(PojoMetaMethodSite.java:247) ~[groovy-3.0.3.jar:3.0.3]
	at org.codehaus.groovy.runtime.callsite.PojoMetaMethodSite.call(PojoMetaMethodSite.java:56) ~[groovy-3.0.3.jar:3.0.3]
	at org.codehaus.groovy.runtime.callsite.CallSiteArray.defaultCall(CallSiteArray.java:47) ~[groovy-3.0.3.jar:3.0.3]
	at org.codehaus.groovy.runtime.callsite.AbstractCallSite.call(AbstractCallSite.java:125) ~[groovy-3.0.3.jar:3.0.3]
	at org.codehaus.groovy.runtime.callsite.AbstractCallSite.call(AbstractCallSite.java:139) ~[groovy-3.0.3.jar:3.0.3]
	at io.restassured.internal.TrustAndKeystoreSpecImpl.createStore(TrustAndKeystoreSpecImpl.groovy:92) ~[rest-assured-4.3.1.jar:?]
	at io.restassured.internal.TrustAndKeystoreSpecImpl$createStore.callCurrent(Unknown Source) ~[?:?]
	at org.codehaus.groovy.runtime.callsite.CallSiteArray.defaultCallCurrent(CallSiteArray.java:51) ~[groovy-3.0.3.jar:3.0.3]
	at org.codehaus.groovy.runtime.callsite.AbstractCallSite.callCurrent(AbstractCallSite.java:171) ~[groovy-3.0.3.jar:3.0.3]
	at org.codehaus.groovy.runtime.callsite.AbstractCallSite.callCurrent(AbstractCallSite.java:203) ~[groovy-3.0.3.jar:3.0.3]
	at io.restassured.internal.TrustAndKeystoreSpecImpl.apply(TrustAndKeystoreSpecImpl.groovy:48) ~[rest-assured-4.3.1.jar:?]
	at io.restassured.internal.http.AuthConfig.certificate(AuthConfig.java:158) ~[rest-assured-4.3.1.jar:?]
	at io.restassured.internal.http.AuthConfig$certificate.call(Unknown Source) ~[?:?]
	at org.codehaus.groovy.runtime.callsite.CallSiteArray.defaultCall(CallSiteArray.java:47) ~[groovy-3.0.3.jar:3.0.3]
	at org.codehaus.groovy.runtime.callsite.AbstractCallSite.call(AbstractCallSite.java:125) ~[groovy-3.0.3.jar:3.0.3]
	at io.restassured.authentication.CertAuthScheme.authenticate(CertAuthScheme.groovy:39) ~[rest-assured-4.3.1.jar:?]
	at io.restassured.authentication.AuthenticationScheme$authenticate.call(Unknown Source) ~[?:?]
	at org.codehaus.groovy.runtime.callsite.CallSiteArray.defaultCall(CallSiteArray.java:47) ~[groovy-3.0.3.jar:3.0.3]
	at org.codehaus.groovy.runtime.callsite.AbstractCallSite.call(AbstractCallSite.java:125) ~[groovy-3.0.3.jar:3.0.3]
	at org.codehaus.groovy.runtime.callsite.AbstractCallSite.call(AbstractCallSite.java:139) ~[groovy-3.0.3.jar:3.0.3]
	at io.restassured.internal.RequestSpecificationImpl.sendRequest(RequestSpecificationImpl.groovy:1172) ~[rest-assured-4.3.1.jar:?]
	at jdk.internal.reflect.NativeMethodAccessorImpl.invoke0(Native Method) ~[?:?]
	at jdk.internal.reflect.NativeMethodAccessorImpl.invoke(NativeMethodAccessorImpl.java:62) ~[?:?]
	at jdk.internal.reflect.DelegatingMethodAccessorImpl.invoke(DelegatingMethodAccessorImpl.java:43) ~[?:?]
	at java.lang.reflect.Method.invoke(Method.java:567) ~[?:?]
	at org.codehaus.groovy.reflection.CachedMethod.invoke(CachedMethod.java:107) ~[groovy-3.0.3.jar:3.0.3]
	at groovy.lang.MetaMethod.doMethodInvoke(MetaMethod.java:323) ~[groovy-3.0.3.jar:3.0.3]
	at groovy.lang.MetaClassImpl.invokeMethod(MetaClassImpl.java:1262) ~[groovy-3.0.3.jar:3.0.3]
	at groovy.lang.MetaClassImpl.invokeMethod(MetaClassImpl.java:1029) ~[groovy-3.0.3.jar:3.0.3]
	at groovy.lang.MetaClassImpl.invokeMethod(MetaClassImpl.java:816) ~[groovy-3.0.3.jar:3.0.3]
	at groovy.lang.GroovyObject.invokeMethod(GroovyObject.java:39) ~[groovy-3.0.3.jar:3.0.3]
	at org.codehaus.groovy.runtime.callsite.PogoInterceptableSite.call(PogoInterceptableSite.java:45) ~[groovy-3.0.3.jar:3.0.3]
	at org.codehaus.groovy.runtime.callsite.CallSiteArray.defaultCall(CallSiteArray.java:47) ~[groovy-3.0.3.jar:3.0.3]
	at org.codehaus.groovy.runtime.callsite.AbstractCallSite.call(AbstractCallSite.java:125) ~[groovy-3.0.3.jar:3.0.3]
	at org.codehaus.groovy.runtime.callsite.AbstractCallSite.call(AbstractCallSite.java:166) ~[groovy-3.0.3.jar:3.0.3]
	at io.restassured.internal.filter.SendRequestFilter.filter(SendRequestFilter.groovy:30) ~[rest-assured-4.3.1.jar:?]
	at io.restassured.filter.Filter$filter$0.call(Unknown Source) ~[?:?]
	at org.codehaus.groovy.runtime.callsite.CallSiteArray.defaultCall(CallSiteArray.java:47) ~[groovy-3.0.3.jar:3.0.3]
	at io.restassured.filter.Filter$filter.call(Unknown Source) ~[?:?]
	at io.restassured.internal.filter.FilterContextImpl.next(FilterContextImpl.groovy:72) ~[rest-assured-4.3.1.jar:?]
	at io.restassured.filter.time.TimingFilter.filter(TimingFilter.java:56) ~[rest-assured-4.3.1.jar:?]
	at io.restassured.filter.Filter$filter.call(Unknown Source) ~[?:?]
	at org.codehaus.groovy.runtime.callsite.CallSiteArray.defaultCall(CallSiteArray.java:47) ~[groovy-3.0.3.jar:3.0.3]
	at org.codehaus.groovy.runtime.callsite.AbstractCallSite.call(AbstractCallSite.java:125) ~[groovy-3.0.3.jar:3.0.3]
	at org.codehaus.groovy.runtime.callsite.AbstractCallSite.call(AbstractCallSite.java:157) ~[groovy-3.0.3.jar:3.0.3]
	at io.restassured.internal.filter.FilterContextImpl.next(FilterContextImpl.groovy:72) ~[rest-assured-4.3.1.jar:?]
	at io.restassured.filter.FilterContext$next.call(Unknown Source) ~[?:?]
	at org.codehaus.groovy.runtime.callsite.CallSiteArray.defaultCall(CallSiteArray.java:47) ~[groovy-3.0.3.jar:3.0.3]
	at org.codehaus.groovy.runtime.callsite.AbstractCallSite.call(AbstractCallSite.java:125) ~[groovy-3.0.3.jar:3.0.3]
	at org.codehaus.groovy.runtime.callsite.AbstractCallSite.call(AbstractCallSite.java:148) ~[groovy-3.0.3.jar:3.0.3]
	at io.restassured.internal.RequestSpecificationImpl.applyPathParamsAndSendRequest(RequestSpecificationImpl.groovy:1655) ~[rest-assured-4.3.1.jar:?]
	at jdk.internal.reflect.NativeMethodAccessorImpl.invoke0(Native Method) ~[?:?]
	at jdk.internal.reflect.NativeMethodAccessorImpl.invoke(NativeMethodAccessorImpl.java:62) ~[?:?]
	at jdk.internal.reflect.DelegatingMethodAccessorImpl.invoke(DelegatingMethodAccessorImpl.java:43) ~[?:?]
	at java.lang.reflect.Method.invoke(Method.java:567) ~[?:?]
	at org.codehaus.groovy.reflection.CachedMethod.invoke(CachedMethod.java:107) ~[groovy-3.0.3.jar:3.0.3]
	at groovy.lang.MetaMethod.doMethodInvoke(MetaMethod.java:323) ~[groovy-3.0.3.jar:3.0.3]
	at groovy.lang.MetaClassImpl.invokeMethod(MetaClassImpl.java:1262) ~[groovy-3.0.3.jar:3.0.3]
	at groovy.lang.MetaClassImpl.invokeMethod(MetaClassImpl.java:1029) ~[groovy-3.0.3.jar:3.0.3]
	at groovy.lang.MetaClassImpl.invokeMethod(MetaClassImpl.java:816) ~[groovy-3.0.3.jar:3.0.3]
	at groovy.lang.GroovyObject.invokeMethod(GroovyObject.java:39) ~[groovy-3.0.3.jar:3.0.3]
	at org.codehaus.groovy.runtime.callsite.PogoInterceptableSite.call(PogoInterceptableSite.java:45) ~[groovy-3.0.3.jar:3.0.3]
	at org.codehaus.groovy.runtime.callsite.PogoInterceptableSite.callCurrent(PogoInterceptableSite.java:55) ~[groovy-3.0.3.jar:3.0.3]
	at org.codehaus.groovy.runtime.callsite.CallSiteArray.defaultCallCurrent(CallSiteArray.java:51) ~[groovy-3.0.3.jar:3.0.3]
	at org.codehaus.groovy.runtime.callsite.AbstractCallSite.callCurrent(AbstractCallSite.java:171) ~[groovy-3.0.3.jar:3.0.3]
	at org.codehaus.groovy.runtime.callsite.AbstractCallSite.callCurrent(AbstractCallSite.java:203) ~[groovy-3.0.3.jar:3.0.3]
	at io.restassured.internal.RequestSpecificationImpl.applyPathParamsAndSendRequest(RequestSpecificationImpl.groovy:1661) ~[rest-assured-4.3.1.jar:?]
	at jdk.internal.reflect.NativeMethodAccessorImpl.invoke0(Native Method) ~[?:?]
	at jdk.internal.reflect.NativeMethodAccessorImpl.invoke(NativeMethodAccessorImpl.java:62) ~[?:?]
	at jdk.internal.reflect.DelegatingMethodAccessorImpl.invoke(DelegatingMethodAccessorImpl.java:43) ~[?:?]
	at java.lang.reflect.Method.invoke(Method.java:567) ~[?:?]
	at org.codehaus.groovy.reflection.CachedMethod.invoke(CachedMethod.java:107) ~[groovy-3.0.3.jar:3.0.3]
	at groovy.lang.MetaMethod.doMethodInvoke(MetaMethod.java:323) ~[groovy-3.0.3.jar:3.0.3]
	at groovy.lang.MetaClassImpl.invokeMethod(MetaClassImpl.java:1262) ~[groovy-3.0.3.jar:3.0.3]
	at groovy.lang.MetaClassImpl.invokeMethod(MetaClassImpl.java:1029) ~[groovy-3.0.3.jar:3.0.3]
	at groovy.lang.MetaClassImpl.invokeMethod(MetaClassImpl.java:816) ~[groovy-3.0.3.jar:3.0.3]
	at groovy.lang.GroovyObject.invokeMethod(GroovyObject.java:39) ~[groovy-3.0.3.jar:3.0.3]
	at org.codehaus.groovy.runtime.callsite.PogoInterceptableSite.call(PogoInterceptableSite.java:45) ~[groovy-3.0.3.jar:3.0.3]
	at org.codehaus.groovy.runtime.callsite.PogoInterceptableSite.callCurrent(PogoInterceptableSite.java:55) ~[groovy-3.0.3.jar:3.0.3]
	at org.codehaus.groovy.runtime.callsite.CallSiteArray.defaultCallCurrent(CallSiteArray.java:51) ~[groovy-3.0.3.jar:3.0.3]
	at org.codehaus.groovy.runtime.callsite.AbstractCallSite.callCurrent(AbstractCallSite.java:171) ~[groovy-3.0.3.jar:3.0.3]
	at org.codehaus.groovy.runtime.callsite.AbstractCallSite.callCurrent(AbstractCallSite.java:203) ~[groovy-3.0.3.jar:3.0.3]
	at io.restassured.internal.RequestSpecificationImpl.get(RequestSpecificationImpl.groovy:171) ~[rest-assured-4.3.1.jar:?]
	at io.restassured.internal.RequestSpecificationImpl.get(RequestSpecificationImpl.groovy) ~[rest-assured-4.3.1.jar:?]
	at Actions.SimulatedAgentActions.sendCheckUpdates(SimulatedAgentActions.java:218) ~[classes/:?]
	at Actions.SimulatedAgentActions.sendCheckUpdatesWithoutVerify(SimulatedAgentActions.java:146) ~[classes/:?]
	at Tests.Environments.InitAndCleanupPortal.sendCheckUpdatesBySimulatedAgent(InitAndCleanupPortal.java:162) ~[classes/:?]
	at Tests.Environments.InitAndCleanupPortal.cleanupAgents(InitAndCleanupPortal.java:71) ~[classes/:?]
	at jdk.internal.reflect.NativeMethodAccessorImpl.invoke0(Native Method) ~[?:?]
	at jdk.internal.reflect.NativeMethodAccessorImpl.invoke(NativeMethodAccessorImpl.java:62) ~[?:?]
	at jdk.internal.reflect.DelegatingMethodAccessorImpl.invoke(DelegatingMethodAccessorImpl.java:43) ~[?:?]
	at java.lang.reflect.Method.invoke(Method.java:567) ~[?:?]
	at org.testng.internal.MethodInvocationHelper.invokeMethod(MethodInvocationHelper.java:134) ~[testng-7.1.0.jar:?]
	at org.testng.internal.TestInvoker.invokeMethod(TestInvoker.java:597) ~[testng-7.1.0.jar:?]
	at org.testng.internal.TestInvoker.invokeTestMethod(TestInvoker.java:173) ~[testng-7.1.0.jar:?]
	at org.testng.internal.MethodRunner.runInSequence(MethodRunner.java:46) ~[testng-7.1.0.jar:?]
	at org.testng.internal.TestInvoker$MethodInvocationAgent.invoke(TestInvoker.java:816) ~[testng-7.1.0.jar:?]
	at org.testng.internal.TestInvoker.invokeTestMethods(TestInvoker.java:146) ~[testng-7.1.0.jar:?]
	at org.testng.internal.TestMethodWorker.invokeTestMethods(TestMethodWorker.java:146) ~[testng-7.1.0.jar:?]
	at org.testng.internal.TestMethodWorker.run(TestMethodWorker.java:128) ~[testng-7.1.0.jar:?]
	at java.util.ArrayList.forEach(ArrayList.java:1540) [?:?]
	at org.testng.TestRunner.privateRun(TestRunner.java:766) [testng-7.1.0.jar:?]
	at org.testng.TestRunner.run(TestRunner.java:587) [testng-7.1.0.jar:?]
	at org.testng.SuiteRunner.runTest(SuiteRunner.java:384) [testng-7.1.0.jar:?]
	at org.testng.SuiteRunner.runSequentially(SuiteRunner.java:378) [testng-7.1.0.jar:?]
	at org.testng.SuiteRunner.privateRun(SuiteRunner.java:337) [testng-7.1.0.jar:?]
	at org.testng.SuiteRunner.run(SuiteRunner.java:286) [testng-7.1.0.jar:?]
	at org.testng.SuiteRunnerWorker.runSuite(SuiteRunnerWorker.java:53) [testng-7.1.0.jar:?]
	at org.testng.SuiteRunnerWorker.run(SuiteRunnerWorker.java:96) [testng-7.1.0.jar:?]
	at org.testng.TestNG.runSuitesSequentially(TestNG.java:1187) [testng-7.1.0.jar:?]
	at org.testng.TestNG.runSuitesLocally(TestNG.java:1109) [testng-7.1.0.jar:?]
	at org.testng.TestNG.runSuites(TestNG.java:1039) [testng-7.1.0.jar:?]
	at org.testng.TestNG.run(TestNG.java:1007) [testng-7.1.0.jar:?]
	at Utils.Main.RunTest.main(RunTest.java:116) [classes/:?]
2021-01-18 23:49:07,817 ERROR U.T.InvokedMethodListener [main] Failed to process the check updates request

Video: C:\Nep-4-next\nep-qa-next@f35aa3a96df\nep-qa-automation/test-output/capture/InitAndCleanupPortal-18-01-2021-23.47.42.avi
ScreenShot: C:\Nep-4-next\nep-qa-next@f35aa3a96df\nep-qa-automation/test-output/capture/InitAndCleanupPortal-18-01-2021-23.47.42.png


2021-01-18 23:49:22,507 DEBUG T.RecordedTest [main] screenshot file: C:\Nep-4-next\nep-qa-next@f35aa3a96df\nep-qa-automation/test-output/capture/InitAndCleanupPortal-18-01-2021-23.49.22.png
2021-01-18 23:49:22,514 INFO T.E.InitAndCleanupPortal [main] Starting Cleanup agents
2021-01-18 23:49:28,041 INFO U.R.SSHManager [main] Connected Successfully to host 10.243.68.210
2021-01-18 23:49:28,043 INFO U.R.SSHManager [main] Going to executing command: hostname
2021-01-18 23:49:28,070 DEBUG U.R.SSHManager [main] Done.
2021-01-18 23:49:31,303 INFO A.SimulatedAgentActions [main] SimulatedAgentActions, DS URL: https://endpoint-protection-services.inc.tw-test.net:443/
2021-01-18 23:49:31,346 INFO T.E.InitAndCleanupPortal [main] Going to send delete action to Centcom for agent on hostanem NTY-EN-8D25HC2
2021-01-18 23:49:31,346 DEBUG A.SeleniumBrowser [main] Selenium browser Launch - Before switch application type: Chrome
2021-01-18 23:49:31,347 DEBUG A.SeleniumBrowser [main] Setting Chrome driver location: C:/home/NepManagerDownloads/utils/chromedriver.exe
2021-01-18 23:49:31,348 DEBUG A.SeleniumBrowser [main] Selenium browser Launch - After creating new hashMap
2021-01-18 23:49:31,349 DEBUG A.SeleniumBrowser [main] Selenium browser Launch - After reading MasterDownloadFolder property: C:\home\NepManagerDownloads
2021-01-18 23:49:31,349 DEBUG A.SeleniumBrowser [main] Selenium browser Launch - After put to hash
2021-01-18 23:49:31,355 DEBUG A.SeleniumBrowser [main] Selenium browser Launch - After new chrome options
2021-01-18 23:49:31,359 DEBUG A.SeleniumBrowser [main] Selenium browser Launch - After chrome setExperimentalOption
2021-01-18 23:49:31,360 DEBUG A.SeleniumBrowser [main] Selenium browser Launch - Before setting several chrome options
2021-01-18 23:49:31,369 DEBUG A.SeleniumBrowser [main] Selenium browser Launch - Before creating new chrome driver
2021-01-18 23:49:35,991 DEBUG A.SeleniumBrowser [main] Selenium browser Launch - After creating new chrome driver
2021-01-18 23:49:36,000 DEBUG A.SeleniumBrowser [main] After Setting implicit timeout
2021-01-18 23:49:38,014 DEBUG A.SeleniumBrowser [main] After maximizing window 
2021-01-18 23:49:38,014 DEBUG A.SeleniumBrowser [main] LoadURL: Before check if driver equals to null 
2021-01-18 23:49:38,015 DEBUG A.SeleniumBrowser [main] LoadURL: After check if driver equals to null 
2021-01-18 23:49:38,015 DEBUG A.SeleniumBrowser [main] LoadURL: URL =  https://portal.inc.tw-test.net
2021-01-18 23:49:43,590 DEBUG A.SeleniumBrowser [main] LoadURL: after get URL =  https://portal.inc.tw-test.net
2021-01-18 23:49:45,029 DEBUG A.BrowserActions [main] Waiting for login button to be clickable...
2021-01-18 23:49:45,180 DEBUG A.BrowserActions [main] Login button clicked successfully...
2021-01-18 23:49:46,701 DEBUG A.SeleniumBrowser [main] LoadURL: Before check if driver equals to null 
2021-01-18 23:49:46,701 DEBUG A.SeleniumBrowser [main] LoadURL: After check if driver equals to null 
2021-01-18 23:49:46,702 DEBUG A.SeleniumBrowser [main] LoadURL: URL =  https://portal.inc.tw-test.net/#/operations?menuKey=centcom-devices&stackKey=entity-search&types=EntityType.AGENT
2021-01-18 23:49:47,107 DEBUG A.SeleniumBrowser [main] LoadURL: after get URL =  https://portal.inc.tw-test.net/#/operations?menuKey=centcom-devices&stackKey=entity-search&types=EntityType.AGENT
2021-01-18 23:50:25,967 ERROR A.BrowserActions [main] Cluster is already exists
2021-01-18 23:50:35,653 ERROR A.BrowserActions [main] Could not select the specific cluster  at CentCom search page. cluster: NTY-EN-8D25HC2
org.openqa.selenium.StaleElementReferenceException: stale element reference: element is not attached to the page document
  (Session info: chrome=87.0.4280.141)
For documentation on this error, please visit: https://www.seleniumhq.org/exceptions/stale_element_reference.html
Build info: version: '3.141.59', revision: 'e82be7d358', time: '2018-11-14T08:17:03'
System info: host: 'NTY-EN-8D25HC2', ip: '10.243.68.210', os.name: 'Windows 10', os.arch: 'amd64', os.version: '10.0', java.version: '12.0.2'
Driver info: org.openqa.selenium.chrome.ChromeDriver
Capabilities {acceptInsecureCerts: false, browserName: chrome, browserVersion: 87.0.4280.141, chrome: {chromedriverVersion: 87.0.4280.20 (c99e81631faa0..., userDataDir: C:\Users\MOSHE~1.AVI\AppDat...}, goog:chromeOptions: {debuggerAddress: localhost:60891}, javascriptEnabled: true, networkConnectionEnabled: false, pageLoadStrategy: normal, platform: WINDOWS, platformName: WINDOWS, proxy: Proxy(), setWindowRect: true, strictFileInteractability: false, timeouts: {implicit: 0, pageLoad: 300000, script: 30000}, unhandledPromptBehavior: dismiss and notify, webauthn:virtualAuthenticators: true}
Session ID: f880f830726a5c68ba42eb0761b2e7d4
	at jdk.internal.reflect.NativeConstructorAccessorImpl.newInstance0(Native Method) ~[?:?]
	at jdk.internal.reflect.NativeConstructorAccessorImpl.newInstance(NativeConstructorAccessorImpl.java:62) ~[?:?]
	at jdk.internal.reflect.DelegatingConstructorAccessorImpl.newInstance(DelegatingConstructorAccessorImpl.java:45) ~[?:?]
	at java.lang.reflect.Constructor.newInstanceWithCaller(Constructor.java:500) ~[?:?]
	at java.lang.reflect.Constructor.newInstance(Constructor.java:481) ~[?:?]
	at org.openqa.selenium.remote.http.W3CHttpResponseCodec.createException(W3CHttpResponseCodec.java:187) ~[selenium-remote-driver-3.141.59.jar:?]
	at org.openqa.selenium.remote.http.W3CHttpResponseCodec.decode(W3CHttpResponseCodec.java:122) ~[selenium-remote-driver-3.141.59.jar:?]
	at org.openqa.selenium.remote.http.W3CHttpResponseCodec.decode(W3CHttpResponseCodec.java:49) ~[selenium-remote-driver-3.141.59.jar:?]
	at org.openqa.selenium.remote.HttpCommandExecutor.execute(HttpCommandExecutor.java:158) ~[selenium-remote-driver-3.141.59.jar:?]
	at org.openqa.selenium.remote.service.DriverCommandExecutor.execute(DriverCommandExecutor.java:83) ~[selenium-remote-driver-3.141.59.jar:?]
	at org.openqa.selenium.remote.RemoteWebDriver.execute(RemoteWebDriver.java:552) ~[selenium-remote-driver-3.141.59.jar:?]
	at org.openqa.selenium.remote.RemoteWebElement.execute(RemoteWebElement.java:285) ~[selenium-remote-driver-3.141.59.jar:?]
	at org.openqa.selenium.remote.RemoteWebElement.click(RemoteWebElement.java:84) ~[selenium-remote-driver-3.141.59.jar:?]
	at jdk.internal.reflect.NativeMethodAccessorImpl.invoke0(Native Method) ~[?:?]
	at jdk.internal.reflect.NativeMethodAccessorImpl.invoke(NativeMethodAccessorImpl.java:62) ~[?:?]
	at jdk.internal.reflect.DelegatingMethodAccessorImpl.invoke(DelegatingMethodAccessorImpl.java:43) ~[?:?]
	at java.lang.reflect.Method.invoke(Method.java:567) ~[?:?]
	at org.openqa.selenium.support.pagefactory.internal.LocatingElementHandler.invoke(LocatingElementHandler.java:51) ~[selenium-support-3.141.59.jar:?]
	at com.sun.proxy.$Proxy30.click(Unknown Source) ~[?:?]
	at Actions.BrowserActions.CreateNewCluster(BrowserActions.java:678) ~[classes/:?]
	at Tests.Environments.InitAndCleanupPortal.ClusterActions(InitAndCleanupPortal.java:127) ~[classes/:?]
	at Tests.Environments.InitAndCleanupPortal.cleanupAgents(InitAndCleanupPortal.java:66) ~[classes/:?]
	at jdk.internal.reflect.NativeMethodAccessorImpl.invoke0(Native Method) ~[?:?]
	at jdk.internal.reflect.NativeMethodAccessorImpl.invoke(NativeMethodAccessorImpl.java:62) ~[?:?]
	at jdk.internal.reflect.DelegatingMethodAccessorImpl.invoke(DelegatingMethodAccessorImpl.java:43) ~[?:?]
	at java.lang.reflect.Method.invoke(Method.java:567) ~[?:?]
	at org.testng.internal.MethodInvocationHelper.invokeMethod(MethodInvocationHelper.java:134) ~[testng-7.1.0.jar:?]
	at org.testng.internal.TestInvoker.invokeMethod(TestInvoker.java:597) ~[testng-7.1.0.jar:?]
	at org.testng.internal.TestInvoker.invokeTestMethod(TestInvoker.java:173) ~[testng-7.1.0.jar:?]
	at org.testng.internal.MethodRunner.runInSequence(MethodRunner.java:46) ~[testng-7.1.0.jar:?]
	at org.testng.internal.TestInvoker$MethodInvocationAgent.invoke(TestInvoker.java:816) ~[testng-7.1.0.jar:?]
	at org.testng.internal.TestInvoker.invokeTestMethods(TestInvoker.java:146) ~[testng-7.1.0.jar:?]
	at org.testng.internal.TestMethodWorker.invokeTestMethods(TestMethodWorker.java:146) ~[testng-7.1.0.jar:?]
	at org.testng.internal.TestMethodWorker.run(TestMethodWorker.java:128) ~[testng-7.1.0.jar:?]
	at java.util.ArrayList.forEach(ArrayList.java:1540) [?:?]
	at org.testng.TestRunner.privateRun(TestRunner.java:766) [testng-7.1.0.jar:?]
	at org.testng.TestRunner.run(TestRunner.java:587) [testng-7.1.0.jar:?]
	at org.testng.SuiteRunner.runTest(SuiteRunner.java:384) [testng-7.1.0.jar:?]
	at org.testng.SuiteRunner.runSequentially(SuiteRunner.java:378) [testng-7.1.0.jar:?]
	at org.testng.SuiteRunner.privateRun(SuiteRunner.java:337) [testng-7.1.0.jar:?]
	at org.testng.SuiteRunner.run(SuiteRunner.java:286) [testng-7.1.0.jar:?]
	at org.testng.SuiteRunnerWorker.runSuite(SuiteRunnerWorker.java:53) [testng-7.1.0.jar:?]
	at org.testng.SuiteRunnerWorker.run(SuiteRunnerWorker.java:96) [testng-7.1.0.jar:?]
	at org.testng.TestNG.runSuitesSequentially(TestNG.java:1187) [testng-7.1.0.jar:?]
	at org.testng.TestNG.runSuitesLocally(TestNG.java:1109) [testng-7.1.0.jar:?]
	at org.testng.TestNG.runSuites(TestNG.java:1039) [testng-7.1.0.jar:?]
	at org.testng.TestNG.run(TestNG.java:1007) [testng-7.1.0.jar:?]
	at Utils.Main.RunTest.main(RunTest.java:116) [classes/:?]
2021-01-18 23:50:35,662 INFO T.E.InitAndCleanupPortal [main] Agent was found and delete action was done in Centcom, going to wait until service is uninstalled from agent
2021-01-18 23:50:40,663 INFO U.R.SSHManager [main] Going to executing command: net start
2021-01-18 23:50:40,742 DEBUG U.R.SSHManager [main] Done.
2021-01-18 23:50:40,742 INFO A.BaseAgentActions [main] Endpoint service was stopped!
2021-01-18 23:50:40,743 DEBUG A.BaseAgentActions [main] Agent Service was not found after uninstall
2021-01-18 23:50:40,743 INFO U.R.SSHManager [main] Going to executing command: tasklist
2021-01-18 23:50:41,245 DEBUG U.R.SSHManager [main] Done.
2021-01-18 23:50:41,245 DEBUG A.BaseAgentActions [main] Agent process was not found after uninstall
2021-01-18 23:50:41,246 INFO T.E.InitAndCleanupPortal [main] Done. Service is not running on agent
2021-01-18 23:50:41,246 INFO T.E.InitAndCleanupPortal [main] Goind to send check updates by a simulated agent, to catch the 'uninstall' action, if applicable.
2021-01-18 23:50:41,247 INFO A.SimulatedAgentActions [main] Starting checkUpdates. Params: uuid CAD2A00C-FB6E-4216-9BCA-208775754967 epName NTY-EN-8D25HC2 binVersion 1.4.0.9999 confVersion 1 reporting status 0 schema version 1.1.1 
2021-01-18 23:50:41,247 DEBUG A.SimulatedAgentActions [main] Will send request check-updates/CAD2A00C-FB6E-4216-9BCA-208775754967/bin-ver/1.4.0.9999/conf-ver/1/reporting-status/0/local-name/NTY-EN-8D25HC2/schema-ver/1.1.1/
2021-01-18 23:50:42,374 ERROR A.SimulatedAgentActions [main] Failed to process the check updates request
java.io.FileNotFoundException: C:\home\NepManagerDownloads\inc\endpoint-111-1398155.111.p12 (The system cannot find the path specified)
	at java.io.FileInputStream.open0(Native Method) ~[?:?]
	at java.io.FileInputStream.open(FileInputStream.java:213) ~[?:?]
	at java.io.FileInputStream.<init>(FileInputStream.java:155) ~[?:?]
	at org.codehaus.groovy.runtime.ResourceGroovyMethods.newInputStream(ResourceGroovyMethods.java:2178) ~[groovy-3.0.3.jar:3.0.3]
	at org.codehaus.groovy.runtime.ResourceGroovyMethods.withInputStream(ResourceGroovyMethods.java:1882) ~[groovy-3.0.3.jar:3.0.3]
	at org.codehaus.groovy.runtime.dgm$1099.invoke(Unknown Source) ~[groovy-3.0.3.jar:3.0.3]
	at org.codehaus.groovy.runtime.callsite.PojoMetaMethodSite$PojoMetaMethodSiteNoUnwrapNoCoerce.invoke(PojoMetaMethodSite.java:247) ~[groovy-3.0.3.jar:3.0.3]
	at org.codehaus.groovy.runtime.callsite.PojoMetaMethodSite.call(PojoMetaMethodSite.java:56) ~[groovy-3.0.3.jar:3.0.3]
	at org.codehaus.groovy.runtime.callsite.CallSiteArray.defaultCall(CallSiteArray.java:47) ~[groovy-3.0.3.jar:3.0.3]
	at org.codehaus.groovy.runtime.callsite.AbstractCallSite.call(AbstractCallSite.java:125) ~[groovy-3.0.3.jar:3.0.3]
	at org.codehaus.groovy.runtime.callsite.AbstractCallSite.call(AbstractCallSite.java:139) ~[groovy-3.0.3.jar:3.0.3]
	at io.restassured.internal.TrustAndKeystoreSpecImpl.createStore(TrustAndKeystoreSpecImpl.groovy:92) ~[rest-assured-4.3.1.jar:?]
	at io.restassured.internal.TrustAndKeystoreSpecImpl$createStore.callCurrent(Unknown Source) ~[?:?]
	at org.codehaus.groovy.runtime.callsite.CallSiteArray.defaultCallCurrent(CallSiteArray.java:51) ~[groovy-3.0.3.jar:3.0.3]
	at org.codehaus.groovy.runtime.callsite.AbstractCallSite.callCurrent(AbstractCallSite.java:171) ~[groovy-3.0.3.jar:3.0.3]
	at org.codehaus.groovy.runtime.callsite.AbstractCallSite.callCurrent(AbstractCallSite.java:203) ~[groovy-3.0.3.jar:3.0.3]
	at io.restassured.internal.TrustAndKeystoreSpecImpl.apply(TrustAndKeystoreSpecImpl.groovy:48) ~[rest-assured-4.3.1.jar:?]
	at io.restassured.internal.http.AuthConfig.certificate(AuthConfig.java:158) ~[rest-assured-4.3.1.jar:?]
	at io.restassured.internal.http.AuthConfig$certificate.call(Unknown Source) ~[?:?]
	at org.codehaus.groovy.runtime.callsite.CallSiteArray.defaultCall(CallSiteArray.java:47) ~[groovy-3.0.3.jar:3.0.3]
	at org.codehaus.groovy.runtime.callsite.AbstractCallSite.call(AbstractCallSite.java:125) ~[groovy-3.0.3.jar:3.0.3]
	at io.restassured.authentication.CertAuthScheme.authenticate(CertAuthScheme.groovy:39) ~[rest-assured-4.3.1.jar:?]
	at io.restassured.authentication.AuthenticationScheme$authenticate.call(Unknown Source) ~[?:?]
	at org.codehaus.groovy.runtime.callsite.CallSiteArray.defaultCall(CallSiteArray.java:47) ~[groovy-3.0.3.jar:3.0.3]
	at org.codehaus.groovy.runtime.callsite.AbstractCallSite.call(AbstractCallSite.java:125) ~[groovy-3.0.3.jar:3.0.3]
	at org.codehaus.groovy.runtime.callsite.AbstractCallSite.call(AbstractCallSite.java:139) ~[groovy-3.0.3.jar:3.0.3]
	at io.restassured.internal.RequestSpecificationImpl.sendRequest(RequestSpecificationImpl.groovy:1172) ~[rest-assured-4.3.1.jar:?]
	at jdk.internal.reflect.NativeMethodAccessorImpl.invoke0(Native Method) ~[?:?]
	at jdk.internal.reflect.NativeMethodAccessorImpl.invoke(NativeMethodAccessorImpl.java:62) ~[?:?]
	at jdk.internal.reflect.DelegatingMethodAccessorImpl.invoke(DelegatingMethodAccessorImpl.java:43) ~[?:?]
	at java.lang.reflect.Method.invoke(Method.java:567) ~[?:?]
	at org.codehaus.groovy.reflection.CachedMethod.invoke(CachedMethod.java:107) ~[groovy-3.0.3.jar:3.0.3]
	at groovy.lang.MetaMethod.doMethodInvoke(MetaMethod.java:323) ~[groovy-3.0.3.jar:3.0.3]
	at groovy.lang.MetaClassImpl.invokeMethod(MetaClassImpl.java:1262) ~[groovy-3.0.3.jar:3.0.3]
	at groovy.lang.MetaClassImpl.invokeMethod(MetaClassImpl.java:1029) ~[groovy-3.0.3.jar:3.0.3]
	at groovy.lang.MetaClassImpl.invokeMethod(MetaClassImpl.java:816) ~[groovy-3.0.3.jar:3.0.3]
	at groovy.lang.GroovyObject.invokeMethod(GroovyObject.java:39) ~[groovy-3.0.3.jar:3.0.3]
	at org.codehaus.groovy.runtime.callsite.PogoInterceptableSite.call(PogoInterceptableSite.java:45) ~[groovy-3.0.3.jar:3.0.3]
	at org.codehaus.groovy.runtime.callsite.CallSiteArray.defaultCall(CallSiteArray.java:47) ~[groovy-3.0.3.jar:3.0.3]
	at org.codehaus.groovy.runtime.callsite.AbstractCallSite.call(AbstractCallSite.java:125) ~[groovy-3.0.3.jar:3.0.3]
	at org.codehaus.groovy.runtime.callsite.AbstractCallSite.call(AbstractCallSite.java:166) ~[groovy-3.0.3.jar:3.0.3]
	at io.restassured.internal.filter.SendRequestFilter.filter(SendRequestFilter.groovy:30) ~[rest-assured-4.3.1.jar:?]
	at io.restassured.filter.Filter$filter$0.call(Unknown Source) ~[?:?]
	at org.codehaus.groovy.runtime.callsite.CallSiteArray.defaultCall(CallSiteArray.java:47) ~[groovy-3.0.3.jar:3.0.3]
	at io.restassured.filter.Filter$filter.call(Unknown Source) ~[?:?]
	at io.restassured.internal.filter.FilterContextImpl.next(FilterContextImpl.groovy:72) ~[rest-assured-4.3.1.jar:?]
	at io.restassured.filter.time.TimingFilter.filter(TimingFilter.java:56) ~[rest-assured-4.3.1.jar:?]
	at io.restassured.filter.Filter$filter.call(Unknown Source) ~[?:?]
	at org.codehaus.groovy.runtime.callsite.CallSiteArray.defaultCall(CallSiteArray.java:47) ~[groovy-3.0.3.jar:3.0.3]
	at org.codehaus.groovy.runtime.callsite.AbstractCallSite.call(AbstractCallSite.java:125) ~[groovy-3.0.3.jar:3.0.3]
	at org.codehaus.groovy.runtime.callsite.AbstractCallSite.call(AbstractCallSite.java:157) ~[groovy-3.0.3.jar:3.0.3]
	at io.restassured.internal.filter.FilterContextImpl.next(FilterContextImpl.groovy:72) ~[rest-assured-4.3.1.jar:?]
	at io.restassured.filter.FilterContext$next.call(Unknown Source) ~[?:?]
	at org.codehaus.groovy.runtime.callsite.CallSiteArray.defaultCall(CallSiteArray.java:47) ~[groovy-3.0.3.jar:3.0.3]
	at org.codehaus.groovy.runtime.callsite.AbstractCallSite.call(AbstractCallSite.java:125) ~[groovy-3.0.3.jar:3.0.3]
	at org.codehaus.groovy.runtime.callsite.AbstractCallSite.call(AbstractCallSite.java:148) ~[groovy-3.0.3.jar:3.0.3]
	at io.restassured.internal.RequestSpecificationImpl.applyPathParamsAndSendRequest(RequestSpecificationImpl.groovy:1655) ~[rest-assured-4.3.1.jar:?]
	at jdk.internal.reflect.NativeMethodAccessorImpl.invoke0(Native Method) ~[?:?]
	at jdk.internal.reflect.NativeMethodAccessorImpl.invoke(NativeMethodAccessorImpl.java:62) ~[?:?]
	at jdk.internal.reflect.DelegatingMethodAccessorImpl.invoke(DelegatingMethodAccessorImpl.java:43) ~[?:?]
	at java.lang.reflect.Method.invoke(Method.java:567) ~[?:?]
	at org.codehaus.groovy.reflection.CachedMethod.invoke(CachedMethod.java:107) ~[groovy-3.0.3.jar:3.0.3]
	at groovy.lang.MetaMethod.doMethodInvoke(MetaMethod.java:323) ~[groovy-3.0.3.jar:3.0.3]
	at groovy.lang.MetaClassImpl.invokeMethod(MetaClassImpl.java:1262) ~[groovy-3.0.3.jar:3.0.3]
	at groovy.lang.MetaClassImpl.invokeMethod(MetaClassImpl.java:1029) ~[groovy-3.0.3.jar:3.0.3]
	at groovy.lang.MetaClassImpl.invokeMethod(MetaClassImpl.java:816) ~[groovy-3.0.3.jar:3.0.3]
	at groovy.lang.GroovyObject.invokeMethod(GroovyObject.java:39) ~[groovy-3.0.3.jar:3.0.3]
	at org.codehaus.groovy.runtime.callsite.PogoInterceptableSite.call(PogoInterceptableSite.java:45) ~[groovy-3.0.3.jar:3.0.3]
	at org.codehaus.groovy.runtime.callsite.PogoInterceptableSite.callCurrent(PogoInterceptableSite.java:55) ~[groovy-3.0.3.jar:3.0.3]
	at org.codehaus.groovy.runtime.callsite.CallSiteArray.defaultCallCurrent(CallSiteArray.java:51) ~[groovy-3.0.3.jar:3.0.3]
	at org.codehaus.groovy.runtime.callsite.AbstractCallSite.callCurrent(AbstractCallSite.java:171) ~[groovy-3.0.3.jar:3.0.3]
	at org.codehaus.groovy.runtime.callsite.AbstractCallSite.callCurrent(AbstractCallSite.java:203) ~[groovy-3.0.3.jar:3.0.3]
	at io.restassured.internal.RequestSpecificationImpl.applyPathParamsAndSendRequest(RequestSpecificationImpl.groovy:1661) ~[rest-assured-4.3.1.jar:?]
	at jdk.internal.reflect.NativeMethodAccessorImpl.invoke0(Native Method) ~[?:?]
	at jdk.internal.reflect.NativeMethodAccessorImpl.invoke(NativeMethodAccessorImpl.java:62) ~[?:?]
	at jdk.internal.reflect.DelegatingMethodAccessorImpl.invoke(DelegatingMethodAccessorImpl.java:43) ~[?:?]
	at java.lang.reflect.Method.invoke(Method.java:567) ~[?:?]
	at org.codehaus.groovy.reflection.CachedMethod.invoke(CachedMethod.java:107) ~[groovy-3.0.3.jar:3.0.3]
	at groovy.lang.MetaMethod.doMethodInvoke(MetaMethod.java:323) ~[groovy-3.0.3.jar:3.0.3]
	at groovy.lang.MetaClassImpl.invokeMethod(MetaClassImpl.java:1262) ~[groovy-3.0.3.jar:3.0.3]
	at groovy.lang.MetaClassImpl.invokeMethod(MetaClassImpl.java:1029) ~[groovy-3.0.3.jar:3.0.3]
	at groovy.lang.MetaClassImpl.invokeMethod(MetaClassImpl.java:816) ~[groovy-3.0.3.jar:3.0.3]
	at groovy.lang.GroovyObject.invokeMethod(GroovyObject.java:39) ~[groovy-3.0.3.jar:3.0.3]
	at org.codehaus.groovy.runtime.callsite.PogoInterceptableSite.call(PogoInterceptableSite.java:45) ~[groovy-3.0.3.jar:3.0.3]
	at org.codehaus.groovy.runtime.callsite.PogoInterceptableSite.callCurrent(PogoInterceptableSite.java:55) ~[groovy-3.0.3.jar:3.0.3]
	at org.codehaus.groovy.runtime.callsite.CallSiteArray.defaultCallCurrent(CallSiteArray.java:51) ~[groovy-3.0.3.jar:3.0.3]
	at org.codehaus.groovy.runtime.callsite.AbstractCallSite.callCurrent(AbstractCallSite.java:171) ~[groovy-3.0.3.jar:3.0.3]
	at org.codehaus.groovy.runtime.callsite.AbstractCallSite.callCurrent(AbstractCallSite.java:203) ~[groovy-3.0.3.jar:3.0.3]
	at io.restassured.internal.RequestSpecificationImpl.get(RequestSpecificationImpl.groovy:171) ~[rest-assured-4.3.1.jar:?]
	at io.restassured.internal.RequestSpecificationImpl.get(RequestSpecificationImpl.groovy) ~[rest-assured-4.3.1.jar:?]
	at Actions.SimulatedAgentActions.sendCheckUpdates(SimulatedAgentActions.java:218) ~[classes/:?]
	at Actions.SimulatedAgentActions.sendCheckUpdatesWithoutVerify(SimulatedAgentActions.java:146) ~[classes/:?]
	at Tests.Environments.InitAndCleanupPortal.sendCheckUpdatesBySimulatedAgent(InitAndCleanupPortal.java:162) ~[classes/:?]
	at Tests.Environments.InitAndCleanupPortal.cleanupAgents(InitAndCleanupPortal.java:71) ~[classes/:?]
	at jdk.internal.reflect.NativeMethodAccessorImpl.invoke0(Native Method) ~[?:?]
	at jdk.internal.reflect.NativeMethodAccessorImpl.invoke(NativeMethodAccessorImpl.java:62) ~[?:?]
	at jdk.internal.reflect.DelegatingMethodAccessorImpl.invoke(DelegatingMethodAccessorImpl.java:43) ~[?:?]
	at java.lang.reflect.Method.invoke(Method.java:567) ~[?:?]
	at org.testng.internal.MethodInvocationHelper.invokeMethod(MethodInvocationHelper.java:134) ~[testng-7.1.0.jar:?]
	at org.testng.internal.TestInvoker.invokeMethod(TestInvoker.java:597) ~[testng-7.1.0.jar:?]
	at org.testng.internal.TestInvoker.invokeTestMethod(TestInvoker.java:173) ~[testng-7.1.0.jar:?]
	at org.testng.internal.MethodRunner.runInSequence(MethodRunner.java:46) ~[testng-7.1.0.jar:?]
	at org.testng.internal.TestInvoker$MethodInvocationAgent.invoke(TestInvoker.java:816) ~[testng-7.1.0.jar:?]
	at org.testng.internal.TestInvoker.invokeTestMethods(TestInvoker.java:146) ~[testng-7.1.0.jar:?]
	at org.testng.internal.TestMethodWorker.invokeTestMethods(TestMethodWorker.java:146) ~[testng-7.1.0.jar:?]
	at org.testng.internal.TestMethodWorker.run(TestMethodWorker.java:128) ~[testng-7.1.0.jar:?]
	at java.util.ArrayList.forEach(ArrayList.java:1540) [?:?]
	at org.testng.TestRunner.privateRun(TestRunner.java:766) [testng-7.1.0.jar:?]
	at org.testng.TestRunner.run(TestRunner.java:587) [testng-7.1.0.jar:?]
	at org.testng.SuiteRunner.runTest(SuiteRunner.java:384) [testng-7.1.0.jar:?]
	at org.testng.SuiteRunner.runSequentially(SuiteRunner.java:378) [testng-7.1.0.jar:?]
	at org.testng.SuiteRunner.privateRun(SuiteRunner.java:337) [testng-7.1.0.jar:?]
	at org.testng.SuiteRunner.run(SuiteRunner.java:286) [testng-7.1.0.jar:?]
	at org.testng.SuiteRunnerWorker.runSuite(SuiteRunnerWorker.java:53) [testng-7.1.0.jar:?]
	at org.testng.SuiteRunnerWorker.run(SuiteRunnerWorker.java:96) [testng-7.1.0.jar:?]
	at org.testng.TestNG.runSuitesSequentially(TestNG.java:1187) [testng-7.1.0.jar:?]
	at org.testng.TestNG.runSuitesLocally(TestNG.java:1109) [testng-7.1.0.jar:?]
	at org.testng.TestNG.runSuites(TestNG.java:1039) [testng-7.1.0.jar:?]
	at org.testng.TestNG.run(TestNG.java:1007) [testng-7.1.0.jar:?]
	at Utils.Main.RunTest.main(RunTest.java:116) [classes/:?]
2021-01-18 23:50:42,465 ERROR U.T.InvokedMethodListener [main] Failed to process the check updates request

Video: C:\Nep-4-next\nep-qa-next@f35aa3a96df\nep-qa-automation/test-output/capture/InitAndCleanupPortal-18-01-2021-23.49.22.avi
ScreenShot: C:\Nep-4-next\nep-qa-next@f35aa3a96df\nep-qa-automation/test-output/capture/InitAndCleanupPortal-18-01-2021-23.49.22.png


