2021-01-14 17:33:42,458 DEBUG T.RecordedTest [main] screenshot file: C:\Nep-4-next\nep-qa-next@f35aa3a96df\nep-qa-automation/test-output/capture/InitAndCleanupPortal-14-01-2021-17.33.42.png
2021-01-14 17:33:42,489 INFO T.E.InitAndCleanupPortal [main] Starting Cleanup agents
2021-01-14 17:33:49,715 INFO U.R.SSHManager [main] Connected Successfully to host 10.243.68.197
2021-01-14 17:33:49,717 INFO U.R.SSHManager [main] Going to executing command: hostname
2021-01-14 17:33:49,750 DEBUG U.R.SSHManager [main] Done.
2021-01-14 17:33:54,395 INFO A.SimulatedAgentActions [main] SimulatedAgentActions, DS URL: https://endpoint-protection-services.qa.tw-test.net:443/
2021-01-14 17:33:54,441 INFO T.E.InitAndCleanupPortal [main] Going to send delete action to Centcom for agent on hostanem NTY-EN-8D25HC2
2021-01-14 17:33:54,442 DEBUG A.SeleniumBrowser [main] Selenium browser Launch - Before switch application type: Chrome
2021-01-14 17:33:54,443 DEBUG A.SeleniumBrowser [main] Setting Chrome driver location: C:/home/NepManagerDownloads/utils/chromedriver.exe
2021-01-14 17:33:54,443 DEBUG A.SeleniumBrowser [main] Selenium browser Launch - After creating new hashMap
2021-01-14 17:33:54,444 DEBUG A.SeleniumBrowser [main] Selenium browser Launch - After reading MasterDownloadFolder property: C:\home\NepManagerDownloads
2021-01-14 17:33:54,444 DEBUG A.SeleniumBrowser [main] Selenium browser Launch - After put to hash
2021-01-14 17:33:54,449 DEBUG A.SeleniumBrowser [main] Selenium browser Launch - After new chrome options
2021-01-14 17:33:54,451 DEBUG A.SeleniumBrowser [main] Selenium browser Launch - After chrome setExperimentalOption
2021-01-14 17:33:54,452 DEBUG A.SeleniumBrowser [main] Selenium browser Launch - Before setting several chrome options
2021-01-14 17:33:54,490 DEBUG A.SeleniumBrowser [main] Selenium browser Launch - Before creating new chrome driver
2021-01-14 17:34:06,942 DEBUG A.SeleniumBrowser [main] Selenium browser Launch - After creating new chrome driver
2021-01-14 17:34:07,004 DEBUG A.SeleniumBrowser [main] After Setting implicit timeout
2021-01-14 17:34:09,076 DEBUG A.SeleniumBrowser [main] After maximizing window 
2021-01-14 17:34:09,076 DEBUG A.SeleniumBrowser [main] LoadURL: Before check if driver equals to null 
2021-01-14 17:34:09,077 DEBUG A.SeleniumBrowser [main] LoadURL: After check if driver equals to null 
2021-01-14 17:34:09,077 DEBUG A.SeleniumBrowser [main] LoadURL: URL =  https://portal.qa.tw-test.net
2021-01-14 17:34:17,926 DEBUG A.SeleniumBrowser [main] LoadURL: after get URL =  https://portal.qa.tw-test.net
2021-01-14 17:34:19,817 DEBUG A.BrowserActions [main] Waiting for login button to be clickable...
2021-01-14 17:34:20,064 DEBUG A.BrowserActions [main] Login button clicked successfully...
2021-01-14 17:34:22,201 DEBUG A.SeleniumBrowser [main] LoadURL: Before check if driver equals to null 
2021-01-14 17:34:22,202 DEBUG A.SeleniumBrowser [main] LoadURL: After check if driver equals to null 
2021-01-14 17:34:22,202 DEBUG A.SeleniumBrowser [main] LoadURL: URL =  https://portal.qa.tw-test.net/#/operations?menuKey=centcom-devices&stackKey=entity-search&types=EntityType.AGENT
2021-01-14 17:34:22,931 DEBUG A.SeleniumBrowser [main] LoadURL: after get URL =  https://portal.qa.tw-test.net/#/operations?menuKey=centcom-devices&stackKey=entity-search&types=EntityType.AGENT
2021-01-14 17:34:43,061 ERROR A.BrowserActions [main] Cluster is already exists
2021-01-14 17:34:43,151 ERROR U.T.InvokedMethodListener [main] Cluster is already exists

Video: C:\Nep-4-next\nep-qa-next@f35aa3a96df\nep-qa-automation/test-output/capture/InitAndCleanupPortal-14-01-2021-17.33.42.avi
ScreenShot: C:\Nep-4-next\nep-qa-next@f35aa3a96df\nep-qa-automation/test-output/capture/InitAndCleanupPortal-14-01-2021-17.33.42.png


2021-01-14 17:35:35,579 DEBUG T.RecordedTest [main] screenshot file: C:\Nep-4-next\nep-qa-next@f35aa3a96df\nep-qa-automation/test-output/capture/InitAndCleanupPortal-14-01-2021-17.35.35.png
2021-01-14 17:35:35,592 INFO T.E.InitAndCleanupPortal [main] Starting Cleanup agents
2021-01-14 17:35:41,343 INFO U.R.SSHManager [main] Connected Successfully to host 10.243.68.197
2021-01-14 17:35:41,346 INFO U.R.SSHManager [main] Going to executing command: hostname
2021-01-14 17:35:41,381 DEBUG U.R.SSHManager [main] Done.
2021-01-14 17:35:45,600 INFO A.SimulatedAgentActions [main] SimulatedAgentActions, DS URL: https://endpoint-protection-services.qa.tw-test.net:443/
2021-01-14 17:35:45,620 INFO T.E.InitAndCleanupPortal [main] Going to send delete action to Centcom for agent on hostanem NTY-EN-8D25HC2
2021-01-14 17:35:45,622 DEBUG A.SeleniumBrowser [main] Selenium browser Launch - Before switch application type: Chrome
2021-01-14 17:35:45,623 DEBUG A.SeleniumBrowser [main] Setting Chrome driver location: C:/home/NepManagerDownloads/utils/chromedriver.exe
2021-01-14 17:35:45,623 DEBUG A.SeleniumBrowser [main] Selenium browser Launch - After creating new hashMap
2021-01-14 17:35:45,623 DEBUG A.SeleniumBrowser [main] Selenium browser Launch - After reading MasterDownloadFolder property: C:\home\NepManagerDownloads
2021-01-14 17:35:45,624 DEBUG A.SeleniumBrowser [main] Selenium browser Launch - After put to hash
2021-01-14 17:35:45,628 DEBUG A.SeleniumBrowser [main] Selenium browser Launch - After new chrome options
2021-01-14 17:35:45,631 DEBUG A.SeleniumBrowser [main] Selenium browser Launch - After chrome setExperimentalOption
2021-01-14 17:35:45,631 DEBUG A.SeleniumBrowser [main] Selenium browser Launch - Before setting several chrome options
2021-01-14 17:35:45,637 DEBUG A.SeleniumBrowser [main] Selenium browser Launch - Before creating new chrome driver
2021-01-14 17:35:49,737 DEBUG A.SeleniumBrowser [main] Selenium browser Launch - After creating new chrome driver
2021-01-14 17:35:49,745 DEBUG A.SeleniumBrowser [main] After Setting implicit timeout
2021-01-14 17:35:51,761 DEBUG A.SeleniumBrowser [main] After maximizing window 
2021-01-14 17:35:51,762 DEBUG A.SeleniumBrowser [main] LoadURL: Before check if driver equals to null 
2021-01-14 17:35:51,762 DEBUG A.SeleniumBrowser [main] LoadURL: After check if driver equals to null 
2021-01-14 17:35:51,762 DEBUG A.SeleniumBrowser [main] LoadURL: URL =  https://portal.qa.tw-test.net
2021-01-14 17:35:58,633 DEBUG A.SeleniumBrowser [main] LoadURL: after get URL =  https://portal.qa.tw-test.net
2021-01-14 17:36:00,361 DEBUG A.BrowserActions [main] Waiting for login button to be clickable...
2021-01-14 17:36:00,529 DEBUG A.BrowserActions [main] Login button clicked successfully...
2021-01-14 17:36:03,030 DEBUG A.SeleniumBrowser [main] LoadURL: Before check if driver equals to null 
2021-01-14 17:36:03,030 DEBUG A.SeleniumBrowser [main] LoadURL: After check if driver equals to null 
2021-01-14 17:36:03,031 DEBUG A.SeleniumBrowser [main] LoadURL: URL =  https://portal.qa.tw-test.net/#/operations?menuKey=centcom-devices&stackKey=entity-search&types=EntityType.AGENT
2021-01-14 17:36:04,047 DEBUG A.SeleniumBrowser [main] LoadURL: after get URL =  https://portal.qa.tw-test.net/#/operations?menuKey=centcom-devices&stackKey=entity-search&types=EntityType.AGENT
2021-01-14 17:39:21,983 ERROR U.T.InvokedMethodListener [main] Could not delete from CentCom endpoint: NTY-EN-8D25HC2
org.openqa.selenium.ElementNotInteractableException: element not interactable
  (Session info: chrome=87.0.4280.141)
Build info: version: '3.141.59', revision: 'e82be7d358', time: '2018-11-14T08:17:03'
System info: host: 'NTY-EN-8D25HC2', ip: '10.243.68.197', os.name: 'Windows 10', os.arch: 'amd64', os.version: '10.0', java.version: '12.0.2'
Driver info: org.openqa.selenium.chrome.ChromeDriver
Capabilities {acceptInsecureCerts: false, browserName: chrome, browserVersion: 87.0.4280.141, chrome: {chromedriverVersion: 87.0.4280.20 (c99e81631faa0..., userDataDir: C:\Users\MOSHE~1.AVI\AppDat...}, goog:chromeOptions: {debuggerAddress: localhost:53382}, javascriptEnabled: true, networkConnectionEnabled: false, pageLoadStrategy: normal, platform: WINDOWS, platformName: WINDOWS, proxy: Proxy(), setWindowRect: true, strictFileInteractability: false, timeouts: {implicit: 0, pageLoad: 300000, script: 30000}, unhandledPromptBehavior: dismiss and notify, webauthn:virtualAuthenticators: true}
Session ID: e7ba1549ee13685589b43a5fd3bbec9f

Video: C:\Nep-4-next\nep-qa-next@f35aa3a96df\nep-qa-automation/test-output/capture/InitAndCleanupPortal-14-01-2021-17.35.35.avi
ScreenShot: C:\Nep-4-next\nep-qa-next@f35aa3a96df\nep-qa-automation/test-output/capture/InitAndCleanupPortal-14-01-2021-17.35.35.png


2021-01-14 18:07:18,778 DEBUG T.RecordedTest [main] screenshot file: C:\Nep-4-next\nep-qa-next@f35aa3a96df\nep-qa-automation/test-output/capture/InitAndCleanupPortal-14-01-2021-18.07.18.png
2021-01-14 18:07:18,791 INFO T.E.InitAndCleanupPortal [main] Starting Cleanup agents
2021-01-14 18:07:53,327 DEBUG T.RecordedTest [main] screenshot file: C:\Nep-4-next\nep-qa-next@f35aa3a96df\nep-qa-automation/test-output/capture/InitAndCleanupPortal-14-01-2021-18.07.53.png
2021-01-14 18:07:53,335 INFO T.E.InitAndCleanupPortal [main] Starting Cleanup agents
2021-01-14 18:07:58,992 INFO U.R.SSHManager [main] Connected Successfully to host 10.243.68.197
2021-01-14 18:07:58,994 INFO U.R.SSHManager [main] Going to executing command: hostname
2021-01-14 18:07:59,022 DEBUG U.R.SSHManager [main] Done.
2021-01-14 18:08:03,393 INFO A.SimulatedAgentActions [main] SimulatedAgentActions, DS URL: https://endpoint-protection-services.qa.tw-test.net:443/
2021-01-14 18:08:03,408 INFO T.E.InitAndCleanupPortal [main] Going to send delete action to Centcom for agent on hostanem NTY-EN-8D25HC2
2021-01-14 18:08:03,410 DEBUG A.SeleniumBrowser [main] Selenium browser Launch - Before switch application type: Chrome
2021-01-14 18:08:03,411 DEBUG A.SeleniumBrowser [main] Setting Chrome driver location: C:/home/NepManagerDownloads/utils/chromedriver.exe
2021-01-14 18:08:03,411 DEBUG A.SeleniumBrowser [main] Selenium browser Launch - After creating new hashMap
2021-01-14 18:08:03,412 DEBUG A.SeleniumBrowser [main] Selenium browser Launch - After reading MasterDownloadFolder property: C:\home\NepManagerDownloads
2021-01-14 18:08:03,413 DEBUG A.SeleniumBrowser [main] Selenium browser Launch - After put to hash
2021-01-14 18:08:03,418 DEBUG A.SeleniumBrowser [main] Selenium browser Launch - After new chrome options
2021-01-14 18:08:03,421 DEBUG A.SeleniumBrowser [main] Selenium browser Launch - After chrome setExperimentalOption
2021-01-14 18:08:03,422 DEBUG A.SeleniumBrowser [main] Selenium browser Launch - Before setting several chrome options
2021-01-14 18:08:03,429 DEBUG A.SeleniumBrowser [main] Selenium browser Launch - Before creating new chrome driver
2021-01-14 18:08:07,373 DEBUG A.SeleniumBrowser [main] Selenium browser Launch - After creating new chrome driver
2021-01-14 18:08:07,381 DEBUG A.SeleniumBrowser [main] After Setting implicit timeout
2021-01-14 18:08:09,399 DEBUG A.SeleniumBrowser [main] After maximizing window 
2021-01-14 18:08:09,399 DEBUG A.SeleniumBrowser [main] LoadURL: Before check if driver equals to null 
2021-01-14 18:08:09,400 DEBUG A.SeleniumBrowser [main] LoadURL: After check if driver equals to null 
2021-01-14 18:08:09,400 DEBUG A.SeleniumBrowser [main] LoadURL: URL =  https://portal.qa.tw-test.net
2021-01-14 18:08:15,281 DEBUG A.SeleniumBrowser [main] LoadURL: after get URL =  https://portal.qa.tw-test.net
2021-01-14 18:08:16,866 DEBUG A.BrowserActions [main] Waiting for login button to be clickable...
2021-01-14 18:08:17,033 DEBUG A.BrowserActions [main] Login button clicked successfully...
2021-01-14 18:08:19,299 DEBUG A.SeleniumBrowser [main] LoadURL: Before check if driver equals to null 
2021-01-14 18:08:19,299 DEBUG A.SeleniumBrowser [main] LoadURL: After check if driver equals to null 
2021-01-14 18:08:19,300 DEBUG A.SeleniumBrowser [main] LoadURL: URL =  https://portal.qa.tw-test.net/#/operations?menuKey=centcom-devices&stackKey=entity-search&types=EntityType.AGENT
2021-01-14 18:08:20,173 DEBUG A.SeleniumBrowser [main] LoadURL: after get URL =  https://portal.qa.tw-test.net/#/operations?menuKey=centcom-devices&stackKey=entity-search&types=EntityType.AGENT
2021-01-14 18:08:52,595 ERROR A.BrowserActions [main] Could not select the specific cluster  at CentCom search page. cluster: APPAO
org.openqa.selenium.ElementNotInteractableException: element not interactable
  (Session info: chrome=87.0.4280.141)
Build info: version: '3.141.59', revision: 'e82be7d358', time: '2018-11-14T08:17:03'
System info: host: 'NTY-EN-8D25HC2', ip: '10.243.68.197', os.name: 'Windows 10', os.arch: 'amd64', os.version: '10.0', java.version: '12.0.2'
Driver info: org.openqa.selenium.chrome.ChromeDriver
Capabilities {acceptInsecureCerts: false, browserName: chrome, browserVersion: 87.0.4280.141, chrome: {chromedriverVersion: 87.0.4280.20 (c99e81631faa0..., userDataDir: C:\Users\MOSHE~1.AVI\AppDat...}, goog:chromeOptions: {debuggerAddress: localhost:58523}, javascriptEnabled: true, networkConnectionEnabled: false, pageLoadStrategy: normal, platform: WINDOWS, platformName: WINDOWS, proxy: Proxy(), setWindowRect: true, strictFileInteractability: false, timeouts: {implicit: 0, pageLoad: 300000, script: 30000}, unhandledPromptBehavior: dismiss and notify, webauthn:virtualAuthenticators: true}
Session ID: c4f4e055fcde0b0c07bf1639e221bc98
	at jdk.internal.reflect.NativeConstructorAccessorImpl.newInstance0(Native Method) ~[?:?]
	at jdk.internal.reflect.NativeConstructorAccessorImpl.newInstance(NativeConstructorAccessorImpl.java:62) ~[?:?]
	at jdk.internal.reflect.DelegatingConstructorAccessorImpl.newInstance(DelegatingConstructorAccessorImpl.java:45) ~[?:?]
	at java.lang.reflect.Constructor.newInstanceWithCaller(Constructor.java:500) ~[?:?]
	at java.lang.reflect.Constructor.newInstance(Constructor.java:481) ~[?:?]
	at org.openqa.selenium.remote.http.W3CHttpResponseCodec.createException(W3CHttpResponseCodec.java:187) ~[selenium-remote-driver-3.141.59.jar:?]
	at org.openqa.selenium.remote.http.W3CHttpResponseCodec.decode(W3CHttpResponseCodec.java:122) ~[selenium-remote-driver-3.141.59.jar:?]
	at org.openqa.selenium.remote.http.W3CHttpResponseCodec.decode(W3CHttpResponseCodec.java:49) ~[selenium-remote-driver-3.141.59.jar:?]
	at org.openqa.selenium.remote.HttpCommandExecutor.execute(HttpCommandExecutor.java:158) ~[selenium-remote-driver-3.141.59.jar:?]
	at org.openqa.selenium.remote.service.DriverCommandExecutor.execute(DriverCommandExecutor.java:83) ~[selenium-remote-driver-3.141.59.jar:?]
	at org.openqa.selenium.remote.RemoteWebDriver.execute(RemoteWebDriver.java:552) ~[selenium-remote-driver-3.141.59.jar:?]
	at org.openqa.selenium.remote.RemoteWebElement.execute(RemoteWebElement.java:285) ~[selenium-remote-driver-3.141.59.jar:?]
	at org.openqa.selenium.remote.RemoteWebElement.sendKeys(RemoteWebElement.java:106) ~[selenium-remote-driver-3.141.59.jar:?]
	at jdk.internal.reflect.NativeMethodAccessorImpl.invoke0(Native Method) ~[?:?]
	at jdk.internal.reflect.NativeMethodAccessorImpl.invoke(NativeMethodAccessorImpl.java:62) ~[?:?]
	at jdk.internal.reflect.DelegatingMethodAccessorImpl.invoke(DelegatingMethodAccessorImpl.java:43) ~[?:?]
	at java.lang.reflect.Method.invoke(Method.java:567) ~[?:?]
	at org.openqa.selenium.support.pagefactory.internal.LocatingElementHandler.invoke(LocatingElementHandler.java:51) ~[selenium-support-3.141.59.jar:?]
	at com.sun.proxy.$Proxy30.sendKeys(Unknown Source) ~[?:?]
	at Actions.BrowserActions.CreateNewCluster(BrowserActions.java:700) ~[classes/:?]
	at Tests.Environments.InitAndCleanupPortal.deleteEndpointFromCentCom(InitAndCleanupPortal.java:123) ~[classes/:?]
	at Tests.Environments.InitAndCleanupPortal.cleanupAgents(InitAndCleanupPortal.java:65) ~[classes/:?]
	at jdk.internal.reflect.NativeMethodAccessorImpl.invoke0(Native Method) ~[?:?]
	at jdk.internal.reflect.NativeMethodAccessorImpl.invoke(NativeMethodAccessorImpl.java:62) ~[?:?]
	at jdk.internal.reflect.DelegatingMethodAccessorImpl.invoke(DelegatingMethodAccessorImpl.java:43) ~[?:?]
	at java.lang.reflect.Method.invoke(Method.java:567) ~[?:?]
	at org.testng.internal.MethodInvocationHelper.invokeMethod(MethodInvocationHelper.java:134) ~[testng-7.1.0.jar:?]
	at org.testng.internal.TestInvoker.invokeMethod(TestInvoker.java:597) ~[testng-7.1.0.jar:?]
	at org.testng.internal.TestInvoker.invokeTestMethod(TestInvoker.java:173) ~[testng-7.1.0.jar:?]
	at org.testng.internal.MethodRunner.runInSequence(MethodRunner.java:46) ~[testng-7.1.0.jar:?]
	at org.testng.internal.TestInvoker$MethodInvocationAgent.invoke(TestInvoker.java:816) ~[testng-7.1.0.jar:?]
	at org.testng.internal.TestInvoker.invokeTestMethods(TestInvoker.java:146) ~[testng-7.1.0.jar:?]
	at org.testng.internal.TestMethodWorker.invokeTestMethods(TestMethodWorker.java:146) ~[testng-7.1.0.jar:?]
	at org.testng.internal.TestMethodWorker.run(TestMethodWorker.java:128) ~[testng-7.1.0.jar:?]
	at java.util.ArrayList.forEach(ArrayList.java:1540) [?:?]
	at org.testng.TestRunner.privateRun(TestRunner.java:766) [testng-7.1.0.jar:?]
	at org.testng.TestRunner.run(TestRunner.java:587) [testng-7.1.0.jar:?]
	at org.testng.SuiteRunner.runTest(SuiteRunner.java:384) [testng-7.1.0.jar:?]
	at org.testng.SuiteRunner.runSequentially(SuiteRunner.java:378) [testng-7.1.0.jar:?]
	at org.testng.SuiteRunner.privateRun(SuiteRunner.java:337) [testng-7.1.0.jar:?]
	at org.testng.SuiteRunner.run(SuiteRunner.java:286) [testng-7.1.0.jar:?]
	at org.testng.SuiteRunnerWorker.runSuite(SuiteRunnerWorker.java:53) [testng-7.1.0.jar:?]
	at org.testng.SuiteRunnerWorker.run(SuiteRunnerWorker.java:96) [testng-7.1.0.jar:?]
	at org.testng.TestNG.runSuitesSequentially(TestNG.java:1187) [testng-7.1.0.jar:?]
	at org.testng.TestNG.runSuitesLocally(TestNG.java:1109) [testng-7.1.0.jar:?]
	at org.testng.TestNG.runSuites(TestNG.java:1039) [testng-7.1.0.jar:?]
	at org.testng.TestNG.run(TestNG.java:1007) [testng-7.1.0.jar:?]
	at Utils.Main.RunTest.main(RunTest.java:116) [classes/:?]
2021-01-14 18:09:46,547 DEBUG T.RecordedTest [main] screenshot file: C:\Nep-4-next\nep-qa-next@f35aa3a96df\nep-qa-automation/test-output/capture/InitAndCleanupPortal-14-01-2021-18.09.46.png
2021-01-14 18:09:46,558 INFO T.E.InitAndCleanupPortal [main] Starting Cleanup agents
2021-01-14 18:09:52,231 INFO U.R.SSHManager [main] Connected Successfully to host 10.243.68.197
2021-01-14 18:09:52,234 INFO U.R.SSHManager [main] Going to executing command: hostname
2021-01-14 18:09:52,264 DEBUG U.R.SSHManager [main] Done.
2021-01-14 18:09:56,548 INFO A.SimulatedAgentActions [main] SimulatedAgentActions, DS URL: https://endpoint-protection-services.qa.tw-test.net:443/
2021-01-14 18:09:56,565 INFO T.E.InitAndCleanupPortal [main] Going to send delete action to Centcom for agent on hostanem NTY-EN-8D25HC2
2021-01-14 18:09:56,565 DEBUG A.SeleniumBrowser [main] Selenium browser Launch - Before switch application type: Chrome
2021-01-14 18:09:56,566 DEBUG A.SeleniumBrowser [main] Setting Chrome driver location: C:/home/NepManagerDownloads/utils/chromedriver.exe
2021-01-14 18:09:56,566 DEBUG A.SeleniumBrowser [main] Selenium browser Launch - After creating new hashMap
2021-01-14 18:09:56,567 DEBUG A.SeleniumBrowser [main] Selenium browser Launch - After reading MasterDownloadFolder property: C:\home\NepManagerDownloads
2021-01-14 18:09:56,567 DEBUG A.SeleniumBrowser [main] Selenium browser Launch - After put to hash
2021-01-14 18:09:56,571 DEBUG A.SeleniumBrowser [main] Selenium browser Launch - After new chrome options
2021-01-14 18:09:56,574 DEBUG A.SeleniumBrowser [main] Selenium browser Launch - After chrome setExperimentalOption
2021-01-14 18:09:56,574 DEBUG A.SeleniumBrowser [main] Selenium browser Launch - Before setting several chrome options
2021-01-14 18:09:56,581 DEBUG A.SeleniumBrowser [main] Selenium browser Launch - Before creating new chrome driver
2021-01-14 18:10:00,562 DEBUG A.SeleniumBrowser [main] Selenium browser Launch - After creating new chrome driver
2021-01-14 18:10:00,586 DEBUG A.SeleniumBrowser [main] After Setting implicit timeout
2021-01-14 18:10:02,601 DEBUG A.SeleniumBrowser [main] After maximizing window 
2021-01-14 18:10:02,601 DEBUG A.SeleniumBrowser [main] LoadURL: Before check if driver equals to null 
2021-01-14 18:10:02,601 DEBUG A.SeleniumBrowser [main] LoadURL: After check if driver equals to null 
2021-01-14 18:10:02,601 DEBUG A.SeleniumBrowser [main] LoadURL: URL =  https://portal.qa.tw-test.net
2021-01-14 18:10:10,173 DEBUG A.SeleniumBrowser [main] LoadURL: after get URL =  https://portal.qa.tw-test.net
2021-01-14 18:10:11,744 DEBUG A.BrowserActions [main] Waiting for login button to be clickable...
2021-01-14 18:10:11,926 DEBUG A.BrowserActions [main] Login button clicked successfully...
2021-01-14 18:10:14,154 DEBUG A.SeleniumBrowser [main] LoadURL: Before check if driver equals to null 
2021-01-14 18:10:14,154 DEBUG A.SeleniumBrowser [main] LoadURL: After check if driver equals to null 
2021-01-14 18:10:14,154 DEBUG A.SeleniumBrowser [main] LoadURL: URL =  https://portal.qa.tw-test.net/#/operations?menuKey=centcom-devices&stackKey=entity-search&types=EntityType.AGENT
2021-01-14 18:10:14,817 DEBUG A.SeleniumBrowser [main] LoadURL: after get URL =  https://portal.qa.tw-test.net/#/operations?menuKey=centcom-devices&stackKey=entity-search&types=EntityType.AGENT
2021-01-14 18:11:47,482 DEBUG T.RecordedTest [main] screenshot file: C:\Nep-4-next\nep-qa-next@f35aa3a96df\nep-qa-automation/test-output/capture/InitAndCleanupPortal-14-01-2021-18.11.47.png
2021-01-14 18:11:47,489 INFO T.E.InitAndCleanupPortal [main] Starting Cleanup agents
2021-01-14 18:11:53,185 INFO U.R.SSHManager [main] Connected Successfully to host 10.243.68.197
2021-01-14 18:11:53,188 INFO U.R.SSHManager [main] Going to executing command: hostname
2021-01-14 18:11:53,213 DEBUG U.R.SSHManager [main] Done.
2021-01-14 18:11:57,383 INFO A.SimulatedAgentActions [main] SimulatedAgentActions, DS URL: https://endpoint-protection-services.qa.tw-test.net:443/
2021-01-14 18:11:57,399 INFO T.E.InitAndCleanupPortal [main] Going to send delete action to Centcom for agent on hostanem NTY-EN-8D25HC2
2021-01-14 18:11:57,399 DEBUG A.SeleniumBrowser [main] Selenium browser Launch - Before switch application type: Chrome
2021-01-14 18:11:57,400 DEBUG A.SeleniumBrowser [main] Setting Chrome driver location: C:/home/NepManagerDownloads/utils/chromedriver.exe
2021-01-14 18:11:57,400 DEBUG A.SeleniumBrowser [main] Selenium browser Launch - After creating new hashMap
2021-01-14 18:11:57,401 DEBUG A.SeleniumBrowser [main] Selenium browser Launch - After reading MasterDownloadFolder property: C:\home\NepManagerDownloads
2021-01-14 18:11:57,401 DEBUG A.SeleniumBrowser [main] Selenium browser Launch - After put to hash
2021-01-14 18:11:57,405 DEBUG A.SeleniumBrowser [main] Selenium browser Launch - After new chrome options
2021-01-14 18:11:57,408 DEBUG A.SeleniumBrowser [main] Selenium browser Launch - After chrome setExperimentalOption
2021-01-14 18:11:57,409 DEBUG A.SeleniumBrowser [main] Selenium browser Launch - Before setting several chrome options
2021-01-14 18:11:57,416 DEBUG A.SeleniumBrowser [main] Selenium browser Launch - Before creating new chrome driver
2021-01-14 18:12:01,392 DEBUG A.SeleniumBrowser [main] Selenium browser Launch - After creating new chrome driver
2021-01-14 18:12:01,400 DEBUG A.SeleniumBrowser [main] After Setting implicit timeout
2021-01-14 18:12:03,413 DEBUG A.SeleniumBrowser [main] After maximizing window 
2021-01-14 18:12:03,413 DEBUG A.SeleniumBrowser [main] LoadURL: Before check if driver equals to null 
2021-01-14 18:12:03,414 DEBUG A.SeleniumBrowser [main] LoadURL: After check if driver equals to null 
2021-01-14 18:12:03,414 DEBUG A.SeleniumBrowser [main] LoadURL: URL =  https://portal.qa.tw-test.net
2021-01-14 18:12:09,856 DEBUG A.SeleniumBrowser [main] LoadURL: after get URL =  https://portal.qa.tw-test.net
2021-01-14 18:12:11,468 DEBUG A.BrowserActions [main] Waiting for login button to be clickable...
2021-01-14 18:12:11,627 DEBUG A.BrowserActions [main] Login button clicked successfully...
2021-01-14 18:12:13,502 DEBUG A.SeleniumBrowser [main] LoadURL: Before check if driver equals to null 
2021-01-14 18:12:13,503 DEBUG A.SeleniumBrowser [main] LoadURL: After check if driver equals to null 
2021-01-14 18:12:13,503 DEBUG A.SeleniumBrowser [main] LoadURL: URL =  https://portal.qa.tw-test.net/#/operations?menuKey=centcom-devices&stackKey=entity-search&types=EntityType.AGENT
2021-01-14 18:12:14,161 DEBUG A.SeleniumBrowser [main] LoadURL: after get URL =  https://portal.qa.tw-test.net/#/operations?menuKey=centcom-devices&stackKey=entity-search&types=EntityType.AGENT
2021-01-14 18:12:33,068 INFO A.BrowserActions [main] Successfully created a new cluster : APPAO
2021-01-14 18:12:33,749 ERROR U.T.InvokedMethodListener [main] Could not delete from CentCom endpoint: NTY-EN-8D25HC2
org.openqa.selenium.StaleElementReferenceException: stale element reference: element is not attached to the page document
  (Session info: chrome=87.0.4280.141)
For documentation on this error, please visit: https://www.seleniumhq.org/exceptions/stale_element_reference.html
Build info: version: '3.141.59', revision: 'e82be7d358', time: '2018-11-14T08:17:03'
System info: host: 'NTY-EN-8D25HC2', ip: '10.243.68.197', os.name: 'Windows 10', os.arch: 'amd64', os.version: '10.0', java.version: '12.0.2'
Driver info: org.openqa.selenium.chrome.ChromeDriver
Capabilities {acceptInsecureCerts: false, browserName: chrome, browserVersion: 87.0.4280.141, chrome: {chromedriverVersion: 87.0.4280.20 (c99e81631faa0..., userDataDir: C:\Users\MOSHE~1.AVI\AppDat...}, goog:chromeOptions: {debuggerAddress: localhost:58730}, javascriptEnabled: true, networkConnectionEnabled: false, pageLoadStrategy: normal, platform: WINDOWS, platformName: WINDOWS, proxy: Proxy(), setWindowRect: true, strictFileInteractability: false, timeouts: {implicit: 0, pageLoad: 300000, script: 30000}, unhandledPromptBehavior: dismiss and notify, webauthn:virtualAuthenticators: true}
Session ID: 9f35f72b99584440e0ce029d14685351

Video: C:\Nep-4-next\nep-qa-next@f35aa3a96df\nep-qa-automation/test-output/capture/InitAndCleanupPortal-14-01-2021-18.11.47.avi
ScreenShot: C:\Nep-4-next\nep-qa-next@f35aa3a96df\nep-qa-automation/test-output/capture/InitAndCleanupPortal-14-01-2021-18.11.47.png


2021-01-14 18:13:03,473 DEBUG T.RecordedTest [main] screenshot file: C:\Nep-4-next\nep-qa-next@f35aa3a96df\nep-qa-automation/test-output/capture/InitAndCleanupPortal-14-01-2021-18.13.03.png
2021-01-14 18:13:03,480 INFO T.E.InitAndCleanupPortal [main] Starting Cleanup agents
2021-01-14 18:13:09,065 INFO U.R.SSHManager [main] Connected Successfully to host 10.243.68.197
2021-01-14 18:13:09,067 INFO U.R.SSHManager [main] Going to executing command: hostname
2021-01-14 18:13:09,094 DEBUG U.R.SSHManager [main] Done.
2021-01-14 18:13:13,467 INFO A.SimulatedAgentActions [main] SimulatedAgentActions, DS URL: https://endpoint-protection-services.qa.tw-test.net:443/
2021-01-14 18:13:13,485 INFO T.E.InitAndCleanupPortal [main] Going to send delete action to Centcom for agent on hostanem NTY-EN-8D25HC2
2021-01-14 18:13:13,486 DEBUG A.SeleniumBrowser [main] Selenium browser Launch - Before switch application type: Chrome
2021-01-14 18:13:13,486 DEBUG A.SeleniumBrowser [main] Setting Chrome driver location: C:/home/NepManagerDownloads/utils/chromedriver.exe
2021-01-14 18:13:13,486 DEBUG A.SeleniumBrowser [main] Selenium browser Launch - After creating new hashMap
2021-01-14 18:13:13,487 DEBUG A.SeleniumBrowser [main] Selenium browser Launch - After reading MasterDownloadFolder property: C:\home\NepManagerDownloads
2021-01-14 18:13:13,487 DEBUG A.SeleniumBrowser [main] Selenium browser Launch - After put to hash
2021-01-14 18:13:13,492 DEBUG A.SeleniumBrowser [main] Selenium browser Launch - After new chrome options
2021-01-14 18:13:13,495 DEBUG A.SeleniumBrowser [main] Selenium browser Launch - After chrome setExperimentalOption
2021-01-14 18:13:13,496 DEBUG A.SeleniumBrowser [main] Selenium browser Launch - Before setting several chrome options
2021-01-14 18:13:13,502 DEBUG A.SeleniumBrowser [main] Selenium browser Launch - Before creating new chrome driver
2021-01-14 18:13:17,532 DEBUG A.SeleniumBrowser [main] Selenium browser Launch - After creating new chrome driver
2021-01-14 18:13:17,539 DEBUG A.SeleniumBrowser [main] After Setting implicit timeout
2021-01-14 18:13:19,553 DEBUG A.SeleniumBrowser [main] After maximizing window 
2021-01-14 18:13:19,553 DEBUG A.SeleniumBrowser [main] LoadURL: Before check if driver equals to null 
2021-01-14 18:13:19,554 DEBUG A.SeleniumBrowser [main] LoadURL: After check if driver equals to null 
2021-01-14 18:13:19,554 DEBUG A.SeleniumBrowser [main] LoadURL: URL =  https://portal.qa.tw-test.net
2021-01-14 18:13:25,406 DEBUG A.SeleniumBrowser [main] LoadURL: after get URL =  https://portal.qa.tw-test.net
2021-01-14 18:13:26,974 DEBUG A.BrowserActions [main] Waiting for login button to be clickable...
2021-01-14 18:13:27,138 DEBUG A.BrowserActions [main] Login button clicked successfully...
2021-01-14 18:13:29,398 DEBUG A.SeleniumBrowser [main] LoadURL: Before check if driver equals to null 
2021-01-14 18:13:29,398 DEBUG A.SeleniumBrowser [main] LoadURL: After check if driver equals to null 
2021-01-14 18:13:29,399 DEBUG A.SeleniumBrowser [main] LoadURL: URL =  https://portal.qa.tw-test.net/#/operations?menuKey=centcom-devices&stackKey=entity-search&types=EntityType.AGENT
2021-01-14 18:13:30,094 DEBUG A.SeleniumBrowser [main] LoadURL: after get URL =  https://portal.qa.tw-test.net/#/operations?menuKey=centcom-devices&stackKey=entity-search&types=EntityType.AGENT
2021-01-14 18:13:49,543 ERROR U.T.InvokedMethodListener [main] Could not delete from CentCom endpoint: NTY-EN-8D25HC2
org.openqa.selenium.StaleElementReferenceException: stale element reference: element is not attached to the page document
  (Session info: chrome=87.0.4280.141)
For documentation on this error, please visit: https://www.seleniumhq.org/exceptions/stale_element_reference.html
Build info: version: '3.141.59', revision: 'e82be7d358', time: '2018-11-14T08:17:03'
System info: host: 'NTY-EN-8D25HC2', ip: '10.243.68.197', os.name: 'Windows 10', os.arch: 'amd64', os.version: '10.0', java.version: '12.0.2'
Driver info: org.openqa.selenium.chrome.ChromeDriver
Capabilities {acceptInsecureCerts: false, browserName: chrome, browserVersion: 87.0.4280.141, chrome: {chromedriverVersion: 87.0.4280.20 (c99e81631faa0..., userDataDir: C:\Users\MOSHE~1.AVI\AppDat...}, goog:chromeOptions: {debuggerAddress: localhost:54664}, javascriptEnabled: true, networkConnectionEnabled: false, pageLoadStrategy: normal, platform: WINDOWS, platformName: WINDOWS, proxy: Proxy(), setWindowRect: true, strictFileInteractability: false, timeouts: {implicit: 0, pageLoad: 300000, script: 30000}, unhandledPromptBehavior: dismiss and notify, webauthn:virtualAuthenticators: true}
Session ID: e7385fc91ab632b290359a74233350e6

Video: C:\Nep-4-next\nep-qa-next@f35aa3a96df\nep-qa-automation/test-output/capture/InitAndCleanupPortal-14-01-2021-18.13.03.avi
ScreenShot: C:\Nep-4-next\nep-qa-next@f35aa3a96df\nep-qa-automation/test-output/capture/InitAndCleanupPortal-14-01-2021-18.13.03.png


2021-01-14 18:15:00,688 DEBUG T.RecordedTest [main] screenshot file: C:\Nep-4-next\nep-qa-next@f35aa3a96df\nep-qa-automation/test-output/capture/InitAndCleanupPortal-14-01-2021-18.15.00.png
2021-01-14 18:15:00,696 INFO T.E.InitAndCleanupPortal [main] Starting Cleanup agents
2021-01-14 18:15:06,285 INFO U.R.SSHManager [main] Connected Successfully to host 10.243.68.197
2021-01-14 18:15:06,287 INFO U.R.SSHManager [main] Going to executing command: hostname
2021-01-14 18:15:06,313 DEBUG U.R.SSHManager [main] Done.
2021-01-14 18:15:10,465 INFO A.SimulatedAgentActions [main] SimulatedAgentActions, DS URL: https://endpoint-protection-services.qa.tw-test.net:443/
2021-01-14 18:15:10,481 INFO T.E.InitAndCleanupPortal [main] Going to send delete action to Centcom for agent on hostanem NTY-EN-8D25HC2
2021-01-14 18:15:10,481 DEBUG A.SeleniumBrowser [main] Selenium browser Launch - Before switch application type: Chrome
2021-01-14 18:15:10,482 DEBUG A.SeleniumBrowser [main] Setting Chrome driver location: C:/home/NepManagerDownloads/utils/chromedriver.exe
2021-01-14 18:15:10,482 DEBUG A.SeleniumBrowser [main] Selenium browser Launch - After creating new hashMap
2021-01-14 18:15:10,483 DEBUG A.SeleniumBrowser [main] Selenium browser Launch - After reading MasterDownloadFolder property: C:\home\NepManagerDownloads
2021-01-14 18:15:10,484 DEBUG A.SeleniumBrowser [main] Selenium browser Launch - After put to hash
2021-01-14 18:15:10,488 DEBUG A.SeleniumBrowser [main] Selenium browser Launch - After new chrome options
2021-01-14 18:15:10,490 DEBUG A.SeleniumBrowser [main] Selenium browser Launch - After chrome setExperimentalOption
2021-01-14 18:15:10,491 DEBUG A.SeleniumBrowser [main] Selenium browser Launch - Before setting several chrome options
2021-01-14 18:15:10,498 DEBUG A.SeleniumBrowser [main] Selenium browser Launch - Before creating new chrome driver
2021-01-14 18:15:14,397 DEBUG A.SeleniumBrowser [main] Selenium browser Launch - After creating new chrome driver
2021-01-14 18:15:14,404 DEBUG A.SeleniumBrowser [main] After Setting implicit timeout
2021-01-14 18:15:16,426 DEBUG A.SeleniumBrowser [main] After maximizing window 
2021-01-14 18:15:16,426 DEBUG A.SeleniumBrowser [main] LoadURL: Before check if driver equals to null 
2021-01-14 18:15:16,427 DEBUG A.SeleniumBrowser [main] LoadURL: After check if driver equals to null 
2021-01-14 18:15:16,427 DEBUG A.SeleniumBrowser [main] LoadURL: URL =  https://portal.qa.tw-test.net
2021-01-14 18:15:23,033 DEBUG A.SeleniumBrowser [main] LoadURL: after get URL =  https://portal.qa.tw-test.net
2021-01-14 18:15:24,580 DEBUG A.BrowserActions [main] Waiting for login button to be clickable...
2021-01-14 18:15:24,752 DEBUG A.BrowserActions [main] Login button clicked successfully...
2021-01-14 18:15:26,694 DEBUG A.SeleniumBrowser [main] LoadURL: Before check if driver equals to null 
2021-01-14 18:15:26,694 DEBUG A.SeleniumBrowser [main] LoadURL: After check if driver equals to null 
2021-01-14 18:15:26,694 DEBUG A.SeleniumBrowser [main] LoadURL: URL =  https://portal.qa.tw-test.net/#/operations?menuKey=centcom-devices&stackKey=entity-search&types=EntityType.AGENT
2021-01-14 18:15:27,376 DEBUG A.SeleniumBrowser [main] LoadURL: after get URL =  https://portal.qa.tw-test.net/#/operations?menuKey=centcom-devices&stackKey=entity-search&types=EntityType.AGENT
