2021-01-19 00:22:41,520 DEBUG T.RecordedTest [main] screenshot file: C:\Nep-4-next\nep-qa-next@f35aa3a96df\nep-qa-automation/test-output/capture/InitAndCleanupPortal-19-01-2021-00.22.41.png
2021-01-19 00:22:41,537 INFO T.E.InitAndCleanupPortal [main] Starting Cleanup agents
2021-01-19 00:22:47,255 INFO U.R.SSHManager [main] Connected Successfully to host 10.243.68.210
2021-01-19 00:22:47,257 INFO U.R.SSHManager [main] Going to executing command: hostname
2021-01-19 00:22:47,290 DEBUG U.R.SSHManager [main] Done.
2021-01-19 00:22:50,692 INFO A.SimulatedAgentActions [main] SimulatedAgentActions, DS URL: https://endpoint-protection-services.inc.tw-test.net:443/
2021-01-19 00:22:50,728 INFO T.E.InitAndCleanupPortal [main] Going to send delete action to Centcom for agent on hostanem NTY-EN-8D25HC2
2021-01-19 00:22:50,729 DEBUG A.SeleniumBrowser [main] Selenium browser Launch - Before switch application type: Chrome
2021-01-19 00:22:50,729 DEBUG A.SeleniumBrowser [main] Setting Chrome driver location: C:/home/NepManagerDownloads/utils/chromedriver.exe
2021-01-19 00:22:50,730 DEBUG A.SeleniumBrowser [main] Selenium browser Launch - After creating new hashMap
2021-01-19 00:22:50,730 DEBUG A.SeleniumBrowser [main] Selenium browser Launch - After reading MasterDownloadFolder property: C:\home\NepManagerDownloads
2021-01-19 00:22:50,731 DEBUG A.SeleniumBrowser [main] Selenium browser Launch - After put to hash
2021-01-19 00:22:50,736 DEBUG A.SeleniumBrowser [main] Selenium browser Launch - After new chrome options
2021-01-19 00:22:50,740 DEBUG A.SeleniumBrowser [main] Selenium browser Launch - After chrome setExperimentalOption
2021-01-19 00:22:50,741 DEBUG A.SeleniumBrowser [main] Selenium browser Launch - Before setting several chrome options
2021-01-19 00:22:50,750 DEBUG A.SeleniumBrowser [main] Selenium browser Launch - Before creating new chrome driver
2021-01-19 00:22:54,544 DEBUG A.SeleniumBrowser [main] Selenium browser Launch - After creating new chrome driver
2021-01-19 00:22:54,552 DEBUG A.SeleniumBrowser [main] After Setting implicit timeout
2021-01-19 00:22:56,573 DEBUG A.SeleniumBrowser [main] After maximizing window 
2021-01-19 00:22:56,574 DEBUG A.SeleniumBrowser [main] LoadURL: Before check if driver equals to null 
2021-01-19 00:22:56,575 DEBUG A.SeleniumBrowser [main] LoadURL: After check if driver equals to null 
2021-01-19 00:22:56,576 DEBUG A.SeleniumBrowser [main] LoadURL: URL =  https://portal.inc.tw-test.net
2021-01-19 00:23:01,331 DEBUG A.SeleniumBrowser [main] LoadURL: after get URL =  https://portal.inc.tw-test.net
2021-01-19 00:23:02,819 DEBUG A.BrowserActions [main] Waiting for login button to be clickable...
2021-01-19 00:23:02,988 DEBUG A.BrowserActions [main] Login button clicked successfully...
2021-01-19 00:23:04,488 DEBUG A.SeleniumBrowser [main] LoadURL: Before check if driver equals to null 
2021-01-19 00:23:04,488 DEBUG A.SeleniumBrowser [main] LoadURL: After check if driver equals to null 
2021-01-19 00:23:04,489 DEBUG A.SeleniumBrowser [main] LoadURL: URL =  https://portal.inc.tw-test.net/#/operations?menuKey=centcom-devices&stackKey=entity-search&types=EntityType.AGENT
2021-01-19 00:23:04,860 DEBUG A.SeleniumBrowser [main] LoadURL: after get URL =  https://portal.inc.tw-test.net/#/operations?menuKey=centcom-devices&stackKey=entity-search&types=EntityType.AGENT
2021-01-19 00:23:25,882 ERROR A.BrowserActions [main] Cluster is already exists
2021-01-19 00:23:27,031 ERROR A.BrowserActions [main] Could not select the specific cluster  at CentCom search page. cluster: NTY-EN-8D25HC2
org.openqa.selenium.ElementClickInterceptedException: element click intercepted: Element <div class="ellipse _ngcontent-mul-109" tooltiponlyifoverflow="" aria-owns="362d08e0-437e-4dd0-a650-2643d3508afa--1301" aria-haspopup="true">...</div> is not clickable at point (579, 219). Other element would receive the click: <div pane-id="default-52" class="pane modal visible" style="inset: 0px; transform: translateX(0px) translateY(0px);">...</div>
  (Session info: chrome=87.0.4280.141)
Build info: version: '3.141.59', revision: 'e82be7d358', time: '2018-11-14T08:17:03'
System info: host: 'NTY-EN-8D25HC2', ip: '10.243.68.210', os.name: 'Windows 10', os.arch: 'amd64', os.version: '10.0', java.version: '12.0.2'
Driver info: org.openqa.selenium.chrome.ChromeDriver
Capabilities {acceptInsecureCerts: false, browserName: chrome, browserVersion: 87.0.4280.141, chrome: {chromedriverVersion: 87.0.4280.20 (c99e81631faa0..., userDataDir: C:\Users\MOSHE~1.AVI\AppDat...}, goog:chromeOptions: {debuggerAddress: localhost:57798}, javascriptEnabled: true, networkConnectionEnabled: false, pageLoadStrategy: normal, platform: WINDOWS, platformName: WINDOWS, proxy: Proxy(), setWindowRect: true, strictFileInteractability: false, timeouts: {implicit: 0, pageLoad: 300000, script: 30000}, unhandledPromptBehavior: dismiss and notify, webauthn:virtualAuthenticators: true}
Session ID: 4109aef5b2aa784e1ad41d8c23509fba
	at jdk.internal.reflect.NativeConstructorAccessorImpl.newInstance0(Native Method) ~[?:?]
	at jdk.internal.reflect.NativeConstructorAccessorImpl.newInstance(NativeConstructorAccessorImpl.java:62) ~[?:?]
	at jdk.internal.reflect.DelegatingConstructorAccessorImpl.newInstance(DelegatingConstructorAccessorImpl.java:45) ~[?:?]
	at java.lang.reflect.Constructor.newInstanceWithCaller(Constructor.java:500) ~[?:?]
	at java.lang.reflect.Constructor.newInstance(Constructor.java:481) ~[?:?]
	at org.openqa.selenium.remote.http.W3CHttpResponseCodec.createException(W3CHttpResponseCodec.java:187) ~[selenium-remote-driver-3.141.59.jar:?]
	at org.openqa.selenium.remote.http.W3CHttpResponseCodec.decode(W3CHttpResponseCodec.java:122) ~[selenium-remote-driver-3.141.59.jar:?]
	at org.openqa.selenium.remote.http.W3CHttpResponseCodec.decode(W3CHttpResponseCodec.java:49) ~[selenium-remote-driver-3.141.59.jar:?]
	at org.openqa.selenium.remote.HttpCommandExecutor.execute(HttpCommandExecutor.java:158) ~[selenium-remote-driver-3.141.59.jar:?]
	at org.openqa.selenium.remote.service.DriverCommandExecutor.execute(DriverCommandExecutor.java:83) ~[selenium-remote-driver-3.141.59.jar:?]
	at org.openqa.selenium.remote.RemoteWebDriver.execute(RemoteWebDriver.java:552) ~[selenium-remote-driver-3.141.59.jar:?]
	at org.openqa.selenium.remote.RemoteWebElement.execute(RemoteWebElement.java:285) ~[selenium-remote-driver-3.141.59.jar:?]
	at org.openqa.selenium.remote.RemoteWebElement.click(RemoteWebElement.java:84) ~[selenium-remote-driver-3.141.59.jar:?]
	at jdk.internal.reflect.NativeMethodAccessorImpl.invoke0(Native Method) ~[?:?]
	at jdk.internal.reflect.NativeMethodAccessorImpl.invoke(NativeMethodAccessorImpl.java:62) ~[?:?]
	at jdk.internal.reflect.DelegatingMethodAccessorImpl.invoke(DelegatingMethodAccessorImpl.java:43) ~[?:?]
	at java.lang.reflect.Method.invoke(Method.java:567) ~[?:?]
	at org.openqa.selenium.support.pagefactory.internal.LocatingElementHandler.invoke(LocatingElementHandler.java:51) ~[selenium-support-3.141.59.jar:?]
	at com.sun.proxy.$Proxy30.click(Unknown Source) ~[?:?]
	at Actions.BrowserActions.CreateNewCluster(BrowserActions.java:678) ~[classes/:?]
	at Tests.Environments.InitAndCleanupPortal.ClusterActions(InitAndCleanupPortal.java:127) ~[classes/:?]
	at Tests.Environments.InitAndCleanupPortal.cleanupAgents(InitAndCleanupPortal.java:66) ~[classes/:?]
	at jdk.internal.reflect.NativeMethodAccessorImpl.invoke0(Native Method) ~[?:?]
	at jdk.internal.reflect.NativeMethodAccessorImpl.invoke(NativeMethodAccessorImpl.java:62) ~[?:?]
	at jdk.internal.reflect.DelegatingMethodAccessorImpl.invoke(DelegatingMethodAccessorImpl.java:43) ~[?:?]
	at java.lang.reflect.Method.invoke(Method.java:567) ~[?:?]
	at org.testng.internal.MethodInvocationHelper.invokeMethod(MethodInvocationHelper.java:134) ~[testng-7.1.0.jar:?]
	at org.testng.internal.TestInvoker.invokeMethod(TestInvoker.java:597) ~[testng-7.1.0.jar:?]
	at org.testng.internal.TestInvoker.invokeTestMethod(TestInvoker.java:173) ~[testng-7.1.0.jar:?]
	at org.testng.internal.MethodRunner.runInSequence(MethodRunner.java:46) ~[testng-7.1.0.jar:?]
	at org.testng.internal.TestInvoker$MethodInvocationAgent.invoke(TestInvoker.java:816) ~[testng-7.1.0.jar:?]
	at org.testng.internal.TestInvoker.invokeTestMethods(TestInvoker.java:146) ~[testng-7.1.0.jar:?]
	at org.testng.internal.TestMethodWorker.invokeTestMethods(TestMethodWorker.java:146) ~[testng-7.1.0.jar:?]
	at org.testng.internal.TestMethodWorker.run(TestMethodWorker.java:128) ~[testng-7.1.0.jar:?]
	at java.util.ArrayList.forEach(ArrayList.java:1540) [?:?]
	at org.testng.TestRunner.privateRun(TestRunner.java:766) [testng-7.1.0.jar:?]
	at org.testng.TestRunner.run(TestRunner.java:587) [testng-7.1.0.jar:?]
	at org.testng.SuiteRunner.runTest(SuiteRunner.java:384) [testng-7.1.0.jar:?]
	at org.testng.SuiteRunner.runSequentially(SuiteRunner.java:378) [testng-7.1.0.jar:?]
	at org.testng.SuiteRunner.privateRun(SuiteRunner.java:337) [testng-7.1.0.jar:?]
	at org.testng.SuiteRunner.run(SuiteRunner.java:286) [testng-7.1.0.jar:?]
	at org.testng.SuiteRunnerWorker.runSuite(SuiteRunnerWorker.java:53) [testng-7.1.0.jar:?]
	at org.testng.SuiteRunnerWorker.run(SuiteRunnerWorker.java:96) [testng-7.1.0.jar:?]
	at org.testng.TestNG.runSuitesSequentially(TestNG.java:1187) [testng-7.1.0.jar:?]
	at org.testng.TestNG.runSuitesLocally(TestNG.java:1109) [testng-7.1.0.jar:?]
	at org.testng.TestNG.runSuites(TestNG.java:1039) [testng-7.1.0.jar:?]
	at org.testng.TestNG.run(TestNG.java:1007) [testng-7.1.0.jar:?]
	at Utils.Main.RunTest.main(RunTest.java:116) [classes/:?]
2021-01-19 00:23:27,040 INFO T.E.InitAndCleanupPortal [main] Agent was found and delete action was done in Centcom, going to wait until service is uninstalled from agent
2021-01-19 00:23:32,042 INFO U.R.SSHManager [main] Going to executing command: net start
2021-01-19 00:23:32,108 DEBUG U.R.SSHManager [main] Done.
2021-01-19 00:23:32,109 INFO A.BaseAgentActions [main] Endpoint service was stopped!
2021-01-19 00:23:32,109 DEBUG A.BaseAgentActions [main] Agent Service was not found after uninstall
2021-01-19 00:23:32,109 INFO U.R.SSHManager [main] Going to executing command: tasklist
2021-01-19 00:23:32,445 DEBUG U.R.SSHManager [main] Done.
2021-01-19 00:23:32,446 DEBUG A.BaseAgentActions [main] Agent process was not found after uninstall
2021-01-19 00:23:32,446 INFO T.E.InitAndCleanupPortal [main] Done. Service is not running on agent
2021-01-19 00:23:32,446 INFO T.E.InitAndCleanupPortal [main] Goind to send check updates by a simulated agent, to catch the 'uninstall' action, if applicable.
2021-01-19 00:23:32,447 INFO A.SimulatedAgentActions [main] Starting checkUpdates. Params: uuid CAD2A00C-FB6E-4216-9BCA-208775754967 epName NTY-EN-8D25HC2 binVersion 1.4.0.9999 confVersion 1 reporting status 0 schema version 1.1.1 
2021-01-19 00:23:32,447 DEBUG A.SimulatedAgentActions [main] Will send request check-updates/CAD2A00C-FB6E-4216-9BCA-208775754967/bin-ver/1.4.0.9999/conf-ver/1/reporting-status/0/local-name/NTY-EN-8D25HC2/schema-ver/1.1.1/
2021-01-19 00:23:33,204 ERROR A.SimulatedAgentActions [main] Failed to process the check updates request
java.io.FileNotFoundException: C:\home\NepManagerDownloads\inc\endpoint-111-1398155.111.p12 (The system cannot find the path specified)
	at java.io.FileInputStream.open0(Native Method) ~[?:?]
	at java.io.FileInputStream.open(FileInputStream.java:213) ~[?:?]
	at java.io.FileInputStream.<init>(FileInputStream.java:155) ~[?:?]
	at org.codehaus.groovy.runtime.ResourceGroovyMethods.newInputStream(ResourceGroovyMethods.java:2178) ~[groovy-3.0.3.jar:3.0.3]
	at org.codehaus.groovy.runtime.ResourceGroovyMethods.withInputStream(ResourceGroovyMethods.java:1882) ~[groovy-3.0.3.jar:3.0.3]
	at org.codehaus.groovy.runtime.dgm$1099.invoke(Unknown Source) ~[groovy-3.0.3.jar:3.0.3]
	at org.codehaus.groovy.runtime.callsite.PojoMetaMethodSite$PojoMetaMethodSiteNoUnwrapNoCoerce.invoke(PojoMetaMethodSite.java:247) ~[groovy-3.0.3.jar:3.0.3]
	at org.codehaus.groovy.runtime.callsite.PojoMetaMethodSite.call(PojoMetaMethodSite.java:56) ~[groovy-3.0.3.jar:3.0.3]
	at org.codehaus.groovy.runtime.callsite.CallSiteArray.defaultCall(CallSiteArray.java:47) ~[groovy-3.0.3.jar:3.0.3]
	at org.codehaus.groovy.runtime.callsite.AbstractCallSite.call(AbstractCallSite.java:125) ~[groovy-3.0.3.jar:3.0.3]
	at org.codehaus.groovy.runtime.callsite.AbstractCallSite.call(AbstractCallSite.java:139) ~[groovy-3.0.3.jar:3.0.3]
	at io.restassured.internal.TrustAndKeystoreSpecImpl.createStore(TrustAndKeystoreSpecImpl.groovy:92) ~[rest-assured-4.3.1.jar:?]
	at io.restassured.internal.TrustAndKeystoreSpecImpl$createStore.callCurrent(Unknown Source) ~[?:?]
	at org.codehaus.groovy.runtime.callsite.CallSiteArray.defaultCallCurrent(CallSiteArray.java:51) ~[groovy-3.0.3.jar:3.0.3]
	at org.codehaus.groovy.runtime.callsite.AbstractCallSite.callCurrent(AbstractCallSite.java:171) ~[groovy-3.0.3.jar:3.0.3]
	at org.codehaus.groovy.runtime.callsite.AbstractCallSite.callCurrent(AbstractCallSite.java:203) ~[groovy-3.0.3.jar:3.0.3]
	at io.restassured.internal.TrustAndKeystoreSpecImpl.apply(TrustAndKeystoreSpecImpl.groovy:48) ~[rest-assured-4.3.1.jar:?]
	at io.restassured.internal.http.AuthConfig.certificate(AuthConfig.java:158) ~[rest-assured-4.3.1.jar:?]
	at io.restassured.internal.http.AuthConfig$certificate.call(Unknown Source) ~[?:?]
	at org.codehaus.groovy.runtime.callsite.CallSiteArray.defaultCall(CallSiteArray.java:47) ~[groovy-3.0.3.jar:3.0.3]
	at org.codehaus.groovy.runtime.callsite.AbstractCallSite.call(AbstractCallSite.java:125) ~[groovy-3.0.3.jar:3.0.3]
	at io.restassured.authentication.CertAuthScheme.authenticate(CertAuthScheme.groovy:39) ~[rest-assured-4.3.1.jar:?]
	at io.restassured.authentication.AuthenticationScheme$authenticate.call(Unknown Source) ~[?:?]
	at org.codehaus.groovy.runtime.callsite.CallSiteArray.defaultCall(CallSiteArray.java:47) ~[groovy-3.0.3.jar:3.0.3]
	at org.codehaus.groovy.runtime.callsite.AbstractCallSite.call(AbstractCallSite.java:125) ~[groovy-3.0.3.jar:3.0.3]
	at org.codehaus.groovy.runtime.callsite.AbstractCallSite.call(AbstractCallSite.java:139) ~[groovy-3.0.3.jar:3.0.3]
	at io.restassured.internal.RequestSpecificationImpl.sendRequest(RequestSpecificationImpl.groovy:1172) ~[rest-assured-4.3.1.jar:?]
	at jdk.internal.reflect.NativeMethodAccessorImpl.invoke0(Native Method) ~[?:?]
	at jdk.internal.reflect.NativeMethodAccessorImpl.invoke(NativeMethodAccessorImpl.java:62) ~[?:?]
	at jdk.internal.reflect.DelegatingMethodAccessorImpl.invoke(DelegatingMethodAccessorImpl.java:43) ~[?:?]
	at java.lang.reflect.Method.invoke(Method.java:567) ~[?:?]
	at org.codehaus.groovy.reflection.CachedMethod.invoke(CachedMethod.java:107) ~[groovy-3.0.3.jar:3.0.3]
	at groovy.lang.MetaMethod.doMethodInvoke(MetaMethod.java:323) ~[groovy-3.0.3.jar:3.0.3]
	at groovy.lang.MetaClassImpl.invokeMethod(MetaClassImpl.java:1262) ~[groovy-3.0.3.jar:3.0.3]
	at groovy.lang.MetaClassImpl.invokeMethod(MetaClassImpl.java:1029) ~[groovy-3.0.3.jar:3.0.3]
	at groovy.lang.MetaClassImpl.invokeMethod(MetaClassImpl.java:816) ~[groovy-3.0.3.jar:3.0.3]
	at groovy.lang.GroovyObject.invokeMethod(GroovyObject.java:39) ~[groovy-3.0.3.jar:3.0.3]
	at org.codehaus.groovy.runtime.callsite.PogoInterceptableSite.call(PogoInterceptableSite.java:45) ~[groovy-3.0.3.jar:3.0.3]
	at org.codehaus.groovy.runtime.callsite.CallSiteArray.defaultCall(CallSiteArray.java:47) ~[groovy-3.0.3.jar:3.0.3]
	at org.codehaus.groovy.runtime.callsite.AbstractCallSite.call(AbstractCallSite.java:125) ~[groovy-3.0.3.jar:3.0.3]
	at org.codehaus.groovy.runtime.callsite.AbstractCallSite.call(AbstractCallSite.java:166) ~[groovy-3.0.3.jar:3.0.3]
	at io.restassured.internal.filter.SendRequestFilter.filter(SendRequestFilter.groovy:30) ~[rest-assured-4.3.1.jar:?]
	at io.restassured.filter.Filter$filter$0.call(Unknown Source) ~[?:?]
	at org.codehaus.groovy.runtime.callsite.CallSiteArray.defaultCall(CallSiteArray.java:47) ~[groovy-3.0.3.jar:3.0.3]
	at io.restassured.filter.Filter$filter.call(Unknown Source) ~[?:?]
	at io.restassured.internal.filter.FilterContextImpl.next(FilterContextImpl.groovy:72) ~[rest-assured-4.3.1.jar:?]
	at io.restassured.filter.time.TimingFilter.filter(TimingFilter.java:56) ~[rest-assured-4.3.1.jar:?]
	at io.restassured.filter.Filter$filter.call(Unknown Source) ~[?:?]
	at org.codehaus.groovy.runtime.callsite.CallSiteArray.defaultCall(CallSiteArray.java:47) ~[groovy-3.0.3.jar:3.0.3]
	at org.codehaus.groovy.runtime.callsite.AbstractCallSite.call(AbstractCallSite.java:125) ~[groovy-3.0.3.jar:3.0.3]
	at org.codehaus.groovy.runtime.callsite.AbstractCallSite.call(AbstractCallSite.java:157) ~[groovy-3.0.3.jar:3.0.3]
	at io.restassured.internal.filter.FilterContextImpl.next(FilterContextImpl.groovy:72) ~[rest-assured-4.3.1.jar:?]
	at io.restassured.filter.FilterContext$next.call(Unknown Source) ~[?:?]
	at org.codehaus.groovy.runtime.callsite.CallSiteArray.defaultCall(CallSiteArray.java:47) ~[groovy-3.0.3.jar:3.0.3]
	at org.codehaus.groovy.runtime.callsite.AbstractCallSite.call(AbstractCallSite.java:125) ~[groovy-3.0.3.jar:3.0.3]
	at org.codehaus.groovy.runtime.callsite.AbstractCallSite.call(AbstractCallSite.java:148) ~[groovy-3.0.3.jar:3.0.3]
	at io.restassured.internal.RequestSpecificationImpl.applyPathParamsAndSendRequest(RequestSpecificationImpl.groovy:1655) ~[rest-assured-4.3.1.jar:?]
	at jdk.internal.reflect.NativeMethodAccessorImpl.invoke0(Native Method) ~[?:?]
	at jdk.internal.reflect.NativeMethodAccessorImpl.invoke(NativeMethodAccessorImpl.java:62) ~[?:?]
	at jdk.internal.reflect.DelegatingMethodAccessorImpl.invoke(DelegatingMethodAccessorImpl.java:43) ~[?:?]
	at java.lang.reflect.Method.invoke(Method.java:567) ~[?:?]
	at org.codehaus.groovy.reflection.CachedMethod.invoke(CachedMethod.java:107) ~[groovy-3.0.3.jar:3.0.3]
	at groovy.lang.MetaMethod.doMethodInvoke(MetaMethod.java:323) ~[groovy-3.0.3.jar:3.0.3]
	at groovy.lang.MetaClassImpl.invokeMethod(MetaClassImpl.java:1262) ~[groovy-3.0.3.jar:3.0.3]
	at groovy.lang.MetaClassImpl.invokeMethod(MetaClassImpl.java:1029) ~[groovy-3.0.3.jar:3.0.3]
	at groovy.lang.MetaClassImpl.invokeMethod(MetaClassImpl.java:816) ~[groovy-3.0.3.jar:3.0.3]
	at groovy.lang.GroovyObject.invokeMethod(GroovyObject.java:39) ~[groovy-3.0.3.jar:3.0.3]
	at org.codehaus.groovy.runtime.callsite.PogoInterceptableSite.call(PogoInterceptableSite.java:45) ~[groovy-3.0.3.jar:3.0.3]
	at org.codehaus.groovy.runtime.callsite.PogoInterceptableSite.callCurrent(PogoInterceptableSite.java:55) ~[groovy-3.0.3.jar:3.0.3]
	at org.codehaus.groovy.runtime.callsite.CallSiteArray.defaultCallCurrent(CallSiteArray.java:51) ~[groovy-3.0.3.jar:3.0.3]
	at org.codehaus.groovy.runtime.callsite.AbstractCallSite.callCurrent(AbstractCallSite.java:171) ~[groovy-3.0.3.jar:3.0.3]
	at org.codehaus.groovy.runtime.callsite.AbstractCallSite.callCurrent(AbstractCallSite.java:203) ~[groovy-3.0.3.jar:3.0.3]
	at io.restassured.internal.RequestSpecificationImpl.applyPathParamsAndSendRequest(RequestSpecificationImpl.groovy:1661) ~[rest-assured-4.3.1.jar:?]
	at jdk.internal.reflect.NativeMethodAccessorImpl.invoke0(Native Method) ~[?:?]
	at jdk.internal.reflect.NativeMethodAccessorImpl.invoke(NativeMethodAccessorImpl.java:62) ~[?:?]
	at jdk.internal.reflect.DelegatingMethodAccessorImpl.invoke(DelegatingMethodAccessorImpl.java:43) ~[?:?]
	at java.lang.reflect.Method.invoke(Method.java:567) ~[?:?]
	at org.codehaus.groovy.reflection.CachedMethod.invoke(CachedMethod.java:107) ~[groovy-3.0.3.jar:3.0.3]
	at groovy.lang.MetaMethod.doMethodInvoke(MetaMethod.java:323) ~[groovy-3.0.3.jar:3.0.3]
	at groovy.lang.MetaClassImpl.invokeMethod(MetaClassImpl.java:1262) ~[groovy-3.0.3.jar:3.0.3]
	at groovy.lang.MetaClassImpl.invokeMethod(MetaClassImpl.java:1029) ~[groovy-3.0.3.jar:3.0.3]
	at groovy.lang.MetaClassImpl.invokeMethod(MetaClassImpl.java:816) ~[groovy-3.0.3.jar:3.0.3]
	at groovy.lang.GroovyObject.invokeMethod(GroovyObject.java:39) ~[groovy-3.0.3.jar:3.0.3]
	at org.codehaus.groovy.runtime.callsite.PogoInterceptableSite.call(PogoInterceptableSite.java:45) ~[groovy-3.0.3.jar:3.0.3]
	at org.codehaus.groovy.runtime.callsite.PogoInterceptableSite.callCurrent(PogoInterceptableSite.java:55) ~[groovy-3.0.3.jar:3.0.3]
	at org.codehaus.groovy.runtime.callsite.CallSiteArray.defaultCallCurrent(CallSiteArray.java:51) ~[groovy-3.0.3.jar:3.0.3]
	at org.codehaus.groovy.runtime.callsite.AbstractCallSite.callCurrent(AbstractCallSite.java:171) ~[groovy-3.0.3.jar:3.0.3]
	at org.codehaus.groovy.runtime.callsite.AbstractCallSite.callCurrent(AbstractCallSite.java:203) ~[groovy-3.0.3.jar:3.0.3]
	at io.restassured.internal.RequestSpecificationImpl.get(RequestSpecificationImpl.groovy:171) ~[rest-assured-4.3.1.jar:?]
	at io.restassured.internal.RequestSpecificationImpl.get(RequestSpecificationImpl.groovy) ~[rest-assured-4.3.1.jar:?]
	at Actions.SimulatedAgentActions.sendCheckUpdates(SimulatedAgentActions.java:218) ~[classes/:?]
	at Actions.SimulatedAgentActions.sendCheckUpdatesWithoutVerify(SimulatedAgentActions.java:146) ~[classes/:?]
	at Tests.Environments.InitAndCleanupPortal.sendCheckUpdatesBySimulatedAgent(InitAndCleanupPortal.java:163) ~[classes/:?]
	at Tests.Environments.InitAndCleanupPortal.cleanupAgents(InitAndCleanupPortal.java:71) ~[classes/:?]
	at jdk.internal.reflect.NativeMethodAccessorImpl.invoke0(Native Method) ~[?:?]
	at jdk.internal.reflect.NativeMethodAccessorImpl.invoke(NativeMethodAccessorImpl.java:62) ~[?:?]
	at jdk.internal.reflect.DelegatingMethodAccessorImpl.invoke(DelegatingMethodAccessorImpl.java:43) ~[?:?]
	at java.lang.reflect.Method.invoke(Method.java:567) ~[?:?]
	at org.testng.internal.MethodInvocationHelper.invokeMethod(MethodInvocationHelper.java:134) ~[testng-7.1.0.jar:?]
	at org.testng.internal.TestInvoker.invokeMethod(TestInvoker.java:597) ~[testng-7.1.0.jar:?]
	at org.testng.internal.TestInvoker.invokeTestMethod(TestInvoker.java:173) ~[testng-7.1.0.jar:?]
	at org.testng.internal.MethodRunner.runInSequence(MethodRunner.java:46) ~[testng-7.1.0.jar:?]
	at org.testng.internal.TestInvoker$MethodInvocationAgent.invoke(TestInvoker.java:816) ~[testng-7.1.0.jar:?]
	at org.testng.internal.TestInvoker.invokeTestMethods(TestInvoker.java:146) ~[testng-7.1.0.jar:?]
	at org.testng.internal.TestMethodWorker.invokeTestMethods(TestMethodWorker.java:146) ~[testng-7.1.0.jar:?]
	at org.testng.internal.TestMethodWorker.run(TestMethodWorker.java:128) ~[testng-7.1.0.jar:?]
	at java.util.ArrayList.forEach(ArrayList.java:1540) [?:?]
	at org.testng.TestRunner.privateRun(TestRunner.java:766) [testng-7.1.0.jar:?]
	at org.testng.TestRunner.run(TestRunner.java:587) [testng-7.1.0.jar:?]
	at org.testng.SuiteRunner.runTest(SuiteRunner.java:384) [testng-7.1.0.jar:?]
	at org.testng.SuiteRunner.runSequentially(SuiteRunner.java:378) [testng-7.1.0.jar:?]
	at org.testng.SuiteRunner.privateRun(SuiteRunner.java:337) [testng-7.1.0.jar:?]
	at org.testng.SuiteRunner.run(SuiteRunner.java:286) [testng-7.1.0.jar:?]
	at org.testng.SuiteRunnerWorker.runSuite(SuiteRunnerWorker.java:53) [testng-7.1.0.jar:?]
	at org.testng.SuiteRunnerWorker.run(SuiteRunnerWorker.java:96) [testng-7.1.0.jar:?]
	at org.testng.TestNG.runSuitesSequentially(TestNG.java:1187) [testng-7.1.0.jar:?]
	at org.testng.TestNG.runSuitesLocally(TestNG.java:1109) [testng-7.1.0.jar:?]
	at org.testng.TestNG.runSuites(TestNG.java:1039) [testng-7.1.0.jar:?]
	at org.testng.TestNG.run(TestNG.java:1007) [testng-7.1.0.jar:?]
	at Utils.Main.RunTest.main(RunTest.java:116) [classes/:?]
2021-01-19 00:23:33,226 ERROR U.T.InvokedMethodListener [main] Failed to process the check updates request

Video: C:\Nep-4-next\nep-qa-next@f35aa3a96df\nep-qa-automation/test-output/capture/InitAndCleanupPortal-19-01-2021-00.22.41.avi
ScreenShot: C:\Nep-4-next\nep-qa-next@f35aa3a96df\nep-qa-automation/test-output/capture/InitAndCleanupPortal-19-01-2021-00.22.41.png


2021-01-19 01:13:31,128 DEBUG T.RecordedTest [main] screenshot file: C:\Nep-4-next\nep-qa-next@f35aa3a96df\nep-qa-automation/test-output/capture/InitAndCleanupPortal-19-01-2021-01.13.31.png
2021-01-19 01:13:31,135 INFO T.E.InitAndCleanupPortal [main] Starting Cleanup agents
2021-01-19 01:13:37,413 INFO U.R.SSHManager [main] Connected Successfully to host 10.243.68.210
2021-01-19 01:13:37,415 INFO U.R.SSHManager [main] Going to executing command: hostname
2021-01-19 01:13:37,445 DEBUG U.R.SSHManager [main] Done.
2021-01-19 01:13:40,915 INFO A.SimulatedAgentActions [main] SimulatedAgentActions, DS URL: https://endpoint-protection-services.inc.tw-test.net:443/
2021-01-19 01:13:40,951 INFO T.E.InitAndCleanupPortal [main] Going to send delete action to Centcom for agent on hostanem NTY-EN-8D25HC2
2021-01-19 01:13:40,952 DEBUG A.SeleniumBrowser [main] Selenium browser Launch - Before switch application type: Chrome
2021-01-19 01:13:40,952 DEBUG A.SeleniumBrowser [main] Setting Chrome driver location: C:/home/NepManagerDownloads/utils/chromedriver.exe
2021-01-19 01:13:40,953 DEBUG A.SeleniumBrowser [main] Selenium browser Launch - After creating new hashMap
2021-01-19 01:13:40,954 DEBUG A.SeleniumBrowser [main] Selenium browser Launch - After reading MasterDownloadFolder property: C:\home\NepManagerDownloads
2021-01-19 01:13:40,954 DEBUG A.SeleniumBrowser [main] Selenium browser Launch - After put to hash
2021-01-19 01:13:40,962 DEBUG A.SeleniumBrowser [main] Selenium browser Launch - After new chrome options
2021-01-19 01:13:40,964 DEBUG A.SeleniumBrowser [main] Selenium browser Launch - After chrome setExperimentalOption
2021-01-19 01:13:40,964 DEBUG A.SeleniumBrowser [main] Selenium browser Launch - Before setting several chrome options
2021-01-19 01:13:40,969 DEBUG A.SeleniumBrowser [main] Selenium browser Launch - Before creating new chrome driver
2021-01-19 01:13:44,755 DEBUG A.SeleniumBrowser [main] Selenium browser Launch - After creating new chrome driver
2021-01-19 01:13:44,763 DEBUG A.SeleniumBrowser [main] After Setting implicit timeout
2021-01-19 01:13:46,781 DEBUG A.SeleniumBrowser [main] After maximizing window 
2021-01-19 01:13:46,781 DEBUG A.SeleniumBrowser [main] LoadURL: Before check if driver equals to null 
2021-01-19 01:13:46,781 DEBUG A.SeleniumBrowser [main] LoadURL: After check if driver equals to null 
2021-01-19 01:13:46,782 DEBUG A.SeleniumBrowser [main] LoadURL: URL =  https://portal.inc.tw-test.net
2021-01-19 01:13:53,875 DEBUG A.SeleniumBrowser [main] LoadURL: after get URL =  https://portal.inc.tw-test.net
2021-01-19 01:13:55,281 DEBUG A.BrowserActions [main] Waiting for login button to be clickable...
2021-01-19 01:13:55,459 DEBUG A.BrowserActions [main] Login button clicked successfully...
2021-01-19 01:13:59,318 DEBUG A.SeleniumBrowser [main] LoadURL: Before check if driver equals to null 
2021-01-19 01:13:59,319 DEBUG A.SeleniumBrowser [main] LoadURL: After check if driver equals to null 
2021-01-19 01:13:59,319 DEBUG A.SeleniumBrowser [main] LoadURL: URL =  https://portal.inc.tw-test.net/#/operations?menuKey=centcom-devices&stackKey=entity-search&types=EntityType.AGENT
2021-01-19 01:13:59,673 DEBUG A.SeleniumBrowser [main] LoadURL: after get URL =  https://portal.inc.tw-test.net/#/operations?menuKey=centcom-devices&stackKey=entity-search&types=EntityType.AGENT
2021-01-19 01:14:23,208 ERROR A.BrowserActions [main] Could not select the specific cluster  at CentCom search page. cluster: Test_cluster123
org.openqa.selenium.ElementClickInterceptedException: element click intercepted: Element <div class="td _ngcontent-cav-119" column="Alias Name">...</div> is not clickable at point (571, 347). Other element would receive the click: <div pane-id="default-52" class="pane modal visible" style="inset: 0px; transform: translateX(0px) translateY(0px);">...</div>
  (Session info: chrome=87.0.4280.141)
Build info: version: '3.141.59', revision: 'e82be7d358', time: '2018-11-14T08:17:03'
System info: host: 'NTY-EN-8D25HC2', ip: '10.243.68.210', os.name: 'Windows 10', os.arch: 'amd64', os.version: '10.0', java.version: '12.0.2'
Driver info: org.openqa.selenium.chrome.ChromeDriver
Capabilities {acceptInsecureCerts: false, browserName: chrome, browserVersion: 87.0.4280.141, chrome: {chromedriverVersion: 87.0.4280.20 (c99e81631faa0..., userDataDir: C:\Users\MOSHE~1.AVI\AppDat...}, goog:chromeOptions: {debuggerAddress: localhost:63011}, javascriptEnabled: true, networkConnectionEnabled: false, pageLoadStrategy: normal, platform: WINDOWS, platformName: WINDOWS, proxy: Proxy(), setWindowRect: true, strictFileInteractability: false, timeouts: {implicit: 0, pageLoad: 300000, script: 30000}, unhandledPromptBehavior: dismiss and notify, webauthn:virtualAuthenticators: true}
Session ID: 02ec8678064237c7a10c0f8940772f6f
	at jdk.internal.reflect.NativeConstructorAccessorImpl.newInstance0(Native Method) ~[?:?]
	at jdk.internal.reflect.NativeConstructorAccessorImpl.newInstance(NativeConstructorAccessorImpl.java:62) ~[?:?]
	at jdk.internal.reflect.DelegatingConstructorAccessorImpl.newInstance(DelegatingConstructorAccessorImpl.java:45) ~[?:?]
	at java.lang.reflect.Constructor.newInstanceWithCaller(Constructor.java:500) ~[?:?]
	at java.lang.reflect.Constructor.newInstance(Constructor.java:481) ~[?:?]
	at org.openqa.selenium.remote.http.W3CHttpResponseCodec.createException(W3CHttpResponseCodec.java:187) ~[selenium-remote-driver-3.141.59.jar:?]
	at org.openqa.selenium.remote.http.W3CHttpResponseCodec.decode(W3CHttpResponseCodec.java:122) ~[selenium-remote-driver-3.141.59.jar:?]
	at org.openqa.selenium.remote.http.W3CHttpResponseCodec.decode(W3CHttpResponseCodec.java:49) ~[selenium-remote-driver-3.141.59.jar:?]
	at org.openqa.selenium.remote.HttpCommandExecutor.execute(HttpCommandExecutor.java:158) ~[selenium-remote-driver-3.141.59.jar:?]
	at org.openqa.selenium.remote.service.DriverCommandExecutor.execute(DriverCommandExecutor.java:83) ~[selenium-remote-driver-3.141.59.jar:?]
	at org.openqa.selenium.remote.RemoteWebDriver.execute(RemoteWebDriver.java:552) ~[selenium-remote-driver-3.141.59.jar:?]
	at org.openqa.selenium.remote.RemoteWebElement.execute(RemoteWebElement.java:285) ~[selenium-remote-driver-3.141.59.jar:?]
	at org.openqa.selenium.remote.RemoteWebElement.click(RemoteWebElement.java:84) ~[selenium-remote-driver-3.141.59.jar:?]
	at Actions.BrowserActions.CreateNewCluster(BrowserActions.java:695) ~[classes/:?]
	at Tests.Environments.InitAndCleanupPortal.ClusterActions(InitAndCleanupPortal.java:125) ~[classes/:?]
	at Tests.Environments.InitAndCleanupPortal.cleanupAgents(InitAndCleanupPortal.java:66) ~[classes/:?]
	at jdk.internal.reflect.NativeMethodAccessorImpl.invoke0(Native Method) ~[?:?]
	at jdk.internal.reflect.NativeMethodAccessorImpl.invoke(NativeMethodAccessorImpl.java:62) ~[?:?]
	at jdk.internal.reflect.DelegatingMethodAccessorImpl.invoke(DelegatingMethodAccessorImpl.java:43) ~[?:?]
	at java.lang.reflect.Method.invoke(Method.java:567) ~[?:?]
	at org.testng.internal.MethodInvocationHelper.invokeMethod(MethodInvocationHelper.java:134) ~[testng-7.1.0.jar:?]
	at org.testng.internal.TestInvoker.invokeMethod(TestInvoker.java:597) ~[testng-7.1.0.jar:?]
	at org.testng.internal.TestInvoker.invokeTestMethod(TestInvoker.java:173) ~[testng-7.1.0.jar:?]
	at org.testng.internal.MethodRunner.runInSequence(MethodRunner.java:46) ~[testng-7.1.0.jar:?]
	at org.testng.internal.TestInvoker$MethodInvocationAgent.invoke(TestInvoker.java:816) ~[testng-7.1.0.jar:?]
	at org.testng.internal.TestInvoker.invokeTestMethods(TestInvoker.java:146) ~[testng-7.1.0.jar:?]
	at org.testng.internal.TestMethodWorker.invokeTestMethods(TestMethodWorker.java:146) ~[testng-7.1.0.jar:?]
	at org.testng.internal.TestMethodWorker.run(TestMethodWorker.java:128) ~[testng-7.1.0.jar:?]
	at java.util.ArrayList.forEach(ArrayList.java:1540) [?:?]
	at org.testng.TestRunner.privateRun(TestRunner.java:766) [testng-7.1.0.jar:?]
	at org.testng.TestRunner.run(TestRunner.java:587) [testng-7.1.0.jar:?]
	at org.testng.SuiteRunner.runTest(SuiteRunner.java:384) [testng-7.1.0.jar:?]
	at org.testng.SuiteRunner.runSequentially(SuiteRunner.java:378) [testng-7.1.0.jar:?]
	at org.testng.SuiteRunner.privateRun(SuiteRunner.java:337) [testng-7.1.0.jar:?]
	at org.testng.SuiteRunner.run(SuiteRunner.java:286) [testng-7.1.0.jar:?]
	at org.testng.SuiteRunnerWorker.runSuite(SuiteRunnerWorker.java:53) [testng-7.1.0.jar:?]
	at org.testng.SuiteRunnerWorker.run(SuiteRunnerWorker.java:96) [testng-7.1.0.jar:?]
	at org.testng.TestNG.runSuitesSequentially(TestNG.java:1187) [testng-7.1.0.jar:?]
	at org.testng.TestNG.runSuitesLocally(TestNG.java:1109) [testng-7.1.0.jar:?]
	at org.testng.TestNG.runSuites(TestNG.java:1039) [testng-7.1.0.jar:?]
	at org.testng.TestNG.run(TestNG.java:1007) [testng-7.1.0.jar:?]
	at Utils.Main.RunTest.main(RunTest.java:116) [classes/:?]
2021-01-19 01:14:24,306 ERROR A.BrowserActions [main] Could not select the specific cluster  at CentCom search page. cluster: NTY-EN-8D25HC2
org.openqa.selenium.ElementClickInterceptedException: element click intercepted: Element <div class="ellipse _ngcontent-cav-109" tooltiponlyifoverflow="" aria-owns="344b0ddf-ee07-4e75-a504-7e9845bb5f4f--1301" aria-haspopup="true">...</div> is not clickable at point (579, 219). Other element would receive the click: <div pane-id="default-52" class="pane modal visible" style="inset: 0px; transform: translateX(0px) translateY(0px);">...</div>
  (Session info: chrome=87.0.4280.141)
Build info: version: '3.141.59', revision: 'e82be7d358', time: '2018-11-14T08:17:03'
System info: host: 'NTY-EN-8D25HC2', ip: '10.243.68.210', os.name: 'Windows 10', os.arch: 'amd64', os.version: '10.0', java.version: '12.0.2'
Driver info: org.openqa.selenium.chrome.ChromeDriver
Capabilities {acceptInsecureCerts: false, browserName: chrome, browserVersion: 87.0.4280.141, chrome: {chromedriverVersion: 87.0.4280.20 (c99e81631faa0..., userDataDir: C:\Users\MOSHE~1.AVI\AppDat...}, goog:chromeOptions: {debuggerAddress: localhost:63011}, javascriptEnabled: true, networkConnectionEnabled: false, pageLoadStrategy: normal, platform: WINDOWS, platformName: WINDOWS, proxy: Proxy(), setWindowRect: true, strictFileInteractability: false, timeouts: {implicit: 0, pageLoad: 300000, script: 30000}, unhandledPromptBehavior: dismiss and notify, webauthn:virtualAuthenticators: true}
Session ID: 02ec8678064237c7a10c0f8940772f6f
	at jdk.internal.reflect.NativeConstructorAccessorImpl.newInstance0(Native Method) ~[?:?]
	at jdk.internal.reflect.NativeConstructorAccessorImpl.newInstance(NativeConstructorAccessorImpl.java:62) ~[?:?]
	at jdk.internal.reflect.DelegatingConstructorAccessorImpl.newInstance(DelegatingConstructorAccessorImpl.java:45) ~[?:?]
	at java.lang.reflect.Constructor.newInstanceWithCaller(Constructor.java:500) ~[?:?]
	at java.lang.reflect.Constructor.newInstance(Constructor.java:481) ~[?:?]
	at org.openqa.selenium.remote.http.W3CHttpResponseCodec.createException(W3CHttpResponseCodec.java:187) ~[selenium-remote-driver-3.141.59.jar:?]
	at org.openqa.selenium.remote.http.W3CHttpResponseCodec.decode(W3CHttpResponseCodec.java:122) ~[selenium-remote-driver-3.141.59.jar:?]
	at org.openqa.selenium.remote.http.W3CHttpResponseCodec.decode(W3CHttpResponseCodec.java:49) ~[selenium-remote-driver-3.141.59.jar:?]
	at org.openqa.selenium.remote.HttpCommandExecutor.execute(HttpCommandExecutor.java:158) ~[selenium-remote-driver-3.141.59.jar:?]
	at org.openqa.selenium.remote.service.DriverCommandExecutor.execute(DriverCommandExecutor.java:83) ~[selenium-remote-driver-3.141.59.jar:?]
	at org.openqa.selenium.remote.RemoteWebDriver.execute(RemoteWebDriver.java:552) ~[selenium-remote-driver-3.141.59.jar:?]
	at org.openqa.selenium.remote.RemoteWebElement.execute(RemoteWebElement.java:285) ~[selenium-remote-driver-3.141.59.jar:?]
	at org.openqa.selenium.remote.RemoteWebElement.click(RemoteWebElement.java:84) ~[selenium-remote-driver-3.141.59.jar:?]
	at jdk.internal.reflect.NativeMethodAccessorImpl.invoke0(Native Method) ~[?:?]
	at jdk.internal.reflect.NativeMethodAccessorImpl.invoke(NativeMethodAccessorImpl.java:62) ~[?:?]
	at jdk.internal.reflect.DelegatingMethodAccessorImpl.invoke(DelegatingMethodAccessorImpl.java:43) ~[?:?]
	at java.lang.reflect.Method.invoke(Method.java:567) ~[?:?]
	at org.openqa.selenium.support.pagefactory.internal.LocatingElementHandler.invoke(LocatingElementHandler.java:51) ~[selenium-support-3.141.59.jar:?]
	at com.sun.proxy.$Proxy30.click(Unknown Source) ~[?:?]
	at Actions.BrowserActions.CreateNewCluster(BrowserActions.java:680) ~[classes/:?]
	at Tests.Environments.InitAndCleanupPortal.ClusterActions(InitAndCleanupPortal.java:127) ~[classes/:?]
	at Tests.Environments.InitAndCleanupPortal.cleanupAgents(InitAndCleanupPortal.java:66) ~[classes/:?]
	at jdk.internal.reflect.NativeMethodAccessorImpl.invoke0(Native Method) ~[?:?]
	at jdk.internal.reflect.NativeMethodAccessorImpl.invoke(NativeMethodAccessorImpl.java:62) ~[?:?]
	at jdk.internal.reflect.DelegatingMethodAccessorImpl.invoke(DelegatingMethodAccessorImpl.java:43) ~[?:?]
	at java.lang.reflect.Method.invoke(Method.java:567) ~[?:?]
	at org.testng.internal.MethodInvocationHelper.invokeMethod(MethodInvocationHelper.java:134) ~[testng-7.1.0.jar:?]
	at org.testng.internal.TestInvoker.invokeMethod(TestInvoker.java:597) ~[testng-7.1.0.jar:?]
	at org.testng.internal.TestInvoker.invokeTestMethod(TestInvoker.java:173) ~[testng-7.1.0.jar:?]
	at org.testng.internal.MethodRunner.runInSequence(MethodRunner.java:46) ~[testng-7.1.0.jar:?]
	at org.testng.internal.TestInvoker$MethodInvocationAgent.invoke(TestInvoker.java:816) ~[testng-7.1.0.jar:?]
	at org.testng.internal.TestInvoker.invokeTestMethods(TestInvoker.java:146) ~[testng-7.1.0.jar:?]
	at org.testng.internal.TestMethodWorker.invokeTestMethods(TestMethodWorker.java:146) ~[testng-7.1.0.jar:?]
	at org.testng.internal.TestMethodWorker.run(TestMethodWorker.java:128) ~[testng-7.1.0.jar:?]
	at java.util.ArrayList.forEach(ArrayList.java:1540) [?:?]
	at org.testng.TestRunner.privateRun(TestRunner.java:766) [testng-7.1.0.jar:?]
	at org.testng.TestRunner.run(TestRunner.java:587) [testng-7.1.0.jar:?]
	at org.testng.SuiteRunner.runTest(SuiteRunner.java:384) [testng-7.1.0.jar:?]
	at org.testng.SuiteRunner.runSequentially(SuiteRunner.java:378) [testng-7.1.0.jar:?]
	at org.testng.SuiteRunner.privateRun(SuiteRunner.java:337) [testng-7.1.0.jar:?]
	at org.testng.SuiteRunner.run(SuiteRunner.java:286) [testng-7.1.0.jar:?]
	at org.testng.SuiteRunnerWorker.runSuite(SuiteRunnerWorker.java:53) [testng-7.1.0.jar:?]
	at org.testng.SuiteRunnerWorker.run(SuiteRunnerWorker.java:96) [testng-7.1.0.jar:?]
	at org.testng.TestNG.runSuitesSequentially(TestNG.java:1187) [testng-7.1.0.jar:?]
	at org.testng.TestNG.runSuitesLocally(TestNG.java:1109) [testng-7.1.0.jar:?]
	at org.testng.TestNG.runSuites(TestNG.java:1039) [testng-7.1.0.jar:?]
	at org.testng.TestNG.run(TestNG.java:1007) [testng-7.1.0.jar:?]
	at Utils.Main.RunTest.main(RunTest.java:116) [classes/:?]
2021-01-19 01:14:24,311 INFO T.E.InitAndCleanupPortal [main] Agent was found and delete action was done in Centcom, going to wait until service is uninstalled from agent
2021-01-19 01:14:29,313 INFO U.R.SSHManager [main] Going to executing command: net start
2021-01-19 01:14:29,428 DEBUG U.R.SSHManager [main] Done.
2021-01-19 01:14:34,428 INFO U.R.SSHManager [main] Going to executing command: net start
2021-01-19 01:14:34,492 DEBUG U.R.SSHManager [main] Done.
2021-01-19 01:14:39,494 INFO U.R.SSHManager [main] Going to executing command: net start
2021-01-19 01:14:39,562 DEBUG U.R.SSHManager [main] Done.
2021-01-19 01:14:44,562 INFO U.R.SSHManager [main] Going to executing command: net start
2021-01-19 01:14:44,608 DEBUG U.R.SSHManager [main] Done.
2021-01-19 01:14:49,610 INFO U.R.SSHManager [main] Going to executing command: net start
2021-01-19 01:14:49,697 DEBUG U.R.SSHManager [main] Done.
2021-01-19 01:14:54,697 INFO U.R.SSHManager [main] Going to executing command: net start
2021-01-19 01:14:54,732 DEBUG U.R.SSHManager [main] Done.
2021-01-19 01:14:59,734 INFO U.R.SSHManager [main] Going to executing command: net start
2021-01-19 01:14:59,769 DEBUG U.R.SSHManager [main] Done.
2021-01-19 01:15:04,769 INFO U.R.SSHManager [main] Going to executing command: net start
2021-01-19 01:15:04,827 DEBUG U.R.SSHManager [main] Done.
2021-01-19 01:15:09,827 INFO U.R.SSHManager [main] Going to executing command: net start
2021-01-19 01:15:09,860 DEBUG U.R.SSHManager [main] Done.
2021-01-19 01:15:14,861 INFO U.R.SSHManager [main] Going to executing command: net start
2021-01-19 01:15:14,933 DEBUG U.R.SSHManager [main] Done.
2021-01-19 01:15:19,934 INFO U.R.SSHManager [main] Going to executing command: net start
2021-01-19 01:15:20,007 DEBUG U.R.SSHManager [main] Done.
2021-01-19 01:15:25,008 INFO U.R.SSHManager [main] Going to executing command: net start
2021-01-19 01:15:25,045 DEBUG U.R.SSHManager [main] Done.
2021-01-19 01:15:30,046 INFO U.R.SSHManager [main] Going to executing command: net start
2021-01-19 01:15:30,092 DEBUG U.R.SSHManager [main] Done.
2021-01-19 01:15:35,092 INFO U.R.SSHManager [main] Going to executing command: net start
2021-01-19 01:15:35,127 DEBUG U.R.SSHManager [main] Done.
2021-01-19 01:15:40,127 INFO U.R.SSHManager [main] Going to executing command: net start
2021-01-19 01:15:40,199 DEBUG U.R.SSHManager [main] Done.
2021-01-19 01:15:45,200 INFO U.R.SSHManager [main] Going to executing command: net start
2021-01-19 01:15:45,287 DEBUG U.R.SSHManager [main] Done.
2021-01-19 01:15:50,288 INFO U.R.SSHManager [main] Going to executing command: net start
2021-01-19 01:15:50,326 DEBUG U.R.SSHManager [main] Done.
2021-01-19 01:15:55,327 INFO U.R.SSHManager [main] Going to executing command: net start
2021-01-19 01:15:55,363 DEBUG U.R.SSHManager [main] Done.
2021-01-19 14:02:24,119 DEBUG T.RecordedTest [main] screenshot file: C:\Nep-4-next\nep-qa-next@f35aa3a96df\nep-qa-automation/test-output/capture/InitAndCleanupPortal-19-01-2021-14.02.24.png
2021-01-19 14:02:24,127 INFO T.E.InitAndCleanupPortal [main] Starting Cleanup agents
2021-01-19 14:02:31,007 INFO U.R.SSHManager [main] Connected Successfully to host 10.243.68.225
2021-01-19 14:02:31,010 INFO U.R.SSHManager [main] Going to executing command: hostname
2021-01-19 14:02:31,041 DEBUG U.R.SSHManager [main] Done.
2021-01-19 14:02:35,941 INFO A.SimulatedAgentActions [main] SimulatedAgentActions, DS URL: https://endpoint-protection-services.inc.tw-test.net:443/
2021-01-19 14:02:35,962 INFO T.E.InitAndCleanupPortal [main] Going to send delete action to Centcom for agent on hostanem NTY-EN-8D25HC2
2021-01-19 14:02:35,963 DEBUG A.SeleniumBrowser [main] Selenium browser Launch - Before switch application type: Chrome
2021-01-19 14:02:35,963 DEBUG A.SeleniumBrowser [main] Setting Chrome driver location: C:/home/NepManagerDownloads/utils/chromedriver.exe
2021-01-19 14:02:35,964 DEBUG A.SeleniumBrowser [main] Selenium browser Launch - After creating new hashMap
2021-01-19 14:02:35,964 DEBUG A.SeleniumBrowser [main] Selenium browser Launch - After reading MasterDownloadFolder property: C:\home\NepManagerDownloads
2021-01-19 14:02:35,964 DEBUG A.SeleniumBrowser [main] Selenium browser Launch - After put to hash
2021-01-19 14:02:35,969 DEBUG A.SeleniumBrowser [main] Selenium browser Launch - After new chrome options
2021-01-19 14:02:35,971 DEBUG A.SeleniumBrowser [main] Selenium browser Launch - After chrome setExperimentalOption
2021-01-19 14:02:35,972 DEBUG A.SeleniumBrowser [main] Selenium browser Launch - Before setting several chrome options
2021-01-19 14:02:35,977 DEBUG A.SeleniumBrowser [main] Selenium browser Launch - Before creating new chrome driver
2021-01-19 14:02:43,509 DEBUG A.SeleniumBrowser [main] Selenium browser Launch - After creating new chrome driver
2021-01-19 14:02:43,540 DEBUG A.SeleniumBrowser [main] After Setting implicit timeout
2021-01-19 14:02:45,561 DEBUG A.SeleniumBrowser [main] After maximizing window 
2021-01-19 14:02:45,561 DEBUG A.SeleniumBrowser [main] LoadURL: Before check if driver equals to null 
2021-01-19 14:02:45,562 DEBUG A.SeleniumBrowser [main] LoadURL: After check if driver equals to null 
2021-01-19 14:02:45,562 DEBUG A.SeleniumBrowser [main] LoadURL: URL =  https://portal.inc.tw-test.net
2021-01-19 14:02:54,368 DEBUG A.SeleniumBrowser [main] LoadURL: after get URL =  https://portal.inc.tw-test.net
2021-01-19 14:02:55,894 DEBUG A.BrowserActions [main] Waiting for login button to be clickable...
2021-01-19 14:02:56,188 DEBUG A.BrowserActions [main] Login button clicked successfully...
2021-01-19 14:02:57,803 DEBUG A.SeleniumBrowser [main] LoadURL: Before check if driver equals to null 
2021-01-19 14:02:57,803 DEBUG A.SeleniumBrowser [main] LoadURL: After check if driver equals to null 
2021-01-19 14:02:57,803 DEBUG A.SeleniumBrowser [main] LoadURL: URL =  https://portal.inc.tw-test.net/#/operations?menuKey=centcom-devices&stackKey=entity-search&types=EntityType.AGENT
2021-01-19 14:02:58,279 DEBUG A.SeleniumBrowser [main] LoadURL: after get URL =  https://portal.inc.tw-test.net/#/operations?menuKey=centcom-devices&stackKey=entity-search&types=EntityType.AGENT
2021-01-19 14:03:29,998 ERROR A.BrowserActions [main] Could not select the specific cluster  at CentCom search page. cluster: Test_cluster123
org.openqa.selenium.ElementClickInterceptedException: element click intercepted: Element <div class="td _ngcontent-uur-119" column="Alias Name">...</div> is not clickable at point (571, 347). Other element would receive the click: <div pane-id="default-52" class="pane modal visible" style="inset: 0px; transform: translateX(0px) translateY(0px);">...</div>
  (Session info: chrome=87.0.4280.141)
Build info: version: '3.141.59', revision: 'e82be7d358', time: '2018-11-14T08:17:03'
System info: host: 'NTY-EN-8D25HC2', ip: '10.243.68.225', os.name: 'Windows 10', os.arch: 'amd64', os.version: '10.0', java.version: '12.0.2'
Driver info: org.openqa.selenium.chrome.ChromeDriver
Capabilities {acceptInsecureCerts: false, browserName: chrome, browserVersion: 87.0.4280.141, chrome: {chromedriverVersion: 87.0.4280.20 (c99e81631faa0..., userDataDir: C:\Users\MOSHE~1.AVI\AppDat...}, goog:chromeOptions: {debuggerAddress: localhost:53999}, javascriptEnabled: true, networkConnectionEnabled: false, pageLoadStrategy: normal, platform: WINDOWS, platformName: WINDOWS, proxy: Proxy(), setWindowRect: true, strictFileInteractability: false, timeouts: {implicit: 0, pageLoad: 300000, script: 30000}, unhandledPromptBehavior: dismiss and notify, webauthn:virtualAuthenticators: true}
Session ID: 00604f2708244d8e055ba095e55d93e9
	at jdk.internal.reflect.NativeConstructorAccessorImpl.newInstance0(Native Method) ~[?:?]
	at jdk.internal.reflect.NativeConstructorAccessorImpl.newInstance(NativeConstructorAccessorImpl.java:62) ~[?:?]
	at jdk.internal.reflect.DelegatingConstructorAccessorImpl.newInstance(DelegatingConstructorAccessorImpl.java:45) ~[?:?]
	at java.lang.reflect.Constructor.newInstanceWithCaller(Constructor.java:500) ~[?:?]
	at java.lang.reflect.Constructor.newInstance(Constructor.java:481) ~[?:?]
	at org.openqa.selenium.remote.http.W3CHttpResponseCodec.createException(W3CHttpResponseCodec.java:187) ~[selenium-remote-driver-3.141.59.jar:?]
	at org.openqa.selenium.remote.http.W3CHttpResponseCodec.decode(W3CHttpResponseCodec.java:122) ~[selenium-remote-driver-3.141.59.jar:?]
	at org.openqa.selenium.remote.http.W3CHttpResponseCodec.decode(W3CHttpResponseCodec.java:49) ~[selenium-remote-driver-3.141.59.jar:?]
	at org.openqa.selenium.remote.HttpCommandExecutor.execute(HttpCommandExecutor.java:158) ~[selenium-remote-driver-3.141.59.jar:?]
	at org.openqa.selenium.remote.service.DriverCommandExecutor.execute(DriverCommandExecutor.java:83) ~[selenium-remote-driver-3.141.59.jar:?]
	at org.openqa.selenium.remote.RemoteWebDriver.execute(RemoteWebDriver.java:552) ~[selenium-remote-driver-3.141.59.jar:?]
	at org.openqa.selenium.remote.RemoteWebElement.execute(RemoteWebElement.java:285) ~[selenium-remote-driver-3.141.59.jar:?]
	at org.openqa.selenium.remote.RemoteWebElement.click(RemoteWebElement.java:84) ~[selenium-remote-driver-3.141.59.jar:?]
	at Actions.BrowserActions.CreateNewCluster(BrowserActions.java:695) ~[classes/:?]
	at Tests.Environments.InitAndCleanupPortal.ClusterActions(InitAndCleanupPortal.java:125) ~[classes/:?]
	at Tests.Environments.InitAndCleanupPortal.cleanupAgents(InitAndCleanupPortal.java:66) ~[classes/:?]
	at jdk.internal.reflect.NativeMethodAccessorImpl.invoke0(Native Method) ~[?:?]
	at jdk.internal.reflect.NativeMethodAccessorImpl.invoke(NativeMethodAccessorImpl.java:62) ~[?:?]
	at jdk.internal.reflect.DelegatingMethodAccessorImpl.invoke(DelegatingMethodAccessorImpl.java:43) ~[?:?]
	at java.lang.reflect.Method.invoke(Method.java:567) ~[?:?]
	at org.testng.internal.MethodInvocationHelper.invokeMethod(MethodInvocationHelper.java:134) ~[testng-7.1.0.jar:?]
	at org.testng.internal.TestInvoker.invokeMethod(TestInvoker.java:597) ~[testng-7.1.0.jar:?]
	at org.testng.internal.TestInvoker.invokeTestMethod(TestInvoker.java:173) ~[testng-7.1.0.jar:?]
	at org.testng.internal.MethodRunner.runInSequence(MethodRunner.java:46) ~[testng-7.1.0.jar:?]
	at org.testng.internal.TestInvoker$MethodInvocationAgent.invoke(TestInvoker.java:816) ~[testng-7.1.0.jar:?]
	at org.testng.internal.TestInvoker.invokeTestMethods(TestInvoker.java:146) ~[testng-7.1.0.jar:?]
	at org.testng.internal.TestMethodWorker.invokeTestMethods(TestMethodWorker.java:146) ~[testng-7.1.0.jar:?]
	at org.testng.internal.TestMethodWorker.run(TestMethodWorker.java:128) ~[testng-7.1.0.jar:?]
	at java.util.ArrayList.forEach(ArrayList.java:1540) [?:?]
	at org.testng.TestRunner.privateRun(TestRunner.java:766) [testng-7.1.0.jar:?]
	at org.testng.TestRunner.run(TestRunner.java:587) [testng-7.1.0.jar:?]
	at org.testng.SuiteRunner.runTest(SuiteRunner.java:384) [testng-7.1.0.jar:?]
	at org.testng.SuiteRunner.runSequentially(SuiteRunner.java:378) [testng-7.1.0.jar:?]
	at org.testng.SuiteRunner.privateRun(SuiteRunner.java:337) [testng-7.1.0.jar:?]
	at org.testng.SuiteRunner.run(SuiteRunner.java:286) [testng-7.1.0.jar:?]
	at org.testng.SuiteRunnerWorker.runSuite(SuiteRunnerWorker.java:53) [testng-7.1.0.jar:?]
	at org.testng.SuiteRunnerWorker.run(SuiteRunnerWorker.java:96) [testng-7.1.0.jar:?]
	at org.testng.TestNG.runSuitesSequentially(TestNG.java:1187) [testng-7.1.0.jar:?]
	at org.testng.TestNG.runSuitesLocally(TestNG.java:1109) [testng-7.1.0.jar:?]
	at org.testng.TestNG.runSuites(TestNG.java:1039) [testng-7.1.0.jar:?]
	at org.testng.TestNG.run(TestNG.java:1007) [testng-7.1.0.jar:?]
	at Utils.Main.RunTest.main(RunTest.java:116) [classes/:?]
2021-01-19 14:03:31,109 ERROR A.BrowserActions [main] Could not select the specific cluster  at CentCom search page. cluster: NTY-EN-8D25HC2
org.openqa.selenium.ElementClickInterceptedException: element click intercepted: Element <div class="ellipse _ngcontent-uur-109" tooltiponlyifoverflow="" aria-owns="1ed57309-0528-4067-a663-11bd21a8fbca--1301" aria-haspopup="true">...</div> is not clickable at point (579, 219). Other element would receive the click: <div pane-id="default-52" class="pane modal visible" style="inset: 0px; transform: translateX(0px) translateY(0px);">...</div>
  (Session info: chrome=87.0.4280.141)
Build info: version: '3.141.59', revision: 'e82be7d358', time: '2018-11-14T08:17:03'
System info: host: 'NTY-EN-8D25HC2', ip: '10.243.68.225', os.name: 'Windows 10', os.arch: 'amd64', os.version: '10.0', java.version: '12.0.2'
Driver info: org.openqa.selenium.chrome.ChromeDriver
Capabilities {acceptInsecureCerts: false, browserName: chrome, browserVersion: 87.0.4280.141, chrome: {chromedriverVersion: 87.0.4280.20 (c99e81631faa0..., userDataDir: C:\Users\MOSHE~1.AVI\AppDat...}, goog:chromeOptions: {debuggerAddress: localhost:53999}, javascriptEnabled: true, networkConnectionEnabled: false, pageLoadStrategy: normal, platform: WINDOWS, platformName: WINDOWS, proxy: Proxy(), setWindowRect: true, strictFileInteractability: false, timeouts: {implicit: 0, pageLoad: 300000, script: 30000}, unhandledPromptBehavior: dismiss and notify, webauthn:virtualAuthenticators: true}
Session ID: 00604f2708244d8e055ba095e55d93e9
	at jdk.internal.reflect.NativeConstructorAccessorImpl.newInstance0(Native Method) ~[?:?]
	at jdk.internal.reflect.NativeConstructorAccessorImpl.newInstance(NativeConstructorAccessorImpl.java:62) ~[?:?]
	at jdk.internal.reflect.DelegatingConstructorAccessorImpl.newInstance(DelegatingConstructorAccessorImpl.java:45) ~[?:?]
	at java.lang.reflect.Constructor.newInstanceWithCaller(Constructor.java:500) ~[?:?]
	at java.lang.reflect.Constructor.newInstance(Constructor.java:481) ~[?:?]
	at org.openqa.selenium.remote.http.W3CHttpResponseCodec.createException(W3CHttpResponseCodec.java:187) ~[selenium-remote-driver-3.141.59.jar:?]
	at org.openqa.selenium.remote.http.W3CHttpResponseCodec.decode(W3CHttpResponseCodec.java:122) ~[selenium-remote-driver-3.141.59.jar:?]
	at org.openqa.selenium.remote.http.W3CHttpResponseCodec.decode(W3CHttpResponseCodec.java:49) ~[selenium-remote-driver-3.141.59.jar:?]
	at org.openqa.selenium.remote.HttpCommandExecutor.execute(HttpCommandExecutor.java:158) ~[selenium-remote-driver-3.141.59.jar:?]
	at org.openqa.selenium.remote.service.DriverCommandExecutor.execute(DriverCommandExecutor.java:83) ~[selenium-remote-driver-3.141.59.jar:?]
	at org.openqa.selenium.remote.RemoteWebDriver.execute(RemoteWebDriver.java:552) ~[selenium-remote-driver-3.141.59.jar:?]
	at org.openqa.selenium.remote.RemoteWebElement.execute(RemoteWebElement.java:285) ~[selenium-remote-driver-3.141.59.jar:?]
	at org.openqa.selenium.remote.RemoteWebElement.click(RemoteWebElement.java:84) ~[selenium-remote-driver-3.141.59.jar:?]
	at jdk.internal.reflect.NativeMethodAccessorImpl.invoke0(Native Method) ~[?:?]
	at jdk.internal.reflect.NativeMethodAccessorImpl.invoke(NativeMethodAccessorImpl.java:62) ~[?:?]
	at jdk.internal.reflect.DelegatingMethodAccessorImpl.invoke(DelegatingMethodAccessorImpl.java:43) ~[?:?]
	at java.lang.reflect.Method.invoke(Method.java:567) ~[?:?]
	at org.openqa.selenium.support.pagefactory.internal.LocatingElementHandler.invoke(LocatingElementHandler.java:51) ~[selenium-support-3.141.59.jar:?]
	at com.sun.proxy.$Proxy30.click(Unknown Source) ~[?:?]
	at Actions.BrowserActions.CreateNewCluster(BrowserActions.java:680) ~[classes/:?]
	at Tests.Environments.InitAndCleanupPortal.ClusterActions(InitAndCleanupPortal.java:127) ~[classes/:?]
	at Tests.Environments.InitAndCleanupPortal.cleanupAgents(InitAndCleanupPortal.java:66) ~[classes/:?]
	at jdk.internal.reflect.NativeMethodAccessorImpl.invoke0(Native Method) ~[?:?]
	at jdk.internal.reflect.NativeMethodAccessorImpl.invoke(NativeMethodAccessorImpl.java:62) ~[?:?]
	at jdk.internal.reflect.DelegatingMethodAccessorImpl.invoke(DelegatingMethodAccessorImpl.java:43) ~[?:?]
	at java.lang.reflect.Method.invoke(Method.java:567) ~[?:?]
	at org.testng.internal.MethodInvocationHelper.invokeMethod(MethodInvocationHelper.java:134) ~[testng-7.1.0.jar:?]
	at org.testng.internal.TestInvoker.invokeMethod(TestInvoker.java:597) ~[testng-7.1.0.jar:?]
	at org.testng.internal.TestInvoker.invokeTestMethod(TestInvoker.java:173) ~[testng-7.1.0.jar:?]
	at org.testng.internal.MethodRunner.runInSequence(MethodRunner.java:46) ~[testng-7.1.0.jar:?]
	at org.testng.internal.TestInvoker$MethodInvocationAgent.invoke(TestInvoker.java:816) ~[testng-7.1.0.jar:?]
	at org.testng.internal.TestInvoker.invokeTestMethods(TestInvoker.java:146) ~[testng-7.1.0.jar:?]
	at org.testng.internal.TestMethodWorker.invokeTestMethods(TestMethodWorker.java:146) ~[testng-7.1.0.jar:?]
	at org.testng.internal.TestMethodWorker.run(TestMethodWorker.java:128) ~[testng-7.1.0.jar:?]
	at java.util.ArrayList.forEach(ArrayList.java:1540) [?:?]
	at org.testng.TestRunner.privateRun(TestRunner.java:766) [testng-7.1.0.jar:?]
	at org.testng.TestRunner.run(TestRunner.java:587) [testng-7.1.0.jar:?]
	at org.testng.SuiteRunner.runTest(SuiteRunner.java:384) [testng-7.1.0.jar:?]
	at org.testng.SuiteRunner.runSequentially(SuiteRunner.java:378) [testng-7.1.0.jar:?]
	at org.testng.SuiteRunner.privateRun(SuiteRunner.java:337) [testng-7.1.0.jar:?]
	at org.testng.SuiteRunner.run(SuiteRunner.java:286) [testng-7.1.0.jar:?]
	at org.testng.SuiteRunnerWorker.runSuite(SuiteRunnerWorker.java:53) [testng-7.1.0.jar:?]
	at org.testng.SuiteRunnerWorker.run(SuiteRunnerWorker.java:96) [testng-7.1.0.jar:?]
	at org.testng.TestNG.runSuitesSequentially(TestNG.java:1187) [testng-7.1.0.jar:?]
	at org.testng.TestNG.runSuitesLocally(TestNG.java:1109) [testng-7.1.0.jar:?]
	at org.testng.TestNG.runSuites(TestNG.java:1039) [testng-7.1.0.jar:?]
	at org.testng.TestNG.run(TestNG.java:1007) [testng-7.1.0.jar:?]
	at Utils.Main.RunTest.main(RunTest.java:116) [classes/:?]
2021-01-19 14:03:31,111 INFO T.E.InitAndCleanupPortal [main] Agent was found and delete action was done in Centcom, going to wait until service is uninstalled from agent
2021-01-19 14:03:36,113 INFO U.R.SSHManager [main] Going to executing command: net start
2021-01-19 14:03:36,180 DEBUG U.R.SSHManager [main] Done.
2021-01-19 14:03:41,181 INFO U.R.SSHManager [main] Going to executing command: net start
2021-01-19 14:03:41,219 DEBUG U.R.SSHManager [main] Done.
2021-01-19 14:05:34,492 DEBUG T.RecordedTest [main] screenshot file: C:\Nep-4-next\nep-qa-next@f35aa3a96df\nep-qa-automation/test-output/capture/InitAndCleanupPortal-19-01-2021-14.05.34.png
2021-01-19 14:05:34,498 INFO T.E.InitAndCleanupPortal [main] Starting Cleanup agents
2021-01-19 14:05:39,901 INFO U.R.SSHManager [main] Connected Successfully to host 10.243.68.225
2021-01-19 14:05:39,903 INFO U.R.SSHManager [main] Going to executing command: hostname
2021-01-19 14:05:39,932 DEBUG U.R.SSHManager [main] Done.
2021-01-19 14:05:44,094 INFO A.SimulatedAgentActions [main] SimulatedAgentActions, DS URL: https://endpoint-protection-services.qa.tw-test.net:443/
2021-01-19 14:05:44,119 INFO T.E.InitAndCleanupPortal [main] Going to send delete action to Centcom for agent on hostanem NTY-EN-8D25HC2
2021-01-19 14:05:44,119 DEBUG A.SeleniumBrowser [main] Selenium browser Launch - Before switch application type: Chrome
2021-01-19 14:05:44,119 DEBUG A.SeleniumBrowser [main] Setting Chrome driver location: C:/home/NepManagerDownloads/utils/chromedriver.exe
2021-01-19 14:05:44,120 DEBUG A.SeleniumBrowser [main] Selenium browser Launch - After creating new hashMap
2021-01-19 14:05:44,120 DEBUG A.SeleniumBrowser [main] Selenium browser Launch - After reading MasterDownloadFolder property: C:\home\NepManagerDownloads
2021-01-19 14:05:44,120 DEBUG A.SeleniumBrowser [main] Selenium browser Launch - After put to hash
2021-01-19 14:05:44,125 DEBUG A.SeleniumBrowser [main] Selenium browser Launch - After new chrome options
2021-01-19 14:05:44,127 DEBUG A.SeleniumBrowser [main] Selenium browser Launch - After chrome setExperimentalOption
2021-01-19 14:05:44,128 DEBUG A.SeleniumBrowser [main] Selenium browser Launch - Before setting several chrome options
2021-01-19 14:05:44,133 DEBUG A.SeleniumBrowser [main] Selenium browser Launch - Before creating new chrome driver
2021-01-19 14:05:48,036 DEBUG A.SeleniumBrowser [main] Selenium browser Launch - After creating new chrome driver
2021-01-19 14:05:48,044 DEBUG A.SeleniumBrowser [main] After Setting implicit timeout
2021-01-19 14:05:50,064 DEBUG A.SeleniumBrowser [main] After maximizing window 
2021-01-19 14:05:50,065 DEBUG A.SeleniumBrowser [main] LoadURL: Before check if driver equals to null 
2021-01-19 14:05:50,066 DEBUG A.SeleniumBrowser [main] LoadURL: After check if driver equals to null 
2021-01-19 14:05:50,067 DEBUG A.SeleniumBrowser [main] LoadURL: URL =  https://portal.qa.tw-test.net
2021-01-19 14:05:56,264 DEBUG A.SeleniumBrowser [main] LoadURL: after get URL =  https://portal.qa.tw-test.net
2021-01-19 14:05:57,755 DEBUG A.BrowserActions [main] Waiting for login button to be clickable...
2021-01-19 14:05:57,969 DEBUG A.BrowserActions [main] Login button clicked successfully...
2021-01-19 14:06:00,802 DEBUG A.SeleniumBrowser [main] LoadURL: Before check if driver equals to null 
2021-01-19 14:06:00,803 DEBUG A.SeleniumBrowser [main] LoadURL: After check if driver equals to null 
2021-01-19 14:06:00,803 DEBUG A.SeleniumBrowser [main] LoadURL: URL =  https://portal.qa.tw-test.net/#/operations?menuKey=centcom-devices&stackKey=entity-search&types=EntityType.AGENT
2021-01-19 14:06:01,109 DEBUG A.SeleniumBrowser [main] LoadURL: after get URL =  https://portal.qa.tw-test.net/#/operations?menuKey=centcom-devices&stackKey=entity-search&types=EntityType.AGENT
2021-01-19 14:07:46,975 ERROR A.BrowserActions [main] Could not select the specific cluster  at CentCom search page. cluster: NTY-EN-8D25HC2
org.openqa.selenium.NoSuchElementException: Cannot locate an element using xpath=//div[contains(text(),'Clusters')]
For documentation on this error, please visit: https://www.seleniumhq.org/exceptions/no_such_element.html
Build info: version: '3.141.59', revision: 'e82be7d358', time: '2018-11-14T08:17:03'
System info: host: 'NTY-EN-8D25HC2', ip: '10.243.68.225', os.name: 'Windows 10', os.arch: 'amd64', os.version: '10.0', java.version: '12.0.2'
Driver info: driver.version: RemoteWebDriver
	at org.openqa.selenium.remote.RemoteWebDriver.findElement(RemoteWebDriver.java:327) ~[selenium-remote-driver-3.141.59.jar:?]
	at org.openqa.selenium.remote.RemoteWebDriver.findElementByXPath(RemoteWebDriver.java:428) ~[selenium-remote-driver-3.141.59.jar:?]
	at org.openqa.selenium.By$ByXPath.findElement(By.java:353) ~[selenium-api-3.141.59.jar:?]
	at org.openqa.selenium.remote.RemoteWebDriver.findElement(RemoteWebDriver.java:315) ~[selenium-remote-driver-3.141.59.jar:?]
	at org.openqa.selenium.support.pagefactory.DefaultElementLocator.findElement(DefaultElementLocator.java:69) ~[selenium-support-3.141.59.jar:?]
	at org.openqa.selenium.support.pagefactory.internal.LocatingElementHandler.invoke(LocatingElementHandler.java:38) ~[selenium-support-3.141.59.jar:?]
	at com.sun.proxy.$Proxy30.click(Unknown Source) ~[?:?]
	at Actions.BrowserActions.CreateNewCluster(BrowserActions.java:680) ~[classes/:?]
	at Tests.Environments.InitAndCleanupPortal.ClusterActions(InitAndCleanupPortal.java:127) ~[classes/:?]
	at Tests.Environments.InitAndCleanupPortal.cleanupAgents(InitAndCleanupPortal.java:66) ~[classes/:?]
	at jdk.internal.reflect.NativeMethodAccessorImpl.invoke0(Native Method) ~[?:?]
	at jdk.internal.reflect.NativeMethodAccessorImpl.invoke(NativeMethodAccessorImpl.java:62) ~[?:?]
	at jdk.internal.reflect.DelegatingMethodAccessorImpl.invoke(DelegatingMethodAccessorImpl.java:43) ~[?:?]
	at java.lang.reflect.Method.invoke(Method.java:567) ~[?:?]
	at org.testng.internal.MethodInvocationHelper.invokeMethod(MethodInvocationHelper.java:134) ~[testng-7.1.0.jar:?]
	at org.testng.internal.TestInvoker.invokeMethod(TestInvoker.java:597) ~[testng-7.1.0.jar:?]
	at org.testng.internal.TestInvoker.invokeTestMethod(TestInvoker.java:173) ~[testng-7.1.0.jar:?]
	at org.testng.internal.MethodRunner.runInSequence(MethodRunner.java:46) ~[testng-7.1.0.jar:?]
	at org.testng.internal.TestInvoker$MethodInvocationAgent.invoke(TestInvoker.java:816) ~[testng-7.1.0.jar:?]
	at org.testng.internal.TestInvoker.invokeTestMethods(TestInvoker.java:146) ~[testng-7.1.0.jar:?]
	at org.testng.internal.TestMethodWorker.invokeTestMethods(TestMethodWorker.java:146) ~[testng-7.1.0.jar:?]
	at org.testng.internal.TestMethodWorker.run(TestMethodWorker.java:128) ~[testng-7.1.0.jar:?]
	at java.util.ArrayList.forEach(ArrayList.java:1540) [?:?]
	at org.testng.TestRunner.privateRun(TestRunner.java:766) [testng-7.1.0.jar:?]
	at org.testng.TestRunner.run(TestRunner.java:587) [testng-7.1.0.jar:?]
	at org.testng.SuiteRunner.runTest(SuiteRunner.java:384) [testng-7.1.0.jar:?]
	at org.testng.SuiteRunner.runSequentially(SuiteRunner.java:378) [testng-7.1.0.jar:?]
	at org.testng.SuiteRunner.privateRun(SuiteRunner.java:337) [testng-7.1.0.jar:?]
	at org.testng.SuiteRunner.run(SuiteRunner.java:286) [testng-7.1.0.jar:?]
	at org.testng.SuiteRunnerWorker.runSuite(SuiteRunnerWorker.java:53) [testng-7.1.0.jar:?]
	at org.testng.SuiteRunnerWorker.run(SuiteRunnerWorker.java:96) [testng-7.1.0.jar:?]
	at org.testng.TestNG.runSuitesSequentially(TestNG.java:1187) [testng-7.1.0.jar:?]
	at org.testng.TestNG.runSuitesLocally(TestNG.java:1109) [testng-7.1.0.jar:?]
	at org.testng.TestNG.runSuites(TestNG.java:1039) [testng-7.1.0.jar:?]
	at org.testng.TestNG.run(TestNG.java:1007) [testng-7.1.0.jar:?]
	at Utils.Main.RunTest.main(RunTest.java:116) [classes/:?]
2021-01-19 14:07:46,992 INFO T.E.InitAndCleanupPortal [main] Agent was found and delete action was done in Centcom, going to wait until service is uninstalled from agent
2021-01-19 14:07:58,697 DEBUG T.RecordedTest [main] screenshot file: C:\Nep-4-next\nep-qa-next@f35aa3a96df\nep-qa-automation/test-output/capture/InitAndCleanupPortal-19-01-2021-14.07.58.png
2021-01-19 14:07:58,708 INFO T.E.InitAndCleanupPortal [main] Starting Cleanup agents
2021-01-19 14:08:04,072 INFO U.R.SSHManager [main] Connected Successfully to host 10.243.68.225
2021-01-19 14:08:04,074 INFO U.R.SSHManager [main] Going to executing command: hostname
2021-01-19 14:08:04,100 DEBUG U.R.SSHManager [main] Done.
2021-01-19 14:08:07,923 INFO A.SimulatedAgentActions [main] SimulatedAgentActions, DS URL: https://endpoint-protection-services.qa.tw-test.net:443/
2021-01-19 14:08:07,954 INFO T.E.InitAndCleanupPortal [main] Going to send delete action to Centcom for agent on hostanem NTY-EN-8D25HC2
2021-01-19 14:08:07,955 DEBUG A.SeleniumBrowser [main] Selenium browser Launch - Before switch application type: Chrome
2021-01-19 14:08:07,956 DEBUG A.SeleniumBrowser [main] Setting Chrome driver location: C:/home/NepManagerDownloads/utils/chromedriver.exe
2021-01-19 14:08:07,957 DEBUG A.SeleniumBrowser [main] Selenium browser Launch - After creating new hashMap
2021-01-19 14:08:07,958 DEBUG A.SeleniumBrowser [main] Selenium browser Launch - After reading MasterDownloadFolder property: C:\home\NepManagerDownloads
2021-01-19 14:08:07,958 DEBUG A.SeleniumBrowser [main] Selenium browser Launch - After put to hash
2021-01-19 14:08:07,965 DEBUG A.SeleniumBrowser [main] Selenium browser Launch - After new chrome options
2021-01-19 14:08:07,967 DEBUG A.SeleniumBrowser [main] Selenium browser Launch - After chrome setExperimentalOption
2021-01-19 14:08:07,968 DEBUG A.SeleniumBrowser [main] Selenium browser Launch - Before setting several chrome options
2021-01-19 14:08:07,974 DEBUG A.SeleniumBrowser [main] Selenium browser Launch - Before creating new chrome driver
2021-01-19 14:08:11,871 DEBUG A.SeleniumBrowser [main] Selenium browser Launch - After creating new chrome driver
2021-01-19 14:08:11,878 DEBUG A.SeleniumBrowser [main] After Setting implicit timeout
2021-01-19 14:08:13,894 DEBUG A.SeleniumBrowser [main] After maximizing window 
2021-01-19 14:08:13,894 DEBUG A.SeleniumBrowser [main] LoadURL: Before check if driver equals to null 
2021-01-19 14:08:13,894 DEBUG A.SeleniumBrowser [main] LoadURL: After check if driver equals to null 
2021-01-19 14:08:13,895 DEBUG A.SeleniumBrowser [main] LoadURL: URL =  https://portal.qa.tw-test.net
2021-01-19 14:08:18,283 DEBUG A.SeleniumBrowser [main] LoadURL: after get URL =  https://portal.qa.tw-test.net
2021-01-19 14:08:19,986 DEBUG A.BrowserActions [main] Waiting for login button to be clickable...
2021-01-19 14:08:20,149 DEBUG A.BrowserActions [main] Login button clicked successfully...
2021-01-19 14:08:21,979 DEBUG A.SeleniumBrowser [main] LoadURL: Before check if driver equals to null 
2021-01-19 14:08:21,979 DEBUG A.SeleniumBrowser [main] LoadURL: After check if driver equals to null 
2021-01-19 14:08:21,979 DEBUG A.SeleniumBrowser [main] LoadURL: URL =  https://portal.qa.tw-test.net/#/operations?menuKey=centcom-devices&stackKey=entity-search&types=EntityType.AGENT
2021-01-19 14:08:22,297 DEBUG A.SeleniumBrowser [main] LoadURL: after get URL =  https://portal.qa.tw-test.net/#/operations?menuKey=centcom-devices&stackKey=entity-search&types=EntityType.AGENT
2021-01-19 14:08:39,668 ERROR A.BrowserActions [main] Could not select the specific cluster  at CentCom search page. cluster: Test_cluster123
org.openqa.selenium.ElementClickInterceptedException: element click intercepted: Element <div class="td _ngcontent-fdf-119" column="Alias Name">...</div> is not clickable at point (568, 294). Other element would receive the click: <div pane-id="default-52" class="pane modal visible" style="inset: 0px; transform: translateX(0px) translateY(0px);">...</div>
  (Session info: chrome=87.0.4280.141)
Build info: version: '3.141.59', revision: 'e82be7d358', time: '2018-11-14T08:17:03'
System info: host: 'NTY-EN-8D25HC2', ip: '10.243.68.225', os.name: 'Windows 10', os.arch: 'amd64', os.version: '10.0', java.version: '12.0.2'
Driver info: org.openqa.selenium.chrome.ChromeDriver
Capabilities {acceptInsecureCerts: false, browserName: chrome, browserVersion: 87.0.4280.141, chrome: {chromedriverVersion: 87.0.4280.20 (c99e81631faa0..., userDataDir: C:\Users\MOSHE~1.AVI\AppDat...}, goog:chromeOptions: {debuggerAddress: localhost:54151}, javascriptEnabled: true, networkConnectionEnabled: false, pageLoadStrategy: normal, platform: WINDOWS, platformName: WINDOWS, proxy: Proxy(), setWindowRect: true, strictFileInteractability: false, timeouts: {implicit: 0, pageLoad: 300000, script: 30000}, unhandledPromptBehavior: dismiss and notify, webauthn:virtualAuthenticators: true}
Session ID: 7c54dea4da30ec8262412a13b019630b
	at jdk.internal.reflect.NativeConstructorAccessorImpl.newInstance0(Native Method) ~[?:?]
	at jdk.internal.reflect.NativeConstructorAccessorImpl.newInstance(NativeConstructorAccessorImpl.java:62) ~[?:?]
	at jdk.internal.reflect.DelegatingConstructorAccessorImpl.newInstance(DelegatingConstructorAccessorImpl.java:45) ~[?:?]
	at java.lang.reflect.Constructor.newInstanceWithCaller(Constructor.java:500) ~[?:?]
	at java.lang.reflect.Constructor.newInstance(Constructor.java:481) ~[?:?]
	at org.openqa.selenium.remote.http.W3CHttpResponseCodec.createException(W3CHttpResponseCodec.java:187) ~[selenium-remote-driver-3.141.59.jar:?]
	at org.openqa.selenium.remote.http.W3CHttpResponseCodec.decode(W3CHttpResponseCodec.java:122) ~[selenium-remote-driver-3.141.59.jar:?]
	at org.openqa.selenium.remote.http.W3CHttpResponseCodec.decode(W3CHttpResponseCodec.java:49) ~[selenium-remote-driver-3.141.59.jar:?]
	at org.openqa.selenium.remote.HttpCommandExecutor.execute(HttpCommandExecutor.java:158) ~[selenium-remote-driver-3.141.59.jar:?]
	at org.openqa.selenium.remote.service.DriverCommandExecutor.execute(DriverCommandExecutor.java:83) ~[selenium-remote-driver-3.141.59.jar:?]
	at org.openqa.selenium.remote.RemoteWebDriver.execute(RemoteWebDriver.java:552) ~[selenium-remote-driver-3.141.59.jar:?]
	at org.openqa.selenium.remote.RemoteWebElement.execute(RemoteWebElement.java:285) ~[selenium-remote-driver-3.141.59.jar:?]
	at org.openqa.selenium.remote.RemoteWebElement.click(RemoteWebElement.java:84) ~[selenium-remote-driver-3.141.59.jar:?]
	at Actions.BrowserActions.CreateNewCluster(BrowserActions.java:695) ~[classes/:?]
	at Tests.Environments.InitAndCleanupPortal.ClusterActions(InitAndCleanupPortal.java:125) ~[classes/:?]
	at Tests.Environments.InitAndCleanupPortal.cleanupAgents(InitAndCleanupPortal.java:66) ~[classes/:?]
	at jdk.internal.reflect.NativeMethodAccessorImpl.invoke0(Native Method) ~[?:?]
	at jdk.internal.reflect.NativeMethodAccessorImpl.invoke(NativeMethodAccessorImpl.java:62) ~[?:?]
	at jdk.internal.reflect.DelegatingMethodAccessorImpl.invoke(DelegatingMethodAccessorImpl.java:43) ~[?:?]
	at java.lang.reflect.Method.invoke(Method.java:567) ~[?:?]
	at org.testng.internal.MethodInvocationHelper.invokeMethod(MethodInvocationHelper.java:134) ~[testng-7.1.0.jar:?]
	at org.testng.internal.TestInvoker.invokeMethod(TestInvoker.java:597) ~[testng-7.1.0.jar:?]
	at org.testng.internal.TestInvoker.invokeTestMethod(TestInvoker.java:173) ~[testng-7.1.0.jar:?]
	at org.testng.internal.MethodRunner.runInSequence(MethodRunner.java:46) ~[testng-7.1.0.jar:?]
	at org.testng.internal.TestInvoker$MethodInvocationAgent.invoke(TestInvoker.java:816) ~[testng-7.1.0.jar:?]
	at org.testng.internal.TestInvoker.invokeTestMethods(TestInvoker.java:146) ~[testng-7.1.0.jar:?]
	at org.testng.internal.TestMethodWorker.invokeTestMethods(TestMethodWorker.java:146) ~[testng-7.1.0.jar:?]
	at org.testng.internal.TestMethodWorker.run(TestMethodWorker.java:128) ~[testng-7.1.0.jar:?]
	at java.util.ArrayList.forEach(ArrayList.java:1540) [?:?]
	at org.testng.TestRunner.privateRun(TestRunner.java:766) [testng-7.1.0.jar:?]
	at org.testng.TestRunner.run(TestRunner.java:587) [testng-7.1.0.jar:?]
	at org.testng.SuiteRunner.runTest(SuiteRunner.java:384) [testng-7.1.0.jar:?]
	at org.testng.SuiteRunner.runSequentially(SuiteRunner.java:378) [testng-7.1.0.jar:?]
	at org.testng.SuiteRunner.privateRun(SuiteRunner.java:337) [testng-7.1.0.jar:?]
	at org.testng.SuiteRunner.run(SuiteRunner.java:286) [testng-7.1.0.jar:?]
	at org.testng.SuiteRunnerWorker.runSuite(SuiteRunnerWorker.java:53) [testng-7.1.0.jar:?]
	at org.testng.SuiteRunnerWorker.run(SuiteRunnerWorker.java:96) [testng-7.1.0.jar:?]
	at org.testng.TestNG.runSuitesSequentially(TestNG.java:1187) [testng-7.1.0.jar:?]
	at org.testng.TestNG.runSuitesLocally(TestNG.java:1109) [testng-7.1.0.jar:?]
	at org.testng.TestNG.runSuites(TestNG.java:1039) [testng-7.1.0.jar:?]
	at org.testng.TestNG.run(TestNG.java:1007) [testng-7.1.0.jar:?]
	at Utils.Main.RunTest.main(RunTest.java:116) [classes/:?]
2021-01-19 14:08:40,775 ERROR A.BrowserActions [main] Could not select the specific cluster  at CentCom search page. cluster: NTY-EN-8D25HC2
org.openqa.selenium.ElementClickInterceptedException: element click intercepted: Element <div class="ellipse _ngcontent-fdf-109" tooltiponlyifoverflow="" aria-owns="f8ab95d0-3c06-4529-b37e-3ec04b22e5cc--1506" aria-haspopup="true">...</div> is not clickable at point (576, 166). Other element would receive the click: <div pane-id="default-52" class="pane modal visible" style="inset: 0px; transform: translateX(0px) translateY(0px);">...</div>
  (Session info: chrome=87.0.4280.141)
Build info: version: '3.141.59', revision: 'e82be7d358', time: '2018-11-14T08:17:03'
System info: host: 'NTY-EN-8D25HC2', ip: '10.243.68.225', os.name: 'Windows 10', os.arch: 'amd64', os.version: '10.0', java.version: '12.0.2'
Driver info: org.openqa.selenium.chrome.ChromeDriver
Capabilities {acceptInsecureCerts: false, browserName: chrome, browserVersion: 87.0.4280.141, chrome: {chromedriverVersion: 87.0.4280.20 (c99e81631faa0..., userDataDir: C:\Users\MOSHE~1.AVI\AppDat...}, goog:chromeOptions: {debuggerAddress: localhost:54151}, javascriptEnabled: true, networkConnectionEnabled: false, pageLoadStrategy: normal, platform: WINDOWS, platformName: WINDOWS, proxy: Proxy(), setWindowRect: true, strictFileInteractability: false, timeouts: {implicit: 0, pageLoad: 300000, script: 30000}, unhandledPromptBehavior: dismiss and notify, webauthn:virtualAuthenticators: true}
Session ID: 7c54dea4da30ec8262412a13b019630b
	at jdk.internal.reflect.NativeConstructorAccessorImpl.newInstance0(Native Method) ~[?:?]
	at jdk.internal.reflect.NativeConstructorAccessorImpl.newInstance(NativeConstructorAccessorImpl.java:62) ~[?:?]
	at jdk.internal.reflect.DelegatingConstructorAccessorImpl.newInstance(DelegatingConstructorAccessorImpl.java:45) ~[?:?]
	at java.lang.reflect.Constructor.newInstanceWithCaller(Constructor.java:500) ~[?:?]
	at java.lang.reflect.Constructor.newInstance(Constructor.java:481) ~[?:?]
	at org.openqa.selenium.remote.http.W3CHttpResponseCodec.createException(W3CHttpResponseCodec.java:187) ~[selenium-remote-driver-3.141.59.jar:?]
	at org.openqa.selenium.remote.http.W3CHttpResponseCodec.decode(W3CHttpResponseCodec.java:122) ~[selenium-remote-driver-3.141.59.jar:?]
	at org.openqa.selenium.remote.http.W3CHttpResponseCodec.decode(W3CHttpResponseCodec.java:49) ~[selenium-remote-driver-3.141.59.jar:?]
	at org.openqa.selenium.remote.HttpCommandExecutor.execute(HttpCommandExecutor.java:158) ~[selenium-remote-driver-3.141.59.jar:?]
	at org.openqa.selenium.remote.service.DriverCommandExecutor.execute(DriverCommandExecutor.java:83) ~[selenium-remote-driver-3.141.59.jar:?]
	at org.openqa.selenium.remote.RemoteWebDriver.execute(RemoteWebDriver.java:552) ~[selenium-remote-driver-3.141.59.jar:?]
	at org.openqa.selenium.remote.RemoteWebElement.execute(RemoteWebElement.java:285) ~[selenium-remote-driver-3.141.59.jar:?]
	at org.openqa.selenium.remote.RemoteWebElement.click(RemoteWebElement.java:84) ~[selenium-remote-driver-3.141.59.jar:?]
	at jdk.internal.reflect.NativeMethodAccessorImpl.invoke0(Native Method) ~[?:?]
	at jdk.internal.reflect.NativeMethodAccessorImpl.invoke(NativeMethodAccessorImpl.java:62) ~[?:?]
	at jdk.internal.reflect.DelegatingMethodAccessorImpl.invoke(DelegatingMethodAccessorImpl.java:43) ~[?:?]
	at java.lang.reflect.Method.invoke(Method.java:567) ~[?:?]
	at org.openqa.selenium.support.pagefactory.internal.LocatingElementHandler.invoke(LocatingElementHandler.java:51) ~[selenium-support-3.141.59.jar:?]
	at com.sun.proxy.$Proxy30.click(Unknown Source) ~[?:?]
	at Actions.BrowserActions.CreateNewCluster(BrowserActions.java:680) ~[classes/:?]
	at Tests.Environments.InitAndCleanupPortal.ClusterActions(InitAndCleanupPortal.java:127) ~[classes/:?]
	at Tests.Environments.InitAndCleanupPortal.cleanupAgents(InitAndCleanupPortal.java:66) ~[classes/:?]
	at jdk.internal.reflect.NativeMethodAccessorImpl.invoke0(Native Method) ~[?:?]
	at jdk.internal.reflect.NativeMethodAccessorImpl.invoke(NativeMethodAccessorImpl.java:62) ~[?:?]
	at jdk.internal.reflect.DelegatingMethodAccessorImpl.invoke(DelegatingMethodAccessorImpl.java:43) ~[?:?]
	at java.lang.reflect.Method.invoke(Method.java:567) ~[?:?]
	at org.testng.internal.MethodInvocationHelper.invokeMethod(MethodInvocationHelper.java:134) ~[testng-7.1.0.jar:?]
	at org.testng.internal.TestInvoker.invokeMethod(TestInvoker.java:597) ~[testng-7.1.0.jar:?]
	at org.testng.internal.TestInvoker.invokeTestMethod(TestInvoker.java:173) ~[testng-7.1.0.jar:?]
	at org.testng.internal.MethodRunner.runInSequence(MethodRunner.java:46) ~[testng-7.1.0.jar:?]
	at org.testng.internal.TestInvoker$MethodInvocationAgent.invoke(TestInvoker.java:816) ~[testng-7.1.0.jar:?]
	at org.testng.internal.TestInvoker.invokeTestMethods(TestInvoker.java:146) ~[testng-7.1.0.jar:?]
	at org.testng.internal.TestMethodWorker.invokeTestMethods(TestMethodWorker.java:146) ~[testng-7.1.0.jar:?]
	at org.testng.internal.TestMethodWorker.run(TestMethodWorker.java:128) ~[testng-7.1.0.jar:?]
	at java.util.ArrayList.forEach(ArrayList.java:1540) [?:?]
	at org.testng.TestRunner.privateRun(TestRunner.java:766) [testng-7.1.0.jar:?]
	at org.testng.TestRunner.run(TestRunner.java:587) [testng-7.1.0.jar:?]
	at org.testng.SuiteRunner.runTest(SuiteRunner.java:384) [testng-7.1.0.jar:?]
	at org.testng.SuiteRunner.runSequentially(SuiteRunner.java:378) [testng-7.1.0.jar:?]
	at org.testng.SuiteRunner.privateRun(SuiteRunner.java:337) [testng-7.1.0.jar:?]
	at org.testng.SuiteRunner.run(SuiteRunner.java:286) [testng-7.1.0.jar:?]
	at org.testng.SuiteRunnerWorker.runSuite(SuiteRunnerWorker.java:53) [testng-7.1.0.jar:?]
	at org.testng.SuiteRunnerWorker.run(SuiteRunnerWorker.java:96) [testng-7.1.0.jar:?]
	at org.testng.TestNG.runSuitesSequentially(TestNG.java:1187) [testng-7.1.0.jar:?]
	at org.testng.TestNG.runSuitesLocally(TestNG.java:1109) [testng-7.1.0.jar:?]
	at org.testng.TestNG.runSuites(TestNG.java:1039) [testng-7.1.0.jar:?]
	at org.testng.TestNG.run(TestNG.java:1007) [testng-7.1.0.jar:?]
	at Utils.Main.RunTest.main(RunTest.java:116) [classes/:?]
2021-01-19 14:08:40,776 INFO T.E.InitAndCleanupPortal [main] Agent was found and delete action was done in Centcom, going to wait until service is uninstalled from agent
2021-01-19 14:08:45,777 INFO U.R.SSHManager [main] Going to executing command: net start
2021-01-19 14:08:45,820 DEBUG U.R.SSHManager [main] Done.
2021-01-19 14:08:50,821 INFO U.R.SSHManager [main] Going to executing command: net start
2021-01-19 14:08:50,866 DEBUG U.R.SSHManager [main] Done.
2021-01-19 14:08:55,866 INFO U.R.SSHManager [main] Going to executing command: net start
2021-01-19 14:08:55,911 DEBUG U.R.SSHManager [main] Done.
2021-01-19 14:09:00,912 INFO U.R.SSHManager [main] Going to executing command: net start
2021-01-19 14:09:00,967 DEBUG U.R.SSHManager [main] Done.
2021-01-19 14:09:05,967 INFO U.R.SSHManager [main] Going to executing command: net start
2021-01-19 14:09:06,005 DEBUG U.R.SSHManager [main] Done.
2021-01-19 14:09:11,005 INFO U.R.SSHManager [main] Going to executing command: net start
2021-01-19 14:09:11,045 DEBUG U.R.SSHManager [main] Done.
2021-01-19 14:09:16,045 INFO U.R.SSHManager [main] Going to executing command: net start
2021-01-19 14:09:16,082 DEBUG U.R.SSHManager [main] Done.
2021-01-19 14:09:21,083 INFO U.R.SSHManager [main] Going to executing command: net start
2021-01-19 14:09:21,116 DEBUG U.R.SSHManager [main] Done.
2021-01-19 14:09:26,116 INFO U.R.SSHManager [main] Going to executing command: net start
2021-01-19 14:09:26,151 DEBUG U.R.SSHManager [main] Done.
2021-01-19 14:09:31,152 INFO U.R.SSHManager [main] Going to executing command: net start
2021-01-19 14:09:31,199 DEBUG U.R.SSHManager [main] Done.
2021-01-19 14:09:39,455 DEBUG T.RecordedTest [main] screenshot file: C:\Nep-4-next\nep-qa-next@f35aa3a96df\nep-qa-automation/test-output/capture/InitAndCleanupPortal-19-01-2021-14.09.39.png
2021-01-19 14:09:39,462 INFO T.E.InitAndCleanupPortal [main] Starting Cleanup agents
2021-01-19 14:09:44,835 INFO U.R.SSHManager [main] Connected Successfully to host 10.243.68.225
2021-01-19 14:09:44,838 INFO U.R.SSHManager [main] Going to executing command: hostname
2021-01-19 14:09:44,862 DEBUG U.R.SSHManager [main] Done.
2021-01-19 14:09:48,686 INFO A.SimulatedAgentActions [main] SimulatedAgentActions, DS URL: https://endpoint-protection-services.qa.tw-test.net:443/
2021-01-19 14:09:48,705 INFO T.E.InitAndCleanupPortal [main] Going to send delete action to Centcom for agent on hostanem NTY-EN-8D25HC2
2021-01-19 14:09:48,706 DEBUG A.SeleniumBrowser [main] Selenium browser Launch - Before switch application type: Chrome
2021-01-19 14:09:48,706 DEBUG A.SeleniumBrowser [main] Setting Chrome driver location: C:/home/NepManagerDownloads/utils/chromedriver.exe
2021-01-19 14:09:48,707 DEBUG A.SeleniumBrowser [main] Selenium browser Launch - After creating new hashMap
2021-01-19 14:09:48,707 DEBUG A.SeleniumBrowser [main] Selenium browser Launch - After reading MasterDownloadFolder property: C:\home\NepManagerDownloads
2021-01-19 14:09:48,708 DEBUG A.SeleniumBrowser [main] Selenium browser Launch - After put to hash
2021-01-19 14:09:48,712 DEBUG A.SeleniumBrowser [main] Selenium browser Launch - After new chrome options
2021-01-19 14:09:48,715 DEBUG A.SeleniumBrowser [main] Selenium browser Launch - After chrome setExperimentalOption
2021-01-19 14:09:48,715 DEBUG A.SeleniumBrowser [main] Selenium browser Launch - Before setting several chrome options
2021-01-19 14:09:48,722 DEBUG A.SeleniumBrowser [main] Selenium browser Launch - Before creating new chrome driver
2021-01-19 14:09:52,736 DEBUG A.SeleniumBrowser [main] Selenium browser Launch - After creating new chrome driver
2021-01-19 14:09:52,742 DEBUG A.SeleniumBrowser [main] After Setting implicit timeout
2021-01-19 14:09:54,798 DEBUG A.SeleniumBrowser [main] After maximizing window 
2021-01-19 14:09:54,798 DEBUG A.SeleniumBrowser [main] LoadURL: Before check if driver equals to null 
2021-01-19 14:09:54,799 DEBUG A.SeleniumBrowser [main] LoadURL: After check if driver equals to null 
2021-01-19 14:09:54,799 DEBUG A.SeleniumBrowser [main] LoadURL: URL =  https://portal.qa.tw-test.net
2021-01-19 14:10:01,954 DEBUG A.SeleniumBrowser [main] LoadURL: after get URL =  https://portal.qa.tw-test.net
2021-01-19 14:10:03,608 DEBUG A.BrowserActions [main] Waiting for login button to be clickable...
2021-01-19 14:10:03,797 DEBUG A.BrowserActions [main] Login button clicked successfully...
2021-01-19 14:10:05,954 DEBUG A.SeleniumBrowser [main] LoadURL: Before check if driver equals to null 
2021-01-19 14:10:05,954 DEBUG A.SeleniumBrowser [main] LoadURL: After check if driver equals to null 
2021-01-19 14:10:05,954 DEBUG A.SeleniumBrowser [main] LoadURL: URL =  https://portal.qa.tw-test.net/#/operations?menuKey=centcom-devices&stackKey=entity-search&types=EntityType.AGENT
2021-01-19 14:10:06,303 DEBUG A.SeleniumBrowser [main] LoadURL: after get URL =  https://portal.qa.tw-test.net/#/operations?menuKey=centcom-devices&stackKey=entity-search&types=EntityType.AGENT
2021-01-19 14:10:26,524 ERROR A.BrowserActions [main] Could not select the specific cluster  at CentCom search page. cluster: Test_cluster123
org.openqa.selenium.ElementClickInterceptedException: element click intercepted: Element <div class="td _ngcontent-wbi-119" column="Alias Name">...</div> is not clickable at point (568, 294). Other element would receive the click: <div pane-id="default-52" class="pane modal visible" style="inset: 0px; transform: translateX(0px) translateY(0px);">...</div>
  (Session info: chrome=87.0.4280.141)
Build info: version: '3.141.59', revision: 'e82be7d358', time: '2018-11-14T08:17:03'
System info: host: 'NTY-EN-8D25HC2', ip: '10.243.68.225', os.name: 'Windows 10', os.arch: 'amd64', os.version: '10.0', java.version: '12.0.2'
Driver info: org.openqa.selenium.chrome.ChromeDriver
Capabilities {acceptInsecureCerts: false, browserName: chrome, browserVersion: 87.0.4280.141, chrome: {chromedriverVersion: 87.0.4280.20 (c99e81631faa0..., userDataDir: C:\Users\MOSHE~1.AVI\AppDat...}, goog:chromeOptions: {debuggerAddress: localhost:54217}, javascriptEnabled: true, networkConnectionEnabled: false, pageLoadStrategy: normal, platform: WINDOWS, platformName: WINDOWS, proxy: Proxy(), setWindowRect: true, strictFileInteractability: false, timeouts: {implicit: 0, pageLoad: 300000, script: 30000}, unhandledPromptBehavior: dismiss and notify, webauthn:virtualAuthenticators: true}
Session ID: 847179969aaa54d3672bd89f2efb6c94
	at jdk.internal.reflect.NativeConstructorAccessorImpl.newInstance0(Native Method) ~[?:?]
	at jdk.internal.reflect.NativeConstructorAccessorImpl.newInstance(NativeConstructorAccessorImpl.java:62) ~[?:?]
	at jdk.internal.reflect.DelegatingConstructorAccessorImpl.newInstance(DelegatingConstructorAccessorImpl.java:45) ~[?:?]
	at java.lang.reflect.Constructor.newInstanceWithCaller(Constructor.java:500) ~[?:?]
	at java.lang.reflect.Constructor.newInstance(Constructor.java:481) ~[?:?]
	at org.openqa.selenium.remote.http.W3CHttpResponseCodec.createException(W3CHttpResponseCodec.java:187) ~[selenium-remote-driver-3.141.59.jar:?]
	at org.openqa.selenium.remote.http.W3CHttpResponseCodec.decode(W3CHttpResponseCodec.java:122) ~[selenium-remote-driver-3.141.59.jar:?]
	at org.openqa.selenium.remote.http.W3CHttpResponseCodec.decode(W3CHttpResponseCodec.java:49) ~[selenium-remote-driver-3.141.59.jar:?]
	at org.openqa.selenium.remote.HttpCommandExecutor.execute(HttpCommandExecutor.java:158) ~[selenium-remote-driver-3.141.59.jar:?]
	at org.openqa.selenium.remote.service.DriverCommandExecutor.execute(DriverCommandExecutor.java:83) ~[selenium-remote-driver-3.141.59.jar:?]
	at org.openqa.selenium.remote.RemoteWebDriver.execute(RemoteWebDriver.java:552) ~[selenium-remote-driver-3.141.59.jar:?]
	at org.openqa.selenium.remote.RemoteWebElement.execute(RemoteWebElement.java:285) ~[selenium-remote-driver-3.141.59.jar:?]
	at org.openqa.selenium.remote.RemoteWebElement.click(RemoteWebElement.java:84) ~[selenium-remote-driver-3.141.59.jar:?]
	at Actions.BrowserActions.CreateNewCluster(BrowserActions.java:695) ~[classes/:?]
	at Tests.Environments.InitAndCleanupPortal.ClusterActions(InitAndCleanupPortal.java:125) ~[classes/:?]
	at Tests.Environments.InitAndCleanupPortal.cleanupAgents(InitAndCleanupPortal.java:66) ~[classes/:?]
	at jdk.internal.reflect.NativeMethodAccessorImpl.invoke0(Native Method) ~[?:?]
	at jdk.internal.reflect.NativeMethodAccessorImpl.invoke(NativeMethodAccessorImpl.java:62) ~[?:?]
	at jdk.internal.reflect.DelegatingMethodAccessorImpl.invoke(DelegatingMethodAccessorImpl.java:43) ~[?:?]
	at java.lang.reflect.Method.invoke(Method.java:567) ~[?:?]
	at org.testng.internal.MethodInvocationHelper.invokeMethod(MethodInvocationHelper.java:134) ~[testng-7.1.0.jar:?]
	at org.testng.internal.TestInvoker.invokeMethod(TestInvoker.java:597) ~[testng-7.1.0.jar:?]
	at org.testng.internal.TestInvoker.invokeTestMethod(TestInvoker.java:173) ~[testng-7.1.0.jar:?]
	at org.testng.internal.MethodRunner.runInSequence(MethodRunner.java:46) ~[testng-7.1.0.jar:?]
	at org.testng.internal.TestInvoker$MethodInvocationAgent.invoke(TestInvoker.java:816) ~[testng-7.1.0.jar:?]
	at org.testng.internal.TestInvoker.invokeTestMethods(TestInvoker.java:146) ~[testng-7.1.0.jar:?]
	at org.testng.internal.TestMethodWorker.invokeTestMethods(TestMethodWorker.java:146) ~[testng-7.1.0.jar:?]
	at org.testng.internal.TestMethodWorker.run(TestMethodWorker.java:128) ~[testng-7.1.0.jar:?]
	at java.util.ArrayList.forEach(ArrayList.java:1540) [?:?]
	at org.testng.TestRunner.privateRun(TestRunner.java:766) [testng-7.1.0.jar:?]
	at org.testng.TestRunner.run(TestRunner.java:587) [testng-7.1.0.jar:?]
	at org.testng.SuiteRunner.runTest(SuiteRunner.java:384) [testng-7.1.0.jar:?]
	at org.testng.SuiteRunner.runSequentially(SuiteRunner.java:378) [testng-7.1.0.jar:?]
	at org.testng.SuiteRunner.privateRun(SuiteRunner.java:337) [testng-7.1.0.jar:?]
	at org.testng.SuiteRunner.run(SuiteRunner.java:286) [testng-7.1.0.jar:?]
	at org.testng.SuiteRunnerWorker.runSuite(SuiteRunnerWorker.java:53) [testng-7.1.0.jar:?]
	at org.testng.SuiteRunnerWorker.run(SuiteRunnerWorker.java:96) [testng-7.1.0.jar:?]
	at org.testng.TestNG.runSuitesSequentially(TestNG.java:1187) [testng-7.1.0.jar:?]
	at org.testng.TestNG.runSuitesLocally(TestNG.java:1109) [testng-7.1.0.jar:?]
	at org.testng.TestNG.runSuites(TestNG.java:1039) [testng-7.1.0.jar:?]
	at org.testng.TestNG.run(TestNG.java:1007) [testng-7.1.0.jar:?]
	at Utils.Main.RunTest.main(RunTest.java:116) [classes/:?]
2021-01-19 14:10:27,634 ERROR A.BrowserActions [main] Could not select the specific cluster  at CentCom search page. cluster: NTY-EN-8D25HC2
org.openqa.selenium.ElementClickInterceptedException: element click intercepted: Element <div class="ellipse _ngcontent-wbi-109" tooltiponlyifoverflow="" aria-owns="d880464b-184e-4a9d-9089-673e79a9a11f--1506" aria-haspopup="true">...</div> is not clickable at point (576, 166). Other element would receive the click: <div pane-id="default-52" class="pane modal visible" style="inset: 0px; transform: translateX(0px) translateY(0px);">...</div>
  (Session info: chrome=87.0.4280.141)
Build info: version: '3.141.59', revision: 'e82be7d358', time: '2018-11-14T08:17:03'
System info: host: 'NTY-EN-8D25HC2', ip: '10.243.68.225', os.name: 'Windows 10', os.arch: 'amd64', os.version: '10.0', java.version: '12.0.2'
Driver info: org.openqa.selenium.chrome.ChromeDriver
Capabilities {acceptInsecureCerts: false, browserName: chrome, browserVersion: 87.0.4280.141, chrome: {chromedriverVersion: 87.0.4280.20 (c99e81631faa0..., userDataDir: C:\Users\MOSHE~1.AVI\AppDat...}, goog:chromeOptions: {debuggerAddress: localhost:54217}, javascriptEnabled: true, networkConnectionEnabled: false, pageLoadStrategy: normal, platform: WINDOWS, platformName: WINDOWS, proxy: Proxy(), setWindowRect: true, strictFileInteractability: false, timeouts: {implicit: 0, pageLoad: 300000, script: 30000}, unhandledPromptBehavior: dismiss and notify, webauthn:virtualAuthenticators: true}
Session ID: 847179969aaa54d3672bd89f2efb6c94
	at jdk.internal.reflect.NativeConstructorAccessorImpl.newInstance0(Native Method) ~[?:?]
	at jdk.internal.reflect.NativeConstructorAccessorImpl.newInstance(NativeConstructorAccessorImpl.java:62) ~[?:?]
	at jdk.internal.reflect.DelegatingConstructorAccessorImpl.newInstance(DelegatingConstructorAccessorImpl.java:45) ~[?:?]
	at java.lang.reflect.Constructor.newInstanceWithCaller(Constructor.java:500) ~[?:?]
	at java.lang.reflect.Constructor.newInstance(Constructor.java:481) ~[?:?]
	at org.openqa.selenium.remote.http.W3CHttpResponseCodec.createException(W3CHttpResponseCodec.java:187) ~[selenium-remote-driver-3.141.59.jar:?]
	at org.openqa.selenium.remote.http.W3CHttpResponseCodec.decode(W3CHttpResponseCodec.java:122) ~[selenium-remote-driver-3.141.59.jar:?]
	at org.openqa.selenium.remote.http.W3CHttpResponseCodec.decode(W3CHttpResponseCodec.java:49) ~[selenium-remote-driver-3.141.59.jar:?]
	at org.openqa.selenium.remote.HttpCommandExecutor.execute(HttpCommandExecutor.java:158) ~[selenium-remote-driver-3.141.59.jar:?]
	at org.openqa.selenium.remote.service.DriverCommandExecutor.execute(DriverCommandExecutor.java:83) ~[selenium-remote-driver-3.141.59.jar:?]
	at org.openqa.selenium.remote.RemoteWebDriver.execute(RemoteWebDriver.java:552) ~[selenium-remote-driver-3.141.59.jar:?]
	at org.openqa.selenium.remote.RemoteWebElement.execute(RemoteWebElement.java:285) ~[selenium-remote-driver-3.141.59.jar:?]
	at org.openqa.selenium.remote.RemoteWebElement.click(RemoteWebElement.java:84) ~[selenium-remote-driver-3.141.59.jar:?]
	at jdk.internal.reflect.NativeMethodAccessorImpl.invoke0(Native Method) ~[?:?]
	at jdk.internal.reflect.NativeMethodAccessorImpl.invoke(NativeMethodAccessorImpl.java:62) ~[?:?]
	at jdk.internal.reflect.DelegatingMethodAccessorImpl.invoke(DelegatingMethodAccessorImpl.java:43) ~[?:?]
	at java.lang.reflect.Method.invoke(Method.java:567) ~[?:?]
	at org.openqa.selenium.support.pagefactory.internal.LocatingElementHandler.invoke(LocatingElementHandler.java:51) ~[selenium-support-3.141.59.jar:?]
	at com.sun.proxy.$Proxy30.click(Unknown Source) ~[?:?]
	at Actions.BrowserActions.CreateNewCluster(BrowserActions.java:680) ~[classes/:?]
	at Tests.Environments.InitAndCleanupPortal.ClusterActions(InitAndCleanupPortal.java:127) ~[classes/:?]
	at Tests.Environments.InitAndCleanupPortal.cleanupAgents(InitAndCleanupPortal.java:66) ~[classes/:?]
	at jdk.internal.reflect.NativeMethodAccessorImpl.invoke0(Native Method) ~[?:?]
	at jdk.internal.reflect.NativeMethodAccessorImpl.invoke(NativeMethodAccessorImpl.java:62) ~[?:?]
	at jdk.internal.reflect.DelegatingMethodAccessorImpl.invoke(DelegatingMethodAccessorImpl.java:43) ~[?:?]
	at java.lang.reflect.Method.invoke(Method.java:567) ~[?:?]
	at org.testng.internal.MethodInvocationHelper.invokeMethod(MethodInvocationHelper.java:134) ~[testng-7.1.0.jar:?]
	at org.testng.internal.TestInvoker.invokeMethod(TestInvoker.java:597) ~[testng-7.1.0.jar:?]
	at org.testng.internal.TestInvoker.invokeTestMethod(TestInvoker.java:173) ~[testng-7.1.0.jar:?]
	at org.testng.internal.MethodRunner.runInSequence(MethodRunner.java:46) ~[testng-7.1.0.jar:?]
	at org.testng.internal.TestInvoker$MethodInvocationAgent.invoke(TestInvoker.java:816) ~[testng-7.1.0.jar:?]
	at org.testng.internal.TestInvoker.invokeTestMethods(TestInvoker.java:146) ~[testng-7.1.0.jar:?]
	at org.testng.internal.TestMethodWorker.invokeTestMethods(TestMethodWorker.java:146) ~[testng-7.1.0.jar:?]
	at org.testng.internal.TestMethodWorker.run(TestMethodWorker.java:128) ~[testng-7.1.0.jar:?]
	at java.util.ArrayList.forEach(ArrayList.java:1540) [?:?]
	at org.testng.TestRunner.privateRun(TestRunner.java:766) [testng-7.1.0.jar:?]
	at org.testng.TestRunner.run(TestRunner.java:587) [testng-7.1.0.jar:?]
	at org.testng.SuiteRunner.runTest(SuiteRunner.java:384) [testng-7.1.0.jar:?]
	at org.testng.SuiteRunner.runSequentially(SuiteRunner.java:378) [testng-7.1.0.jar:?]
	at org.testng.SuiteRunner.privateRun(SuiteRunner.java:337) [testng-7.1.0.jar:?]
	at org.testng.SuiteRunner.run(SuiteRunner.java:286) [testng-7.1.0.jar:?]
	at org.testng.SuiteRunnerWorker.runSuite(SuiteRunnerWorker.java:53) [testng-7.1.0.jar:?]
	at org.testng.SuiteRunnerWorker.run(SuiteRunnerWorker.java:96) [testng-7.1.0.jar:?]
	at org.testng.TestNG.runSuitesSequentially(TestNG.java:1187) [testng-7.1.0.jar:?]
	at org.testng.TestNG.runSuitesLocally(TestNG.java:1109) [testng-7.1.0.jar:?]
	at org.testng.TestNG.runSuites(TestNG.java:1039) [testng-7.1.0.jar:?]
	at org.testng.TestNG.run(TestNG.java:1007) [testng-7.1.0.jar:?]
	at Utils.Main.RunTest.main(RunTest.java:116) [classes/:?]
2021-01-19 14:10:27,636 INFO T.E.InitAndCleanupPortal [main] Agent was found and delete action was done in Centcom, going to wait until service is uninstalled from agent
2021-01-19 14:10:32,638 INFO U.R.SSHManager [main] Going to executing command: net start
2021-01-19 14:10:32,674 DEBUG U.R.SSHManager [main] Done.
2021-01-19 14:10:37,674 INFO U.R.SSHManager [main] Going to executing command: net start
2021-01-19 14:10:37,710 DEBUG U.R.SSHManager [main] Done.
2021-01-19 14:10:42,710 INFO U.R.SSHManager [main] Going to executing command: net start
2021-01-19 14:10:42,747 DEBUG U.R.SSHManager [main] Done.
2021-01-19 14:10:47,748 INFO U.R.SSHManager [main] Going to executing command: net start
2021-01-19 14:10:47,786 DEBUG U.R.SSHManager [main] Done.
2021-01-19 14:10:52,786 INFO U.R.SSHManager [main] Going to executing command: net start
2021-01-19 14:10:52,826 DEBUG U.R.SSHManager [main] Done.
2021-01-19 14:10:57,826 INFO U.R.SSHManager [main] Going to executing command: net start
2021-01-19 14:10:57,862 DEBUG U.R.SSHManager [main] Done.
2021-01-19 14:11:02,863 INFO U.R.SSHManager [main] Going to executing command: net start
2021-01-19 14:11:02,903 DEBUG U.R.SSHManager [main] Done.
2021-01-19 14:11:07,903 INFO U.R.SSHManager [main] Going to executing command: net start
2021-01-19 14:11:07,941 DEBUG U.R.SSHManager [main] Done.
2021-01-19 14:11:12,942 INFO U.R.SSHManager [main] Going to executing command: net start
2021-01-19 14:11:12,987 DEBUG U.R.SSHManager [main] Done.
2021-01-19 14:15:33,530 DEBUG T.RecordedTest [main] screenshot file: C:\Nep-4-next\nep-qa-next@f35aa3a96df\nep-qa-automation/test-output/capture/InitAndCleanupPortal-19-01-2021-14.15.33.png
2021-01-19 14:15:33,537 INFO T.E.InitAndCleanupPortal [main] Starting Cleanup agents
2021-01-19 14:15:39,699 INFO U.R.SSHManager [main] Connected Successfully to host 10.243.68.225
2021-01-19 14:15:39,702 INFO U.R.SSHManager [main] Going to executing command: hostname
2021-01-19 14:15:39,735 DEBUG U.R.SSHManager [main] Done.
2021-01-19 14:15:43,613 INFO A.SimulatedAgentActions [main] SimulatedAgentActions, DS URL: https://endpoint-protection-services.qa.tw-test.net:443/
2021-01-19 14:15:43,630 INFO T.E.InitAndCleanupPortal [main] Going to send delete action to Centcom for agent on hostanem NTY-EN-8D25HC2
2021-01-19 14:15:43,630 DEBUG A.SeleniumBrowser [main] Selenium browser Launch - Before switch application type: Chrome
2021-01-19 14:15:43,631 DEBUG A.SeleniumBrowser [main] Setting Chrome driver location: C:/home/NepManagerDownloads/utils/chromedriver.exe
2021-01-19 14:15:43,631 DEBUG A.SeleniumBrowser [main] Selenium browser Launch - After creating new hashMap
2021-01-19 14:15:43,632 DEBUG A.SeleniumBrowser [main] Selenium browser Launch - After reading MasterDownloadFolder property: C:\home\NepManagerDownloads
2021-01-19 14:15:43,632 DEBUG A.SeleniumBrowser [main] Selenium browser Launch - After put to hash
2021-01-19 14:15:43,636 DEBUG A.SeleniumBrowser [main] Selenium browser Launch - After new chrome options
2021-01-19 14:15:43,639 DEBUG A.SeleniumBrowser [main] Selenium browser Launch - After chrome setExperimentalOption
2021-01-19 14:15:43,639 DEBUG A.SeleniumBrowser [main] Selenium browser Launch - Before setting several chrome options
2021-01-19 14:15:43,646 DEBUG A.SeleniumBrowser [main] Selenium browser Launch - Before creating new chrome driver
2021-01-19 14:15:48,188 DEBUG A.SeleniumBrowser [main] Selenium browser Launch - After creating new chrome driver
2021-01-19 14:15:48,194 DEBUG A.SeleniumBrowser [main] After Setting implicit timeout
2021-01-19 14:15:50,206 DEBUG A.SeleniumBrowser [main] After maximizing window 
2021-01-19 14:15:50,207 DEBUG A.SeleniumBrowser [main] LoadURL: Before check if driver equals to null 
2021-01-19 14:15:50,207 DEBUG A.SeleniumBrowser [main] LoadURL: After check if driver equals to null 
2021-01-19 14:15:50,207 DEBUG A.SeleniumBrowser [main] LoadURL: URL =  https://portal.qa.tw-test.net
2021-01-19 14:15:55,266 DEBUG A.SeleniumBrowser [main] LoadURL: after get URL =  https://portal.qa.tw-test.net
2021-01-19 14:15:56,921 DEBUG A.BrowserActions [main] Waiting for login button to be clickable...
2021-01-19 14:15:57,086 DEBUG A.BrowserActions [main] Login button clicked successfully...
2021-01-19 14:15:59,061 DEBUG A.SeleniumBrowser [main] LoadURL: Before check if driver equals to null 
2021-01-19 14:15:59,061 DEBUG A.SeleniumBrowser [main] LoadURL: After check if driver equals to null 
2021-01-19 14:15:59,061 DEBUG A.SeleniumBrowser [main] LoadURL: URL =  https://portal.qa.tw-test.net/#/operations?menuKey=centcom-devices&stackKey=entity-search&types=EntityType.AGENT
2021-01-19 14:15:59,602 DEBUG A.SeleniumBrowser [main] LoadURL: after get URL =  https://portal.qa.tw-test.net/#/operations?menuKey=centcom-devices&stackKey=entity-search&types=EntityType.AGENT
2021-01-19 14:45:22,852 DEBUG T.RecordedTest [main] screenshot file: C:\Nep-4-next\nep-qa-next@f35aa3a96df\nep-qa-automation/test-output/capture/InitAndCleanupPortal-19-01-2021-14.45.22.png
2021-01-19 14:45:22,860 INFO T.E.InitAndCleanupPortal [main] Starting Cleanup agents
2021-01-19 14:45:36,923 DEBUG T.RecordedTest [main] screenshot file: C:\Nep-4-next\nep-qa-next@f35aa3a96df\nep-qa-automation/test-output/capture/InitAndCleanupPortal-19-01-2021-14.45.36.png
2021-01-19 14:45:36,928 INFO T.E.InitAndCleanupPortal [main] Starting Cleanup agents
2021-01-19 14:45:42,252 INFO U.R.SSHManager [main] Connected Successfully to host 10.243.68.225
2021-01-19 14:45:42,254 INFO U.R.SSHManager [main] Going to executing command: hostname
2021-01-19 14:45:42,281 DEBUG U.R.SSHManager [main] Done.
2021-01-19 14:45:46,339 INFO A.SimulatedAgentActions [main] SimulatedAgentActions, DS URL: https://endpoint-protection-services.qa.tw-test.net:443/
2021-01-19 14:45:46,354 INFO T.E.InitAndCleanupPortal [main] Going to send delete action to Centcom for agent on hostanem NTY-EN-8D25HC2
2021-01-19 14:45:46,354 DEBUG A.SeleniumBrowser [main] Selenium browser Launch - Before switch application type: Chrome
2021-01-19 14:45:46,355 DEBUG A.SeleniumBrowser [main] Setting Chrome driver location: C:/home/NepManagerDownloads/utils/chromedriver.exe
2021-01-19 14:45:46,355 DEBUG A.SeleniumBrowser [main] Selenium browser Launch - After creating new hashMap
2021-01-19 14:45:46,356 DEBUG A.SeleniumBrowser [main] Selenium browser Launch - After reading MasterDownloadFolder property: C:\home\NepManagerDownloads
2021-01-19 14:45:46,356 DEBUG A.SeleniumBrowser [main] Selenium browser Launch - After put to hash
2021-01-19 14:45:46,360 DEBUG A.SeleniumBrowser [main] Selenium browser Launch - After new chrome options
2021-01-19 14:45:46,362 DEBUG A.SeleniumBrowser [main] Selenium browser Launch - After chrome setExperimentalOption
2021-01-19 14:45:46,363 DEBUG A.SeleniumBrowser [main] Selenium browser Launch - Before setting several chrome options
2021-01-19 14:45:46,367 DEBUG A.SeleniumBrowser [main] Selenium browser Launch - Before creating new chrome driver
2021-01-19 14:45:50,256 DEBUG A.SeleniumBrowser [main] Selenium browser Launch - After creating new chrome driver
2021-01-19 14:45:50,264 DEBUG A.SeleniumBrowser [main] After Setting implicit timeout
2021-01-19 14:45:52,283 DEBUG A.SeleniumBrowser [main] After maximizing window 
2021-01-19 14:45:52,283 DEBUG A.SeleniumBrowser [main] LoadURL: Before check if driver equals to null 
2021-01-19 14:45:52,284 DEBUG A.SeleniumBrowser [main] LoadURL: After check if driver equals to null 
2021-01-19 14:45:52,284 DEBUG A.SeleniumBrowser [main] LoadURL: URL =  https://portal.qa.tw-test.net
2021-01-19 14:45:59,849 DEBUG A.SeleniumBrowser [main] LoadURL: after get URL =  https://portal.qa.tw-test.net
2021-01-19 14:46:01,456 DEBUG A.BrowserActions [main] Waiting for login button to be clickable...
2021-01-19 14:46:01,627 DEBUG A.BrowserActions [main] Login button clicked successfully...
2021-01-19 14:46:03,711 DEBUG A.SeleniumBrowser [main] LoadURL: Before check if driver equals to null 
2021-01-19 14:46:03,712 DEBUG A.SeleniumBrowser [main] LoadURL: After check if driver equals to null 
2021-01-19 14:46:03,712 DEBUG A.SeleniumBrowser [main] LoadURL: URL =  https://portal.qa.tw-test.net/#/operations?menuKey=centcom-devices&stackKey=entity-search&types=EntityType.AGENT
2021-01-19 14:46:04,003 DEBUG A.SeleniumBrowser [main] LoadURL: after get URL =  https://portal.qa.tw-test.net/#/operations?menuKey=centcom-devices&stackKey=entity-search&types=EntityType.AGENT
2021-01-19 14:46:19,918 ERROR A.BrowserActions [main] Cluster is already exists
2021-01-19 14:46:21,044 ERROR A.BrowserActions [main] Could not select the specific cluster  at CentCom search page. cluster: NTY-EN-8D25HC2
org.openqa.selenium.ElementClickInterceptedException: element click intercepted: Element <div class="ellipse _ngcontent-dxg-109" tooltiponlyifoverflow="" aria-owns="6d043075-47e6-44a1-8416-35f66b9187e2--1506" aria-haspopup="true">...</div> is not clickable at point (576, 166). Other element would receive the click: <div pane-id="default-52" class="pane modal visible" style="inset: 0px; transform: translateX(0px) translateY(0px);">...</div>
  (Session info: chrome=87.0.4280.141)
Build info: version: '3.141.59', revision: 'e82be7d358', time: '2018-11-14T08:17:03'
System info: host: 'NTY-EN-8D25HC2', ip: '10.243.68.225', os.name: 'Windows 10', os.arch: 'amd64', os.version: '10.0', java.version: '12.0.2'
Driver info: org.openqa.selenium.chrome.ChromeDriver
Capabilities {acceptInsecureCerts: false, browserName: chrome, browserVersion: 87.0.4280.141, chrome: {chromedriverVersion: 87.0.4280.20 (c99e81631faa0..., userDataDir: C:\Users\MOSHE~1.AVI\AppDat...}, goog:chromeOptions: {debuggerAddress: localhost:57016}, javascriptEnabled: true, networkConnectionEnabled: false, pageLoadStrategy: normal, platform: WINDOWS, platformName: WINDOWS, proxy: Proxy(), setWindowRect: true, strictFileInteractability: false, timeouts: {implicit: 0, pageLoad: 300000, script: 30000}, unhandledPromptBehavior: dismiss and notify, webauthn:virtualAuthenticators: true}
Session ID: 40cda70b191c086e2d4a50a9053397d2
	at jdk.internal.reflect.NativeConstructorAccessorImpl.newInstance0(Native Method) ~[?:?]
	at jdk.internal.reflect.NativeConstructorAccessorImpl.newInstance(NativeConstructorAccessorImpl.java:62) ~[?:?]
	at jdk.internal.reflect.DelegatingConstructorAccessorImpl.newInstance(DelegatingConstructorAccessorImpl.java:45) ~[?:?]
	at java.lang.reflect.Constructor.newInstanceWithCaller(Constructor.java:500) ~[?:?]
	at java.lang.reflect.Constructor.newInstance(Constructor.java:481) ~[?:?]
	at org.openqa.selenium.remote.http.W3CHttpResponseCodec.createException(W3CHttpResponseCodec.java:187) ~[selenium-remote-driver-3.141.59.jar:?]
	at org.openqa.selenium.remote.http.W3CHttpResponseCodec.decode(W3CHttpResponseCodec.java:122) ~[selenium-remote-driver-3.141.59.jar:?]
	at org.openqa.selenium.remote.http.W3CHttpResponseCodec.decode(W3CHttpResponseCodec.java:49) ~[selenium-remote-driver-3.141.59.jar:?]
	at org.openqa.selenium.remote.HttpCommandExecutor.execute(HttpCommandExecutor.java:158) ~[selenium-remote-driver-3.141.59.jar:?]
	at org.openqa.selenium.remote.service.DriverCommandExecutor.execute(DriverCommandExecutor.java:83) ~[selenium-remote-driver-3.141.59.jar:?]
	at org.openqa.selenium.remote.RemoteWebDriver.execute(RemoteWebDriver.java:552) ~[selenium-remote-driver-3.141.59.jar:?]
	at org.openqa.selenium.remote.RemoteWebElement.execute(RemoteWebElement.java:285) ~[selenium-remote-driver-3.141.59.jar:?]
	at org.openqa.selenium.remote.RemoteWebElement.click(RemoteWebElement.java:84) ~[selenium-remote-driver-3.141.59.jar:?]
	at jdk.internal.reflect.NativeMethodAccessorImpl.invoke0(Native Method) ~[?:?]
	at jdk.internal.reflect.NativeMethodAccessorImpl.invoke(NativeMethodAccessorImpl.java:62) ~[?:?]
	at jdk.internal.reflect.DelegatingMethodAccessorImpl.invoke(DelegatingMethodAccessorImpl.java:43) ~[?:?]
	at java.lang.reflect.Method.invoke(Method.java:567) ~[?:?]
	at org.openqa.selenium.support.pagefactory.internal.LocatingElementHandler.invoke(LocatingElementHandler.java:51) ~[selenium-support-3.141.59.jar:?]
	at com.sun.proxy.$Proxy30.click(Unknown Source) ~[?:?]
	at Actions.BrowserActions.CreateNewCluster(BrowserActions.java:679) ~[classes/:?]
	at Tests.Environments.InitAndCleanupPortal.AddEndPointsToCluster(InitAndCleanupPortal.java:151) ~[classes/:?]
	at Tests.Environments.InitAndCleanupPortal.cleanupAgents(InitAndCleanupPortal.java:67) ~[classes/:?]
	at jdk.internal.reflect.NativeMethodAccessorImpl.invoke0(Native Method) ~[?:?]
	at jdk.internal.reflect.NativeMethodAccessorImpl.invoke(NativeMethodAccessorImpl.java:62) ~[?:?]
	at jdk.internal.reflect.DelegatingMethodAccessorImpl.invoke(DelegatingMethodAccessorImpl.java:43) ~[?:?]
	at java.lang.reflect.Method.invoke(Method.java:567) ~[?:?]
	at org.testng.internal.MethodInvocationHelper.invokeMethod(MethodInvocationHelper.java:134) ~[testng-7.1.0.jar:?]
	at org.testng.internal.TestInvoker.invokeMethod(TestInvoker.java:597) ~[testng-7.1.0.jar:?]
	at org.testng.internal.TestInvoker.invokeTestMethod(TestInvoker.java:173) ~[testng-7.1.0.jar:?]
	at org.testng.internal.MethodRunner.runInSequence(MethodRunner.java:46) ~[testng-7.1.0.jar:?]
	at org.testng.internal.TestInvoker$MethodInvocationAgent.invoke(TestInvoker.java:816) ~[testng-7.1.0.jar:?]
	at org.testng.internal.TestInvoker.invokeTestMethods(TestInvoker.java:146) ~[testng-7.1.0.jar:?]
	at org.testng.internal.TestMethodWorker.invokeTestMethods(TestMethodWorker.java:146) ~[testng-7.1.0.jar:?]
	at org.testng.internal.TestMethodWorker.run(TestMethodWorker.java:128) ~[testng-7.1.0.jar:?]
	at java.util.ArrayList.forEach(ArrayList.java:1540) [?:?]
	at org.testng.TestRunner.privateRun(TestRunner.java:766) [testng-7.1.0.jar:?]
	at org.testng.TestRunner.run(TestRunner.java:587) [testng-7.1.0.jar:?]
	at org.testng.SuiteRunner.runTest(SuiteRunner.java:384) [testng-7.1.0.jar:?]
	at org.testng.SuiteRunner.runSequentially(SuiteRunner.java:378) [testng-7.1.0.jar:?]
	at org.testng.SuiteRunner.privateRun(SuiteRunner.java:337) [testng-7.1.0.jar:?]
	at org.testng.SuiteRunner.run(SuiteRunner.java:286) [testng-7.1.0.jar:?]
	at org.testng.SuiteRunnerWorker.runSuite(SuiteRunnerWorker.java:53) [testng-7.1.0.jar:?]
	at org.testng.SuiteRunnerWorker.run(SuiteRunnerWorker.java:96) [testng-7.1.0.jar:?]
	at org.testng.TestNG.runSuitesSequentially(TestNG.java:1187) [testng-7.1.0.jar:?]
	at org.testng.TestNG.runSuitesLocally(TestNG.java:1109) [testng-7.1.0.jar:?]
	at org.testng.TestNG.runSuites(TestNG.java:1039) [testng-7.1.0.jar:?]
	at org.testng.TestNG.run(TestNG.java:1007) [testng-7.1.0.jar:?]
	at Utils.Main.RunTest.main(RunTest.java:116) [classes/:?]
2021-01-19 14:46:21,050 INFO T.E.InitAndCleanupPortal [main] Agent was found and delete action was done in Centcom, going to wait until service is uninstalled from agent
2021-01-19 14:46:26,051 INFO U.R.SSHManager [main] Going to executing command: net start
2021-01-19 14:46:26,108 DEBUG U.R.SSHManager [main] Done.
2021-01-19 14:46:31,109 INFO U.R.SSHManager [main] Going to executing command: net start
2021-01-19 14:46:31,175 DEBUG U.R.SSHManager [main] Done.
2021-01-19 14:46:36,176 INFO U.R.SSHManager [main] Going to executing command: net start
2021-01-19 14:46:36,211 DEBUG U.R.SSHManager [main] Done.
2021-01-19 14:46:41,211 INFO U.R.SSHManager [main] Going to executing command: net start
2021-01-19 14:46:41,289 DEBUG U.R.SSHManager [main] Done.
2021-01-19 14:46:46,290 INFO U.R.SSHManager [main] Going to executing command: net start
2021-01-19 14:46:46,351 DEBUG U.R.SSHManager [main] Done.
2021-01-19 14:46:51,352 INFO U.R.SSHManager [main] Going to executing command: net start
2021-01-19 14:46:51,388 DEBUG U.R.SSHManager [main] Done.
2021-01-19 14:46:56,388 INFO U.R.SSHManager [main] Going to executing command: net start
2021-01-19 14:46:56,424 DEBUG U.R.SSHManager [main] Done.
2021-01-19 14:47:01,425 INFO U.R.SSHManager [main] Going to executing command: net start
2021-01-19 14:47:01,465 DEBUG U.R.SSHManager [main] Done.
2021-01-19 14:47:06,465 INFO U.R.SSHManager [main] Going to executing command: net start
2021-01-19 14:47:06,519 DEBUG U.R.SSHManager [main] Done.
2021-01-19 14:47:11,520 INFO U.R.SSHManager [main] Going to executing command: net start
2021-01-19 14:47:11,557 DEBUG U.R.SSHManager [main] Done.
2021-01-19 14:47:16,557 INFO U.R.SSHManager [main] Going to executing command: net start
2021-01-19 14:47:16,594 DEBUG U.R.SSHManager [main] Done.
2021-01-19 14:47:21,594 INFO U.R.SSHManager [main] Going to executing command: net start
2021-01-19 14:47:21,626 DEBUG U.R.SSHManager [main] Done.
2021-01-19 14:47:26,627 INFO U.R.SSHManager [main] Going to executing command: net start
2021-01-19 14:47:26,661 DEBUG U.R.SSHManager [main] Done.
2021-01-19 14:47:31,662 INFO U.R.SSHManager [main] Going to executing command: net start
2021-01-19 14:47:31,697 DEBUG U.R.SSHManager [main] Done.
2021-01-19 14:47:36,697 INFO U.R.SSHManager [main] Going to executing command: net start
2021-01-19 14:47:36,732 DEBUG U.R.SSHManager [main] Done.
2021-01-19 14:53:53,272 DEBUG T.RecordedTest [main] screenshot file: C:\Nep-4-next\nep-qa-next@f35aa3a96df\nep-qa-automation/test-output/capture/InitAndCleanupPortal-19-01-2021-14.53.53.png
2021-01-19 14:53:53,279 INFO T.E.InitAndCleanupPortal [main] Starting Cleanup agents
2021-01-19 14:53:58,673 INFO U.R.SSHManager [main] Connected Successfully to host 10.243.68.225
2021-01-19 14:53:58,675 INFO U.R.SSHManager [main] Going to executing command: hostname
2021-01-19 14:53:58,702 DEBUG U.R.SSHManager [main] Done.
2021-01-19 14:54:02,742 INFO A.SimulatedAgentActions [main] SimulatedAgentActions, DS URL: https://endpoint-protection-services.qa.tw-test.net:443/
2021-01-19 14:54:02,757 INFO T.E.InitAndCleanupPortal [main] Going to send delete action to Centcom for agent on hostanem NTY-EN-8D25HC2
2021-01-19 14:54:02,758 DEBUG A.SeleniumBrowser [main] Selenium browser Launch - Before switch application type: Chrome
2021-01-19 14:54:02,758 DEBUG A.SeleniumBrowser [main] Setting Chrome driver location: C:/home/NepManagerDownloads/utils/chromedriver.exe
2021-01-19 14:54:02,759 DEBUG A.SeleniumBrowser [main] Selenium browser Launch - After creating new hashMap
2021-01-19 14:54:02,760 DEBUG A.SeleniumBrowser [main] Selenium browser Launch - After reading MasterDownloadFolder property: C:\home\NepManagerDownloads
2021-01-19 14:54:02,760 DEBUG A.SeleniumBrowser [main] Selenium browser Launch - After put to hash
2021-01-19 14:54:02,764 DEBUG A.SeleniumBrowser [main] Selenium browser Launch - After new chrome options
2021-01-19 14:54:02,766 DEBUG A.SeleniumBrowser [main] Selenium browser Launch - After chrome setExperimentalOption
2021-01-19 14:54:02,766 DEBUG A.SeleniumBrowser [main] Selenium browser Launch - Before setting several chrome options
2021-01-19 14:54:02,772 DEBUG A.SeleniumBrowser [main] Selenium browser Launch - Before creating new chrome driver
2021-01-19 14:54:06,742 DEBUG A.SeleniumBrowser [main] Selenium browser Launch - After creating new chrome driver
2021-01-19 14:54:06,750 DEBUG A.SeleniumBrowser [main] After Setting implicit timeout
2021-01-19 14:54:08,776 DEBUG A.SeleniumBrowser [main] After maximizing window 
2021-01-19 14:54:08,777 DEBUG A.SeleniumBrowser [main] LoadURL: Before check if driver equals to null 
2021-01-19 14:54:08,777 DEBUG A.SeleniumBrowser [main] LoadURL: After check if driver equals to null 
2021-01-19 14:54:08,777 DEBUG A.SeleniumBrowser [main] LoadURL: URL =  https://portal.qa.tw-test.net
2021-01-19 14:54:13,793 DEBUG A.SeleniumBrowser [main] LoadURL: after get URL =  https://portal.qa.tw-test.net
2021-01-19 14:54:15,318 DEBUG A.BrowserActions [main] Waiting for login button to be clickable...
2021-01-19 14:54:15,453 DEBUG A.BrowserActions [main] Login button clicked successfully...
2021-01-19 14:54:17,293 DEBUG A.SeleniumBrowser [main] LoadURL: Before check if driver equals to null 
2021-01-19 14:54:17,293 DEBUG A.SeleniumBrowser [main] LoadURL: After check if driver equals to null 
2021-01-19 14:54:17,293 DEBUG A.SeleniumBrowser [main] LoadURL: URL =  https://portal.qa.tw-test.net/#/operations?menuKey=centcom-devices&stackKey=entity-search&types=EntityType.AGENT
2021-01-19 14:54:17,731 DEBUG A.SeleniumBrowser [main] LoadURL: after get URL =  https://portal.qa.tw-test.net/#/operations?menuKey=centcom-devices&stackKey=entity-search&types=EntityType.AGENT
2021-01-19 17:51:28,609 DEBUG T.RecordedTest [main] screenshot file: C:\Nep-4-next\nep-qa-next@f35aa3a96df\nep-qa-automation/test-output/capture/InitAndCleanupPortal-19-01-2021-17.51.28.png
2021-01-19 17:51:28,615 INFO T.E.InitAndCleanupPortal [main] Starting Cleanup agents
2021-01-19 17:51:35,374 INFO U.R.SSHManager [main] Connected Successfully to host 10.243.68.225
2021-01-19 17:51:35,377 INFO U.R.SSHManager [main] Going to executing command: hostname
2021-01-19 17:51:35,410 DEBUG U.R.SSHManager [main] Done.
2021-01-19 17:51:39,621 INFO A.SimulatedAgentActions [main] SimulatedAgentActions, DS URL: https://endpoint-protection-services.qa.tw-test.net:443/
2021-01-19 17:51:39,657 INFO T.E.InitAndCleanupPortal [main] Going to send delete action to Centcom for agent on hostanem NTY-EN-8D25HC2
2021-01-19 17:51:39,660 DEBUG A.SeleniumBrowser [main] Selenium browser Launch - Before switch application type: Chrome
2021-01-19 17:51:39,662 DEBUG A.SeleniumBrowser [main] Setting Chrome driver location: C:/home/NepManagerDownloads/utils/chromedriver.exe
2021-01-19 17:51:39,663 DEBUG A.SeleniumBrowser [main] Selenium browser Launch - After creating new hashMap
2021-01-19 17:51:39,664 DEBUG A.SeleniumBrowser [main] Selenium browser Launch - After reading MasterDownloadFolder property: C:\home\NepManagerDownloads
2021-01-19 17:51:39,665 DEBUG A.SeleniumBrowser [main] Selenium browser Launch - After put to hash
2021-01-19 17:51:39,671 DEBUG A.SeleniumBrowser [main] Selenium browser Launch - After new chrome options
2021-01-19 17:51:39,674 DEBUG A.SeleniumBrowser [main] Selenium browser Launch - After chrome setExperimentalOption
2021-01-19 17:51:39,674 DEBUG A.SeleniumBrowser [main] Selenium browser Launch - Before setting several chrome options
2021-01-19 17:51:39,679 DEBUG A.SeleniumBrowser [main] Selenium browser Launch - Before creating new chrome driver
2021-01-19 17:51:44,073 DEBUG A.SeleniumBrowser [main] Selenium browser Launch - After creating new chrome driver
2021-01-19 17:51:44,080 DEBUG A.SeleniumBrowser [main] After Setting implicit timeout
2021-01-19 17:51:46,093 DEBUG A.SeleniumBrowser [main] After maximizing window 
2021-01-19 17:51:46,093 DEBUG A.SeleniumBrowser [main] LoadURL: Before check if driver equals to null 
2021-01-19 17:51:46,094 DEBUG A.SeleniumBrowser [main] LoadURL: After check if driver equals to null 
2021-01-19 17:51:46,094 DEBUG A.SeleniumBrowser [main] LoadURL: URL =  https://portal.qa.tw-test.net
2021-01-19 17:51:51,431 DEBUG A.SeleniumBrowser [main] LoadURL: after get URL =  https://portal.qa.tw-test.net
2021-01-19 17:51:52,963 DEBUG A.BrowserActions [main] Waiting for login button to be clickable...
2021-01-19 17:51:53,118 DEBUG A.BrowserActions [main] Login button clicked successfully...
2021-01-19 17:51:55,353 DEBUG A.SeleniumBrowser [main] LoadURL: Before check if driver equals to null 
2021-01-19 17:51:55,353 DEBUG A.SeleniumBrowser [main] LoadURL: After check if driver equals to null 
2021-01-19 17:51:55,354 DEBUG A.SeleniumBrowser [main] LoadURL: URL =  https://portal.qa.tw-test.net/#/operations?menuKey=centcom-devices&stackKey=entity-search&types=EntityType.AGENT
2021-01-19 17:51:55,800 DEBUG A.SeleniumBrowser [main] LoadURL: after get URL =  https://portal.qa.tw-test.net/#/operations?menuKey=centcom-devices&stackKey=entity-search&types=EntityType.AGENT
2021-01-19 17:52:19,428 ERROR A.BrowserActions [main] Cluster is already exists
2021-01-19 17:52:20,557 ERROR A.BrowserActions [main] Could not select the specific cluster  at CentCom search page. cluster: NTY-EN-8D25HC2
org.openqa.selenium.ElementClickInterceptedException: element click intercepted: Element <div class="ellipse _ngcontent-tnb-109" tooltiponlyifoverflow="" aria-owns="1284a82a-e01d-43ec-bb17-435b44166395--1507" aria-haspopup="true">...</div> is not clickable at point (576, 166). Other element would receive the click: <div pane-id="default-52" class="pane modal visible" style="inset: 0px; transform: translateX(0px) translateY(0px);">...</div>
  (Session info: chrome=87.0.4280.141)
Build info: version: '3.141.59', revision: 'e82be7d358', time: '2018-11-14T08:17:03'
System info: host: 'NTY-EN-8D25HC2', ip: '10.243.68.225', os.name: 'Windows 10', os.arch: 'amd64', os.version: '10.0', java.version: '12.0.2'
Driver info: org.openqa.selenium.chrome.ChromeDriver
Capabilities {acceptInsecureCerts: false, browserName: chrome, browserVersion: 87.0.4280.141, chrome: {chromedriverVersion: 87.0.4280.20 (c99e81631faa0..., userDataDir: C:\Users\MOSHE~1.AVI\AppDat...}, goog:chromeOptions: {debuggerAddress: localhost:64915}, javascriptEnabled: true, networkConnectionEnabled: false, pageLoadStrategy: normal, platform: WINDOWS, platformName: WINDOWS, proxy: Proxy(), setWindowRect: true, strictFileInteractability: false, timeouts: {implicit: 0, pageLoad: 300000, script: 30000}, unhandledPromptBehavior: dismiss and notify, webauthn:virtualAuthenticators: true}
Session ID: 383f946b13f13004be37a05858a03d21
	at jdk.internal.reflect.NativeConstructorAccessorImpl.newInstance0(Native Method) ~[?:?]
	at jdk.internal.reflect.NativeConstructorAccessorImpl.newInstance(NativeConstructorAccessorImpl.java:62) ~[?:?]
	at jdk.internal.reflect.DelegatingConstructorAccessorImpl.newInstance(DelegatingConstructorAccessorImpl.java:45) ~[?:?]
	at java.lang.reflect.Constructor.newInstanceWithCaller(Constructor.java:500) ~[?:?]
	at java.lang.reflect.Constructor.newInstance(Constructor.java:481) ~[?:?]
	at org.openqa.selenium.remote.http.W3CHttpResponseCodec.createException(W3CHttpResponseCodec.java:187) ~[selenium-remote-driver-3.141.59.jar:?]
	at org.openqa.selenium.remote.http.W3CHttpResponseCodec.decode(W3CHttpResponseCodec.java:122) ~[selenium-remote-driver-3.141.59.jar:?]
	at org.openqa.selenium.remote.http.W3CHttpResponseCodec.decode(W3CHttpResponseCodec.java:49) ~[selenium-remote-driver-3.141.59.jar:?]
	at org.openqa.selenium.remote.HttpCommandExecutor.execute(HttpCommandExecutor.java:158) ~[selenium-remote-driver-3.141.59.jar:?]
	at org.openqa.selenium.remote.service.DriverCommandExecutor.execute(DriverCommandExecutor.java:83) ~[selenium-remote-driver-3.141.59.jar:?]
	at org.openqa.selenium.remote.RemoteWebDriver.execute(RemoteWebDriver.java:552) ~[selenium-remote-driver-3.141.59.jar:?]
	at org.openqa.selenium.remote.RemoteWebElement.execute(RemoteWebElement.java:285) ~[selenium-remote-driver-3.141.59.jar:?]
	at org.openqa.selenium.remote.RemoteWebElement.click(RemoteWebElement.java:84) ~[selenium-remote-driver-3.141.59.jar:?]
	at jdk.internal.reflect.NativeMethodAccessorImpl.invoke0(Native Method) ~[?:?]
	at jdk.internal.reflect.NativeMethodAccessorImpl.invoke(NativeMethodAccessorImpl.java:62) ~[?:?]
	at jdk.internal.reflect.DelegatingMethodAccessorImpl.invoke(DelegatingMethodAccessorImpl.java:43) ~[?:?]
	at java.lang.reflect.Method.invoke(Method.java:567) ~[?:?]
	at org.openqa.selenium.support.pagefactory.internal.LocatingElementHandler.invoke(LocatingElementHandler.java:51) ~[selenium-support-3.141.59.jar:?]
	at com.sun.proxy.$Proxy30.click(Unknown Source) ~[?:?]
	at Actions.BrowserActions.CreateNewCluster(BrowserActions.java:679) ~[classes/:?]
	at Tests.Environments.InitAndCleanupPortal.CreateNewCluster(InitAndCleanupPortal.java:128) ~[classes/:?]
	at Tests.Environments.InitAndCleanupPortal.cleanupAgents(InitAndCleanupPortal.java:66) ~[classes/:?]
	at jdk.internal.reflect.NativeMethodAccessorImpl.invoke0(Native Method) ~[?:?]
	at jdk.internal.reflect.NativeMethodAccessorImpl.invoke(NativeMethodAccessorImpl.java:62) ~[?:?]
	at jdk.internal.reflect.DelegatingMethodAccessorImpl.invoke(DelegatingMethodAccessorImpl.java:43) ~[?:?]
	at java.lang.reflect.Method.invoke(Method.java:567) ~[?:?]
	at org.testng.internal.MethodInvocationHelper.invokeMethod(MethodInvocationHelper.java:134) ~[testng-7.1.0.jar:?]
	at org.testng.internal.TestInvoker.invokeMethod(TestInvoker.java:597) ~[testng-7.1.0.jar:?]
	at org.testng.internal.TestInvoker.invokeTestMethod(TestInvoker.java:173) ~[testng-7.1.0.jar:?]
	at org.testng.internal.MethodRunner.runInSequence(MethodRunner.java:46) ~[testng-7.1.0.jar:?]
	at org.testng.internal.TestInvoker$MethodInvocationAgent.invoke(TestInvoker.java:816) ~[testng-7.1.0.jar:?]
	at org.testng.internal.TestInvoker.invokeTestMethods(TestInvoker.java:146) ~[testng-7.1.0.jar:?]
	at org.testng.internal.TestMethodWorker.invokeTestMethods(TestMethodWorker.java:146) ~[testng-7.1.0.jar:?]
	at org.testng.internal.TestMethodWorker.run(TestMethodWorker.java:128) ~[testng-7.1.0.jar:?]
	at java.util.ArrayList.forEach(ArrayList.java:1540) [?:?]
	at org.testng.TestRunner.privateRun(TestRunner.java:766) [testng-7.1.0.jar:?]
	at org.testng.TestRunner.run(TestRunner.java:587) [testng-7.1.0.jar:?]
	at org.testng.SuiteRunner.runTest(SuiteRunner.java:384) [testng-7.1.0.jar:?]
	at org.testng.SuiteRunner.runSequentially(SuiteRunner.java:378) [testng-7.1.0.jar:?]
	at org.testng.SuiteRunner.privateRun(SuiteRunner.java:337) [testng-7.1.0.jar:?]
	at org.testng.SuiteRunner.run(SuiteRunner.java:286) [testng-7.1.0.jar:?]
	at org.testng.SuiteRunnerWorker.runSuite(SuiteRunnerWorker.java:53) [testng-7.1.0.jar:?]
	at org.testng.SuiteRunnerWorker.run(SuiteRunnerWorker.java:96) [testng-7.1.0.jar:?]
	at org.testng.TestNG.runSuitesSequentially(TestNG.java:1187) [testng-7.1.0.jar:?]
	at org.testng.TestNG.runSuitesLocally(TestNG.java:1109) [testng-7.1.0.jar:?]
	at org.testng.TestNG.runSuites(TestNG.java:1039) [testng-7.1.0.jar:?]
	at org.testng.TestNG.run(TestNG.java:1007) [testng-7.1.0.jar:?]
	at Utils.Main.RunTest.main(RunTest.java:116) [classes/:?]
2021-01-19 17:52:20,565 INFO T.E.InitAndCleanupPortal [main] Agent was found and delete action was done in Centcom, going to wait until service is uninstalled from agent
2021-01-19 17:52:25,565 INFO U.R.SSHManager [main] Going to executing command: net start
2021-01-19 17:52:25,634 DEBUG U.R.SSHManager [main] Done.
2021-01-19 17:52:30,635 INFO U.R.SSHManager [main] Going to executing command: net start
2021-01-19 17:52:30,687 DEBUG U.R.SSHManager [main] Done.
2021-01-19 17:52:35,687 INFO U.R.SSHManager [main] Going to executing command: net start
2021-01-19 17:52:35,728 DEBUG U.R.SSHManager [main] Done.
2021-01-19 17:52:40,728 INFO U.R.SSHManager [main] Going to executing command: net start
2021-01-19 17:52:40,777 DEBUG U.R.SSHManager [main] Done.
2021-01-19 17:52:45,778 INFO U.R.SSHManager [main] Going to executing command: net start
2021-01-19 17:52:45,820 DEBUG U.R.SSHManager [main] Done.
2021-01-19 18:43:15,481 DEBUG T.RecordedTest [main] screenshot file: C:\Nep-4-next\nep-qa-next@f35aa3a96df\nep-qa-automation/test-output/capture/InitAndCleanupPortal-19-01-2021-18.43.15.png
2021-01-19 18:43:15,488 INFO T.E.InitAndCleanupPortal [main] Starting Cleanup agents
2021-01-19 18:43:21,866 INFO U.R.SSHManager [main] Connected Successfully to host 10.243.68.225
2021-01-19 18:43:21,868 INFO U.R.SSHManager [main] Going to executing command: hostname
2021-01-19 18:43:21,897 DEBUG U.R.SSHManager [main] Done.
2021-01-19 18:43:21,898 INFO U.R.SSHManager [main] Going to executing command: Cluster
2021-01-19 18:43:21,911 WARN U.R.SSHManager [main] Error response: 
'Cluster' is not recognized as an internal or external command,
operable program or batch file.
2021-01-19 18:43:26,110 INFO A.SimulatedAgentActions [main] SimulatedAgentActions, DS URL: https://endpoint-protection-services.qa.tw-test.net:443/
2021-01-19 18:43:26,144 INFO T.E.InitAndCleanupPortal [main] Going to send delete action to Centcom for agent on hostanem NTY-EN-8D25HC2
2021-01-19 18:43:26,145 DEBUG A.SeleniumBrowser [main] Selenium browser Launch - Before switch application type: Chrome
2021-01-19 18:43:26,145 DEBUG A.SeleniumBrowser [main] Setting Chrome driver location: C:/home/NepManagerDownloads/utils/chromedriver.exe
2021-01-19 18:43:26,146 DEBUG A.SeleniumBrowser [main] Selenium browser Launch - After creating new hashMap
2021-01-19 18:43:26,146 DEBUG A.SeleniumBrowser [main] Selenium browser Launch - After reading MasterDownloadFolder property: C:\home\NepManagerDownloads
2021-01-19 18:43:26,146 DEBUG A.SeleniumBrowser [main] Selenium browser Launch - After put to hash
2021-01-19 18:43:26,152 DEBUG A.SeleniumBrowser [main] Selenium browser Launch - After new chrome options
2021-01-19 18:43:26,154 DEBUG A.SeleniumBrowser [main] Selenium browser Launch - After chrome setExperimentalOption
2021-01-19 18:43:26,154 DEBUG A.SeleniumBrowser [main] Selenium browser Launch - Before setting several chrome options
2021-01-19 18:43:26,161 DEBUG A.SeleniumBrowser [main] Selenium browser Launch - Before creating new chrome driver
2021-01-19 18:43:30,233 DEBUG A.SeleniumBrowser [main] Selenium browser Launch - After creating new chrome driver
2021-01-19 18:43:30,242 DEBUG A.SeleniumBrowser [main] After Setting implicit timeout
2021-01-19 18:43:32,256 DEBUG A.SeleniumBrowser [main] After maximizing window 
2021-01-19 18:43:32,256 DEBUG A.SeleniumBrowser [main] LoadURL: Before check if driver equals to null 
2021-01-19 18:43:32,257 DEBUG A.SeleniumBrowser [main] LoadURL: After check if driver equals to null 
2021-01-19 18:43:32,257 DEBUG A.SeleniumBrowser [main] LoadURL: URL =  https://portal.qa.tw-test.net
2021-01-19 18:43:38,465 DEBUG A.SeleniumBrowser [main] LoadURL: after get URL =  https://portal.qa.tw-test.net
2021-01-19 18:43:40,111 DEBUG A.BrowserActions [main] Waiting for login button to be clickable...
2021-01-19 18:43:40,266 DEBUG A.BrowserActions [main] Login button clicked successfully...
2021-01-19 18:43:42,383 DEBUG A.SeleniumBrowser [main] LoadURL: Before check if driver equals to null 
2021-01-19 18:43:42,383 DEBUG A.SeleniumBrowser [main] LoadURL: After check if driver equals to null 
2021-01-19 18:43:42,383 DEBUG A.SeleniumBrowser [main] LoadURL: URL =  https://portal.qa.tw-test.net/#/operations?menuKey=centcom-devices&stackKey=entity-search&types=EntityType.AGENT
2021-01-19 18:43:42,901 DEBUG A.SeleniumBrowser [main] LoadURL: after get URL =  https://portal.qa.tw-test.net/#/operations?menuKey=centcom-devices&stackKey=entity-search&types=EntityType.AGENT
2021-01-19 18:44:08,081 ERROR A.BrowserActions [main] Cluster is already exists
2021-01-19 18:44:09,180 ERROR A.BrowserActions [main] Could not select the specific cluster  at CentCom search page. cluster: 
org.openqa.selenium.ElementClickInterceptedException: element click intercepted: Element <div class="ellipse _ngcontent-gsg-109" tooltiponlyifoverflow="" aria-owns="efe2c81b-d22b-4481-ae32-98ed5d291bc2--1506" aria-haspopup="true">...</div> is not clickable at point (576, 166). Other element would receive the click: <div pane-id="default-52" class="pane modal visible" style="inset: 0px; transform: translateX(0px) translateY(0px);">...</div>
  (Session info: chrome=87.0.4280.141)
Build info: version: '3.141.59', revision: 'e82be7d358', time: '2018-11-14T08:17:03'
System info: host: 'NTY-EN-8D25HC2', ip: '10.243.68.225', os.name: 'Windows 10', os.arch: 'amd64', os.version: '10.0', java.version: '12.0.2'
Driver info: org.openqa.selenium.chrome.ChromeDriver
Capabilities {acceptInsecureCerts: false, browserName: chrome, browserVersion: 87.0.4280.141, chrome: {chromedriverVersion: 87.0.4280.20 (c99e81631faa0..., userDataDir: C:\Users\MOSHE~1.AVI\AppDat...}, goog:chromeOptions: {debuggerAddress: localhost:64786}, javascriptEnabled: true, networkConnectionEnabled: false, pageLoadStrategy: normal, platform: WINDOWS, platformName: WINDOWS, proxy: Proxy(), setWindowRect: true, strictFileInteractability: false, timeouts: {implicit: 0, pageLoad: 300000, script: 30000}, unhandledPromptBehavior: dismiss and notify, webauthn:virtualAuthenticators: true}
Session ID: 7102abdb490a3f0ec199e0cba26617ea
	at jdk.internal.reflect.NativeConstructorAccessorImpl.newInstance0(Native Method) ~[?:?]
	at jdk.internal.reflect.NativeConstructorAccessorImpl.newInstance(NativeConstructorAccessorImpl.java:62) ~[?:?]
	at jdk.internal.reflect.DelegatingConstructorAccessorImpl.newInstance(DelegatingConstructorAccessorImpl.java:45) ~[?:?]
	at java.lang.reflect.Constructor.newInstanceWithCaller(Constructor.java:500) ~[?:?]
	at java.lang.reflect.Constructor.newInstance(Constructor.java:481) ~[?:?]
	at org.openqa.selenium.remote.http.W3CHttpResponseCodec.createException(W3CHttpResponseCodec.java:187) ~[selenium-remote-driver-3.141.59.jar:?]
	at org.openqa.selenium.remote.http.W3CHttpResponseCodec.decode(W3CHttpResponseCodec.java:122) ~[selenium-remote-driver-3.141.59.jar:?]
	at org.openqa.selenium.remote.http.W3CHttpResponseCodec.decode(W3CHttpResponseCodec.java:49) ~[selenium-remote-driver-3.141.59.jar:?]
	at org.openqa.selenium.remote.HttpCommandExecutor.execute(HttpCommandExecutor.java:158) ~[selenium-remote-driver-3.141.59.jar:?]
	at org.openqa.selenium.remote.service.DriverCommandExecutor.execute(DriverCommandExecutor.java:83) ~[selenium-remote-driver-3.141.59.jar:?]
	at org.openqa.selenium.remote.RemoteWebDriver.execute(RemoteWebDriver.java:552) ~[selenium-remote-driver-3.141.59.jar:?]
	at org.openqa.selenium.remote.RemoteWebElement.execute(RemoteWebElement.java:285) ~[selenium-remote-driver-3.141.59.jar:?]
	at org.openqa.selenium.remote.RemoteWebElement.click(RemoteWebElement.java:84) ~[selenium-remote-driver-3.141.59.jar:?]
	at jdk.internal.reflect.NativeMethodAccessorImpl.invoke0(Native Method) ~[?:?]
	at jdk.internal.reflect.NativeMethodAccessorImpl.invoke(NativeMethodAccessorImpl.java:62) ~[?:?]
	at jdk.internal.reflect.DelegatingMethodAccessorImpl.invoke(DelegatingMethodAccessorImpl.java:43) ~[?:?]
	at java.lang.reflect.Method.invoke(Method.java:567) ~[?:?]
	at org.openqa.selenium.support.pagefactory.internal.LocatingElementHandler.invoke(LocatingElementHandler.java:51) ~[selenium-support-3.141.59.jar:?]
	at com.sun.proxy.$Proxy30.click(Unknown Source) ~[?:?]
	at Actions.BrowserActions.CreateNewCluster(BrowserActions.java:679) ~[classes/:?]
	at Tests.Environments.InitAndCleanupPortal.CreateNewClusterActions(InitAndCleanupPortal.java:129) ~[classes/:?]
	at Tests.Environments.InitAndCleanupPortal.cleanupAgents(InitAndCleanupPortal.java:67) ~[classes/:?]
	at jdk.internal.reflect.NativeMethodAccessorImpl.invoke0(Native Method) ~[?:?]
	at jdk.internal.reflect.NativeMethodAccessorImpl.invoke(NativeMethodAccessorImpl.java:62) ~[?:?]
	at jdk.internal.reflect.DelegatingMethodAccessorImpl.invoke(DelegatingMethodAccessorImpl.java:43) ~[?:?]
	at java.lang.reflect.Method.invoke(Method.java:567) ~[?:?]
	at org.testng.internal.MethodInvocationHelper.invokeMethod(MethodInvocationHelper.java:134) ~[testng-7.1.0.jar:?]
	at org.testng.internal.TestInvoker.invokeMethod(TestInvoker.java:597) ~[testng-7.1.0.jar:?]
	at org.testng.internal.TestInvoker.invokeTestMethod(TestInvoker.java:173) ~[testng-7.1.0.jar:?]
	at org.testng.internal.MethodRunner.runInSequence(MethodRunner.java:46) ~[testng-7.1.0.jar:?]
	at org.testng.internal.TestInvoker$MethodInvocationAgent.invoke(TestInvoker.java:816) ~[testng-7.1.0.jar:?]
	at org.testng.internal.TestInvoker.invokeTestMethods(TestInvoker.java:146) ~[testng-7.1.0.jar:?]
	at org.testng.internal.TestMethodWorker.invokeTestMethods(TestMethodWorker.java:146) ~[testng-7.1.0.jar:?]
	at org.testng.internal.TestMethodWorker.run(TestMethodWorker.java:128) ~[testng-7.1.0.jar:?]
	at java.util.ArrayList.forEach(ArrayList.java:1540) [?:?]
	at org.testng.TestRunner.privateRun(TestRunner.java:766) [testng-7.1.0.jar:?]
	at org.testng.TestRunner.run(TestRunner.java:587) [testng-7.1.0.jar:?]
	at org.testng.SuiteRunner.runTest(SuiteRunner.java:384) [testng-7.1.0.jar:?]
	at org.testng.SuiteRunner.runSequentially(SuiteRunner.java:378) [testng-7.1.0.jar:?]
	at org.testng.SuiteRunner.privateRun(SuiteRunner.java:337) [testng-7.1.0.jar:?]
	at org.testng.SuiteRunner.run(SuiteRunner.java:286) [testng-7.1.0.jar:?]
	at org.testng.SuiteRunnerWorker.runSuite(SuiteRunnerWorker.java:53) [testng-7.1.0.jar:?]
	at org.testng.SuiteRunnerWorker.run(SuiteRunnerWorker.java:96) [testng-7.1.0.jar:?]
	at org.testng.TestNG.runSuitesSequentially(TestNG.java:1187) [testng-7.1.0.jar:?]
	at org.testng.TestNG.runSuitesLocally(TestNG.java:1109) [testng-7.1.0.jar:?]
	at org.testng.TestNG.runSuites(TestNG.java:1039) [testng-7.1.0.jar:?]
	at org.testng.TestNG.run(TestNG.java:1007) [testng-7.1.0.jar:?]
	at Utils.Main.RunTest.main(RunTest.java:116) [classes/:?]
2021-01-19 18:44:09,188 INFO T.E.InitAndCleanupPortal [main] Agent was found and delete action was done in Centcom, going to wait until service is uninstalled from agent
2021-01-19 18:44:14,188 INFO U.R.SSHManager [main] Going to executing command: net start
2021-01-19 18:44:14,230 DEBUG U.R.SSHManager [main] Done.
2021-01-19 18:44:19,230 INFO U.R.SSHManager [main] Going to executing command: net start
2021-01-19 18:44:19,270 DEBUG U.R.SSHManager [main] Done.
2021-01-19 18:44:24,271 INFO U.R.SSHManager [main] Going to executing command: net start
2021-01-19 18:44:24,321 DEBUG U.R.SSHManager [main] Done.
2021-01-19 18:44:29,322 INFO U.R.SSHManager [main] Going to executing command: net start
2021-01-19 18:44:29,356 DEBUG U.R.SSHManager [main] Done.
2021-01-19 18:44:34,357 INFO U.R.SSHManager [main] Going to executing command: net start
2021-01-19 18:44:34,398 DEBUG U.R.SSHManager [main] Done.
2021-01-19 18:44:39,398 INFO U.R.SSHManager [main] Going to executing command: net start
2021-01-19 18:44:39,433 DEBUG U.R.SSHManager [main] Done.
2021-01-19 18:44:44,433 INFO U.R.SSHManager [main] Going to executing command: net start
2021-01-19 18:44:44,471 DEBUG U.R.SSHManager [main] Done.
2021-01-19 18:46:26,733 DEBUG T.RecordedTest [main] screenshot file: C:\Nep-4-next\nep-qa-next@f35aa3a96df\nep-qa-automation/test-output/capture/InitAndCleanupPortal-19-01-2021-18.46.26.png
2021-01-19 18:46:26,740 INFO T.E.InitAndCleanupPortal [main] Starting Cleanup agents
2021-01-19 18:46:32,248 INFO U.R.SSHManager [main] Connected Successfully to host 10.243.68.225
2021-01-19 18:46:32,251 INFO U.R.SSHManager [main] Going to executing command: hostname
2021-01-19 18:46:32,288 DEBUG U.R.SSHManager [main] Done.
2021-01-19 18:46:32,288 INFO U.R.SSHManager [main] Going to executing command: Cluster
2021-01-19 18:46:32,300 WARN U.R.SSHManager [main] Error response: 
'Cluster' is not recognized as an internal or external command,
operable program or batch file.
2021-01-19 18:46:36,288 INFO A.SimulatedAgentActions [main] SimulatedAgentActions, DS URL: https://endpoint-protection-services.qa.tw-test.net:443/
2021-01-19 18:46:36,307 INFO T.E.InitAndCleanupPortal [main] Going to send delete action to Centcom for agent on hostanem NTY-EN-8D25HC2
2021-01-19 18:46:36,308 DEBUG A.SeleniumBrowser [main] Selenium browser Launch - Before switch application type: Chrome
2021-01-19 18:46:36,308 DEBUG A.SeleniumBrowser [main] Setting Chrome driver location: C:/home/NepManagerDownloads/utils/chromedriver.exe
2021-01-19 18:46:36,308 DEBUG A.SeleniumBrowser [main] Selenium browser Launch - After creating new hashMap
2021-01-19 18:46:36,309 DEBUG A.SeleniumBrowser [main] Selenium browser Launch - After reading MasterDownloadFolder property: C:\home\NepManagerDownloads
2021-01-19 18:46:36,309 DEBUG A.SeleniumBrowser [main] Selenium browser Launch - After put to hash
2021-01-19 18:46:36,313 DEBUG A.SeleniumBrowser [main] Selenium browser Launch - After new chrome options
2021-01-19 18:46:36,315 DEBUG A.SeleniumBrowser [main] Selenium browser Launch - After chrome setExperimentalOption
2021-01-19 18:46:36,316 DEBUG A.SeleniumBrowser [main] Selenium browser Launch - Before setting several chrome options
2021-01-19 18:46:36,322 DEBUG A.SeleniumBrowser [main] Selenium browser Launch - Before creating new chrome driver
2021-01-19 18:46:40,255 DEBUG A.SeleniumBrowser [main] Selenium browser Launch - After creating new chrome driver
2021-01-19 18:46:40,262 DEBUG A.SeleniumBrowser [main] After Setting implicit timeout
2021-01-19 18:46:42,287 DEBUG A.SeleniumBrowser [main] After maximizing window 
2021-01-19 18:46:42,287 DEBUG A.SeleniumBrowser [main] LoadURL: Before check if driver equals to null 
2021-01-19 18:46:42,287 DEBUG A.SeleniumBrowser [main] LoadURL: After check if driver equals to null 
2021-01-19 18:46:42,287 DEBUG A.SeleniumBrowser [main] LoadURL: URL =  https://portal.qa.tw-test.net
2021-01-19 18:46:50,582 DEBUG A.SeleniumBrowser [main] LoadURL: after get URL =  https://portal.qa.tw-test.net
2021-01-19 18:46:52,064 DEBUG A.BrowserActions [main] Waiting for login button to be clickable...
2021-01-19 18:46:52,216 DEBUG A.BrowserActions [main] Login button clicked successfully...
2021-01-19 18:46:54,233 DEBUG A.SeleniumBrowser [main] LoadURL: Before check if driver equals to null 
2021-01-19 18:46:54,233 DEBUG A.SeleniumBrowser [main] LoadURL: After check if driver equals to null 
2021-01-19 18:46:54,234 DEBUG A.SeleniumBrowser [main] LoadURL: URL =  https://portal.qa.tw-test.net/#/operations?menuKey=centcom-devices&stackKey=entity-search&types=EntityType.AGENT
2021-01-19 18:46:54,631 DEBUG A.SeleniumBrowser [main] LoadURL: after get URL =  https://portal.qa.tw-test.net/#/operations?menuKey=centcom-devices&stackKey=entity-search&types=EntityType.AGENT
2021-01-19 18:47:31,077 ERROR A.BrowserActions [main] Could not select the specific cluster  at CentCom search page. cluster: Test_cluster123
org.openqa.selenium.WebDriverException: chrome not reachable
  (Session info: chrome=87.0.4280.141)
Build info: version: '3.141.59', revision: 'e82be7d358', time: '2018-11-14T08:17:03'
System info: host: 'NTY-EN-8D25HC2', ip: '10.243.68.225', os.name: 'Windows 10', os.arch: 'amd64', os.version: '10.0', java.version: '12.0.2'
Driver info: org.openqa.selenium.chrome.ChromeDriver
Capabilities {acceptInsecureCerts: false, browserName: chrome, browserVersion: 87.0.4280.141, chrome: {chromedriverVersion: 87.0.4280.20 (c99e81631faa0..., userDataDir: C:\Users\MOSHE~1.AVI\AppDat...}, goog:chromeOptions: {debuggerAddress: localhost:64863}, javascriptEnabled: true, networkConnectionEnabled: false, pageLoadStrategy: normal, platform: WINDOWS, platformName: WINDOWS, proxy: Proxy(), setWindowRect: true, strictFileInteractability: false, timeouts: {implicit: 0, pageLoad: 300000, script: 30000}, unhandledPromptBehavior: dismiss and notify, webauthn:virtualAuthenticators: true}
Session ID: 2b226fbdda101b329110c10dd3f0a7ba
*** Element info: {Using=xpath, value=//twa-table-row//div[normalize-space(text())='Test_cluster123']}
	at jdk.internal.reflect.NativeConstructorAccessorImpl.newInstance0(Native Method) ~[?:?]
	at jdk.internal.reflect.NativeConstructorAccessorImpl.newInstance(NativeConstructorAccessorImpl.java:62) ~[?:?]
	at jdk.internal.reflect.DelegatingConstructorAccessorImpl.newInstance(DelegatingConstructorAccessorImpl.java:45) ~[?:?]
	at java.lang.reflect.Constructor.newInstanceWithCaller(Constructor.java:500) ~[?:?]
	at java.lang.reflect.Constructor.newInstance(Constructor.java:481) ~[?:?]
	at org.openqa.selenium.remote.http.W3CHttpResponseCodec.createException(W3CHttpResponseCodec.java:187) ~[selenium-remote-driver-3.141.59.jar:?]
	at org.openqa.selenium.remote.http.W3CHttpResponseCodec.decode(W3CHttpResponseCodec.java:122) ~[selenium-remote-driver-3.141.59.jar:?]
	at org.openqa.selenium.remote.http.W3CHttpResponseCodec.decode(W3CHttpResponseCodec.java:49) ~[selenium-remote-driver-3.141.59.jar:?]
	at org.openqa.selenium.remote.HttpCommandExecutor.execute(HttpCommandExecutor.java:158) ~[selenium-remote-driver-3.141.59.jar:?]
	at org.openqa.selenium.remote.service.DriverCommandExecutor.execute(DriverCommandExecutor.java:83) ~[selenium-remote-driver-3.141.59.jar:?]
	at org.openqa.selenium.remote.RemoteWebDriver.execute(RemoteWebDriver.java:552) ~[selenium-remote-driver-3.141.59.jar:?]
	at org.openqa.selenium.remote.RemoteWebDriver.findElements(RemoteWebDriver.java:353) ~[selenium-remote-driver-3.141.59.jar:?]
	at org.openqa.selenium.remote.RemoteWebDriver.findElementsByXPath(RemoteWebDriver.java:432) ~[selenium-remote-driver-3.141.59.jar:?]
	at org.openqa.selenium.By$ByXPath.findElements(By.java:348) ~[selenium-api-3.141.59.jar:?]
	at org.openqa.selenium.remote.RemoteWebDriver.findElements(RemoteWebDriver.java:311) ~[selenium-remote-driver-3.141.59.jar:?]
	at Pages.GenericPage.IsElementExist(GenericPage.java:53) ~[classes/:?]
	at Actions.BrowserActions.CreateNewCluster(BrowserActions.java:687) ~[classes/:?]
	at Tests.Environments.InitAndCleanupPortal.CreateNewClusterActions(InitAndCleanupPortal.java:127) ~[classes/:?]
	at Tests.Environments.InitAndCleanupPortal.cleanupAgents(InitAndCleanupPortal.java:67) ~[classes/:?]
	at jdk.internal.reflect.NativeMethodAccessorImpl.invoke0(Native Method) ~[?:?]
	at jdk.internal.reflect.NativeMethodAccessorImpl.invoke(NativeMethodAccessorImpl.java:62) ~[?:?]
	at jdk.internal.reflect.DelegatingMethodAccessorImpl.invoke(DelegatingMethodAccessorImpl.java:43) ~[?:?]
	at java.lang.reflect.Method.invoke(Method.java:567) ~[?:?]
	at org.testng.internal.MethodInvocationHelper.invokeMethod(MethodInvocationHelper.java:134) ~[testng-7.1.0.jar:?]
	at org.testng.internal.TestInvoker.invokeMethod(TestInvoker.java:597) ~[testng-7.1.0.jar:?]
	at org.testng.internal.TestInvoker.invokeTestMethod(TestInvoker.java:173) ~[testng-7.1.0.jar:?]
	at org.testng.internal.MethodRunner.runInSequence(MethodRunner.java:46) ~[testng-7.1.0.jar:?]
	at org.testng.internal.TestInvoker$MethodInvocationAgent.invoke(TestInvoker.java:816) ~[testng-7.1.0.jar:?]
	at org.testng.internal.TestInvoker.invokeTestMethods(TestInvoker.java:146) ~[testng-7.1.0.jar:?]
	at org.testng.internal.TestMethodWorker.invokeTestMethods(TestMethodWorker.java:146) ~[testng-7.1.0.jar:?]
	at org.testng.internal.TestMethodWorker.run(TestMethodWorker.java:128) ~[testng-7.1.0.jar:?]
	at java.util.ArrayList.forEach(ArrayList.java:1540) [?:?]
	at org.testng.TestRunner.privateRun(TestRunner.java:766) [testng-7.1.0.jar:?]
	at org.testng.TestRunner.run(TestRunner.java:587) [testng-7.1.0.jar:?]
	at org.testng.SuiteRunner.runTest(SuiteRunner.java:384) [testng-7.1.0.jar:?]
	at org.testng.SuiteRunner.runSequentially(SuiteRunner.java:378) [testng-7.1.0.jar:?]
	at org.testng.SuiteRunner.privateRun(SuiteRunner.java:337) [testng-7.1.0.jar:?]
	at org.testng.SuiteRunner.run(SuiteRunner.java:286) [testng-7.1.0.jar:?]
	at org.testng.SuiteRunnerWorker.runSuite(SuiteRunnerWorker.java:53) [testng-7.1.0.jar:?]
	at org.testng.SuiteRunnerWorker.run(SuiteRunnerWorker.java:96) [testng-7.1.0.jar:?]
	at org.testng.TestNG.runSuitesSequentially(TestNG.java:1187) [testng-7.1.0.jar:?]
	at org.testng.TestNG.runSuitesLocally(TestNG.java:1109) [testng-7.1.0.jar:?]
	at org.testng.TestNG.runSuites(TestNG.java:1039) [testng-7.1.0.jar:?]
	at org.testng.TestNG.run(TestNG.java:1007) [testng-7.1.0.jar:?]
	at Utils.Main.RunTest.main(RunTest.java:116) [classes/:?]
2021-01-19 18:47:43,120 ERROR A.BrowserActions [main] Could not select the specific cluster  at CentCom search page. cluster: 
org.openqa.selenium.WebDriverException: chrome not reachable
  (Session info: chrome=87.0.4280.141)
Build info: version: '3.141.59', revision: 'e82be7d358', time: '2018-11-14T08:17:03'
System info: host: 'NTY-EN-8D25HC2', ip: '10.243.68.225', os.name: 'Windows 10', os.arch: 'amd64', os.version: '10.0', java.version: '12.0.2'
Driver info: org.openqa.selenium.chrome.ChromeDriver
Capabilities {acceptInsecureCerts: false, browserName: chrome, browserVersion: 87.0.4280.141, chrome: {chromedriverVersion: 87.0.4280.20 (c99e81631faa0..., userDataDir: C:\Users\MOSHE~1.AVI\AppDat...}, goog:chromeOptions: {debuggerAddress: localhost:64863}, javascriptEnabled: true, networkConnectionEnabled: false, pageLoadStrategy: normal, platform: WINDOWS, platformName: WINDOWS, proxy: Proxy(), setWindowRect: true, strictFileInteractability: false, timeouts: {implicit: 0, pageLoad: 300000, script: 30000}, unhandledPromptBehavior: dismiss and notify, webauthn:virtualAuthenticators: true}
Session ID: 2b226fbdda101b329110c10dd3f0a7ba
*** Element info: {Using=xpath, value=//div[contains(text(),'Clusters')]}
	at jdk.internal.reflect.NativeConstructorAccessorImpl.newInstance0(Native Method) ~[?:?]
	at jdk.internal.reflect.NativeConstructorAccessorImpl.newInstance(NativeConstructorAccessorImpl.java:62) ~[?:?]
	at jdk.internal.reflect.DelegatingConstructorAccessorImpl.newInstance(DelegatingConstructorAccessorImpl.java:45) ~[?:?]
	at java.lang.reflect.Constructor.newInstanceWithCaller(Constructor.java:500) ~[?:?]
	at java.lang.reflect.Constructor.newInstance(Constructor.java:481) ~[?:?]
	at org.openqa.selenium.remote.http.W3CHttpResponseCodec.createException(W3CHttpResponseCodec.java:187) ~[selenium-remote-driver-3.141.59.jar:?]
	at org.openqa.selenium.remote.http.W3CHttpResponseCodec.decode(W3CHttpResponseCodec.java:122) ~[selenium-remote-driver-3.141.59.jar:?]
	at org.openqa.selenium.remote.http.W3CHttpResponseCodec.decode(W3CHttpResponseCodec.java:49) ~[selenium-remote-driver-3.141.59.jar:?]
	at org.openqa.selenium.remote.HttpCommandExecutor.execute(HttpCommandExecutor.java:158) ~[selenium-remote-driver-3.141.59.jar:?]
	at org.openqa.selenium.remote.service.DriverCommandExecutor.execute(DriverCommandExecutor.java:83) ~[selenium-remote-driver-3.141.59.jar:?]
	at org.openqa.selenium.remote.RemoteWebDriver.execute(RemoteWebDriver.java:552) ~[selenium-remote-driver-3.141.59.jar:?]
	at org.openqa.selenium.remote.RemoteWebDriver.findElement(RemoteWebDriver.java:323) ~[selenium-remote-driver-3.141.59.jar:?]
	at org.openqa.selenium.remote.RemoteWebDriver.findElementByXPath(RemoteWebDriver.java:428) ~[selenium-remote-driver-3.141.59.jar:?]
	at org.openqa.selenium.By$ByXPath.findElement(By.java:353) ~[selenium-api-3.141.59.jar:?]
	at org.openqa.selenium.remote.RemoteWebDriver.findElement(RemoteWebDriver.java:315) ~[selenium-remote-driver-3.141.59.jar:?]
	at org.openqa.selenium.support.pagefactory.DefaultElementLocator.findElement(DefaultElementLocator.java:69) ~[selenium-support-3.141.59.jar:?]
	at org.openqa.selenium.support.pagefactory.internal.LocatingElementHandler.invoke(LocatingElementHandler.java:38) ~[selenium-support-3.141.59.jar:?]
	at com.sun.proxy.$Proxy30.click(Unknown Source) ~[?:?]
	at Actions.BrowserActions.CreateNewCluster(BrowserActions.java:679) ~[classes/:?]
	at Tests.Environments.InitAndCleanupPortal.CreateNewClusterActions(InitAndCleanupPortal.java:129) ~[classes/:?]
	at Tests.Environments.InitAndCleanupPortal.cleanupAgents(InitAndCleanupPortal.java:67) ~[classes/:?]
	at jdk.internal.reflect.NativeMethodAccessorImpl.invoke0(Native Method) ~[?:?]
	at jdk.internal.reflect.NativeMethodAccessorImpl.invoke(NativeMethodAccessorImpl.java:62) ~[?:?]
	at jdk.internal.reflect.DelegatingMethodAccessorImpl.invoke(DelegatingMethodAccessorImpl.java:43) ~[?:?]
	at java.lang.reflect.Method.invoke(Method.java:567) ~[?:?]
	at org.testng.internal.MethodInvocationHelper.invokeMethod(MethodInvocationHelper.java:134) ~[testng-7.1.0.jar:?]
	at org.testng.internal.TestInvoker.invokeMethod(TestInvoker.java:597) ~[testng-7.1.0.jar:?]
	at org.testng.internal.TestInvoker.invokeTestMethod(TestInvoker.java:173) ~[testng-7.1.0.jar:?]
	at org.testng.internal.MethodRunner.runInSequence(MethodRunner.java:46) ~[testng-7.1.0.jar:?]
	at org.testng.internal.TestInvoker$MethodInvocationAgent.invoke(TestInvoker.java:816) ~[testng-7.1.0.jar:?]
	at org.testng.internal.TestInvoker.invokeTestMethods(TestInvoker.java:146) ~[testng-7.1.0.jar:?]
	at org.testng.internal.TestMethodWorker.invokeTestMethods(TestMethodWorker.java:146) ~[testng-7.1.0.jar:?]
	at org.testng.internal.TestMethodWorker.run(TestMethodWorker.java:128) ~[testng-7.1.0.jar:?]
	at java.util.ArrayList.forEach(ArrayList.java:1540) [?:?]
	at org.testng.TestRunner.privateRun(TestRunner.java:766) [testng-7.1.0.jar:?]
	at org.testng.TestRunner.run(TestRunner.java:587) [testng-7.1.0.jar:?]
	at org.testng.SuiteRunner.runTest(SuiteRunner.java:384) [testng-7.1.0.jar:?]
	at org.testng.SuiteRunner.runSequentially(SuiteRunner.java:378) [testng-7.1.0.jar:?]
	at org.testng.SuiteRunner.privateRun(SuiteRunner.java:337) [testng-7.1.0.jar:?]
	at org.testng.SuiteRunner.run(SuiteRunner.java:286) [testng-7.1.0.jar:?]
	at org.testng.SuiteRunnerWorker.runSuite(SuiteRunnerWorker.java:53) [testng-7.1.0.jar:?]
	at org.testng.SuiteRunnerWorker.run(SuiteRunnerWorker.java:96) [testng-7.1.0.jar:?]
	at org.testng.TestNG.runSuitesSequentially(TestNG.java:1187) [testng-7.1.0.jar:?]
	at org.testng.TestNG.runSuitesLocally(TestNG.java:1109) [testng-7.1.0.jar:?]
	at org.testng.TestNG.runSuites(TestNG.java:1039) [testng-7.1.0.jar:?]
	at org.testng.TestNG.run(TestNG.java:1007) [testng-7.1.0.jar:?]
	at Utils.Main.RunTest.main(RunTest.java:116) [classes/:?]
2021-01-19 18:47:43,121 INFO T.E.InitAndCleanupPortal [main] Agent was found and delete action was done in Centcom, going to wait until service is uninstalled from agent
2021-01-19 18:47:48,123 INFO U.R.SSHManager [main] Going to executing command: net start
2021-01-19 18:47:48,163 DEBUG U.R.SSHManager [main] Done.
2021-01-19 18:47:53,165 INFO U.R.SSHManager [main] Going to executing command: net start
2021-01-19 18:47:53,245 DEBUG U.R.SSHManager [main] Done.
2021-01-19 18:47:58,245 INFO U.R.SSHManager [main] Going to executing command: net start
2021-01-19 18:47:58,299 DEBUG U.R.SSHManager [main] Done.
2021-01-19 18:48:03,300 INFO U.R.SSHManager [main] Going to executing command: net start
2021-01-19 18:48:03,340 DEBUG U.R.SSHManager [main] Done.
2021-01-19 18:48:08,341 INFO U.R.SSHManager [main] Going to executing command: net start
2021-01-19 18:48:08,377 DEBUG U.R.SSHManager [main] Done.
2021-01-19 18:48:13,377 INFO U.R.SSHManager [main] Going to executing command: net start
2021-01-19 18:48:13,421 DEBUG U.R.SSHManager [main] Done.
2021-01-19 18:48:18,421 INFO U.R.SSHManager [main] Going to executing command: net start
2021-01-19 18:48:18,489 DEBUG U.R.SSHManager [main] Done.
2021-01-19 18:48:23,490 INFO U.R.SSHManager [main] Going to executing command: net start
2021-01-19 18:48:23,527 DEBUG U.R.SSHManager [main] Done.
2021-01-19 18:48:28,528 INFO U.R.SSHManager [main] Going to executing command: net start
2021-01-19 18:48:28,561 DEBUG U.R.SSHManager [main] Done.
2021-01-19 18:48:33,562 INFO U.R.SSHManager [main] Going to executing command: net start
2021-01-19 18:48:33,598 DEBUG U.R.SSHManager [main] Done.
2021-01-19 18:48:38,599 INFO U.R.SSHManager [main] Going to executing command: net start
2021-01-19 18:48:38,645 DEBUG U.R.SSHManager [main] Done.
2021-01-19 18:48:43,648 INFO U.R.SSHManager [main] Going to executing command: net start
2021-01-19 18:48:43,687 DEBUG U.R.SSHManager [main] Done.
2021-01-19 18:48:48,688 INFO U.R.SSHManager [main] Going to executing command: net start
2021-01-19 18:48:48,721 DEBUG U.R.SSHManager [main] Done.
2021-01-19 18:48:53,721 INFO U.R.SSHManager [main] Going to executing command: net start
2021-01-19 18:48:53,755 DEBUG U.R.SSHManager [main] Done.
2021-01-19 18:48:58,756 INFO U.R.SSHManager [main] Going to executing command: net start
2021-01-19 18:48:58,792 DEBUG U.R.SSHManager [main] Done.
2021-01-19 18:49:03,793 INFO U.R.SSHManager [main] Going to executing command: net start
2021-01-19 18:49:03,825 DEBUG U.R.SSHManager [main] Done.
2021-01-19 18:49:08,826 INFO U.R.SSHManager [main] Going to executing command: net start
2021-01-19 18:49:08,898 DEBUG U.R.SSHManager [main] Done.
2021-01-19 18:49:13,898 INFO U.R.SSHManager [main] Going to executing command: net start
2021-01-19 18:49:13,936 DEBUG U.R.SSHManager [main] Done.
2021-01-19 18:49:18,936 INFO U.R.SSHManager [main] Going to executing command: net start
2021-01-19 18:49:18,980 DEBUG U.R.SSHManager [main] Done.
2021-01-19 18:49:23,980 INFO U.R.SSHManager [main] Going to executing command: net start
2021-01-19 18:49:24,015 DEBUG U.R.SSHManager [main] Done.
2021-01-19 18:49:29,016 INFO U.R.SSHManager [main] Going to executing command: net start
2021-01-19 18:49:29,052 DEBUG U.R.SSHManager [main] Done.
2021-01-19 18:49:34,052 INFO U.R.SSHManager [main] Going to executing command: net start
2021-01-19 18:49:34,114 DEBUG U.R.SSHManager [main] Done.
2021-01-19 18:49:39,115 INFO U.R.SSHManager [main] Going to executing command: net start
2021-01-19 18:49:39,158 DEBUG U.R.SSHManager [main] Done.
2021-01-19 18:49:44,159 INFO U.R.SSHManager [main] Going to executing command: net start
2021-01-19 18:49:44,192 DEBUG U.R.SSHManager [main] Done.
2021-01-19 18:49:49,193 INFO U.R.SSHManager [main] Going to executing command: net start
2021-01-19 18:49:49,227 DEBUG U.R.SSHManager [main] Done.
2021-01-19 18:49:54,228 INFO U.R.SSHManager [main] Going to executing command: net start
2021-01-19 18:49:54,259 DEBUG U.R.SSHManager [main] Done.
2021-01-19 18:49:59,259 INFO U.R.SSHManager [main] Going to executing command: net start
2021-01-19 18:49:59,305 DEBUG U.R.SSHManager [main] Done.
2021-01-19 18:50:04,306 INFO U.R.SSHManager [main] Going to executing command: net start
2021-01-19 18:50:04,339 DEBUG U.R.SSHManager [main] Done.
2021-01-19 18:50:09,339 INFO U.R.SSHManager [main] Going to executing command: net start
2021-01-19 18:50:09,372 DEBUG U.R.SSHManager [main] Done.
2021-01-19 18:50:14,373 INFO U.R.SSHManager [main] Going to executing command: net start
2021-01-19 18:50:14,405 DEBUG U.R.SSHManager [main] Done.
2021-01-19 18:50:19,406 INFO U.R.SSHManager [main] Going to executing command: net start
2021-01-19 18:50:19,440 DEBUG U.R.SSHManager [main] Done.
2021-01-19 18:50:24,441 INFO U.R.SSHManager [main] Going to executing command: net start
2021-01-19 18:50:24,520 DEBUG U.R.SSHManager [main] Done.
2021-01-19 18:50:29,522 INFO U.R.SSHManager [main] Going to executing command: net start
2021-01-19 18:50:29,555 DEBUG U.R.SSHManager [main] Done.
2021-01-19 18:50:34,555 INFO U.R.SSHManager [main] Going to executing command: net start
2021-01-19 18:50:34,591 DEBUG U.R.SSHManager [main] Done.
2021-01-19 18:50:39,591 INFO U.R.SSHManager [main] Going to executing command: net start
2021-01-19 18:50:39,624 DEBUG U.R.SSHManager [main] Done.
2021-01-19 18:50:44,626 INFO U.R.SSHManager [main] Going to executing command: net start
2021-01-19 18:50:44,663 DEBUG U.R.SSHManager [main] Done.
2021-01-19 18:50:44,663 INFO T.E.InitAndCleanupPortal [main] Service is still running, going to force uninstall
2021-01-19 18:50:44,664 INFO A.WinAgentActions [main] Uninstalling EP if exists...
2021-01-19 18:50:44,664 INFO U.R.SSHManager [main] Going to executing command: C:/home/NepEPDownloads/TrustwaveEndpoint.exe /q /uninstall
2021-01-19 18:50:46,575 DEBUG U.R.SSHManager [main] Done.
2021-01-19 18:50:51,576 INFO U.R.SSHManager [main] Going to executing command: net start
2021-01-19 18:50:51,608 DEBUG U.R.SSHManager [main] Done.
2021-01-19 18:50:56,609 INFO U.R.SSHManager [main] Going to executing command: net start
2021-01-19 18:50:56,640 DEBUG U.R.SSHManager [main] Done.
2021-01-19 18:51:01,641 INFO U.R.SSHManager [main] Going to executing command: net start
2021-01-19 18:51:01,713 DEBUG U.R.SSHManager [main] Done.
2021-01-19 18:51:06,713 INFO U.R.SSHManager [main] Going to executing command: net start
2021-01-19 18:51:06,746 DEBUG U.R.SSHManager [main] Done.
2021-01-19 18:51:11,748 INFO U.R.SSHManager [main] Going to executing command: net start
2021-01-19 18:51:11,779 DEBUG U.R.SSHManager [main] Done.
2021-01-19 18:51:16,780 INFO U.R.SSHManager [main] Going to executing command: net start
2021-01-19 18:51:16,815 DEBUG U.R.SSHManager [main] Done.
2021-01-19 18:51:21,815 INFO U.R.SSHManager [main] Going to executing command: net start
2021-01-19 18:51:21,849 DEBUG U.R.SSHManager [main] Done.
2021-01-19 18:51:26,849 INFO U.R.SSHManager [main] Going to executing command: net start
2021-01-19 18:51:26,888 DEBUG U.R.SSHManager [main] Done.
2021-01-19 18:51:31,889 INFO U.R.SSHManager [main] Going to executing command: net start
2021-01-19 18:51:31,936 DEBUG U.R.SSHManager [main] Done.
2021-01-19 18:51:36,937 INFO U.R.SSHManager [main] Going to executing command: net start
2021-01-19 18:51:36,979 DEBUG U.R.SSHManager [main] Done.
2021-01-19 18:51:41,980 INFO U.R.SSHManager [main] Going to executing command: net start
2021-01-19 18:51:42,023 DEBUG U.R.SSHManager [main] Done.
2021-01-19 18:51:47,025 INFO U.R.SSHManager [main] Going to executing command: net start
2021-01-19 18:51:47,059 DEBUG U.R.SSHManager [main] Done.
2021-01-19 18:51:52,059 INFO U.R.SSHManager [main] Going to executing command: net start
2021-01-19 18:51:52,095 DEBUG U.R.SSHManager [main] Done.
2021-01-19 18:51:57,095 INFO U.R.SSHManager [main] Going to executing command: net start
2021-01-19 18:51:57,131 DEBUG U.R.SSHManager [main] Done.
2021-01-19 18:52:02,131 INFO U.R.SSHManager [main] Going to executing command: net start
2021-01-19 18:52:02,168 DEBUG U.R.SSHManager [main] Done.
2021-01-19 18:52:07,170 INFO U.R.SSHManager [main] Going to executing command: net start
2021-01-19 18:52:07,202 DEBUG U.R.SSHManager [main] Done.
2021-01-19 18:52:12,202 INFO U.R.SSHManager [main] Going to executing command: net start
2021-01-19 18:52:12,242 DEBUG U.R.SSHManager [main] Done.
2021-01-19 18:52:17,244 INFO U.R.SSHManager [main] Going to executing command: net start
2021-01-19 18:52:17,283 DEBUG U.R.SSHManager [main] Done.
2021-01-19 18:52:22,285 INFO U.R.SSHManager [main] Going to executing command: net start
2021-01-19 18:52:22,357 DEBUG U.R.SSHManager [main] Done.
2021-01-19 18:52:27,358 INFO U.R.SSHManager [main] Going to executing command: net start
2021-01-19 18:52:27,392 DEBUG U.R.SSHManager [main] Done.
2021-01-19 18:52:32,392 INFO U.R.SSHManager [main] Going to executing command: net start
2021-01-19 18:52:32,431 DEBUG U.R.SSHManager [main] Done.
2021-01-19 18:52:37,431 INFO U.R.SSHManager [main] Going to executing command: net start
2021-01-19 18:52:37,484 DEBUG U.R.SSHManager [main] Done.
2021-01-19 18:52:42,484 INFO U.R.SSHManager [main] Going to executing command: net start
2021-01-19 18:52:42,520 DEBUG U.R.SSHManager [main] Done.
2021-01-19 18:52:47,521 INFO U.R.SSHManager [main] Going to executing command: net start
2021-01-19 18:52:47,557 DEBUG U.R.SSHManager [main] Done.
2021-01-19 18:52:52,558 INFO U.R.SSHManager [main] Going to executing command: net start
2021-01-19 18:52:52,646 DEBUG U.R.SSHManager [main] Done.
2021-01-19 18:52:57,646 INFO U.R.SSHManager [main] Going to executing command: net start
2021-01-19 18:52:57,706 DEBUG U.R.SSHManager [main] Done.
2021-01-19 18:53:02,706 INFO U.R.SSHManager [main] Going to executing command: net start
2021-01-19 18:53:02,753 DEBUG U.R.SSHManager [main] Done.
2021-01-19 18:53:07,754 INFO U.R.SSHManager [main] Going to executing command: net start
2021-01-19 18:53:07,812 DEBUG U.R.SSHManager [main] Done.
2021-01-19 18:53:12,813 INFO U.R.SSHManager [main] Going to executing command: net start
2021-01-19 18:53:12,849 DEBUG U.R.SSHManager [main] Done.
2021-01-19 18:53:17,850 INFO U.R.SSHManager [main] Going to executing command: net start
2021-01-19 18:53:17,907 DEBUG U.R.SSHManager [main] Done.
2021-01-19 18:53:22,908 INFO U.R.SSHManager [main] Going to executing command: net start
2021-01-19 18:53:22,942 DEBUG U.R.SSHManager [main] Done.
2021-01-19 18:53:27,943 INFO U.R.SSHManager [main] Going to executing command: net start
2021-01-19 18:53:27,987 DEBUG U.R.SSHManager [main] Done.
2021-01-19 18:53:32,988 INFO U.R.SSHManager [main] Going to executing command: net start
2021-01-19 18:53:33,025 DEBUG U.R.SSHManager [main] Done.
2021-01-19 18:53:38,026 INFO U.R.SSHManager [main] Going to executing command: net start
2021-01-19 18:53:38,061 DEBUG U.R.SSHManager [main] Done.
2021-01-19 18:53:43,061 INFO U.R.SSHManager [main] Going to executing command: net start
2021-01-19 18:53:43,096 DEBUG U.R.SSHManager [main] Done.
2021-01-19 18:53:48,097 INFO U.R.SSHManager [main] Going to executing command: net start
2021-01-19 18:53:48,133 DEBUG U.R.SSHManager [main] Done.
2021-01-19 18:53:52,160 ERROR U.T.InvokedMethodListener [main] Uninstall failed. Trustwave Endpoint Agent Service still found after timeout(sec): 180

Video: C:\Nep-4-next\nep-qa-next@f35aa3a96df\nep-qa-automation/test-output/capture/InitAndCleanupPortal-19-01-2021-18.46.26.avi


2021-01-19 19:17:00,024 DEBUG T.RecordedTest [main] screenshot file: C:\Nep-4-next\nep-qa-next@f35aa3a96df\nep-qa-automation/test-output/capture/InitAndCleanupPortal-19-01-2021-19.17.00.png
2021-01-19 19:17:00,033 INFO T.E.InitAndCleanupPortal [main] Starting Cleanup agents
2021-01-19 19:17:06,529 INFO U.R.SSHManager [main] Connected Successfully to host 10.243.68.225
2021-01-19 19:17:06,532 INFO U.R.SSHManager [main] Going to executing command: hostname
2021-01-19 19:17:06,563 DEBUG U.R.SSHManager [main] Done.
2021-01-19 19:17:06,563 INFO U.R.SSHManager [main] Going to executing command: Cluster
2021-01-19 19:17:06,576 WARN U.R.SSHManager [main] Error response: 
'Cluster' is not recognized as an internal or external command,
operable program or batch file.
2021-01-19 19:17:10,761 INFO A.SimulatedAgentActions [main] SimulatedAgentActions, DS URL: https://endpoint-protection-services.qa.tw-test.net:443/
2021-01-19 19:17:10,790 INFO T.E.InitAndCleanupPortal [main] Going to send delete action to Centcom for agent on hostanem NTY-EN-8D25HC2
2021-01-19 19:17:10,790 DEBUG A.SeleniumBrowser [main] Selenium browser Launch - Before switch application type: Chrome
2021-01-19 19:17:10,791 DEBUG A.SeleniumBrowser [main] Setting Chrome driver location: C:/home/NepManagerDownloads/utils/chromedriver.exe
2021-01-19 19:17:10,791 DEBUG A.SeleniumBrowser [main] Selenium browser Launch - After creating new hashMap
2021-01-19 19:17:10,792 DEBUG A.SeleniumBrowser [main] Selenium browser Launch - After reading MasterDownloadFolder property: C:\home\NepManagerDownloads
2021-01-19 19:17:10,792 DEBUG A.SeleniumBrowser [main] Selenium browser Launch - After put to hash
2021-01-19 19:17:10,797 DEBUG A.SeleniumBrowser [main] Selenium browser Launch - After new chrome options
2021-01-19 19:17:10,800 DEBUG A.SeleniumBrowser [main] Selenium browser Launch - After chrome setExperimentalOption
2021-01-19 19:17:10,800 DEBUG A.SeleniumBrowser [main] Selenium browser Launch - Before setting several chrome options
2021-01-19 19:17:10,806 DEBUG A.SeleniumBrowser [main] Selenium browser Launch - Before creating new chrome driver
2021-01-19 19:17:14,722 DEBUG A.SeleniumBrowser [main] Selenium browser Launch - After creating new chrome driver
2021-01-19 19:17:14,730 DEBUG A.SeleniumBrowser [main] After Setting implicit timeout
2021-01-19 19:17:16,746 DEBUG A.SeleniumBrowser [main] After maximizing window 
2021-01-19 19:17:16,746 DEBUG A.SeleniumBrowser [main] LoadURL: Before check if driver equals to null 
2021-01-19 19:17:16,747 DEBUG A.SeleniumBrowser [main] LoadURL: After check if driver equals to null 
2021-01-19 19:17:16,747 DEBUG A.SeleniumBrowser [main] LoadURL: URL =  https://portal.qa.tw-test.net
2021-01-19 19:17:22,077 DEBUG A.SeleniumBrowser [main] LoadURL: after get URL =  https://portal.qa.tw-test.net
2021-01-19 19:17:23,645 DEBUG A.BrowserActions [main] Waiting for login button to be clickable...
2021-01-19 19:17:23,885 DEBUG A.BrowserActions [main] Login button clicked successfully...
2021-01-19 19:17:26,021 DEBUG A.SeleniumBrowser [main] LoadURL: Before check if driver equals to null 
2021-01-19 19:17:26,021 DEBUG A.SeleniumBrowser [main] LoadURL: After check if driver equals to null 
2021-01-19 19:17:26,022 DEBUG A.SeleniumBrowser [main] LoadURL: URL =  https://portal.qa.tw-test.net/#/operations?menuKey=centcom-devices&stackKey=entity-search&types=EntityType.AGENT
2021-01-19 19:17:26,346 DEBUG A.SeleniumBrowser [main] LoadURL: after get URL =  https://portal.qa.tw-test.net/#/operations?menuKey=centcom-devices&stackKey=entity-search&types=EntityType.AGENT
2021-01-19 19:19:46,805 ERROR A.BrowserActions [main] Could not select the specific cluster  at CentCom search page. cluster: Test_cluster123
org.openqa.selenium.NoSuchElementException: no such element: Unable to locate element: {"method":"xpath","selector":"//div[@class='pane modal visible']//div[@xpath="1"]"}
  (Session info: chrome=87.0.4280.141)
For documentation on this error, please visit: https://www.seleniumhq.org/exceptions/no_such_element.html
Build info: version: '3.141.59', revision: 'e82be7d358', time: '2018-11-14T08:17:03'
System info: host: 'NTY-EN-8D25HC2', ip: '10.243.68.225', os.name: 'Windows 10', os.arch: 'amd64', os.version: '10.0', java.version: '12.0.2'
Driver info: org.openqa.selenium.chrome.ChromeDriver
Capabilities {acceptInsecureCerts: false, browserName: chrome, browserVersion: 87.0.4280.141, chrome: {chromedriverVersion: 87.0.4280.20 (c99e81631faa0..., userDataDir: C:\Users\MOSHE~1.AVI\AppDat...}, goog:chromeOptions: {debuggerAddress: localhost:62608}, javascriptEnabled: true, networkConnectionEnabled: false, pageLoadStrategy: normal, platform: WINDOWS, platformName: WINDOWS, proxy: Proxy(), setWindowRect: true, strictFileInteractability: false, timeouts: {implicit: 0, pageLoad: 300000, script: 30000}, unhandledPromptBehavior: dismiss and notify, webauthn:virtualAuthenticators: true}
Session ID: 793e4b09d5703f3b6569f8b891a6bd30
*** Element info: {Using=xpath, value=//div[@class='pane modal visible']//div[@xpath="1"]}
	at jdk.internal.reflect.NativeConstructorAccessorImpl.newInstance0(Native Method) ~[?:?]
	at jdk.internal.reflect.NativeConstructorAccessorImpl.newInstance(NativeConstructorAccessorImpl.java:62) ~[?:?]
	at jdk.internal.reflect.DelegatingConstructorAccessorImpl.newInstance(DelegatingConstructorAccessorImpl.java:45) ~[?:?]
	at java.lang.reflect.Constructor.newInstanceWithCaller(Constructor.java:500) ~[?:?]
	at java.lang.reflect.Constructor.newInstance(Constructor.java:481) ~[?:?]
	at org.openqa.selenium.remote.http.W3CHttpResponseCodec.createException(W3CHttpResponseCodec.java:187) ~[selenium-remote-driver-3.141.59.jar:?]
	at org.openqa.selenium.remote.http.W3CHttpResponseCodec.decode(W3CHttpResponseCodec.java:122) ~[selenium-remote-driver-3.141.59.jar:?]
	at org.openqa.selenium.remote.http.W3CHttpResponseCodec.decode(W3CHttpResponseCodec.java:49) ~[selenium-remote-driver-3.141.59.jar:?]
	at org.openqa.selenium.remote.HttpCommandExecutor.execute(HttpCommandExecutor.java:158) ~[selenium-remote-driver-3.141.59.jar:?]
	at org.openqa.selenium.remote.service.DriverCommandExecutor.execute(DriverCommandExecutor.java:83) ~[selenium-remote-driver-3.141.59.jar:?]
	at org.openqa.selenium.remote.RemoteWebDriver.execute(RemoteWebDriver.java:552) ~[selenium-remote-driver-3.141.59.jar:?]
	at org.openqa.selenium.remote.RemoteWebDriver.findElement(RemoteWebDriver.java:323) ~[selenium-remote-driver-3.141.59.jar:?]
	at org.openqa.selenium.remote.RemoteWebDriver.findElementByXPath(RemoteWebDriver.java:428) ~[selenium-remote-driver-3.141.59.jar:?]
	at org.openqa.selenium.By$ByXPath.findElement(By.java:353) ~[selenium-api-3.141.59.jar:?]
	at org.openqa.selenium.remote.RemoteWebDriver.findElement(RemoteWebDriver.java:315) ~[selenium-remote-driver-3.141.59.jar:?]
	at org.openqa.selenium.support.pagefactory.DefaultElementLocator.findElement(DefaultElementLocator.java:69) ~[selenium-support-3.141.59.jar:?]
	at org.openqa.selenium.support.pagefactory.internal.LocatingElementHandler.invoke(LocatingElementHandler.java:38) ~[selenium-support-3.141.59.jar:?]
	at com.sun.proxy.$Proxy30.click(Unknown Source) ~[?:?]
	at Actions.BrowserActions.CreateNewCluster(BrowserActions.java:696) ~[classes/:?]
	at Tests.Environments.InitAndCleanupPortal.CreateNewClusterActions(InitAndCleanupPortal.java:127) ~[classes/:?]
	at Tests.Environments.InitAndCleanupPortal.cleanupAgents(InitAndCleanupPortal.java:67) ~[classes/:?]
	at jdk.internal.reflect.NativeMethodAccessorImpl.invoke0(Native Method) ~[?:?]
	at jdk.internal.reflect.NativeMethodAccessorImpl.invoke(NativeMethodAccessorImpl.java:62) ~[?:?]
	at jdk.internal.reflect.DelegatingMethodAccessorImpl.invoke(DelegatingMethodAccessorImpl.java:43) ~[?:?]
	at java.lang.reflect.Method.invoke(Method.java:567) ~[?:?]
	at org.testng.internal.MethodInvocationHelper.invokeMethod(MethodInvocationHelper.java:134) ~[testng-7.1.0.jar:?]
	at org.testng.internal.TestInvoker.invokeMethod(TestInvoker.java:597) ~[testng-7.1.0.jar:?]
	at org.testng.internal.TestInvoker.invokeTestMethod(TestInvoker.java:173) ~[testng-7.1.0.jar:?]
	at org.testng.internal.MethodRunner.runInSequence(MethodRunner.java:46) ~[testng-7.1.0.jar:?]
	at org.testng.internal.TestInvoker$MethodInvocationAgent.invoke(TestInvoker.java:816) ~[testng-7.1.0.jar:?]
	at org.testng.internal.TestInvoker.invokeTestMethods(TestInvoker.java:146) ~[testng-7.1.0.jar:?]
	at org.testng.internal.TestMethodWorker.invokeTestMethods(TestMethodWorker.java:146) ~[testng-7.1.0.jar:?]
	at org.testng.internal.TestMethodWorker.run(TestMethodWorker.java:128) ~[testng-7.1.0.jar:?]
	at java.util.ArrayList.forEach(ArrayList.java:1540) [?:?]
	at org.testng.TestRunner.privateRun(TestRunner.java:766) [testng-7.1.0.jar:?]
	at org.testng.TestRunner.run(TestRunner.java:587) [testng-7.1.0.jar:?]
	at org.testng.SuiteRunner.runTest(SuiteRunner.java:384) [testng-7.1.0.jar:?]
	at org.testng.SuiteRunner.runSequentially(SuiteRunner.java:378) [testng-7.1.0.jar:?]
	at org.testng.SuiteRunner.privateRun(SuiteRunner.java:337) [testng-7.1.0.jar:?]
	at org.testng.SuiteRunner.run(SuiteRunner.java:286) [testng-7.1.0.jar:?]
	at org.testng.SuiteRunnerWorker.runSuite(SuiteRunnerWorker.java:53) [testng-7.1.0.jar:?]
	at org.testng.SuiteRunnerWorker.run(SuiteRunnerWorker.java:96) [testng-7.1.0.jar:?]
	at org.testng.TestNG.runSuitesSequentially(TestNG.java:1187) [testng-7.1.0.jar:?]
	at org.testng.TestNG.runSuitesLocally(TestNG.java:1109) [testng-7.1.0.jar:?]
	at org.testng.TestNG.runSuites(TestNG.java:1039) [testng-7.1.0.jar:?]
	at org.testng.TestNG.run(TestNG.java:1007) [testng-7.1.0.jar:?]
	at Utils.Main.RunTest.main(RunTest.java:116) [classes/:?]
2021-01-19 19:19:47,973 ERROR A.BrowserActions [main] Could not select the specific cluster  at CentCom search page. cluster: 
org.openqa.selenium.ElementClickInterceptedException: element click intercepted: Element <div class="ellipse _ngcontent-tjm-109" tooltiponlyifoverflow="" aria-owns="069f6028-80b6-4ba6-b825-1b721b85e659--1506" aria-haspopup="true">...</div> is not clickable at point (576, 166). Other element would receive the click: <div pane-id="default-52" class="pane modal visible" style="inset: 0px; transform: translateX(0px) translateY(0px);">...</div>
  (Session info: chrome=87.0.4280.141)
Build info: version: '3.141.59', revision: 'e82be7d358', time: '2018-11-14T08:17:03'
System info: host: 'NTY-EN-8D25HC2', ip: '10.243.68.225', os.name: 'Windows 10', os.arch: 'amd64', os.version: '10.0', java.version: '12.0.2'
Driver info: org.openqa.selenium.chrome.ChromeDriver
Capabilities {acceptInsecureCerts: false, browserName: chrome, browserVersion: 87.0.4280.141, chrome: {chromedriverVersion: 87.0.4280.20 (c99e81631faa0..., userDataDir: C:\Users\MOSHE~1.AVI\AppDat...}, goog:chromeOptions: {debuggerAddress: localhost:62608}, javascriptEnabled: true, networkConnectionEnabled: false, pageLoadStrategy: normal, platform: WINDOWS, platformName: WINDOWS, proxy: Proxy(), setWindowRect: true, strictFileInteractability: false, timeouts: {implicit: 0, pageLoad: 300000, script: 30000}, unhandledPromptBehavior: dismiss and notify, webauthn:virtualAuthenticators: true}
Session ID: 793e4b09d5703f3b6569f8b891a6bd30
	at jdk.internal.reflect.NativeConstructorAccessorImpl.newInstance0(Native Method) ~[?:?]
	at jdk.internal.reflect.NativeConstructorAccessorImpl.newInstance(NativeConstructorAccessorImpl.java:62) ~[?:?]
	at jdk.internal.reflect.DelegatingConstructorAccessorImpl.newInstance(DelegatingConstructorAccessorImpl.java:45) ~[?:?]
	at java.lang.reflect.Constructor.newInstanceWithCaller(Constructor.java:500) ~[?:?]
	at java.lang.reflect.Constructor.newInstance(Constructor.java:481) ~[?:?]
	at org.openqa.selenium.remote.http.W3CHttpResponseCodec.createException(W3CHttpResponseCodec.java:187) ~[selenium-remote-driver-3.141.59.jar:?]
	at org.openqa.selenium.remote.http.W3CHttpResponseCodec.decode(W3CHttpResponseCodec.java:122) ~[selenium-remote-driver-3.141.59.jar:?]
	at org.openqa.selenium.remote.http.W3CHttpResponseCodec.decode(W3CHttpResponseCodec.java:49) ~[selenium-remote-driver-3.141.59.jar:?]
	at org.openqa.selenium.remote.HttpCommandExecutor.execute(HttpCommandExecutor.java:158) ~[selenium-remote-driver-3.141.59.jar:?]
	at org.openqa.selenium.remote.service.DriverCommandExecutor.execute(DriverCommandExecutor.java:83) ~[selenium-remote-driver-3.141.59.jar:?]
	at org.openqa.selenium.remote.RemoteWebDriver.execute(RemoteWebDriver.java:552) ~[selenium-remote-driver-3.141.59.jar:?]
	at org.openqa.selenium.remote.RemoteWebElement.execute(RemoteWebElement.java:285) ~[selenium-remote-driver-3.141.59.jar:?]
	at org.openqa.selenium.remote.RemoteWebElement.click(RemoteWebElement.java:84) ~[selenium-remote-driver-3.141.59.jar:?]
	at jdk.internal.reflect.NativeMethodAccessorImpl.invoke0(Native Method) ~[?:?]
	at jdk.internal.reflect.NativeMethodAccessorImpl.invoke(NativeMethodAccessorImpl.java:62) ~[?:?]
	at jdk.internal.reflect.DelegatingMethodAccessorImpl.invoke(DelegatingMethodAccessorImpl.java:43) ~[?:?]
	at java.lang.reflect.Method.invoke(Method.java:567) ~[?:?]
	at org.openqa.selenium.support.pagefactory.internal.LocatingElementHandler.invoke(LocatingElementHandler.java:51) ~[selenium-support-3.141.59.jar:?]
	at com.sun.proxy.$Proxy30.click(Unknown Source) ~[?:?]
	at Actions.BrowserActions.CreateNewCluster(BrowserActions.java:679) ~[classes/:?]
	at Tests.Environments.InitAndCleanupPortal.CreateNewClusterActions(InitAndCleanupPortal.java:129) ~[classes/:?]
	at Tests.Environments.InitAndCleanupPortal.cleanupAgents(InitAndCleanupPortal.java:67) ~[classes/:?]
	at jdk.internal.reflect.NativeMethodAccessorImpl.invoke0(Native Method) ~[?:?]
	at jdk.internal.reflect.NativeMethodAccessorImpl.invoke(NativeMethodAccessorImpl.java:62) ~[?:?]
	at jdk.internal.reflect.DelegatingMethodAccessorImpl.invoke(DelegatingMethodAccessorImpl.java:43) ~[?:?]
	at java.lang.reflect.Method.invoke(Method.java:567) ~[?:?]
	at org.testng.internal.MethodInvocationHelper.invokeMethod(MethodInvocationHelper.java:134) ~[testng-7.1.0.jar:?]
	at org.testng.internal.TestInvoker.invokeMethod(TestInvoker.java:597) ~[testng-7.1.0.jar:?]
	at org.testng.internal.TestInvoker.invokeTestMethod(TestInvoker.java:173) ~[testng-7.1.0.jar:?]
	at org.testng.internal.MethodRunner.runInSequence(MethodRunner.java:46) ~[testng-7.1.0.jar:?]
	at org.testng.internal.TestInvoker$MethodInvocationAgent.invoke(TestInvoker.java:816) ~[testng-7.1.0.jar:?]
	at org.testng.internal.TestInvoker.invokeTestMethods(TestInvoker.java:146) ~[testng-7.1.0.jar:?]
	at org.testng.internal.TestMethodWorker.invokeTestMethods(TestMethodWorker.java:146) ~[testng-7.1.0.jar:?]
	at org.testng.internal.TestMethodWorker.run(TestMethodWorker.java:128) ~[testng-7.1.0.jar:?]
	at java.util.ArrayList.forEach(ArrayList.java:1540) [?:?]
	at org.testng.TestRunner.privateRun(TestRunner.java:766) [testng-7.1.0.jar:?]
	at org.testng.TestRunner.run(TestRunner.java:587) [testng-7.1.0.jar:?]
	at org.testng.SuiteRunner.runTest(SuiteRunner.java:384) [testng-7.1.0.jar:?]
	at org.testng.SuiteRunner.runSequentially(SuiteRunner.java:378) [testng-7.1.0.jar:?]
	at org.testng.SuiteRunner.privateRun(SuiteRunner.java:337) [testng-7.1.0.jar:?]
	at org.testng.SuiteRunner.run(SuiteRunner.java:286) [testng-7.1.0.jar:?]
	at org.testng.SuiteRunnerWorker.runSuite(SuiteRunnerWorker.java:53) [testng-7.1.0.jar:?]
	at org.testng.SuiteRunnerWorker.run(SuiteRunnerWorker.java:96) [testng-7.1.0.jar:?]
	at org.testng.TestNG.runSuitesSequentially(TestNG.java:1187) [testng-7.1.0.jar:?]
	at org.testng.TestNG.runSuitesLocally(TestNG.java:1109) [testng-7.1.0.jar:?]
	at org.testng.TestNG.runSuites(TestNG.java:1039) [testng-7.1.0.jar:?]
	at org.testng.TestNG.run(TestNG.java:1007) [testng-7.1.0.jar:?]
	at Utils.Main.RunTest.main(RunTest.java:116) [classes/:?]
2021-01-19 19:19:47,974 INFO T.E.InitAndCleanupPortal [main] Agent was found and delete action was done in Centcom, going to wait until service is uninstalled from agent
2021-01-19 19:19:52,975 INFO U.R.SSHManager [main] Going to executing command: net start
2021-01-19 19:19:53,041 DEBUG U.R.SSHManager [main] Done.
2021-01-19 19:19:58,042 INFO U.R.SSHManager [main] Going to executing command: net start
2021-01-19 19:19:58,077 DEBUG U.R.SSHManager [main] Done.
2021-01-19 19:20:03,079 INFO U.R.SSHManager [main] Going to executing command: net start
2021-01-19 19:20:03,115 DEBUG U.R.SSHManager [main] Done.
2021-01-19 19:20:08,116 INFO U.R.SSHManager [main] Going to executing command: net start
2021-01-19 19:20:08,158 DEBUG U.R.SSHManager [main] Done.
2021-01-19 19:20:13,159 INFO U.R.SSHManager [main] Going to executing command: net start
2021-01-19 19:20:13,205 DEBUG U.R.SSHManager [main] Done.
2021-01-19 19:20:18,207 INFO U.R.SSHManager [main] Going to executing command: net start
2021-01-19 19:20:18,247 DEBUG U.R.SSHManager [main] Done.
2021-01-19 19:20:23,248 INFO U.R.SSHManager [main] Going to executing command: net start
2021-01-19 19:20:23,283 DEBUG U.R.SSHManager [main] Done.
2021-01-19 19:20:28,284 INFO U.R.SSHManager [main] Going to executing command: net start
2021-01-19 19:20:28,319 DEBUG U.R.SSHManager [main] Done.
2021-01-19 19:20:33,321 INFO U.R.SSHManager [main] Going to executing command: net start
2021-01-19 19:20:33,355 DEBUG U.R.SSHManager [main] Done.
2021-01-19 19:20:38,355 INFO U.R.SSHManager [main] Going to executing command: net start
2021-01-19 19:20:38,392 DEBUG U.R.SSHManager [main] Done.
2021-01-19 19:20:43,392 INFO U.R.SSHManager [main] Going to executing command: net start
2021-01-19 19:20:43,426 DEBUG U.R.SSHManager [main] Done.
2021-01-19 19:20:48,427 INFO U.R.SSHManager [main] Going to executing command: net start
2021-01-19 19:20:48,471 DEBUG U.R.SSHManager [main] Done.
2021-01-19 19:20:53,472 INFO U.R.SSHManager [main] Going to executing command: net start
2021-01-19 19:20:53,511 DEBUG U.R.SSHManager [main] Done.
2021-01-19 19:20:58,511 INFO U.R.SSHManager [main] Going to executing command: net start
2021-01-19 19:20:58,582 DEBUG U.R.SSHManager [main] Done.
2021-01-19 19:21:03,582 INFO U.R.SSHManager [main] Going to executing command: net start
2021-01-19 19:21:03,616 DEBUG U.R.SSHManager [main] Done.
2021-01-19 19:21:08,618 INFO U.R.SSHManager [main] Going to executing command: net start
2021-01-19 19:21:08,660 DEBUG U.R.SSHManager [main] Done.
2021-01-19 19:21:13,660 INFO U.R.SSHManager [main] Going to executing command: net start
2021-01-19 19:21:13,695 DEBUG U.R.SSHManager [main] Done.
2021-01-19 19:21:18,695 INFO U.R.SSHManager [main] Going to executing command: net start
2021-01-19 19:21:18,731 DEBUG U.R.SSHManager [main] Done.
2021-01-19 19:21:23,732 INFO U.R.SSHManager [main] Going to executing command: net start
2021-01-19 19:21:23,766 DEBUG U.R.SSHManager [main] Done.
2021-01-19 19:21:28,766 INFO U.R.SSHManager [main] Going to executing command: net start
2021-01-19 19:21:28,800 DEBUG U.R.SSHManager [main] Done.
2021-01-19 19:21:33,801 INFO U.R.SSHManager [main] Going to executing command: net start
2021-01-19 19:21:33,838 DEBUG U.R.SSHManager [main] Done.
2021-01-19 19:21:38,838 INFO U.R.SSHManager [main] Going to executing command: net start
2021-01-19 19:21:38,871 DEBUG U.R.SSHManager [main] Done.
2021-01-19 19:21:43,871 INFO U.R.SSHManager [main] Going to executing command: net start
2021-01-19 19:21:43,907 DEBUG U.R.SSHManager [main] Done.
2021-01-19 19:21:48,907 INFO U.R.SSHManager [main] Going to executing command: net start
2021-01-19 19:21:48,942 DEBUG U.R.SSHManager [main] Done.
2021-01-19 19:21:53,944 INFO U.R.SSHManager [main] Going to executing command: net start
2021-01-19 19:21:53,979 DEBUG U.R.SSHManager [main] Done.
2021-01-19 19:21:58,981 INFO U.R.SSHManager [main] Going to executing command: net start
2021-01-19 19:21:59,050 DEBUG U.R.SSHManager [main] Done.
2021-01-19 19:22:04,052 INFO U.R.SSHManager [main] Going to executing command: net start
2021-01-19 19:22:04,086 DEBUG U.R.SSHManager [main] Done.
2021-01-19 19:22:09,086 INFO U.R.SSHManager [main] Going to executing command: net start
2021-01-19 19:22:09,121 DEBUG U.R.SSHManager [main] Done.
2021-01-19 19:22:14,122 INFO U.R.SSHManager [main] Going to executing command: net start
2021-01-19 19:22:14,156 DEBUG U.R.SSHManager [main] Done.
2021-01-19 19:22:19,156 INFO U.R.SSHManager [main] Going to executing command: net start
2021-01-19 19:22:19,219 DEBUG U.R.SSHManager [main] Done.
2021-01-19 19:22:24,219 INFO U.R.SSHManager [main] Going to executing command: net start
2021-01-19 19:22:24,256 DEBUG U.R.SSHManager [main] Done.
2021-01-19 19:22:29,257 INFO U.R.SSHManager [main] Going to executing command: net start
2021-01-19 19:22:29,290 DEBUG U.R.SSHManager [main] Done.
2021-01-19 19:22:34,290 INFO U.R.SSHManager [main] Going to executing command: net start
2021-01-19 19:22:34,322 DEBUG U.R.SSHManager [main] Done.
2021-01-19 19:22:39,322 INFO U.R.SSHManager [main] Going to executing command: net start
2021-01-19 19:22:39,358 DEBUG U.R.SSHManager [main] Done.
2021-01-19 19:22:44,359 INFO U.R.SSHManager [main] Going to executing command: net start
2021-01-19 19:22:44,394 DEBUG U.R.SSHManager [main] Done.
2021-01-19 19:22:49,395 INFO U.R.SSHManager [main] Going to executing command: net start
2021-01-19 19:22:49,442 DEBUG U.R.SSHManager [main] Done.
2021-01-19 19:22:49,442 INFO T.E.InitAndCleanupPortal [main] Service is still running, going to force uninstall
2021-01-19 19:22:49,442 INFO A.WinAgentActions [main] Uninstalling EP if exists...
2021-01-19 19:22:49,443 INFO U.R.SSHManager [main] Going to executing command: C:/home/NepEPDownloads/TrustwaveEndpoint.exe /q /uninstall
2021-01-19 19:22:50,530 DEBUG U.R.SSHManager [main] Done.
2021-01-19 19:22:55,531 INFO U.R.SSHManager [main] Going to executing command: net start
2021-01-19 19:22:55,568 DEBUG U.R.SSHManager [main] Done.
2021-01-19 19:23:00,568 INFO U.R.SSHManager [main] Going to executing command: net start
2021-01-19 19:23:00,605 DEBUG U.R.SSHManager [main] Done.
2021-01-19 19:23:05,605 INFO U.R.SSHManager [main] Going to executing command: net start
2021-01-19 19:23:05,643 DEBUG U.R.SSHManager [main] Done.
2021-01-19 19:23:10,643 INFO U.R.SSHManager [main] Going to executing command: net start
2021-01-19 19:23:10,699 DEBUG U.R.SSHManager [main] Done.
2021-01-19 19:23:15,700 INFO U.R.SSHManager [main] Going to executing command: net start
2021-01-19 19:23:15,734 DEBUG U.R.SSHManager [main] Done.
2021-01-19 19:23:20,736 INFO U.R.SSHManager [main] Going to executing command: net start
2021-01-19 19:23:20,768 DEBUG U.R.SSHManager [main] Done.
2021-01-19 19:23:25,770 INFO U.R.SSHManager [main] Going to executing command: net start
2021-01-19 19:23:25,803 DEBUG U.R.SSHManager [main] Done.
2021-01-19 19:23:30,805 INFO U.R.SSHManager [main] Going to executing command: net start
2021-01-19 19:23:30,838 DEBUG U.R.SSHManager [main] Done.
2021-01-19 19:23:35,838 INFO U.R.SSHManager [main] Going to executing command: net start
2021-01-19 19:23:35,878 DEBUG U.R.SSHManager [main] Done.
2021-01-19 19:23:40,879 INFO U.R.SSHManager [main] Going to executing command: net start
2021-01-19 19:23:40,912 DEBUG U.R.SSHManager [main] Done.
2021-01-19 19:23:45,912 INFO U.R.SSHManager [main] Going to executing command: net start
2021-01-19 19:23:45,947 DEBUG U.R.SSHManager [main] Done.
2021-01-19 19:23:50,947 INFO U.R.SSHManager [main] Going to executing command: net start
2021-01-19 19:23:50,980 DEBUG U.R.SSHManager [main] Done.
2021-01-19 19:23:55,981 INFO U.R.SSHManager [main] Going to executing command: net start
2021-01-19 19:23:56,013 DEBUG U.R.SSHManager [main] Done.
2021-01-19 19:24:01,014 INFO U.R.SSHManager [main] Going to executing command: net start
2021-01-19 19:24:01,052 DEBUG U.R.SSHManager [main] Done.
2021-01-19 19:24:06,052 INFO U.R.SSHManager [main] Going to executing command: net start
2021-01-19 19:24:06,084 DEBUG U.R.SSHManager [main] Done.
2021-01-19 19:24:11,085 INFO U.R.SSHManager [main] Going to executing command: net start
2021-01-19 19:24:11,153 DEBUG U.R.SSHManager [main] Done.
2021-01-19 19:24:16,153 INFO U.R.SSHManager [main] Going to executing command: net start
2021-01-19 19:24:16,189 DEBUG U.R.SSHManager [main] Done.
2021-01-19 19:24:21,190 INFO U.R.SSHManager [main] Going to executing command: net start
2021-01-19 19:24:21,223 DEBUG U.R.SSHManager [main] Done.
2021-01-19 19:24:26,224 INFO U.R.SSHManager [main] Going to executing command: net start
2021-01-19 19:24:26,279 DEBUG U.R.SSHManager [main] Done.
2021-01-19 19:24:31,279 INFO U.R.SSHManager [main] Going to executing command: net start
2021-01-19 19:24:31,315 DEBUG U.R.SSHManager [main] Done.
2021-01-19 19:24:36,315 INFO U.R.SSHManager [main] Going to executing command: net start
2021-01-19 19:24:36,354 DEBUG U.R.SSHManager [main] Done.
2021-01-19 19:24:41,354 INFO U.R.SSHManager [main] Going to executing command: net start
2021-01-19 19:24:41,406 DEBUG U.R.SSHManager [main] Done.
2021-01-19 19:24:46,406 INFO U.R.SSHManager [main] Going to executing command: net start
2021-01-19 19:24:46,450 DEBUG U.R.SSHManager [main] Done.
2021-01-19 19:24:51,451 INFO U.R.SSHManager [main] Going to executing command: net start
2021-01-19 19:24:51,489 DEBUG U.R.SSHManager [main] Done.
2021-01-19 19:24:56,490 INFO U.R.SSHManager [main] Going to executing command: net start
2021-01-19 19:24:56,528 DEBUG U.R.SSHManager [main] Done.
2021-01-19 19:25:01,529 INFO U.R.SSHManager [main] Going to executing command: net start
2021-01-19 19:25:01,565 DEBUG U.R.SSHManager [main] Done.
2021-01-19 19:25:06,565 INFO U.R.SSHManager [main] Going to executing command: net start
2021-01-19 19:25:06,598 DEBUG U.R.SSHManager [main] Done.
2021-01-19 19:25:11,598 INFO U.R.SSHManager [main] Going to executing command: net start
2021-01-19 19:25:11,654 DEBUG U.R.SSHManager [main] Done.
2021-01-19 19:25:16,655 INFO U.R.SSHManager [main] Going to executing command: net start
2021-01-19 19:25:16,694 DEBUG U.R.SSHManager [main] Done.
2021-01-19 19:25:21,695 INFO U.R.SSHManager [main] Going to executing command: net start
2021-01-19 19:25:21,728 DEBUG U.R.SSHManager [main] Done.
2021-01-19 19:25:26,739 INFO U.R.SSHManager [main] Going to executing command: net start
2021-01-19 19:25:26,778 DEBUG U.R.SSHManager [main] Done.
2021-01-19 19:25:31,778 INFO U.R.SSHManager [main] Going to executing command: net start
2021-01-19 19:25:31,815 DEBUG U.R.SSHManager [main] Done.
2021-01-19 19:25:36,815 INFO U.R.SSHManager [main] Going to executing command: net start
2021-01-19 19:25:36,854 DEBUG U.R.SSHManager [main] Done.
2021-01-19 19:25:41,855 INFO U.R.SSHManager [main] Going to executing command: net start
2021-01-19 19:25:41,892 DEBUG U.R.SSHManager [main] Done.
2021-01-19 19:25:46,892 INFO U.R.SSHManager [main] Going to executing command: net start
2021-01-19 19:25:46,928 DEBUG U.R.SSHManager [main] Done.
2021-01-19 19:25:51,928 INFO U.R.SSHManager [main] Going to executing command: net start
2021-01-19 19:25:51,961 DEBUG U.R.SSHManager [main] Done.
2021-01-19 19:25:52,278 ERROR U.T.InvokedMethodListener [main] Uninstall failed. Trustwave Endpoint Agent Service still found after timeout(sec): 180

Video: C:\Nep-4-next\nep-qa-next@f35aa3a96df\nep-qa-automation/test-output/capture/InitAndCleanupPortal-19-01-2021-19.17.00.avi
ScreenShot: C:\Nep-4-next\nep-qa-next@f35aa3a96df\nep-qa-automation/test-output/capture/InitAndCleanupPortal-19-01-2021-19.17.00.png


2021-01-19 19:47:11,557 DEBUG T.RecordedTest [main] screenshot file: C:\Nep-4-next\nep-qa-next@f35aa3a96df\nep-qa-automation/test-output/capture/InitAndCleanupPortal-19-01-2021-19.47.11.png
2021-01-19 19:47:11,563 INFO T.E.InitAndCleanupPortal [main] Starting Cleanup agents
2021-01-19 19:47:17,908 INFO U.R.SSHManager [main] Connected Successfully to host 10.243.68.225
2021-01-19 19:47:17,910 INFO U.R.SSHManager [main] Going to executing command: hostname
2021-01-19 19:47:17,937 DEBUG U.R.SSHManager [main] Done.
2021-01-19 19:47:17,938 INFO U.R.SSHManager [main] Going to executing command: Cluster
2021-01-19 19:47:17,949 WARN U.R.SSHManager [main] Error response: 
'Cluster' is not recognized as an internal or external command,
operable program or batch file.
2021-01-19 19:47:22,170 INFO A.SimulatedAgentActions [main] SimulatedAgentActions, DS URL: https://endpoint-protection-services.qa.tw-test.net:443/
2021-01-19 19:47:22,186 INFO T.E.InitAndCleanupPortal [main] Going to send delete action to Centcom for agent on hostanem NTY-EN-8D25HC2
2021-01-19 19:47:22,187 DEBUG A.SeleniumBrowser [main] Selenium browser Launch - Before switch application type: Chrome
2021-01-19 19:47:22,187 DEBUG A.SeleniumBrowser [main] Setting Chrome driver location: C:/home/NepManagerDownloads/utils/chromedriver.exe
2021-01-19 19:47:22,187 DEBUG A.SeleniumBrowser [main] Selenium browser Launch - After creating new hashMap
2021-01-19 19:47:22,188 DEBUG A.SeleniumBrowser [main] Selenium browser Launch - After reading MasterDownloadFolder property: C:\home\NepManagerDownloads
2021-01-19 19:47:22,188 DEBUG A.SeleniumBrowser [main] Selenium browser Launch - After put to hash
2021-01-19 19:47:22,192 DEBUG A.SeleniumBrowser [main] Selenium browser Launch - After new chrome options
2021-01-19 19:47:22,194 DEBUG A.SeleniumBrowser [main] Selenium browser Launch - After chrome setExperimentalOption
2021-01-19 19:47:22,194 DEBUG A.SeleniumBrowser [main] Selenium browser Launch - Before setting several chrome options
2021-01-19 19:47:22,199 DEBUG A.SeleniumBrowser [main] Selenium browser Launch - Before creating new chrome driver
2021-01-19 19:47:26,221 DEBUG A.SeleniumBrowser [main] Selenium browser Launch - After creating new chrome driver
2021-01-19 19:47:26,227 DEBUG A.SeleniumBrowser [main] After Setting implicit timeout
2021-01-19 19:47:28,248 DEBUG A.SeleniumBrowser [main] After maximizing window 
2021-01-19 19:47:28,249 DEBUG A.SeleniumBrowser [main] LoadURL: Before check if driver equals to null 
2021-01-19 19:47:28,249 DEBUG A.SeleniumBrowser [main] LoadURL: After check if driver equals to null 
2021-01-19 19:47:28,249 DEBUG A.SeleniumBrowser [main] LoadURL: URL =  https://portal.qa.tw-test.net
2021-01-19 19:47:34,981 DEBUG A.SeleniumBrowser [main] LoadURL: after get URL =  https://portal.qa.tw-test.net
2021-01-19 19:47:36,415 DEBUG A.BrowserActions [main] Waiting for login button to be clickable...
2021-01-19 19:47:36,560 DEBUG A.BrowserActions [main] Login button clicked successfully...
2021-01-19 19:47:38,796 DEBUG A.SeleniumBrowser [main] LoadURL: Before check if driver equals to null 
2021-01-19 19:47:38,796 DEBUG A.SeleniumBrowser [main] LoadURL: After check if driver equals to null 
2021-01-19 19:47:38,797 DEBUG A.SeleniumBrowser [main] LoadURL: URL =  https://portal.qa.tw-test.net/#/operations?menuKey=centcom-devices&stackKey=entity-search&types=EntityType.AGENT
2021-01-19 19:47:38,994 DEBUG A.SeleniumBrowser [main] LoadURL: after get URL =  https://portal.qa.tw-test.net/#/operations?menuKey=centcom-devices&stackKey=entity-search&types=EntityType.AGENT
2021-01-19 19:50:00,513 ERROR A.BrowserActions [main] Could not select the specific cluster  at CentCom search page. cluster: Test_cluster123
org.openqa.selenium.NoSuchElementException: no such element: Unable to locate element: {"method":"xpath","selector":"//div[@class='pane modal visible']//div[@xpath="1"]"}
  (Session info: chrome=87.0.4280.141)
For documentation on this error, please visit: https://www.seleniumhq.org/exceptions/no_such_element.html
Build info: version: '3.141.59', revision: 'e82be7d358', time: '2018-11-14T08:17:03'
System info: host: 'NTY-EN-8D25HC2', ip: '10.243.68.225', os.name: 'Windows 10', os.arch: 'amd64', os.version: '10.0', java.version: '12.0.2'
Driver info: org.openqa.selenium.chrome.ChromeDriver
Capabilities {acceptInsecureCerts: false, browserName: chrome, browserVersion: 87.0.4280.141, chrome: {chromedriverVersion: 87.0.4280.20 (c99e81631faa0..., userDataDir: C:\Users\MOSHE~1.AVI\AppDat...}, goog:chromeOptions: {debuggerAddress: localhost:60586}, javascriptEnabled: true, networkConnectionEnabled: false, pageLoadStrategy: normal, platform: WINDOWS, platformName: WINDOWS, proxy: Proxy(), setWindowRect: true, strictFileInteractability: false, timeouts: {implicit: 0, pageLoad: 300000, script: 30000}, unhandledPromptBehavior: dismiss and notify, webauthn:virtualAuthenticators: true}
Session ID: db162e1dbb1228e63285d712927f6424
*** Element info: {Using=xpath, value=//div[@class='pane modal visible']//div[@xpath="1"]}
	at jdk.internal.reflect.NativeConstructorAccessorImpl.newInstance0(Native Method) ~[?:?]
	at jdk.internal.reflect.NativeConstructorAccessorImpl.newInstance(NativeConstructorAccessorImpl.java:62) ~[?:?]
	at jdk.internal.reflect.DelegatingConstructorAccessorImpl.newInstance(DelegatingConstructorAccessorImpl.java:45) ~[?:?]
	at java.lang.reflect.Constructor.newInstanceWithCaller(Constructor.java:500) ~[?:?]
	at java.lang.reflect.Constructor.newInstance(Constructor.java:481) ~[?:?]
	at org.openqa.selenium.remote.http.W3CHttpResponseCodec.createException(W3CHttpResponseCodec.java:187) ~[selenium-remote-driver-3.141.59.jar:?]
	at org.openqa.selenium.remote.http.W3CHttpResponseCodec.decode(W3CHttpResponseCodec.java:122) ~[selenium-remote-driver-3.141.59.jar:?]
	at org.openqa.selenium.remote.http.W3CHttpResponseCodec.decode(W3CHttpResponseCodec.java:49) ~[selenium-remote-driver-3.141.59.jar:?]
	at org.openqa.selenium.remote.HttpCommandExecutor.execute(HttpCommandExecutor.java:158) ~[selenium-remote-driver-3.141.59.jar:?]
	at org.openqa.selenium.remote.service.DriverCommandExecutor.execute(DriverCommandExecutor.java:83) ~[selenium-remote-driver-3.141.59.jar:?]
	at org.openqa.selenium.remote.RemoteWebDriver.execute(RemoteWebDriver.java:552) ~[selenium-remote-driver-3.141.59.jar:?]
	at org.openqa.selenium.remote.RemoteWebDriver.findElement(RemoteWebDriver.java:323) ~[selenium-remote-driver-3.141.59.jar:?]
	at org.openqa.selenium.remote.RemoteWebDriver.findElementByXPath(RemoteWebDriver.java:428) ~[selenium-remote-driver-3.141.59.jar:?]
	at org.openqa.selenium.By$ByXPath.findElement(By.java:353) ~[selenium-api-3.141.59.jar:?]
	at org.openqa.selenium.remote.RemoteWebDriver.findElement(RemoteWebDriver.java:315) ~[selenium-remote-driver-3.141.59.jar:?]
	at org.openqa.selenium.support.pagefactory.DefaultElementLocator.findElement(DefaultElementLocator.java:69) ~[selenium-support-3.141.59.jar:?]
	at org.openqa.selenium.support.pagefactory.internal.LocatingElementHandler.invoke(LocatingElementHandler.java:38) ~[selenium-support-3.141.59.jar:?]
	at com.sun.proxy.$Proxy30.click(Unknown Source) ~[?:?]
	at Actions.BrowserActions.CreateNewCluster(BrowserActions.java:696) ~[classes/:?]
	at Tests.Environments.InitAndCleanupPortal.CreateNewClusterActions(InitAndCleanupPortal.java:127) ~[classes/:?]
	at Tests.Environments.InitAndCleanupPortal.cleanupAgents(InitAndCleanupPortal.java:67) ~[classes/:?]
	at jdk.internal.reflect.NativeMethodAccessorImpl.invoke0(Native Method) ~[?:?]
	at jdk.internal.reflect.NativeMethodAccessorImpl.invoke(NativeMethodAccessorImpl.java:62) ~[?:?]
	at jdk.internal.reflect.DelegatingMethodAccessorImpl.invoke(DelegatingMethodAccessorImpl.java:43) ~[?:?]
	at java.lang.reflect.Method.invoke(Method.java:567) ~[?:?]
	at org.testng.internal.MethodInvocationHelper.invokeMethod(MethodInvocationHelper.java:134) ~[testng-7.1.0.jar:?]
	at org.testng.internal.TestInvoker.invokeMethod(TestInvoker.java:597) ~[testng-7.1.0.jar:?]
	at org.testng.internal.TestInvoker.invokeTestMethod(TestInvoker.java:173) ~[testng-7.1.0.jar:?]
	at org.testng.internal.MethodRunner.runInSequence(MethodRunner.java:46) ~[testng-7.1.0.jar:?]
	at org.testng.internal.TestInvoker$MethodInvocationAgent.invoke(TestInvoker.java:816) ~[testng-7.1.0.jar:?]
	at org.testng.internal.TestInvoker.invokeTestMethods(TestInvoker.java:146) ~[testng-7.1.0.jar:?]
	at org.testng.internal.TestMethodWorker.invokeTestMethods(TestMethodWorker.java:146) ~[testng-7.1.0.jar:?]
	at org.testng.internal.TestMethodWorker.run(TestMethodWorker.java:128) ~[testng-7.1.0.jar:?]
	at java.util.ArrayList.forEach(ArrayList.java:1540) [?:?]
	at org.testng.TestRunner.privateRun(TestRunner.java:766) [testng-7.1.0.jar:?]
	at org.testng.TestRunner.run(TestRunner.java:587) [testng-7.1.0.jar:?]
	at org.testng.SuiteRunner.runTest(SuiteRunner.java:384) [testng-7.1.0.jar:?]
	at org.testng.SuiteRunner.runSequentially(SuiteRunner.java:378) [testng-7.1.0.jar:?]
	at org.testng.SuiteRunner.privateRun(SuiteRunner.java:337) [testng-7.1.0.jar:?]
	at org.testng.SuiteRunner.run(SuiteRunner.java:286) [testng-7.1.0.jar:?]
	at org.testng.SuiteRunnerWorker.runSuite(SuiteRunnerWorker.java:53) [testng-7.1.0.jar:?]
	at org.testng.SuiteRunnerWorker.run(SuiteRunnerWorker.java:96) [testng-7.1.0.jar:?]
	at org.testng.TestNG.runSuitesSequentially(TestNG.java:1187) [testng-7.1.0.jar:?]
	at org.testng.TestNG.runSuitesLocally(TestNG.java:1109) [testng-7.1.0.jar:?]
	at org.testng.TestNG.runSuites(TestNG.java:1039) [testng-7.1.0.jar:?]
	at org.testng.TestNG.run(TestNG.java:1007) [testng-7.1.0.jar:?]
	at Utils.Main.RunTest.main(RunTest.java:116) [classes/:?]
2021-01-19 19:50:01,604 ERROR A.BrowserActions [main] Could not select the specific cluster  at CentCom search page. cluster: 
org.openqa.selenium.ElementClickInterceptedException: element click intercepted: Element <div class="ellipse _ngcontent-ipk-109" tooltiponlyifoverflow="" aria-owns="7401259a-e2c4-4d3b-b08d-a259042f7fe0--1506" aria-haspopup="true">...</div> is not clickable at point (576, 166). Other element would receive the click: <div pane-id="default-52" class="pane modal visible" style="inset: 0px; transform: translateX(0px) translateY(0px);">...</div>
  (Session info: chrome=87.0.4280.141)
Build info: version: '3.141.59', revision: 'e82be7d358', time: '2018-11-14T08:17:03'
System info: host: 'NTY-EN-8D25HC2', ip: '10.243.68.225', os.name: 'Windows 10', os.arch: 'amd64', os.version: '10.0', java.version: '12.0.2'
Driver info: org.openqa.selenium.chrome.ChromeDriver
Capabilities {acceptInsecureCerts: false, browserName: chrome, browserVersion: 87.0.4280.141, chrome: {chromedriverVersion: 87.0.4280.20 (c99e81631faa0..., userDataDir: C:\Users\MOSHE~1.AVI\AppDat...}, goog:chromeOptions: {debuggerAddress: localhost:60586}, javascriptEnabled: true, networkConnectionEnabled: false, pageLoadStrategy: normal, platform: WINDOWS, platformName: WINDOWS, proxy: Proxy(), setWindowRect: true, strictFileInteractability: false, timeouts: {implicit: 0, pageLoad: 300000, script: 30000}, unhandledPromptBehavior: dismiss and notify, webauthn:virtualAuthenticators: true}
Session ID: db162e1dbb1228e63285d712927f6424
	at jdk.internal.reflect.NativeConstructorAccessorImpl.newInstance0(Native Method) ~[?:?]
	at jdk.internal.reflect.NativeConstructorAccessorImpl.newInstance(NativeConstructorAccessorImpl.java:62) ~[?:?]
	at jdk.internal.reflect.DelegatingConstructorAccessorImpl.newInstance(DelegatingConstructorAccessorImpl.java:45) ~[?:?]
	at java.lang.reflect.Constructor.newInstanceWithCaller(Constructor.java:500) ~[?:?]
	at java.lang.reflect.Constructor.newInstance(Constructor.java:481) ~[?:?]
	at org.openqa.selenium.remote.http.W3CHttpResponseCodec.createException(W3CHttpResponseCodec.java:187) ~[selenium-remote-driver-3.141.59.jar:?]
	at org.openqa.selenium.remote.http.W3CHttpResponseCodec.decode(W3CHttpResponseCodec.java:122) ~[selenium-remote-driver-3.141.59.jar:?]
	at org.openqa.selenium.remote.http.W3CHttpResponseCodec.decode(W3CHttpResponseCodec.java:49) ~[selenium-remote-driver-3.141.59.jar:?]
	at org.openqa.selenium.remote.HttpCommandExecutor.execute(HttpCommandExecutor.java:158) ~[selenium-remote-driver-3.141.59.jar:?]
	at org.openqa.selenium.remote.service.DriverCommandExecutor.execute(DriverCommandExecutor.java:83) ~[selenium-remote-driver-3.141.59.jar:?]
	at org.openqa.selenium.remote.RemoteWebDriver.execute(RemoteWebDriver.java:552) ~[selenium-remote-driver-3.141.59.jar:?]
	at org.openqa.selenium.remote.RemoteWebElement.execute(RemoteWebElement.java:285) ~[selenium-remote-driver-3.141.59.jar:?]
	at org.openqa.selenium.remote.RemoteWebElement.click(RemoteWebElement.java:84) ~[selenium-remote-driver-3.141.59.jar:?]
	at jdk.internal.reflect.NativeMethodAccessorImpl.invoke0(Native Method) ~[?:?]
	at jdk.internal.reflect.NativeMethodAccessorImpl.invoke(NativeMethodAccessorImpl.java:62) ~[?:?]
	at jdk.internal.reflect.DelegatingMethodAccessorImpl.invoke(DelegatingMethodAccessorImpl.java:43) ~[?:?]
	at java.lang.reflect.Method.invoke(Method.java:567) ~[?:?]
	at org.openqa.selenium.support.pagefactory.internal.LocatingElementHandler.invoke(LocatingElementHandler.java:51) ~[selenium-support-3.141.59.jar:?]
	at com.sun.proxy.$Proxy30.click(Unknown Source) ~[?:?]
	at Actions.BrowserActions.CreateNewCluster(BrowserActions.java:679) ~[classes/:?]
	at Tests.Environments.InitAndCleanupPortal.CreateNewClusterActions(InitAndCleanupPortal.java:129) ~[classes/:?]
	at Tests.Environments.InitAndCleanupPortal.cleanupAgents(InitAndCleanupPortal.java:67) ~[classes/:?]
	at jdk.internal.reflect.NativeMethodAccessorImpl.invoke0(Native Method) ~[?:?]
	at jdk.internal.reflect.NativeMethodAccessorImpl.invoke(NativeMethodAccessorImpl.java:62) ~[?:?]
	at jdk.internal.reflect.DelegatingMethodAccessorImpl.invoke(DelegatingMethodAccessorImpl.java:43) ~[?:?]
	at java.lang.reflect.Method.invoke(Method.java:567) ~[?:?]
	at org.testng.internal.MethodInvocationHelper.invokeMethod(MethodInvocationHelper.java:134) ~[testng-7.1.0.jar:?]
	at org.testng.internal.TestInvoker.invokeMethod(TestInvoker.java:597) ~[testng-7.1.0.jar:?]
	at org.testng.internal.TestInvoker.invokeTestMethod(TestInvoker.java:173) ~[testng-7.1.0.jar:?]
	at org.testng.internal.MethodRunner.runInSequence(MethodRunner.java:46) ~[testng-7.1.0.jar:?]
	at org.testng.internal.TestInvoker$MethodInvocationAgent.invoke(TestInvoker.java:816) ~[testng-7.1.0.jar:?]
	at org.testng.internal.TestInvoker.invokeTestMethods(TestInvoker.java:146) ~[testng-7.1.0.jar:?]
	at org.testng.internal.TestMethodWorker.invokeTestMethods(TestMethodWorker.java:146) ~[testng-7.1.0.jar:?]
	at org.testng.internal.TestMethodWorker.run(TestMethodWorker.java:128) ~[testng-7.1.0.jar:?]
	at java.util.ArrayList.forEach(ArrayList.java:1540) [?:?]
	at org.testng.TestRunner.privateRun(TestRunner.java:766) [testng-7.1.0.jar:?]
	at org.testng.TestRunner.run(TestRunner.java:587) [testng-7.1.0.jar:?]
	at org.testng.SuiteRunner.runTest(SuiteRunner.java:384) [testng-7.1.0.jar:?]
	at org.testng.SuiteRunner.runSequentially(SuiteRunner.java:378) [testng-7.1.0.jar:?]
	at org.testng.SuiteRunner.privateRun(SuiteRunner.java:337) [testng-7.1.0.jar:?]
	at org.testng.SuiteRunner.run(SuiteRunner.java:286) [testng-7.1.0.jar:?]
	at org.testng.SuiteRunnerWorker.runSuite(SuiteRunnerWorker.java:53) [testng-7.1.0.jar:?]
	at org.testng.SuiteRunnerWorker.run(SuiteRunnerWorker.java:96) [testng-7.1.0.jar:?]
	at org.testng.TestNG.runSuitesSequentially(TestNG.java:1187) [testng-7.1.0.jar:?]
	at org.testng.TestNG.runSuitesLocally(TestNG.java:1109) [testng-7.1.0.jar:?]
	at org.testng.TestNG.runSuites(TestNG.java:1039) [testng-7.1.0.jar:?]
	at org.testng.TestNG.run(TestNG.java:1007) [testng-7.1.0.jar:?]
	at Utils.Main.RunTest.main(RunTest.java:116) [classes/:?]
2021-01-19 19:50:01,605 INFO T.E.InitAndCleanupPortal [main] Agent was found and delete action was done in Centcom, going to wait until service is uninstalled from agent
2021-01-19 19:50:06,607 INFO U.R.SSHManager [main] Going to executing command: net start
2021-01-19 19:50:06,652 DEBUG U.R.SSHManager [main] Done.
2021-01-19 19:50:11,654 INFO U.R.SSHManager [main] Going to executing command: net start
2021-01-19 19:50:11,691 DEBUG U.R.SSHManager [main] Done.
2021-01-19 19:50:16,691 INFO U.R.SSHManager [main] Going to executing command: net start
2021-01-19 19:50:16,862 DEBUG U.R.SSHManager [main] Done.
2021-01-19 19:50:21,862 INFO U.R.SSHManager [main] Going to executing command: net start
2021-01-19 19:50:21,905 DEBUG U.R.SSHManager [main] Done.
2021-01-19 19:50:26,906 INFO U.R.SSHManager [main] Going to executing command: net start
2021-01-19 19:50:26,957 DEBUG U.R.SSHManager [main] Done.
2021-01-19 19:50:31,959 INFO U.R.SSHManager [main] Going to executing command: net start
2021-01-19 19:50:32,006 DEBUG U.R.SSHManager [main] Done.
2021-01-19 19:50:37,007 INFO U.R.SSHManager [main] Going to executing command: net start
2021-01-19 19:50:37,040 DEBUG U.R.SSHManager [main] Done.
2021-01-19 19:50:42,041 INFO U.R.SSHManager [main] Going to executing command: net start
2021-01-19 19:50:42,081 DEBUG U.R.SSHManager [main] Done.
2021-01-19 19:50:47,082 INFO U.R.SSHManager [main] Going to executing command: net start
2021-01-19 19:50:47,117 DEBUG U.R.SSHManager [main] Done.
2021-01-19 19:50:52,117 INFO U.R.SSHManager [main] Going to executing command: net start
2021-01-19 19:50:52,155 DEBUG U.R.SSHManager [main] Done.
2021-01-19 19:50:57,156 INFO U.R.SSHManager [main] Going to executing command: net start
2021-01-19 19:50:57,194 DEBUG U.R.SSHManager [main] Done.
2021-01-19 19:51:02,195 INFO U.R.SSHManager [main] Going to executing command: net start
2021-01-19 19:51:02,228 DEBUG U.R.SSHManager [main] Done.
2021-01-19 19:51:07,228 INFO U.R.SSHManager [main] Going to executing command: net start
2021-01-19 19:51:07,267 DEBUG U.R.SSHManager [main] Done.
2021-01-19 19:51:12,267 INFO U.R.SSHManager [main] Going to executing command: net start
2021-01-19 19:51:12,311 DEBUG U.R.SSHManager [main] Done.
2021-01-19 19:51:17,313 INFO U.R.SSHManager [main] Going to executing command: net start
2021-01-19 19:51:17,348 DEBUG U.R.SSHManager [main] Done.
2021-01-19 19:51:22,349 INFO U.R.SSHManager [main] Going to executing command: net start
2021-01-19 19:51:22,382 DEBUG U.R.SSHManager [main] Done.
2021-01-19 19:51:27,383 INFO U.R.SSHManager [main] Going to executing command: net start
2021-01-19 19:51:27,417 DEBUG U.R.SSHManager [main] Done.
2021-01-19 19:51:32,418 INFO U.R.SSHManager [main] Going to executing command: net start
2021-01-19 19:51:32,487 DEBUG U.R.SSHManager [main] Done.
2021-01-19 19:51:37,488 INFO U.R.SSHManager [main] Going to executing command: net start
2021-01-19 19:51:37,525 DEBUG U.R.SSHManager [main] Done.
2021-01-19 19:51:42,525 INFO U.R.SSHManager [main] Going to executing command: net start
2021-01-19 19:51:42,568 DEBUG U.R.SSHManager [main] Done.
2021-01-19 19:51:47,568 INFO U.R.SSHManager [main] Going to executing command: net start
2021-01-19 19:51:47,656 DEBUG U.R.SSHManager [main] Done.
2021-01-19 19:51:52,658 INFO U.R.SSHManager [main] Going to executing command: net start
2021-01-19 19:51:52,708 DEBUG U.R.SSHManager [main] Done.
2021-01-19 19:51:57,708 INFO U.R.SSHManager [main] Going to executing command: net start
2021-01-19 19:51:57,766 DEBUG U.R.SSHManager [main] Done.
2021-01-19 19:52:02,766 INFO U.R.SSHManager [main] Going to executing command: net start
2021-01-19 19:52:02,798 DEBUG U.R.SSHManager [main] Done.
2021-01-19 19:52:07,798 INFO U.R.SSHManager [main] Going to executing command: net start
2021-01-19 19:52:07,834 DEBUG U.R.SSHManager [main] Done.
2021-01-19 19:52:12,836 INFO U.R.SSHManager [main] Going to executing command: net start
2021-01-19 19:52:12,868 DEBUG U.R.SSHManager [main] Done.
2021-01-19 19:52:17,870 INFO U.R.SSHManager [main] Going to executing command: net start
2021-01-19 19:52:17,904 DEBUG U.R.SSHManager [main] Done.
2021-01-19 19:52:22,904 INFO U.R.SSHManager [main] Going to executing command: net start
2021-01-19 19:52:22,955 DEBUG U.R.SSHManager [main] Done.
2021-01-19 19:52:27,955 INFO U.R.SSHManager [main] Going to executing command: net start
2021-01-19 19:52:27,986 DEBUG U.R.SSHManager [main] Done.
2021-01-19 19:52:32,987 INFO U.R.SSHManager [main] Going to executing command: net start
2021-01-19 19:52:33,059 DEBUG U.R.SSHManager [main] Done.
2021-01-19 19:52:38,059 INFO U.R.SSHManager [main] Going to executing command: net start
2021-01-19 19:52:38,091 DEBUG U.R.SSHManager [main] Done.
2021-01-19 19:52:43,091 INFO U.R.SSHManager [main] Going to executing command: net start
2021-01-19 19:52:43,127 DEBUG U.R.SSHManager [main] Done.
2021-01-19 19:52:48,128 INFO U.R.SSHManager [main] Going to executing command: net start
2021-01-19 19:52:48,198 DEBUG U.R.SSHManager [main] Done.
2021-01-19 19:52:53,199 INFO U.R.SSHManager [main] Going to executing command: net start
2021-01-19 19:52:53,232 DEBUG U.R.SSHManager [main] Done.
2021-01-19 19:52:58,232 INFO U.R.SSHManager [main] Going to executing command: net start
2021-01-19 19:52:58,268 DEBUG U.R.SSHManager [main] Done.
2021-01-19 19:53:03,269 INFO U.R.SSHManager [main] Going to executing command: net start
2021-01-19 19:53:03,305 DEBUG U.R.SSHManager [main] Done.
2021-01-19 19:53:03,305 INFO T.E.InitAndCleanupPortal [main] Service is still running, going to force uninstall
2021-01-19 19:53:03,305 INFO A.WinAgentActions [main] Uninstalling EP if exists...
2021-01-19 19:53:03,306 INFO U.R.SSHManager [main] Going to executing command: C:/home/NepEPDownloads/TrustwaveEndpoint.exe /q /uninstall
2021-01-19 19:53:04,314 DEBUG U.R.SSHManager [main] Done.
2021-01-19 19:53:09,315 INFO U.R.SSHManager [main] Going to executing command: net start
2021-01-19 19:53:09,349 DEBUG U.R.SSHManager [main] Done.
2021-01-19 19:53:14,349 INFO U.R.SSHManager [main] Going to executing command: net start
2021-01-19 19:53:14,380 DEBUG U.R.SSHManager [main] Done.
2021-01-19 19:53:19,380 INFO U.R.SSHManager [main] Going to executing command: net start
2021-01-19 19:53:19,441 DEBUG U.R.SSHManager [main] Done.
2021-01-19 19:53:24,441 INFO U.R.SSHManager [main] Going to executing command: net start
2021-01-19 19:53:24,474 DEBUG U.R.SSHManager [main] Done.
2021-01-19 19:53:29,475 INFO U.R.SSHManager [main] Going to executing command: net start
2021-01-19 19:53:29,513 DEBUG U.R.SSHManager [main] Done.
2021-01-19 19:53:34,515 INFO U.R.SSHManager [main] Going to executing command: net start
2021-01-19 19:53:34,549 DEBUG U.R.SSHManager [main] Done.
2021-01-19 19:53:39,549 INFO U.R.SSHManager [main] Going to executing command: net start
2021-01-19 19:53:39,584 DEBUG U.R.SSHManager [main] Done.
2021-01-19 19:53:44,586 INFO U.R.SSHManager [main] Going to executing command: net start
2021-01-19 19:53:44,620 DEBUG U.R.SSHManager [main] Done.
2021-01-19 19:53:49,620 INFO U.R.SSHManager [main] Going to executing command: net start
2021-01-19 19:53:49,654 DEBUG U.R.SSHManager [main] Done.
2021-01-19 19:53:54,654 INFO U.R.SSHManager [main] Going to executing command: net start
2021-01-19 19:53:54,685 DEBUG U.R.SSHManager [main] Done.
2021-01-19 19:53:59,686 INFO U.R.SSHManager [main] Going to executing command: net start
2021-01-19 19:53:59,717 DEBUG U.R.SSHManager [main] Done.
2021-01-19 19:54:04,717 INFO U.R.SSHManager [main] Going to executing command: net start
2021-01-19 19:54:04,749 DEBUG U.R.SSHManager [main] Done.
2021-01-19 19:54:09,749 INFO U.R.SSHManager [main] Going to executing command: net start
2021-01-19 19:54:09,782 DEBUG U.R.SSHManager [main] Done.
2021-01-19 19:54:14,783 INFO U.R.SSHManager [main] Going to executing command: net start
2021-01-19 19:54:14,819 DEBUG U.R.SSHManager [main] Done.
2021-01-19 19:54:19,819 INFO U.R.SSHManager [main] Going to executing command: net start
2021-01-19 19:54:19,862 DEBUG U.R.SSHManager [main] Done.
2021-01-19 19:54:24,863 INFO U.R.SSHManager [main] Going to executing command: net start
2021-01-19 19:54:24,922 DEBUG U.R.SSHManager [main] Done.
2021-01-19 19:54:29,923 INFO U.R.SSHManager [main] Going to executing command: net start
2021-01-19 19:54:29,974 DEBUG U.R.SSHManager [main] Done.
2021-01-19 19:54:34,974 INFO U.R.SSHManager [main] Going to executing command: net start
2021-01-19 19:54:35,008 DEBUG U.R.SSHManager [main] Done.
2021-01-19 19:54:40,009 INFO U.R.SSHManager [main] Going to executing command: net start
2021-01-19 19:54:40,074 DEBUG U.R.SSHManager [main] Done.
2021-01-19 19:54:45,074 INFO U.R.SSHManager [main] Going to executing command: net start
2021-01-19 19:54:45,106 DEBUG U.R.SSHManager [main] Done.
2021-01-19 19:54:50,107 INFO U.R.SSHManager [main] Going to executing command: net start
2021-01-19 19:54:50,185 DEBUG U.R.SSHManager [main] Done.
2021-01-19 19:54:55,185 INFO U.R.SSHManager [main] Going to executing command: net start
2021-01-19 19:54:55,224 DEBUG U.R.SSHManager [main] Done.
2021-01-19 19:55:00,248 INFO U.R.SSHManager [main] Going to executing command: net start
2021-01-19 19:55:00,310 DEBUG U.R.SSHManager [main] Done.
2021-01-19 19:55:05,310 INFO U.R.SSHManager [main] Going to executing command: net start
2021-01-19 19:55:05,345 DEBUG U.R.SSHManager [main] Done.
2021-01-19 19:55:10,346 INFO U.R.SSHManager [main] Going to executing command: net start
2021-01-19 19:55:10,383 DEBUG U.R.SSHManager [main] Done.
2021-01-19 19:55:15,384 INFO U.R.SSHManager [main] Going to executing command: net start
2021-01-19 19:55:15,420 DEBUG U.R.SSHManager [main] Done.
2021-01-19 19:55:20,420 INFO U.R.SSHManager [main] Going to executing command: net start
2021-01-19 19:55:20,472 DEBUG U.R.SSHManager [main] Done.
2021-01-19 19:55:25,473 INFO U.R.SSHManager [main] Going to executing command: net start
2021-01-19 19:55:25,508 DEBUG U.R.SSHManager [main] Done.
2021-01-19 19:55:30,509 INFO U.R.SSHManager [main] Going to executing command: net start
2021-01-19 19:55:30,546 DEBUG U.R.SSHManager [main] Done.
2021-01-19 19:55:35,546 INFO U.R.SSHManager [main] Going to executing command: net start
2021-01-19 19:55:35,604 DEBUG U.R.SSHManager [main] Done.
2021-01-19 19:55:40,604 INFO U.R.SSHManager [main] Going to executing command: net start
2021-01-19 19:55:40,646 DEBUG U.R.SSHManager [main] Done.
2021-01-19 19:55:45,647 INFO U.R.SSHManager [main] Going to executing command: net start
2021-01-19 19:55:45,687 DEBUG U.R.SSHManager [main] Done.
2021-01-19 19:55:50,687 INFO U.R.SSHManager [main] Going to executing command: net start
2021-01-19 19:55:50,727 DEBUG U.R.SSHManager [main] Done.
2021-01-19 19:55:55,729 INFO U.R.SSHManager [main] Going to executing command: net start
2021-01-19 19:55:55,851 DEBUG U.R.SSHManager [main] Done.
2021-01-19 19:56:00,851 INFO U.R.SSHManager [main] Going to executing command: net start
2021-01-19 19:56:00,886 DEBUG U.R.SSHManager [main] Done.
2021-01-19 19:56:05,886 INFO U.R.SSHManager [main] Going to executing command: net start
2021-01-19 19:56:05,929 DEBUG U.R.SSHManager [main] Done.
2021-01-19 19:56:06,249 ERROR U.T.InvokedMethodListener [main] Uninstall failed. Trustwave Endpoint Agent Service still found after timeout(sec): 180

Video: C:\Nep-4-next\nep-qa-next@f35aa3a96df\nep-qa-automation/test-output/capture/InitAndCleanupPortal-19-01-2021-19.47.11.avi
ScreenShot: C:\Nep-4-next\nep-qa-next@f35aa3a96df\nep-qa-automation/test-output/capture/InitAndCleanupPortal-19-01-2021-19.47.11.png


2021-01-19 21:14:38,859 DEBUG T.RecordedTest [main] screenshot file: C:\Nep-4-next\nep-qa-next@f35aa3a96df\nep-qa-automation/test-output/capture/InitAndCleanupPortal-19-01-2021-21.14.38.png
2021-01-19 21:14:38,867 INFO T.E.InitAndCleanupPortal [main] Starting Cleanup agents
2021-01-19 21:14:44,936 INFO U.R.SSHManager [main] Connected Successfully to host 10.243.68.225
2021-01-19 21:14:44,948 INFO U.R.SSHManager [main] Going to executing command: hostname
2021-01-19 21:14:44,983 DEBUG U.R.SSHManager [main] Done.
2021-01-19 21:14:44,984 INFO U.R.SSHManager [main] Going to executing command: Cluster
2021-01-19 21:14:44,995 WARN U.R.SSHManager [main] Error response: 
'Cluster' is not recognized as an internal or external command,
operable program or batch file.
2021-01-19 21:14:49,229 INFO A.SimulatedAgentActions [main] SimulatedAgentActions, DS URL: https://endpoint-protection-services.qa.tw-test.net:443/
2021-01-19 21:14:49,247 INFO T.E.InitAndCleanupPortal [main] Going to send delete action to Centcom for agent on hostanem NTY-EN-8D25HC2
2021-01-19 21:14:49,247 DEBUG A.SeleniumBrowser [main] Selenium browser Launch - Before switch application type: Chrome
2021-01-19 21:14:49,248 DEBUG A.SeleniumBrowser [main] Setting Chrome driver location: C:/home/NepManagerDownloads/utils/chromedriver.exe
2021-01-19 21:14:49,248 DEBUG A.SeleniumBrowser [main] Selenium browser Launch - After creating new hashMap
2021-01-19 21:14:49,249 DEBUG A.SeleniumBrowser [main] Selenium browser Launch - After reading MasterDownloadFolder property: C:\home\NepManagerDownloads
2021-01-19 21:14:49,249 DEBUG A.SeleniumBrowser [main] Selenium browser Launch - After put to hash
2021-01-19 21:14:49,254 DEBUG A.SeleniumBrowser [main] Selenium browser Launch - After new chrome options
2021-01-19 21:14:49,255 DEBUG A.SeleniumBrowser [main] Selenium browser Launch - After chrome setExperimentalOption
2021-01-19 21:14:49,256 DEBUG A.SeleniumBrowser [main] Selenium browser Launch - Before setting several chrome options
2021-01-19 21:14:49,262 DEBUG A.SeleniumBrowser [main] Selenium browser Launch - Before creating new chrome driver
2021-01-19 21:14:53,568 DEBUG A.SeleniumBrowser [main] Selenium browser Launch - After creating new chrome driver
2021-01-19 21:14:53,576 DEBUG A.SeleniumBrowser [main] After Setting implicit timeout
2021-01-19 21:14:55,593 DEBUG A.SeleniumBrowser [main] After maximizing window 
2021-01-19 21:14:55,593 DEBUG A.SeleniumBrowser [main] LoadURL: Before check if driver equals to null 
2021-01-19 21:14:55,594 DEBUG A.SeleniumBrowser [main] LoadURL: After check if driver equals to null 
2021-01-19 21:14:55,594 DEBUG A.SeleniumBrowser [main] LoadURL: URL =  https://portal.qa.tw-test.net
2021-01-19 21:15:02,474 DEBUG A.SeleniumBrowser [main] LoadURL: after get URL =  https://portal.qa.tw-test.net
2021-01-19 21:15:04,173 DEBUG A.BrowserActions [main] Waiting for login button to be clickable...
2021-01-19 21:15:04,371 DEBUG A.BrowserActions [main] Login button clicked successfully...
2021-01-19 21:15:06,725 DEBUG A.SeleniumBrowser [main] LoadURL: Before check if driver equals to null 
2021-01-19 21:15:06,725 DEBUG A.SeleniumBrowser [main] LoadURL: After check if driver equals to null 
2021-01-19 21:15:06,726 DEBUG A.SeleniumBrowser [main] LoadURL: URL =  https://portal.qa.tw-test.net/#/operations?menuKey=centcom-devices&stackKey=entity-search&types=EntityType.AGENT
2021-01-19 21:15:07,068 DEBUG A.SeleniumBrowser [main] LoadURL: after get URL =  https://portal.qa.tw-test.net/#/operations?menuKey=centcom-devices&stackKey=entity-search&types=EntityType.AGENT
2021-01-19 21:17:41,910 ERROR A.BrowserActions [main] Could not select the specific cluster  at CentCom search page. cluster: Test_cluster123
org.openqa.selenium.NoSuchElementException: Cannot locate an element using xpath=//div[@class='pane modal visible']//div[@xpath="1"]
For documentation on this error, please visit: https://www.seleniumhq.org/exceptions/no_such_element.html
Build info: version: '3.141.59', revision: 'e82be7d358', time: '2018-11-14T08:17:03'
System info: host: 'NTY-EN-8D25HC2', ip: '10.243.68.225', os.name: 'Windows 10', os.arch: 'amd64', os.version: '10.0', java.version: '12.0.2'
Driver info: driver.version: RemoteWebDriver
	at org.openqa.selenium.remote.RemoteWebDriver.findElement(RemoteWebDriver.java:327) ~[selenium-remote-driver-3.141.59.jar:?]
	at org.openqa.selenium.remote.RemoteWebDriver.findElementByXPath(RemoteWebDriver.java:428) ~[selenium-remote-driver-3.141.59.jar:?]
	at org.openqa.selenium.By$ByXPath.findElement(By.java:353) ~[selenium-api-3.141.59.jar:?]
	at org.openqa.selenium.remote.RemoteWebDriver.findElement(RemoteWebDriver.java:315) ~[selenium-remote-driver-3.141.59.jar:?]
	at org.openqa.selenium.support.pagefactory.DefaultElementLocator.findElement(DefaultElementLocator.java:69) ~[selenium-support-3.141.59.jar:?]
	at org.openqa.selenium.support.pagefactory.internal.LocatingElementHandler.invoke(LocatingElementHandler.java:38) ~[selenium-support-3.141.59.jar:?]
	at com.sun.proxy.$Proxy30.click(Unknown Source) ~[?:?]
	at Actions.BrowserActions.CreateNewCluster(BrowserActions.java:696) ~[classes/:?]
	at Tests.Environments.InitAndCleanupPortal.CreateNewClusterActions(InitAndCleanupPortal.java:127) ~[classes/:?]
	at Tests.Environments.InitAndCleanupPortal.cleanupAgents(InitAndCleanupPortal.java:67) ~[classes/:?]
	at jdk.internal.reflect.NativeMethodAccessorImpl.invoke0(Native Method) ~[?:?]
	at jdk.internal.reflect.NativeMethodAccessorImpl.invoke(NativeMethodAccessorImpl.java:62) ~[?:?]
	at jdk.internal.reflect.DelegatingMethodAccessorImpl.invoke(DelegatingMethodAccessorImpl.java:43) ~[?:?]
	at java.lang.reflect.Method.invoke(Method.java:567) ~[?:?]
	at org.testng.internal.MethodInvocationHelper.invokeMethod(MethodInvocationHelper.java:134) ~[testng-7.1.0.jar:?]
	at org.testng.internal.TestInvoker.invokeMethod(TestInvoker.java:597) ~[testng-7.1.0.jar:?]
	at org.testng.internal.TestInvoker.invokeTestMethod(TestInvoker.java:173) ~[testng-7.1.0.jar:?]
	at org.testng.internal.MethodRunner.runInSequence(MethodRunner.java:46) ~[testng-7.1.0.jar:?]
	at org.testng.internal.TestInvoker$MethodInvocationAgent.invoke(TestInvoker.java:816) ~[testng-7.1.0.jar:?]
	at org.testng.internal.TestInvoker.invokeTestMethods(TestInvoker.java:146) ~[testng-7.1.0.jar:?]
	at org.testng.internal.TestMethodWorker.invokeTestMethods(TestMethodWorker.java:146) ~[testng-7.1.0.jar:?]
	at org.testng.internal.TestMethodWorker.run(TestMethodWorker.java:128) ~[testng-7.1.0.jar:?]
	at java.util.ArrayList.forEach(ArrayList.java:1540) [?:?]
	at org.testng.TestRunner.privateRun(TestRunner.java:766) [testng-7.1.0.jar:?]
	at org.testng.TestRunner.run(TestRunner.java:587) [testng-7.1.0.jar:?]
	at org.testng.SuiteRunner.runTest(SuiteRunner.java:384) [testng-7.1.0.jar:?]
	at org.testng.SuiteRunner.runSequentially(SuiteRunner.java:378) [testng-7.1.0.jar:?]
	at org.testng.SuiteRunner.privateRun(SuiteRunner.java:337) [testng-7.1.0.jar:?]
	at org.testng.SuiteRunner.run(SuiteRunner.java:286) [testng-7.1.0.jar:?]
	at org.testng.SuiteRunnerWorker.runSuite(SuiteRunnerWorker.java:53) [testng-7.1.0.jar:?]
	at org.testng.SuiteRunnerWorker.run(SuiteRunnerWorker.java:96) [testng-7.1.0.jar:?]
	at org.testng.TestNG.runSuitesSequentially(TestNG.java:1187) [testng-7.1.0.jar:?]
	at org.testng.TestNG.runSuitesLocally(TestNG.java:1109) [testng-7.1.0.jar:?]
	at org.testng.TestNG.runSuites(TestNG.java:1039) [testng-7.1.0.jar:?]
	at org.testng.TestNG.run(TestNG.java:1007) [testng-7.1.0.jar:?]
	at Utils.Main.RunTest.main(RunTest.java:116) [classes/:?]
2021-01-19 21:17:41,930 ERROR A.BrowserActions [main] Could not select the specific cluster  at CentCom search page. cluster: 
org.openqa.selenium.NoSuchWindowException: no such window: target window already closed
from unknown error: web view not found
  (Session info: chrome=87.0.4280.141)
Build info: version: '3.141.59', revision: 'e82be7d358', time: '2018-11-14T08:17:03'
System info: host: 'NTY-EN-8D25HC2', ip: '10.243.68.225', os.name: 'Windows 10', os.arch: 'amd64', os.version: '10.0', java.version: '12.0.2'
Driver info: org.openqa.selenium.chrome.ChromeDriver
Capabilities {acceptInsecureCerts: false, browserName: chrome, browserVersion: 87.0.4280.141, chrome: {chromedriverVersion: 87.0.4280.20 (c99e81631faa0..., userDataDir: C:\Users\MOSHE~1.AVI\AppDat...}, goog:chromeOptions: {debuggerAddress: localhost:59278}, javascriptEnabled: true, networkConnectionEnabled: false, pageLoadStrategy: normal, platform: WINDOWS, platformName: WINDOWS, proxy: Proxy(), setWindowRect: true, strictFileInteractability: false, timeouts: {implicit: 0, pageLoad: 300000, script: 30000}, unhandledPromptBehavior: dismiss and notify, webauthn:virtualAuthenticators: true}
Session ID: 2ea7721b5e2111fea406266d00c56f04
*** Element info: {Using=xpath, value=//div[contains(text(),'Clusters')]}
	at jdk.internal.reflect.NativeConstructorAccessorImpl.newInstance0(Native Method) ~[?:?]
	at jdk.internal.reflect.NativeConstructorAccessorImpl.newInstance(NativeConstructorAccessorImpl.java:62) ~[?:?]
	at jdk.internal.reflect.DelegatingConstructorAccessorImpl.newInstance(DelegatingConstructorAccessorImpl.java:45) ~[?:?]
	at java.lang.reflect.Constructor.newInstanceWithCaller(Constructor.java:500) ~[?:?]
	at java.lang.reflect.Constructor.newInstance(Constructor.java:481) ~[?:?]
	at org.openqa.selenium.remote.http.W3CHttpResponseCodec.createException(W3CHttpResponseCodec.java:187) ~[selenium-remote-driver-3.141.59.jar:?]
	at org.openqa.selenium.remote.http.W3CHttpResponseCodec.decode(W3CHttpResponseCodec.java:122) ~[selenium-remote-driver-3.141.59.jar:?]
	at org.openqa.selenium.remote.http.W3CHttpResponseCodec.decode(W3CHttpResponseCodec.java:49) ~[selenium-remote-driver-3.141.59.jar:?]
	at org.openqa.selenium.remote.HttpCommandExecutor.execute(HttpCommandExecutor.java:158) ~[selenium-remote-driver-3.141.59.jar:?]
	at org.openqa.selenium.remote.service.DriverCommandExecutor.execute(DriverCommandExecutor.java:83) ~[selenium-remote-driver-3.141.59.jar:?]
	at org.openqa.selenium.remote.RemoteWebDriver.execute(RemoteWebDriver.java:552) ~[selenium-remote-driver-3.141.59.jar:?]
	at org.openqa.selenium.remote.RemoteWebDriver.findElement(RemoteWebDriver.java:323) ~[selenium-remote-driver-3.141.59.jar:?]
	at org.openqa.selenium.remote.RemoteWebDriver.findElementByXPath(RemoteWebDriver.java:428) ~[selenium-remote-driver-3.141.59.jar:?]
	at org.openqa.selenium.By$ByXPath.findElement(By.java:353) ~[selenium-api-3.141.59.jar:?]
	at org.openqa.selenium.remote.RemoteWebDriver.findElement(RemoteWebDriver.java:315) ~[selenium-remote-driver-3.141.59.jar:?]
	at org.openqa.selenium.support.pagefactory.DefaultElementLocator.findElement(DefaultElementLocator.java:69) ~[selenium-support-3.141.59.jar:?]
	at org.openqa.selenium.support.pagefactory.internal.LocatingElementHandler.invoke(LocatingElementHandler.java:38) ~[selenium-support-3.141.59.jar:?]
	at com.sun.proxy.$Proxy30.click(Unknown Source) ~[?:?]
	at Actions.BrowserActions.CreateNewCluster(BrowserActions.java:679) ~[classes/:?]
	at Tests.Environments.InitAndCleanupPortal.CreateNewClusterActions(InitAndCleanupPortal.java:129) ~[classes/:?]
	at Tests.Environments.InitAndCleanupPortal.cleanupAgents(InitAndCleanupPortal.java:67) ~[classes/:?]
	at jdk.internal.reflect.NativeMethodAccessorImpl.invoke0(Native Method) ~[?:?]
	at jdk.internal.reflect.NativeMethodAccessorImpl.invoke(NativeMethodAccessorImpl.java:62) ~[?:?]
	at jdk.internal.reflect.DelegatingMethodAccessorImpl.invoke(DelegatingMethodAccessorImpl.java:43) ~[?:?]
	at java.lang.reflect.Method.invoke(Method.java:567) ~[?:?]
	at org.testng.internal.MethodInvocationHelper.invokeMethod(MethodInvocationHelper.java:134) ~[testng-7.1.0.jar:?]
	at org.testng.internal.TestInvoker.invokeMethod(TestInvoker.java:597) ~[testng-7.1.0.jar:?]
	at org.testng.internal.TestInvoker.invokeTestMethod(TestInvoker.java:173) ~[testng-7.1.0.jar:?]
	at org.testng.internal.MethodRunner.runInSequence(MethodRunner.java:46) ~[testng-7.1.0.jar:?]
	at org.testng.internal.TestInvoker$MethodInvocationAgent.invoke(TestInvoker.java:816) ~[testng-7.1.0.jar:?]
	at org.testng.internal.TestInvoker.invokeTestMethods(TestInvoker.java:146) ~[testng-7.1.0.jar:?]
	at org.testng.internal.TestMethodWorker.invokeTestMethods(TestMethodWorker.java:146) ~[testng-7.1.0.jar:?]
	at org.testng.internal.TestMethodWorker.run(TestMethodWorker.java:128) ~[testng-7.1.0.jar:?]
	at java.util.ArrayList.forEach(ArrayList.java:1540) [?:?]
	at org.testng.TestRunner.privateRun(TestRunner.java:766) [testng-7.1.0.jar:?]
	at org.testng.TestRunner.run(TestRunner.java:587) [testng-7.1.0.jar:?]
	at org.testng.SuiteRunner.runTest(SuiteRunner.java:384) [testng-7.1.0.jar:?]
	at org.testng.SuiteRunner.runSequentially(SuiteRunner.java:378) [testng-7.1.0.jar:?]
	at org.testng.SuiteRunner.privateRun(SuiteRunner.java:337) [testng-7.1.0.jar:?]
	at org.testng.SuiteRunner.run(SuiteRunner.java:286) [testng-7.1.0.jar:?]
	at org.testng.SuiteRunnerWorker.runSuite(SuiteRunnerWorker.java:53) [testng-7.1.0.jar:?]
	at org.testng.SuiteRunnerWorker.run(SuiteRunnerWorker.java:96) [testng-7.1.0.jar:?]
	at org.testng.TestNG.runSuitesSequentially(TestNG.java:1187) [testng-7.1.0.jar:?]
	at org.testng.TestNG.runSuitesLocally(TestNG.java:1109) [testng-7.1.0.jar:?]
	at org.testng.TestNG.runSuites(TestNG.java:1039) [testng-7.1.0.jar:?]
	at org.testng.TestNG.run(TestNG.java:1007) [testng-7.1.0.jar:?]
	at Utils.Main.RunTest.main(RunTest.java:116) [classes/:?]
2021-01-19 21:17:41,931 INFO T.E.InitAndCleanupPortal [main] Agent was found and delete action was done in Centcom, going to wait until service is uninstalled from agent
