2021-02-24 11:56:29,610 DEBUG T.RecordedTest [main] screenshot file: C:\Nep-4-next\nep-qa-next@f35aa3a96df\nep-qa-automation/test-output/capture/InitAndCleanupPortal-24-02-2021-11.56.29.png
2021-02-24 11:56:29,651 INFO T.E.InitAndCleanupPortal [main] Starting Cleanup agents
2021-02-24 11:56:31,214 INFO U.R.SSHManager [main] Connected Successfully to host 10.88.68.61
2021-02-24 11:56:31,217 INFO U.R.SSHManager [main] Going to executing command: hostname
2021-02-24 11:56:31,249 DEBUG U.R.SSHManager [main] Done.
2021-02-24 11:56:31,249 INFO U.R.SSHManager [main] Going to executing command: Cluster
2021-02-24 11:56:31,270 WARN U.R.SSHManager [main] Error response: 
'Cluster' is not recognized as an internal or external command,
operable program or batch file.
2021-02-24 11:56:35,149 INFO A.SimulatedAgentActions [main] SimulatedAgentActions, DS URL: https://endpoint-protection-services.qa.tw-test.net:443/
2021-02-24 11:56:35,183 INFO T.E.InitAndCleanupPortal [main] Going to send delete action to Centcom for agent on hostanem NTY-EN-8D25HC2
2021-02-24 11:56:35,183 DEBUG A.SeleniumBrowser [main] Selenium browser Launch - Before switch application type: Chrome
2021-02-24 11:56:35,184 DEBUG A.SeleniumBrowser [main] Setting Chrome driver location: C:/home/NepManagerDownloads/utils/chromedriver.exe
2021-02-24 11:56:35,184 DEBUG A.SeleniumBrowser [main] Selenium browser Launch - After creating new hashMap
2021-02-24 11:56:35,186 DEBUG A.SeleniumBrowser [main] Selenium browser Launch - After reading MasterDownloadFolder property: C:\home\NepManagerDownloads
2021-02-24 11:56:35,186 DEBUG A.SeleniumBrowser [main] Selenium browser Launch - After put to hash
2021-02-24 11:56:35,191 DEBUG A.SeleniumBrowser [main] Selenium browser Launch - After new chrome options
2021-02-24 11:56:35,193 DEBUG A.SeleniumBrowser [main] Selenium browser Launch - After chrome setExperimentalOption
2021-02-24 11:56:35,194 DEBUG A.SeleniumBrowser [main] Selenium browser Launch - Before setting several chrome options
2021-02-24 11:56:35,222 DEBUG A.SeleniumBrowser [main] Selenium browser Launch - Before creating new chrome driver
2021-02-24 11:56:51,008 DEBUG A.SeleniumBrowser [main] Selenium browser Launch - After creating new chrome driver
2021-02-24 11:56:51,046 DEBUG A.SeleniumBrowser [main] After Setting implicit timeout
2021-02-24 11:56:53,083 DEBUG A.SeleniumBrowser [main] After maximizing window 
2021-02-24 11:56:53,083 DEBUG A.SeleniumBrowser [main] LoadURL: Before check if driver equals to null 
2021-02-24 11:56:53,084 DEBUG A.SeleniumBrowser [main] LoadURL: After check if driver equals to null 
2021-02-24 11:56:53,084 DEBUG A.SeleniumBrowser [main] LoadURL: URL =  https://portal.qa.tw-test.net
2021-02-24 11:56:56,349 DEBUG A.SeleniumBrowser [main] LoadURL: after get URL =  https://portal.qa.tw-test.net
2021-02-24 11:56:57,974 DEBUG A.BrowserActions [main] Waiting for login button to be clickable...
2021-02-24 11:56:58,670 DEBUG A.BrowserActions [main] Login button clicked successfully...
2021-02-24 11:57:00,217 DEBUG A.SeleniumBrowser [main] LoadURL: Before check if driver equals to null 
2021-02-24 11:57:00,217 DEBUG A.SeleniumBrowser [main] LoadURL: After check if driver equals to null 
2021-02-24 11:57:00,217 DEBUG A.SeleniumBrowser [main] LoadURL: URL =  https://portal.qa.tw-test.net/#/operations?menuKey=centcom-devices&stackKey=entity-search&types=EntityType.AGENT
2021-02-24 11:57:00,565 DEBUG A.SeleniumBrowser [main] LoadURL: after get URL =  https://portal.qa.tw-test.net/#/operations?menuKey=centcom-devices&stackKey=entity-search&types=EntityType.AGENT
2021-02-24 11:59:36,332 ERROR A.BrowserActions [main] Could not select the specific cluster  at CentCom search page. cluster: ttttt
org.openqa.selenium.TimeoutException: Expected condition failed: waiting for element to be clickable: By.xpath: //div[@class='pane modal visible']//twa-button[@aria-label='Close'] (tried for 60 second(s) with 500 milliseconds interval)
	at org.openqa.selenium.support.ui.WebDriverWait.timeoutException(WebDriverWait.java:95) ~[selenium-support-3.141.59.jar:?]
	at org.openqa.selenium.support.ui.FluentWait.until(FluentWait.java:272) ~[selenium-support-3.141.59.jar:?]
	at Pages.GenericPage.WaitUntilObjectClickable(GenericPage.java:30) ~[classes/:?]
	at Actions.BrowserActions.CreateNewCluster(BrowserActions.java:881) ~[classes/:?]
	at Tests.Environments.InitAndCleanupPortal.CreateNewClusterActions(InitAndCleanupPortal.java:127) ~[classes/:?]
	at Tests.Environments.InitAndCleanupPortal.cleanupAgents(InitAndCleanupPortal.java:67) ~[classes/:?]
	at jdk.internal.reflect.NativeMethodAccessorImpl.invoke0(Native Method) ~[?:?]
	at jdk.internal.reflect.NativeMethodAccessorImpl.invoke(NativeMethodAccessorImpl.java:62) ~[?:?]
	at jdk.internal.reflect.DelegatingMethodAccessorImpl.invoke(DelegatingMethodAccessorImpl.java:43) ~[?:?]
	at java.lang.reflect.Method.invoke(Method.java:567) ~[?:?]
	at org.testng.internal.MethodInvocationHelper.invokeMethod(MethodInvocationHelper.java:134) ~[testng-7.1.0.jar:?]
	at org.testng.internal.TestInvoker.invokeMethod(TestInvoker.java:597) ~[testng-7.1.0.jar:?]
	at org.testng.internal.TestInvoker.invokeTestMethod(TestInvoker.java:173) ~[testng-7.1.0.jar:?]
	at org.testng.internal.MethodRunner.runInSequence(MethodRunner.java:46) ~[testng-7.1.0.jar:?]
	at org.testng.internal.TestInvoker$MethodInvocationAgent.invoke(TestInvoker.java:816) ~[testng-7.1.0.jar:?]
	at org.testng.internal.TestInvoker.invokeTestMethods(TestInvoker.java:146) ~[testng-7.1.0.jar:?]
	at org.testng.internal.TestMethodWorker.invokeTestMethods(TestMethodWorker.java:146) ~[testng-7.1.0.jar:?]
	at org.testng.internal.TestMethodWorker.run(TestMethodWorker.java:128) ~[testng-7.1.0.jar:?]
	at java.util.ArrayList.forEach(ArrayList.java:1540) [?:?]
	at org.testng.TestRunner.privateRun(TestRunner.java:766) [testng-7.1.0.jar:?]
	at org.testng.TestRunner.run(TestRunner.java:587) [testng-7.1.0.jar:?]
	at org.testng.SuiteRunner.runTest(SuiteRunner.java:384) [testng-7.1.0.jar:?]
	at org.testng.SuiteRunner.runSequentially(SuiteRunner.java:378) [testng-7.1.0.jar:?]
	at org.testng.SuiteRunner.privateRun(SuiteRunner.java:337) [testng-7.1.0.jar:?]
	at org.testng.SuiteRunner.run(SuiteRunner.java:286) [testng-7.1.0.jar:?]
	at org.testng.SuiteRunnerWorker.runSuite(SuiteRunnerWorker.java:53) [testng-7.1.0.jar:?]
	at org.testng.SuiteRunnerWorker.run(SuiteRunnerWorker.java:96) [testng-7.1.0.jar:?]
	at org.testng.TestNG.runSuitesSequentially(TestNG.java:1187) [testng-7.1.0.jar:?]
	at org.testng.TestNG.runSuitesLocally(TestNG.java:1109) [testng-7.1.0.jar:?]
	at org.testng.TestNG.runSuites(TestNG.java:1039) [testng-7.1.0.jar:?]
	at org.testng.TestNG.run(TestNG.java:1007) [testng-7.1.0.jar:?]
	at Utils.Main.RunTest.main(RunTest.java:116) [classes/:?]
Caused by: org.openqa.selenium.NoSuchElementException: no such element: Unable to locate element: {"method":"xpath","selector":"//div[@class='pane modal visible']//twa-button[@aria-label='Close']"}
  (Session info: chrome=88.0.4324.190)
For documentation on this error, please visit: https://www.seleniumhq.org/exceptions/no_such_element.html
Build info: version: '3.141.59', revision: 'e82be7d358', time: '2018-11-14T08:17:03'
System info: host: 'NTY-EN-8D25HC2', ip: '192.168.56.1', os.name: 'Windows 10', os.arch: 'amd64', os.version: '10.0', java.version: '12.0.2'
Driver info: org.openqa.selenium.chrome.ChromeDriver
Capabilities {acceptInsecureCerts: false, browserName: chrome, browserVersion: 88.0.4324.190, chrome: {chromedriverVersion: 87.0.4280.20 (c99e81631faa0..., userDataDir: C:\Users\MOSHE~1.AVI\AppDat...}, goog:chromeOptions: {debuggerAddress: localhost:56559}, javascriptEnabled: true, networkConnectionEnabled: false, pageLoadStrategy: normal, platform: WINDOWS, platformName: WINDOWS, proxy: Proxy(), setWindowRect: true, strictFileInteractability: false, timeouts: {implicit: 0, pageLoad: 300000, script: 30000}, unhandledPromptBehavior: dismiss and notify, webauthn:virtualAuthenticators: true}
Session ID: dee677ee8433a6a2d0c1d4a59ce7b1de
*** Element info: {Using=xpath, value=//div[@class='pane modal visible']//twa-button[@aria-label='Close']}
	at jdk.internal.reflect.NativeConstructorAccessorImpl.newInstance0(Native Method) ~[?:?]
	at jdk.internal.reflect.NativeConstructorAccessorImpl.newInstance(NativeConstructorAccessorImpl.java:62) ~[?:?]
	at jdk.internal.reflect.DelegatingConstructorAccessorImpl.newInstance(DelegatingConstructorAccessorImpl.java:45) ~[?:?]
	at java.lang.reflect.Constructor.newInstanceWithCaller(Constructor.java:500) ~[?:?]
	at java.lang.reflect.Constructor.newInstance(Constructor.java:481) ~[?:?]
	at org.openqa.selenium.remote.http.W3CHttpResponseCodec.createException(W3CHttpResponseCodec.java:187) ~[selenium-remote-driver-3.141.59.jar:?]
	at org.openqa.selenium.remote.http.W3CHttpResponseCodec.decode(W3CHttpResponseCodec.java:122) ~[selenium-remote-driver-3.141.59.jar:?]
	at org.openqa.selenium.remote.http.W3CHttpResponseCodec.decode(W3CHttpResponseCodec.java:49) ~[selenium-remote-driver-3.141.59.jar:?]
	at org.openqa.selenium.remote.HttpCommandExecutor.execute(HttpCommandExecutor.java:158) ~[selenium-remote-driver-3.141.59.jar:?]
	at org.openqa.selenium.remote.service.DriverCommandExecutor.execute(DriverCommandExecutor.java:83) ~[selenium-remote-driver-3.141.59.jar:?]
	at org.openqa.selenium.remote.RemoteWebDriver.execute(RemoteWebDriver.java:552) ~[selenium-remote-driver-3.141.59.jar:?]
	at org.openqa.selenium.remote.RemoteWebDriver.findElement(RemoteWebDriver.java:323) ~[selenium-remote-driver-3.141.59.jar:?]
	at org.openqa.selenium.remote.RemoteWebDriver.findElementByXPath(RemoteWebDriver.java:428) ~[selenium-remote-driver-3.141.59.jar:?]
	at org.openqa.selenium.By$ByXPath.findElement(By.java:353) ~[selenium-api-3.141.59.jar:?]
	at org.openqa.selenium.remote.RemoteWebDriver.findElement(RemoteWebDriver.java:315) ~[selenium-remote-driver-3.141.59.jar:?]
	at org.openqa.selenium.support.ui.ExpectedConditions$7.apply(ExpectedConditions.java:205) ~[selenium-support-3.141.59.jar:?]
	at org.openqa.selenium.support.ui.ExpectedConditions$7.apply(ExpectedConditions.java:201) ~[selenium-support-3.141.59.jar:?]
	at org.openqa.selenium.support.ui.ExpectedConditions$22.apply(ExpectedConditions.java:641) ~[selenium-support-3.141.59.jar:?]
	at org.openqa.selenium.support.ui.ExpectedConditions$22.apply(ExpectedConditions.java:638) ~[selenium-support-3.141.59.jar:?]
	at org.openqa.selenium.support.ui.FluentWait.until(FluentWait.java:249) ~[selenium-support-3.141.59.jar:?]
	... 30 more
2021-02-24 12:00:56,680 DEBUG T.RecordedTest [main] screenshot file: C:\Nep-4-next\nep-qa-next@f35aa3a96df\nep-qa-automation/test-output/capture/InitAndCleanupPortal-24-02-2021-12.00.56.png
2021-02-24 12:00:56,688 INFO T.E.InitAndCleanupPortal [main] Starting Cleanup agents
2021-02-24 12:00:57,758 INFO U.R.SSHManager [main] Connected Successfully to host 10.88.68.61
2021-02-24 12:00:57,760 INFO U.R.SSHManager [main] Going to executing command: hostname
2021-02-24 12:00:57,786 DEBUG U.R.SSHManager [main] Done.
2021-02-24 12:00:57,786 INFO U.R.SSHManager [main] Going to executing command: Cluster
2021-02-24 12:00:57,799 WARN U.R.SSHManager [main] Error response: 
'Cluster' is not recognized as an internal or external command,
operable program or batch file.
2021-02-24 12:01:00,596 INFO A.SimulatedAgentActions [main] SimulatedAgentActions, DS URL: https://endpoint-protection-services.qa.tw-test.net:443/
2021-02-24 12:01:00,625 INFO T.E.InitAndCleanupPortal [main] Going to send delete action to Centcom for agent on hostanem NTY-EN-8D25HC2
2021-02-24 12:01:00,625 DEBUG A.SeleniumBrowser [main] Selenium browser Launch - Before switch application type: Chrome
2021-02-24 12:01:00,626 DEBUG A.SeleniumBrowser [main] Setting Chrome driver location: C:/home/NepManagerDownloads/utils/chromedriver.exe
2021-02-24 12:01:00,627 DEBUG A.SeleniumBrowser [main] Selenium browser Launch - After creating new hashMap
2021-02-24 12:01:00,627 DEBUG A.SeleniumBrowser [main] Selenium browser Launch - After reading MasterDownloadFolder property: C:\home\NepManagerDownloads
2021-02-24 12:01:00,627 DEBUG A.SeleniumBrowser [main] Selenium browser Launch - After put to hash
2021-02-24 12:01:00,633 DEBUG A.SeleniumBrowser [main] Selenium browser Launch - After new chrome options
2021-02-24 12:01:00,635 DEBUG A.SeleniumBrowser [main] Selenium browser Launch - After chrome setExperimentalOption
2021-02-24 12:01:00,636 DEBUG A.SeleniumBrowser [main] Selenium browser Launch - Before setting several chrome options
2021-02-24 12:01:00,642 DEBUG A.SeleniumBrowser [main] Selenium browser Launch - Before creating new chrome driver
2021-02-24 12:01:05,091 DEBUG A.SeleniumBrowser [main] Selenium browser Launch - After creating new chrome driver
2021-02-24 12:01:05,098 DEBUG A.SeleniumBrowser [main] After Setting implicit timeout
2021-02-24 12:01:07,113 DEBUG A.SeleniumBrowser [main] After maximizing window 
2021-02-24 12:01:07,113 DEBUG A.SeleniumBrowser [main] LoadURL: Before check if driver equals to null 
2021-02-24 12:01:07,114 DEBUG A.SeleniumBrowser [main] LoadURL: After check if driver equals to null 
2021-02-24 12:01:07,114 DEBUG A.SeleniumBrowser [main] LoadURL: URL =  https://portal.qa.tw-test.net
2021-02-24 12:01:11,096 DEBUG A.SeleniumBrowser [main] LoadURL: after get URL =  https://portal.qa.tw-test.net
2021-02-24 12:01:12,501 DEBUG A.BrowserActions [main] Waiting for login button to be clickable...
2021-02-24 12:01:12,671 DEBUG A.BrowserActions [main] Login button clicked successfully...
2021-02-24 12:01:14,382 DEBUG A.SeleniumBrowser [main] LoadURL: Before check if driver equals to null 
2021-02-24 12:01:14,383 DEBUG A.SeleniumBrowser [main] LoadURL: After check if driver equals to null 
2021-02-24 12:01:14,383 DEBUG A.SeleniumBrowser [main] LoadURL: URL =  https://portal.qa.tw-test.net/#/operations?menuKey=centcom-devices&stackKey=entity-search&types=EntityType.AGENT
2021-02-24 12:01:14,712 DEBUG A.SeleniumBrowser [main] LoadURL: after get URL =  https://portal.qa.tw-test.net/#/operations?menuKey=centcom-devices&stackKey=entity-search&types=EntityType.AGENT
2021-02-24 12:01:39,647 ERROR A.BrowserActions [main] Could not select the specific cluster  at CentCom search page. cluster: 
org.openqa.selenium.ElementClickInterceptedException: element click intercepted: Element <div class="ellipse _ngcontent-ubo-109" tooltiponlyifoverflow="" aria-owns="fe700e8a-ddb1-4b77-8f83-643a56d3d1e6--1508" aria-haspopup="true">...</div> is not clickable at point (576, 166). Other element would receive the click: <div pane-id="default-53" class="pane modal visible" style="inset: 0px; transform: translateX(0px) translateY(0px);">...</div>
  (Session info: chrome=88.0.4324.190)
Build info: version: '3.141.59', revision: 'e82be7d358', time: '2018-11-14T08:17:03'
System info: host: 'NTY-EN-8D25HC2', ip: '192.168.56.1', os.name: 'Windows 10', os.arch: 'amd64', os.version: '10.0', java.version: '12.0.2'
Driver info: org.openqa.selenium.chrome.ChromeDriver
Capabilities {acceptInsecureCerts: false, browserName: chrome, browserVersion: 88.0.4324.190, chrome: {chromedriverVersion: 87.0.4280.20 (c99e81631faa0..., userDataDir: C:\Users\MOSHE~1.AVI\AppDat...}, goog:chromeOptions: {debuggerAddress: localhost:56653}, javascriptEnabled: true, networkConnectionEnabled: false, pageLoadStrategy: normal, platform: WINDOWS, platformName: WINDOWS, proxy: Proxy(), setWindowRect: true, strictFileInteractability: false, timeouts: {implicit: 0, pageLoad: 300000, script: 30000}, unhandledPromptBehavior: dismiss and notify, webauthn:virtualAuthenticators: true}
Session ID: f92891a0edcc51e1c28e3238945cd666
	at jdk.internal.reflect.NativeConstructorAccessorImpl.newInstance0(Native Method) ~[?:?]
	at jdk.internal.reflect.NativeConstructorAccessorImpl.newInstance(NativeConstructorAccessorImpl.java:62) ~[?:?]
	at jdk.internal.reflect.DelegatingConstructorAccessorImpl.newInstance(DelegatingConstructorAccessorImpl.java:45) ~[?:?]
	at java.lang.reflect.Constructor.newInstanceWithCaller(Constructor.java:500) ~[?:?]
	at java.lang.reflect.Constructor.newInstance(Constructor.java:481) ~[?:?]
	at org.openqa.selenium.remote.http.W3CHttpResponseCodec.createException(W3CHttpResponseCodec.java:187) ~[selenium-remote-driver-3.141.59.jar:?]
	at org.openqa.selenium.remote.http.W3CHttpResponseCodec.decode(W3CHttpResponseCodec.java:122) ~[selenium-remote-driver-3.141.59.jar:?]
	at org.openqa.selenium.remote.http.W3CHttpResponseCodec.decode(W3CHttpResponseCodec.java:49) ~[selenium-remote-driver-3.141.59.jar:?]
	at org.openqa.selenium.remote.HttpCommandExecutor.execute(HttpCommandExecutor.java:158) ~[selenium-remote-driver-3.141.59.jar:?]
	at org.openqa.selenium.remote.service.DriverCommandExecutor.execute(DriverCommandExecutor.java:83) ~[selenium-remote-driver-3.141.59.jar:?]
	at org.openqa.selenium.remote.RemoteWebDriver.execute(RemoteWebDriver.java:552) ~[selenium-remote-driver-3.141.59.jar:?]
	at org.openqa.selenium.remote.RemoteWebElement.execute(RemoteWebElement.java:285) ~[selenium-remote-driver-3.141.59.jar:?]
	at org.openqa.selenium.remote.RemoteWebElement.click(RemoteWebElement.java:84) ~[selenium-remote-driver-3.141.59.jar:?]
	at jdk.internal.reflect.NativeMethodAccessorImpl.invoke0(Native Method) ~[?:?]
	at jdk.internal.reflect.NativeMethodAccessorImpl.invoke(NativeMethodAccessorImpl.java:62) ~[?:?]
	at jdk.internal.reflect.DelegatingMethodAccessorImpl.invoke(DelegatingMethodAccessorImpl.java:43) ~[?:?]
	at java.lang.reflect.Method.invoke(Method.java:567) ~[?:?]
	at org.openqa.selenium.support.pagefactory.internal.LocatingElementHandler.invoke(LocatingElementHandler.java:51) ~[selenium-support-3.141.59.jar:?]
	at com.sun.proxy.$Proxy30.click(Unknown Source) ~[?:?]
	at Actions.BrowserActions.CreateNewCluster(BrowserActions.java:679) ~[classes/:?]
	at Tests.Environments.InitAndCleanupPortal.CreateNewClusterActions(InitAndCleanupPortal.java:129) ~[classes/:?]
	at Tests.Environments.InitAndCleanupPortal.cleanupAgents(InitAndCleanupPortal.java:67) ~[classes/:?]
	at jdk.internal.reflect.NativeMethodAccessorImpl.invoke0(Native Method) ~[?:?]
	at jdk.internal.reflect.NativeMethodAccessorImpl.invoke(NativeMethodAccessorImpl.java:62) ~[?:?]
	at jdk.internal.reflect.DelegatingMethodAccessorImpl.invoke(DelegatingMethodAccessorImpl.java:43) ~[?:?]
	at java.lang.reflect.Method.invoke(Method.java:567) ~[?:?]
	at org.testng.internal.MethodInvocationHelper.invokeMethod(MethodInvocationHelper.java:134) ~[testng-7.1.0.jar:?]
	at org.testng.internal.TestInvoker.invokeMethod(TestInvoker.java:597) ~[testng-7.1.0.jar:?]
	at org.testng.internal.TestInvoker.invokeTestMethod(TestInvoker.java:173) ~[testng-7.1.0.jar:?]
	at org.testng.internal.MethodRunner.runInSequence(MethodRunner.java:46) ~[testng-7.1.0.jar:?]
	at org.testng.internal.TestInvoker$MethodInvocationAgent.invoke(TestInvoker.java:816) ~[testng-7.1.0.jar:?]
	at org.testng.internal.TestInvoker.invokeTestMethods(TestInvoker.java:146) ~[testng-7.1.0.jar:?]
	at org.testng.internal.TestMethodWorker.invokeTestMethods(TestMethodWorker.java:146) ~[testng-7.1.0.jar:?]
	at org.testng.internal.TestMethodWorker.run(TestMethodWorker.java:128) ~[testng-7.1.0.jar:?]
	at java.util.ArrayList.forEach(ArrayList.java:1540) [?:?]
	at org.testng.TestRunner.privateRun(TestRunner.java:766) [testng-7.1.0.jar:?]
	at org.testng.TestRunner.run(TestRunner.java:587) [testng-7.1.0.jar:?]
	at org.testng.SuiteRunner.runTest(SuiteRunner.java:384) [testng-7.1.0.jar:?]
	at org.testng.SuiteRunner.runSequentially(SuiteRunner.java:378) [testng-7.1.0.jar:?]
	at org.testng.SuiteRunner.privateRun(SuiteRunner.java:337) [testng-7.1.0.jar:?]
	at org.testng.SuiteRunner.run(SuiteRunner.java:286) [testng-7.1.0.jar:?]
	at org.testng.SuiteRunnerWorker.runSuite(SuiteRunnerWorker.java:53) [testng-7.1.0.jar:?]
	at org.testng.SuiteRunnerWorker.run(SuiteRunnerWorker.java:96) [testng-7.1.0.jar:?]
	at org.testng.TestNG.runSuitesSequentially(TestNG.java:1187) [testng-7.1.0.jar:?]
	at org.testng.TestNG.runSuitesLocally(TestNG.java:1109) [testng-7.1.0.jar:?]
	at org.testng.TestNG.runSuites(TestNG.java:1039) [testng-7.1.0.jar:?]
	at org.testng.TestNG.run(TestNG.java:1007) [testng-7.1.0.jar:?]
	at Utils.Main.RunTest.main(RunTest.java:116) [classes/:?]
2021-02-24 12:01:39,657 INFO T.E.InitAndCleanupPortal [main] Agent was found and delete action was done in Centcom, going to wait until service is uninstalled from agent
2021-02-24 12:01:44,658 INFO U.R.SSHManager [main] Going to executing command: net start
2021-02-24 12:01:44,729 DEBUG U.R.SSHManager [main] Done.
2021-02-24 12:01:49,729 INFO U.R.SSHManager [main] Going to executing command: net start
2021-02-24 12:01:49,777 DEBUG U.R.SSHManager [main] Done.
2021-02-24 12:01:54,778 INFO U.R.SSHManager [main] Going to executing command: net start
2021-02-24 12:01:54,819 DEBUG U.R.SSHManager [main] Done.
2021-02-24 12:01:59,820 INFO U.R.SSHManager [main] Going to executing command: net start
2021-02-24 12:01:59,864 DEBUG U.R.SSHManager [main] Done.
2021-02-24 12:02:04,865 INFO U.R.SSHManager [main] Going to executing command: net start
2021-02-24 12:02:04,901 DEBUG U.R.SSHManager [main] Done.
2021-02-24 12:02:09,902 INFO U.R.SSHManager [main] Going to executing command: net start
2021-02-24 12:02:09,956 DEBUG U.R.SSHManager [main] Done.
2021-02-24 12:02:14,956 INFO U.R.SSHManager [main] Going to executing command: net start
2021-02-24 12:02:15,009 DEBUG U.R.SSHManager [main] Done.
2021-02-24 12:02:20,009 INFO U.R.SSHManager [main] Going to executing command: net start
2021-02-24 12:02:20,086 DEBUG U.R.SSHManager [main] Done.
2021-02-24 12:02:25,089 INFO U.R.SSHManager [main] Going to executing command: net start
2021-02-24 12:02:25,147 DEBUG U.R.SSHManager [main] Done.
2021-02-24 12:02:30,148 INFO U.R.SSHManager [main] Going to executing command: net start
2021-02-24 12:02:30,185 DEBUG U.R.SSHManager [main] Done.
2021-02-24 12:02:35,186 INFO U.R.SSHManager [main] Going to executing command: net start
2021-02-24 12:02:35,230 DEBUG U.R.SSHManager [main] Done.
2021-02-24 12:02:40,230 INFO U.R.SSHManager [main] Going to executing command: net start
2021-02-24 12:02:40,269 DEBUG U.R.SSHManager [main] Done.
2021-02-24 12:02:45,270 INFO U.R.SSHManager [main] Going to executing command: net start
2021-02-24 12:02:45,305 DEBUG U.R.SSHManager [main] Done.
2021-02-24 12:03:02,126 DEBUG T.RecordedTest [main] screenshot file: C:\Nep-4-next\nep-qa-next@f35aa3a96df\nep-qa-automation/test-output/capture/InitAndCleanupPortal-24-02-2021-12.03.02.png
2021-02-24 12:03:02,136 INFO T.E.InitAndCleanupPortal [main] Starting Cleanup agents
2021-02-24 12:03:03,234 INFO U.R.SSHManager [main] Connected Successfully to host 10.88.68.61
2021-02-24 12:03:03,237 INFO U.R.SSHManager [main] Going to executing command: hostname
2021-02-24 12:03:03,280 DEBUG U.R.SSHManager [main] Done.
2021-02-24 12:03:03,281 INFO U.R.SSHManager [main] Going to executing command: Cluster
2021-02-24 12:03:03,297 WARN U.R.SSHManager [main] Error response: 
'Cluster' is not recognized as an internal or external command,
operable program or batch file.
2021-02-24 12:03:06,601 INFO A.SimulatedAgentActions [main] SimulatedAgentActions, DS URL: https://endpoint-protection-services.qa.tw-test.net:443/
2021-02-24 12:03:06,632 INFO T.E.InitAndCleanupPortal [main] Going to send delete action to Centcom for agent on hostanem NTY-EN-8D25HC2
2021-02-24 12:03:06,633 DEBUG A.SeleniumBrowser [main] Selenium browser Launch - Before switch application type: Chrome
2021-02-24 12:03:06,633 DEBUG A.SeleniumBrowser [main] Setting Chrome driver location: C:/home/NepManagerDownloads/utils/chromedriver.exe
2021-02-24 12:03:06,633 DEBUG A.SeleniumBrowser [main] Selenium browser Launch - After creating new hashMap
2021-02-24 12:03:06,634 DEBUG A.SeleniumBrowser [main] Selenium browser Launch - After reading MasterDownloadFolder property: C:\home\NepManagerDownloads
2021-02-24 12:03:06,634 DEBUG A.SeleniumBrowser [main] Selenium browser Launch - After put to hash
2021-02-24 12:03:06,642 DEBUG A.SeleniumBrowser [main] Selenium browser Launch - After new chrome options
2021-02-24 12:03:06,647 DEBUG A.SeleniumBrowser [main] Selenium browser Launch - After chrome setExperimentalOption
2021-02-24 12:03:06,648 DEBUG A.SeleniumBrowser [main] Selenium browser Launch - Before setting several chrome options
2021-02-24 12:03:06,654 DEBUG A.SeleniumBrowser [main] Selenium browser Launch - Before creating new chrome driver
2021-02-24 12:03:12,642 DEBUG A.SeleniumBrowser [main] Selenium browser Launch - After creating new chrome driver
2021-02-24 12:03:12,650 DEBUG A.SeleniumBrowser [main] After Setting implicit timeout
2021-02-24 12:03:15,034 DEBUG A.SeleniumBrowser [main] After maximizing window 
2021-02-24 12:03:15,034 DEBUG A.SeleniumBrowser [main] LoadURL: Before check if driver equals to null 
2021-02-24 12:03:15,035 DEBUG A.SeleniumBrowser [main] LoadURL: After check if driver equals to null 
2021-02-24 12:03:15,035 DEBUG A.SeleniumBrowser [main] LoadURL: URL =  https://portal.qa.tw-test.net
2021-02-24 12:03:19,193 DEBUG A.SeleniumBrowser [main] LoadURL: after get URL =  https://portal.qa.tw-test.net
2021-02-24 12:03:21,742 DEBUG A.BrowserActions [main] Waiting for login button to be clickable...
2021-02-24 12:03:22,265 DEBUG A.BrowserActions [main] Login button clicked successfully...
2021-02-24 12:03:26,301 DEBUG A.SeleniumBrowser [main] LoadURL: Before check if driver equals to null 
2021-02-24 12:03:26,301 DEBUG A.SeleniumBrowser [main] LoadURL: After check if driver equals to null 
2021-02-24 12:03:26,302 DEBUG A.SeleniumBrowser [main] LoadURL: URL =  https://portal.qa.tw-test.net/#/operations?menuKey=centcom-devices&stackKey=entity-search&types=EntityType.AGENT
2021-02-24 12:03:26,900 DEBUG A.SeleniumBrowser [main] LoadURL: after get URL =  https://portal.qa.tw-test.net/#/operations?menuKey=centcom-devices&stackKey=entity-search&types=EntityType.AGENT
2021-02-24 12:04:57,038 INFO T.E.InitAndCleanupPortal [main] Agent was found and delete action was done in Centcom, going to wait until service is uninstalled from agent
2021-02-24 12:05:02,039 INFO U.R.SSHManager [main] Going to executing command: net start
2021-02-24 12:05:02,106 DEBUG U.R.SSHManager [main] Done.
2021-02-24 12:05:07,106 INFO U.R.SSHManager [main] Going to executing command: net start
2021-02-24 12:05:07,167 DEBUG U.R.SSHManager [main] Done.
2021-02-24 12:05:12,168 INFO U.R.SSHManager [main] Going to executing command: net start
2021-02-24 12:05:12,293 DEBUG U.R.SSHManager [main] Done.
2021-02-24 12:05:17,294 INFO U.R.SSHManager [main] Going to executing command: net start
2021-02-24 12:05:17,361 DEBUG U.R.SSHManager [main] Done.
2021-02-24 12:05:22,362 INFO U.R.SSHManager [main] Going to executing command: net start
2021-02-24 12:05:22,412 DEBUG U.R.SSHManager [main] Done.
2021-02-24 12:05:27,414 INFO U.R.SSHManager [main] Going to executing command: net start
2021-02-24 12:05:27,454 DEBUG U.R.SSHManager [main] Done.
2021-02-24 12:05:32,455 INFO U.R.SSHManager [main] Going to executing command: net start
2021-02-24 12:05:32,503 DEBUG U.R.SSHManager [main] Done.
2021-02-24 12:05:37,503 INFO U.R.SSHManager [main] Going to executing command: net start
2021-02-24 12:05:37,542 DEBUG U.R.SSHManager [main] Done.
2021-02-24 12:05:42,542 INFO U.R.SSHManager [main] Going to executing command: net start
2021-02-24 12:05:42,582 DEBUG U.R.SSHManager [main] Done.
2021-02-24 12:05:47,583 INFO U.R.SSHManager [main] Going to executing command: net start
2021-02-24 12:05:47,637 DEBUG U.R.SSHManager [main] Done.
2021-02-24 12:05:52,637 INFO U.R.SSHManager [main] Going to executing command: net start
2021-02-24 12:05:52,712 DEBUG U.R.SSHManager [main] Done.
2021-02-24 12:05:57,714 INFO U.R.SSHManager [main] Going to executing command: net start
2021-02-24 12:05:57,750 DEBUG U.R.SSHManager [main] Done.
2021-02-24 12:06:02,750 INFO U.R.SSHManager [main] Going to executing command: net start
2021-02-24 12:06:02,794 DEBUG U.R.SSHManager [main] Done.
2021-02-24 12:06:07,795 INFO U.R.SSHManager [main] Going to executing command: net start
2021-02-24 12:06:07,836 DEBUG U.R.SSHManager [main] Done.
2021-02-24 12:06:12,836 INFO U.R.SSHManager [main] Going to executing command: net start
2021-02-24 12:06:12,890 DEBUG U.R.SSHManager [main] Done.
2021-02-24 12:06:17,891 INFO U.R.SSHManager [main] Going to executing command: net start
2021-02-24 12:06:18,120 DEBUG U.R.SSHManager [main] Done.
2021-02-24 12:06:23,120 INFO U.R.SSHManager [main] Going to executing command: net start
2021-02-24 12:06:23,166 DEBUG U.R.SSHManager [main] Done.
2021-02-24 12:06:28,167 INFO U.R.SSHManager [main] Going to executing command: net start
2021-02-24 12:06:28,210 DEBUG U.R.SSHManager [main] Done.
2021-02-24 12:06:33,210 INFO U.R.SSHManager [main] Going to executing command: net start
2021-02-24 12:06:33,264 DEBUG U.R.SSHManager [main] Done.
2021-02-24 12:06:38,264 INFO U.R.SSHManager [main] Going to executing command: net start
2021-02-24 12:06:38,299 DEBUG U.R.SSHManager [main] Done.
2021-02-24 12:06:43,299 INFO U.R.SSHManager [main] Going to executing command: net start
2021-02-24 12:06:43,335 DEBUG U.R.SSHManager [main] Done.
2021-02-24 12:06:48,336 INFO U.R.SSHManager [main] Going to executing command: net start
2021-02-24 12:06:48,384 DEBUG U.R.SSHManager [main] Done.
2021-02-24 12:06:53,386 INFO U.R.SSHManager [main] Going to executing command: net start
2021-02-24 12:06:53,448 DEBUG U.R.SSHManager [main] Done.
2021-02-24 12:06:58,449 INFO U.R.SSHManager [main] Going to executing command: net start
2021-02-24 12:06:58,496 DEBUG U.R.SSHManager [main] Done.
2021-02-24 12:07:03,497 INFO U.R.SSHManager [main] Going to executing command: net start
2021-02-24 12:07:03,543 DEBUG U.R.SSHManager [main] Done.
2021-02-24 12:07:08,544 INFO U.R.SSHManager [main] Going to executing command: net start
2021-02-24 12:07:08,592 DEBUG U.R.SSHManager [main] Done.
2021-02-24 12:07:13,592 INFO U.R.SSHManager [main] Going to executing command: net start
2021-02-24 12:07:13,643 DEBUG U.R.SSHManager [main] Done.
2021-02-24 12:07:18,643 INFO U.R.SSHManager [main] Going to executing command: net start
2021-02-24 12:07:18,689 DEBUG U.R.SSHManager [main] Done.
2021-02-24 12:07:23,691 INFO U.R.SSHManager [main] Going to executing command: net start
2021-02-24 12:07:23,742 DEBUG U.R.SSHManager [main] Done.
2021-02-24 12:07:28,743 INFO U.R.SSHManager [main] Going to executing command: net start
2021-02-24 12:07:28,777 DEBUG U.R.SSHManager [main] Done.
2021-02-24 12:07:33,777 INFO U.R.SSHManager [main] Going to executing command: net start
2021-02-24 12:07:33,847 DEBUG U.R.SSHManager [main] Done.
2021-02-24 12:07:38,847 INFO U.R.SSHManager [main] Going to executing command: net start
2021-02-24 12:07:38,884 DEBUG U.R.SSHManager [main] Done.
2021-02-24 12:07:43,885 INFO U.R.SSHManager [main] Going to executing command: net start
2021-02-24 12:07:43,921 DEBUG U.R.SSHManager [main] Done.
2021-02-24 12:07:48,922 INFO U.R.SSHManager [main] Going to executing command: net start
2021-02-24 12:07:48,954 DEBUG U.R.SSHManager [main] Done.
2021-02-24 12:07:53,955 INFO U.R.SSHManager [main] Going to executing command: net start
2021-02-24 12:07:53,986 DEBUG U.R.SSHManager [main] Done.
2021-02-24 12:07:58,987 INFO U.R.SSHManager [main] Going to executing command: net start
2021-02-24 12:07:59,018 DEBUG U.R.SSHManager [main] Done.
2021-02-24 12:07:59,018 INFO T.E.InitAndCleanupPortal [main] Service is still running, going to force uninstall
2021-02-24 12:07:59,019 INFO A.WinAgentActions [main] Uninstalling EP if exists...
2021-02-24 12:07:59,019 INFO U.R.SSHManager [main] Going to executing command: C:/home/NepEPDownloads/TrustwaveEndpoint.exe /q /uninstall
