<?xml version="1.0" encoding="UTF-8"?>
<testng-results ignored="0" total="11" passed="0" failed="1" skipped="10">
  <reporter-output>
  </reporter-output>
  <suite started-at="2021-01-27T16:30:10 IST" name="Smoke tests - Portal QA env" finished-at="2021-01-27T16:38:24 IST" duration-ms="494192">
    <groups>
      <group name="RevokeEndpoint">
        <method signature="RevokeEndpoint.revokeEndpoint()[pri:11, instance:Tests.LNE.RevokeEndpoint@7f02251, instance params:[{EP_UserName_1=Moshe.Avidor, EP_Password_1=Smile2008@, EP_Type_1=win, EP_Values_Populate_Method=Row_For_Every_EP, EP_HostName_1=10.243.68.212}]]" name="revokeEndpoint" class="Tests.LNE.RevokeEndpoint"/>
      </group> <!-- RevokeEndpoint -->
      <group name="DownloadInstallers">
        <method signature="DownloadInstallers.downloadInstallersFromFileCabinet()[pri:0, instance:Tests.Environments.DownloadInstallers@d176a31, instance params:[{Parameters Per Environment=QA, Customer=TrustwaveEP Test#21, Wait because File is still being processed (virus scanned and stored)=900, Wait files to be downloaded timeout in seconds=600, Wait files ready to download timeout=600}]]" name="downloadInstallersFromFileCabinet" class="Tests.Environments.DownloadInstallers"/>
      </group> <!-- DownloadInstallers -->
      <group name="StandaloneEPconfiguration">
        <method signature="StandaloneEPconfigurationVerify.verifyStandaloneEPconfiguration()[pri:20, instance:Tests.LNE.StandaloneEPconfigurationVerify@392a04e7, instance params:[{StandAloneConfig=#REF!, EP_Type_1=win, EP_UserName_1=Moshe.Avidor, EP_Password_1=Smile2008@, EP_HostName_1=10.243.68.212, EP_Values_Populate_Method=All_EP_In_One_Row, Download timeout=180}]]" name="verifyStandaloneEPconfiguration" class="Tests.LNE.StandaloneEPconfigurationVerify"/>
      </group> <!-- StandaloneEPconfiguration -->
      <group name="ChangeCustomerConfAndVerify">
        <method signature="ChangeCustomerConfAndVerify.changeCustomerConfAndVerify()[pri:20, instance:Tests.LNE.ChangeCustomerConfAndVerify@6f952d6c, instance params:[{EP_UserName_1=Moshe.Avidor, EP_Password_1=Smile2008@, EP_Type_1=win, EP_HostName_1=10.243.68.212, EP_Values_Populate_Method=All_EP_In_One_Row}]]" name="changeCustomerConfAndVerify" class="Tests.LNE.ChangeCustomerConfAndVerify"/>
      </group> <!-- ChangeCustomerConfAndVerify -->
      <group name="InitAndCleanup">
        <method signature="InitAndCleanupPortal.cleanupAgents()[pri:11, instance:Tests.Environments.InitAndCleanupPortal@7bef452c, instance params:[{hostname=NTY-EN-8D25HC2, EP_Type_1=win, Customer=TrustwaveEP Test#21, EP_UserName_1=Moshe.Avidor, Cluster=dddddd, EP_Password_1=Smile2008@, Parameters Per Environment=QA, EP_Values_Populate_Method=Row_For_Every_EP, EP_HostName_1=10.243.68.212}]]" name="cleanupAgents" class="Tests.Environments.InitAndCleanupPortal"/>
      </group> <!-- InitAndCleanup -->
      <group name="verify">
        <method signature="VerifyEndPointOkAtPortalTest.VerifyEndPointStatusAtPortalTest()[pri:0, instance:Tests.Environments.VerifyEndPointOkAtPortalTest@6d4a65c6, instance params:[{EP_Type_1=win, Customer=TrustwaveEP Test#21, EP_UserName_1=Moshe.Avidor, EP_Password_1=Smile2008@, Parameters Per Environment=QA, EP_Values_Populate_Method=Row_For_Every_EP, EP_HostName_1=10.243.68.212, EP Appear At CentCom Timeout=120}]]" name="VerifyEndPointStatusAtPortalTest" class="Tests.Environments.VerifyEndPointOkAtPortalTest"/>
      </group> <!-- verify -->
      <group name="ClusterConfiguration">
        <method signature="ClusterConfiguration.setClusterConfiguration()[pri:20, instance:Tests.LNE.ClusterConfiguration@4c98a6d5, instance params:[{EP_Type_1=win, EP_Type_2=win, EP_UserName_1=Moshe.Avidor, EP_Password_2=password, EP_UserName_2=user name, EP_Password_1=Smile2008@, EP_HostName_1=10.243.68.212, EP_Values_Populate_Method=All_EP_In_One_Row, EP_HostName_2=hostname}]]" name="setClusterConfiguration" class="Tests.LNE.ClusterConfiguration"/>
      </group> <!-- ClusterConfiguration -->
      <group name="InstallEP">
        <method signature="InstallEndPointEnvironmentsTest.InstallTest()[pri:0, instance:Tests.Environments.InstallEndPointEnvironmentsTest@5965844d, instance params:[{Installation timeout=180, From service start until logs show active timeout=180, EP_Type_1=win, EP_UserName_1=Moshe.Avidor, EP_Password_1=Smile2008@, EP_Values_Populate_Method=Row_For_Every_EP, EP_HostName_1=10.243.68.212}]]" name="InstallTest" class="Tests.Environments.InstallEndPointEnvironmentsTest"/>
      </group> <!-- InstallEP -->
      <group name="CreateNewInstallers">
        <method signature="CreateNewInstallers.CreateNewInstalllersAndDeleteOldInstallers()[pri:0, instance:Tests.Environments.CreateNewInstallers@f14e5bf, instance params:[{Parameters Per Environment=QA, Wait for publish to be completed=180, Customer=TrustwaveEP Test#21}]]" name="CreateNewInstalllersAndDeleteOldInstallers" class="Tests.Environments.CreateNewInstallers"/>
      </group> <!-- CreateNewInstallers -->
      <group name="logs">
        <method signature="ClientLogToPortalTest.SendLogsAndVerify()[pri:0, instance:Tests.Environments.ClientLogToPortalTest@aa004a0, instance params:[{Event Description=Hello!! this is the test info, Customer=TrustwaveEP Test#21, Log To Appear Timeout=1800, Event Log=APPLICATION, Fusion Password=P@ssw0rd1, EP_UserName_1=Moshe.Avidor, EP_Password_1=Smile2008@, Parameters Per Environment=QA, Fusion User Name=twSuperAdmin, Event ID=123, Add time stamp to description=Yes, Event Source=AutomationTest, Fusion Link=https://portal.qa.tw-test.net, EP_Type_1=win, Event Type=INFORMATION, Report Interval=30, EP_Values_Populate_Method=Row_For_Every_EP, EP_HostName_1=10.243.68.212}]]" name="SendLogsAndVerify" class="Tests.Environments.ClientLogToPortalTest"/>
      </group> <!-- logs -->
      <group name="DeleteEndpoint">
        <method signature="DeleteEndpoint.deleteEndpoint()[pri:10, instance:Tests.LNE.DeleteEndpoint@dffa30b, instance params:[{EP_UserName_1=Moshe.Avidor, EP_Password_1=Smile2008@, EP_Type_1=win, EP_Values_Populate_Method=Row_For_Every_EP, EP_HostName_1=10.243.68.212}]]" name="deleteEndpoint" class="Tests.LNE.DeleteEndpoint"/>
      </group> <!-- DeleteEndpoint -->
    </groups>
    <test started-at="2021-01-27T16:30:10 IST" name="Smoke tests - Portal QA env" finished-at="2021-01-27T16:38:24 IST" duration-ms="494192">
      <class name="Tests.LNE.RevokeEndpoint">
        <test-method signature="revokeEndpoint()[pri:11, instance:Tests.LNE.RevokeEndpoint@7f02251, instance params:[{EP_UserName_1=Moshe.Avidor, EP_Password_1=Smile2008@, EP_Type_1=win, EP_Values_Populate_Method=Row_For_Every_EP, EP_HostName_1=10.243.68.212}]]" started-at="2021-01-27T16:38:24 IST" name="revokeEndpoint" depends-on-groups="InstallEP" finished-at="2021-01-27T16:38:24 IST" duration-ms="0" status="SKIP">
          <exception class="java.lang.Throwable">
            <message>
              <![CDATA[Method RevokeEndpoint.revokeEndpoint()[pri:11, instance:Tests.LNE.RevokeEndpoint@7f02251, instance params:[{EP_UserName_1=Moshe.Avidor, EP_Password_1=Smile2008@, EP_Type_1=win, EP_Values_Populate_Method=Row_For_Every_EP, EP_HostName_1=10.243.68.212}]] depends on not successfully finished methods in group "InstallEP"]]>
            </message>
            <full-stacktrace>
              <![CDATA[java.lang.Throwable: Method RevokeEndpoint.revokeEndpoint()[pri:11, instance:Tests.LNE.RevokeEndpoint@7f02251, instance params:[{EP_UserName_1=Moshe.Avidor, EP_Password_1=Smile2008@, EP_Type_1=win, EP_Values_Populate_Method=Row_For_Every_EP, EP_HostName_1=10.243.68.212}]] depends on not successfully finished methods in group "InstallEP"
at org.testng.internal.TestInvoker.invokeTestMethods(TestInvoker.java:101)
at org.testng.internal.TestMethodWorker.invokeTestMethods(TestMethodWorker.java:146)
at org.testng.internal.TestMethodWorker.run(TestMethodWorker.java:128)
at java.base/java.util.ArrayList.forEach(ArrayList.java:1540)
at org.testng.TestRunner.privateRun(TestRunner.java:766)
at org.testng.TestRunner.run(TestRunner.java:587)
at org.testng.SuiteRunner.runTest(SuiteRunner.java:384)
at org.testng.SuiteRunner.runSequentially(SuiteRunner.java:378)
at org.testng.SuiteRunner.privateRun(SuiteRunner.java:337)
at org.testng.SuiteRunner.run(SuiteRunner.java:286)
at org.testng.SuiteRunnerWorker.runSuite(SuiteRunnerWorker.java:53)
at org.testng.SuiteRunnerWorker.run(SuiteRunnerWorker.java:96)
at org.testng.TestNG.runSuitesSequentially(TestNG.java:1187)
at org.testng.TestNG.runSuitesLocally(TestNG.java:1109)
at org.testng.TestNG.runSuites(TestNG.java:1039)
at org.testng.TestNG.run(TestNG.java:1007)
at Utils.Main.RunTest.main(RunTest.java:116)
]]>
            </full-stacktrace>
          </exception> <!-- java.lang.Throwable -->
          <reporter-output>
          </reporter-output>
        </test-method> <!-- revokeEndpoint -->
      </class> <!-- Tests.LNE.RevokeEndpoint -->
      <class name="Tests.Environments.CreateNewInstallers">
        <test-method signature="CreateNewInstalllersAndDeleteOldInstallers()[pri:0, instance:Tests.Environments.CreateNewInstallers@f14e5bf, instance params:[{Parameters Per Environment=QA, Wait for publish to be completed=180, Customer=TrustwaveEP Test#21}]]" started-at="2021-01-27T16:38:24 IST" name="CreateNewInstalllersAndDeleteOldInstallers" depends-on-groups="InitAndCleanup" finished-at="2021-01-27T16:38:24 IST" duration-ms="0" status="SKIP">
          <exception class="java.lang.Throwable">
            <message>
              <![CDATA[Method CreateNewInstallers.CreateNewInstalllersAndDeleteOldInstallers()[pri:0, instance:Tests.Environments.CreateNewInstallers@f14e5bf, instance params:[{Parameters Per Environment=QA, Wait for publish to be completed=180, Customer=TrustwaveEP Test#21}]] depends on not successfully finished methods in group "InitAndCleanup"]]>
            </message>
            <full-stacktrace>
              <![CDATA[java.lang.Throwable: Method CreateNewInstallers.CreateNewInstalllersAndDeleteOldInstallers()[pri:0, instance:Tests.Environments.CreateNewInstallers@f14e5bf, instance params:[{Parameters Per Environment=QA, Wait for publish to be completed=180, Customer=TrustwaveEP Test#21}]] depends on not successfully finished methods in group "InitAndCleanup"
at org.testng.internal.TestInvoker.invokeTestMethods(TestInvoker.java:101)
at org.testng.internal.TestMethodWorker.invokeTestMethods(TestMethodWorker.java:146)
at org.testng.internal.TestMethodWorker.run(TestMethodWorker.java:128)
at java.base/java.util.ArrayList.forEach(ArrayList.java:1540)
at org.testng.TestRunner.privateRun(TestRunner.java:766)
at org.testng.TestRunner.run(TestRunner.java:587)
at org.testng.SuiteRunner.runTest(SuiteRunner.java:384)
at org.testng.SuiteRunner.runSequentially(SuiteRunner.java:378)
at org.testng.SuiteRunner.privateRun(SuiteRunner.java:337)
at org.testng.SuiteRunner.run(SuiteRunner.java:286)
at org.testng.SuiteRunnerWorker.runSuite(SuiteRunnerWorker.java:53)
at org.testng.SuiteRunnerWorker.run(SuiteRunnerWorker.java:96)
at org.testng.TestNG.runSuitesSequentially(TestNG.java:1187)
at org.testng.TestNG.runSuitesLocally(TestNG.java:1109)
at org.testng.TestNG.runSuites(TestNG.java:1039)
at org.testng.TestNG.run(TestNG.java:1007)
at Utils.Main.RunTest.main(RunTest.java:116)
]]>
            </full-stacktrace>
          </exception> <!-- java.lang.Throwable -->
          <reporter-output>
          </reporter-output>
        </test-method> <!-- CreateNewInstalllersAndDeleteOldInstallers -->
      </class> <!-- Tests.Environments.CreateNewInstallers -->
      <class name="Tests.LNE.ChangeCustomerConfAndVerify">
        <test-method signature="changeCustomerConfAndVerify()[pri:20, instance:Tests.LNE.ChangeCustomerConfAndVerify@6f952d6c, instance params:[{EP_UserName_1=Moshe.Avidor, EP_Password_1=Smile2008@, EP_Type_1=win, EP_HostName_1=10.243.68.212, EP_Values_Populate_Method=All_EP_In_One_Row}]]" started-at="2021-01-27T16:38:24 IST" name="changeCustomerConfAndVerify" depends-on-groups="DownloadInstallers" finished-at="2021-01-27T16:38:24 IST" duration-ms="0" status="SKIP">
          <exception class="java.lang.Throwable">
            <message>
              <![CDATA[Method ChangeCustomerConfAndVerify.changeCustomerConfAndVerify()[pri:20, instance:Tests.LNE.ChangeCustomerConfAndVerify@6f952d6c, instance params:[{EP_UserName_1=Moshe.Avidor, EP_Password_1=Smile2008@, EP_Type_1=win, EP_HostName_1=10.243.68.212, EP_Values_Populate_Method=All_EP_In_One_Row}]] depends on not successfully finished methods in group "DownloadInstallers"]]>
            </message>
            <full-stacktrace>
              <![CDATA[java.lang.Throwable: Method ChangeCustomerConfAndVerify.changeCustomerConfAndVerify()[pri:20, instance:Tests.LNE.ChangeCustomerConfAndVerify@6f952d6c, instance params:[{EP_UserName_1=Moshe.Avidor, EP_Password_1=Smile2008@, EP_Type_1=win, EP_HostName_1=10.243.68.212, EP_Values_Populate_Method=All_EP_In_One_Row}]] depends on not successfully finished methods in group "DownloadInstallers"
at org.testng.internal.TestInvoker.invokeTestMethods(TestInvoker.java:101)
at org.testng.internal.TestMethodWorker.invokeTestMethods(TestMethodWorker.java:146)
at org.testng.internal.TestMethodWorker.run(TestMethodWorker.java:128)
at java.base/java.util.ArrayList.forEach(ArrayList.java:1540)
at org.testng.TestRunner.privateRun(TestRunner.java:766)
at org.testng.TestRunner.run(TestRunner.java:587)
at org.testng.SuiteRunner.runTest(SuiteRunner.java:384)
at org.testng.SuiteRunner.runSequentially(SuiteRunner.java:378)
at org.testng.SuiteRunner.privateRun(SuiteRunner.java:337)
at org.testng.SuiteRunner.run(SuiteRunner.java:286)
at org.testng.SuiteRunnerWorker.runSuite(SuiteRunnerWorker.java:53)
at org.testng.SuiteRunnerWorker.run(SuiteRunnerWorker.java:96)
at org.testng.TestNG.runSuitesSequentially(TestNG.java:1187)
at org.testng.TestNG.runSuitesLocally(TestNG.java:1109)
at org.testng.TestNG.runSuites(TestNG.java:1039)
at org.testng.TestNG.run(TestNG.java:1007)
at Utils.Main.RunTest.main(RunTest.java:116)
]]>
            </full-stacktrace>
          </exception> <!-- java.lang.Throwable -->
          <reporter-output>
          </reporter-output>
        </test-method> <!-- changeCustomerConfAndVerify -->
      </class> <!-- Tests.LNE.ChangeCustomerConfAndVerify -->
      <class name="Tests.Environments.DownloadInstallers">
        <test-method signature="downloadInstallersFromFileCabinet()[pri:0, instance:Tests.Environments.DownloadInstallers@d176a31, instance params:[{Parameters Per Environment=QA, Customer=TrustwaveEP Test#21, Wait because File is still being processed (virus scanned and stored)=900, Wait files to be downloaded timeout in seconds=600, Wait files ready to download timeout=600}]]" started-at="2021-01-27T16:38:24 IST" name="downloadInstallersFromFileCabinet" depends-on-groups="CreateNewInstallers" finished-at="2021-01-27T16:38:24 IST" duration-ms="0" status="SKIP">
          <exception class="java.lang.Throwable">
            <message>
              <![CDATA[Method DownloadInstallers.downloadInstallersFromFileCabinet()[pri:0, instance:Tests.Environments.DownloadInstallers@d176a31, instance params:[{Parameters Per Environment=QA, Customer=TrustwaveEP Test#21, Wait because File is still being processed (virus scanned and stored)=900, Wait files to be downloaded timeout in seconds=600, Wait files ready to download timeout=600}]] depends on not successfully finished methods in group "CreateNewInstallers"]]>
            </message>
            <full-stacktrace>
              <![CDATA[java.lang.Throwable: Method DownloadInstallers.downloadInstallersFromFileCabinet()[pri:0, instance:Tests.Environments.DownloadInstallers@d176a31, instance params:[{Parameters Per Environment=QA, Customer=TrustwaveEP Test#21, Wait because File is still being processed (virus scanned and stored)=900, Wait files to be downloaded timeout in seconds=600, Wait files ready to download timeout=600}]] depends on not successfully finished methods in group "CreateNewInstallers"
at org.testng.internal.TestInvoker.invokeTestMethods(TestInvoker.java:101)
at org.testng.internal.TestMethodWorker.invokeTestMethods(TestMethodWorker.java:146)
at org.testng.internal.TestMethodWorker.run(TestMethodWorker.java:128)
at java.base/java.util.ArrayList.forEach(ArrayList.java:1540)
at org.testng.TestRunner.privateRun(TestRunner.java:766)
at org.testng.TestRunner.run(TestRunner.java:587)
at org.testng.SuiteRunner.runTest(SuiteRunner.java:384)
at org.testng.SuiteRunner.runSequentially(SuiteRunner.java:378)
at org.testng.SuiteRunner.privateRun(SuiteRunner.java:337)
at org.testng.SuiteRunner.run(SuiteRunner.java:286)
at org.testng.SuiteRunnerWorker.runSuite(SuiteRunnerWorker.java:53)
at org.testng.SuiteRunnerWorker.run(SuiteRunnerWorker.java:96)
at org.testng.TestNG.runSuitesSequentially(TestNG.java:1187)
at org.testng.TestNG.runSuitesLocally(TestNG.java:1109)
at org.testng.TestNG.runSuites(TestNG.java:1039)
at org.testng.TestNG.run(TestNG.java:1007)
at Utils.Main.RunTest.main(RunTest.java:116)
]]>
            </full-stacktrace>
          </exception> <!-- java.lang.Throwable -->
          <reporter-output>
          </reporter-output>
        </test-method> <!-- downloadInstallersFromFileCabinet -->
      </class> <!-- Tests.Environments.DownloadInstallers -->
      <class name="Tests.Environments.ClientLogToPortalTest">
        <test-method signature="SendLogsAndVerify()[pri:0, instance:Tests.Environments.ClientLogToPortalTest@aa004a0, instance params:[{Event Description=Hello!! this is the test info, Customer=TrustwaveEP Test#21, Log To Appear Timeout=1800, Event Log=APPLICATION, Fusion Password=P@ssw0rd1, EP_UserName_1=Moshe.Avidor, EP_Password_1=Smile2008@, Parameters Per Environment=QA, Fusion User Name=twSuperAdmin, Event ID=123, Add time stamp to description=Yes, Event Source=AutomationTest, Fusion Link=https://portal.qa.tw-test.net, EP_Type_1=win, Event Type=INFORMATION, Report Interval=30, EP_Values_Populate_Method=Row_For_Every_EP, EP_HostName_1=10.243.68.212}]]" started-at="2021-01-27T16:38:24 IST" name="SendLogsAndVerify" depends-on-groups="verify" finished-at="2021-01-27T16:38:24 IST" duration-ms="0" status="SKIP">
          <exception class="java.lang.Throwable">
            <message>
              <![CDATA[Method ClientLogToPortalTest.SendLogsAndVerify()[pri:0, instance:Tests.Environments.ClientLogToPortalTest@aa004a0, instance params:[{Event Description=Hello!! this is the test info, Customer=TrustwaveEP Test#21, Log To Appear Timeout=1800, Event Log=APPLICATION, Fusion Password=P@ssw0rd1, EP_UserName_1=Moshe.Avidor, EP_Password_1=Smile2008@, Parameters Per Environment=QA, Fusion User Name=twSuperAdmin, Event ID=123, Add time stamp to description=Yes, Event Source=AutomationTest, Fusion Link=https://portal.qa.tw-test.net, EP_Type_1=win, Event Type=INFORMATION, Report Interval=30, EP_Values_Populate_Method=Row_For_Every_EP, EP_HostName_1=10.243.68.212}]] depends on not successfully finished methods in group "verify"]]>
            </message>
            <full-stacktrace>
              <![CDATA[java.lang.Throwable: Method ClientLogToPortalTest.SendLogsAndVerify()[pri:0, instance:Tests.Environments.ClientLogToPortalTest@aa004a0, instance params:[{Event Description=Hello!! this is the test info, Customer=TrustwaveEP Test#21, Log To Appear Timeout=1800, Event Log=APPLICATION, Fusion Password=P@ssw0rd1, EP_UserName_1=Moshe.Avidor, EP_Password_1=Smile2008@, Parameters Per Environment=QA, Fusion User Name=twSuperAdmin, Event ID=123, Add time stamp to description=Yes, Event Source=AutomationTest, Fusion Link=https://portal.qa.tw-test.net, EP_Type_1=win, Event Type=INFORMATION, Report Interval=30, EP_Values_Populate_Method=Row_For_Every_EP, EP_HostName_1=10.243.68.212}]] depends on not successfully finished methods in group "verify"
at org.testng.internal.TestInvoker.invokeTestMethods(TestInvoker.java:101)
at org.testng.internal.TestMethodWorker.invokeTestMethods(TestMethodWorker.java:146)
at org.testng.internal.TestMethodWorker.run(TestMethodWorker.java:128)
at java.base/java.util.ArrayList.forEach(ArrayList.java:1540)
at org.testng.TestRunner.privateRun(TestRunner.java:766)
at org.testng.TestRunner.run(TestRunner.java:587)
at org.testng.SuiteRunner.runTest(SuiteRunner.java:384)
at org.testng.SuiteRunner.runSequentially(SuiteRunner.java:378)
at org.testng.SuiteRunner.privateRun(SuiteRunner.java:337)
at org.testng.SuiteRunner.run(SuiteRunner.java:286)
at org.testng.SuiteRunnerWorker.runSuite(SuiteRunnerWorker.java:53)
at org.testng.SuiteRunnerWorker.run(SuiteRunnerWorker.java:96)
at org.testng.TestNG.runSuitesSequentially(TestNG.java:1187)
at org.testng.TestNG.runSuitesLocally(TestNG.java:1109)
at org.testng.TestNG.runSuites(TestNG.java:1039)
at org.testng.TestNG.run(TestNG.java:1007)
at Utils.Main.RunTest.main(RunTest.java:116)
]]>
            </full-stacktrace>
          </exception> <!-- java.lang.Throwable -->
          <reporter-output>
          </reporter-output>
        </test-method> <!-- SendLogsAndVerify -->
      </class> <!-- Tests.Environments.ClientLogToPortalTest -->
      <class name="Tests.Environments.InstallEndPointEnvironmentsTest">
        <test-method signature="InstallTest()[pri:0, instance:Tests.Environments.InstallEndPointEnvironmentsTest@5965844d, instance params:[{Installation timeout=180, From service start until logs show active timeout=180, EP_Type_1=win, EP_UserName_1=Moshe.Avidor, EP_Password_1=Smile2008@, EP_Values_Populate_Method=Row_For_Every_EP, EP_HostName_1=10.243.68.212}]]" started-at="2021-01-27T16:38:24 IST" name="InstallTest" depends-on-groups="ChangeCustomerConfAndVerify" finished-at="2021-01-27T16:38:24 IST" duration-ms="0" status="SKIP">
          <exception class="java.lang.Throwable">
            <message>
              <![CDATA[Method InstallEndPointEnvironmentsTest.InstallTest()[pri:0, instance:Tests.Environments.InstallEndPointEnvironmentsTest@5965844d, instance params:[{Installation timeout=180, From service start until logs show active timeout=180, EP_Type_1=win, EP_UserName_1=Moshe.Avidor, EP_Password_1=Smile2008@, EP_Values_Populate_Method=Row_For_Every_EP, EP_HostName_1=10.243.68.212}]] depends on not successfully finished methods in group "ChangeCustomerConfAndVerify"]]>
            </message>
            <full-stacktrace>
              <![CDATA[java.lang.Throwable: Method InstallEndPointEnvironmentsTest.InstallTest()[pri:0, instance:Tests.Environments.InstallEndPointEnvironmentsTest@5965844d, instance params:[{Installation timeout=180, From service start until logs show active timeout=180, EP_Type_1=win, EP_UserName_1=Moshe.Avidor, EP_Password_1=Smile2008@, EP_Values_Populate_Method=Row_For_Every_EP, EP_HostName_1=10.243.68.212}]] depends on not successfully finished methods in group "ChangeCustomerConfAndVerify"
at org.testng.internal.TestInvoker.invokeTestMethods(TestInvoker.java:101)
at org.testng.internal.TestMethodWorker.invokeTestMethods(TestMethodWorker.java:146)
at org.testng.internal.TestMethodWorker.run(TestMethodWorker.java:128)
at java.base/java.util.ArrayList.forEach(ArrayList.java:1540)
at org.testng.TestRunner.privateRun(TestRunner.java:766)
at org.testng.TestRunner.run(TestRunner.java:587)
at org.testng.SuiteRunner.runTest(SuiteRunner.java:384)
at org.testng.SuiteRunner.runSequentially(SuiteRunner.java:378)
at org.testng.SuiteRunner.privateRun(SuiteRunner.java:337)
at org.testng.SuiteRunner.run(SuiteRunner.java:286)
at org.testng.SuiteRunnerWorker.runSuite(SuiteRunnerWorker.java:53)
at org.testng.SuiteRunnerWorker.run(SuiteRunnerWorker.java:96)
at org.testng.TestNG.runSuitesSequentially(TestNG.java:1187)
at org.testng.TestNG.runSuitesLocally(TestNG.java:1109)
at org.testng.TestNG.runSuites(TestNG.java:1039)
at org.testng.TestNG.run(TestNG.java:1007)
at Utils.Main.RunTest.main(RunTest.java:116)
]]>
            </full-stacktrace>
          </exception> <!-- java.lang.Throwable -->
          <reporter-output>
          </reporter-output>
        </test-method> <!-- InstallTest -->
      </class> <!-- Tests.Environments.InstallEndPointEnvironmentsTest -->
      <class name="Tests.LNE.StandaloneEPconfigurationVerify">
        <test-method signature="verifyStandaloneEPconfiguration()[pri:20, instance:Tests.LNE.StandaloneEPconfigurationVerify@392a04e7, instance params:[{StandAloneConfig=#REF!, EP_Type_1=win, EP_UserName_1=Moshe.Avidor, EP_Password_1=Smile2008@, EP_HostName_1=10.243.68.212, EP_Values_Populate_Method=All_EP_In_One_Row, Download timeout=180}]]" started-at="2021-01-27T16:38:24 IST" name="verifyStandaloneEPconfiguration" depends-on-groups="InstallEP" finished-at="2021-01-27T16:38:24 IST" duration-ms="0" status="SKIP">
          <exception class="java.lang.Throwable">
            <message>
              <![CDATA[Method StandaloneEPconfigurationVerify.verifyStandaloneEPconfiguration()[pri:20, instance:Tests.LNE.StandaloneEPconfigurationVerify@392a04e7, instance params:[{StandAloneConfig=#REF!, EP_Type_1=win, EP_UserName_1=Moshe.Avidor, EP_Password_1=Smile2008@, EP_HostName_1=10.243.68.212, EP_Values_Populate_Method=All_EP_In_One_Row, Download timeout=180}]] depends on not successfully finished methods in group "InstallEP"]]>
            </message>
            <full-stacktrace>
              <![CDATA[java.lang.Throwable: Method StandaloneEPconfigurationVerify.verifyStandaloneEPconfiguration()[pri:20, instance:Tests.LNE.StandaloneEPconfigurationVerify@392a04e7, instance params:[{StandAloneConfig=#REF!, EP_Type_1=win, EP_UserName_1=Moshe.Avidor, EP_Password_1=Smile2008@, EP_HostName_1=10.243.68.212, EP_Values_Populate_Method=All_EP_In_One_Row, Download timeout=180}]] depends on not successfully finished methods in group "InstallEP"
at org.testng.internal.TestInvoker.invokeTestMethods(TestInvoker.java:101)
at org.testng.internal.TestMethodWorker.invokeTestMethods(TestMethodWorker.java:146)
at org.testng.internal.TestMethodWorker.run(TestMethodWorker.java:128)
at java.base/java.util.ArrayList.forEach(ArrayList.java:1540)
at org.testng.TestRunner.privateRun(TestRunner.java:766)
at org.testng.TestRunner.run(TestRunner.java:587)
at org.testng.SuiteRunner.runTest(SuiteRunner.java:384)
at org.testng.SuiteRunner.runSequentially(SuiteRunner.java:378)
at org.testng.SuiteRunner.privateRun(SuiteRunner.java:337)
at org.testng.SuiteRunner.run(SuiteRunner.java:286)
at org.testng.SuiteRunnerWorker.runSuite(SuiteRunnerWorker.java:53)
at org.testng.SuiteRunnerWorker.run(SuiteRunnerWorker.java:96)
at org.testng.TestNG.runSuitesSequentially(TestNG.java:1187)
at org.testng.TestNG.runSuitesLocally(TestNG.java:1109)
at org.testng.TestNG.runSuites(TestNG.java:1039)
at org.testng.TestNG.run(TestNG.java:1007)
at Utils.Main.RunTest.main(RunTest.java:116)
]]>
            </full-stacktrace>
          </exception> <!-- java.lang.Throwable -->
          <reporter-output>
          </reporter-output>
        </test-method> <!-- verifyStandaloneEPconfiguration -->
      </class> <!-- Tests.LNE.StandaloneEPconfigurationVerify -->
      <class name="Tests.Environments.VerifyEndPointOkAtPortalTest">
        <test-method signature="VerifyEndPointStatusAtPortalTest()[pri:0, instance:Tests.Environments.VerifyEndPointOkAtPortalTest@6d4a65c6, instance params:[{EP_Type_1=win, Customer=TrustwaveEP Test#21, EP_UserName_1=Moshe.Avidor, EP_Password_1=Smile2008@, Parameters Per Environment=QA, EP_Values_Populate_Method=Row_For_Every_EP, EP_HostName_1=10.243.68.212, EP Appear At CentCom Timeout=120}]]" started-at="2021-01-27T16:38:24 IST" name="VerifyEndPointStatusAtPortalTest" depends-on-groups="InstallEP" finished-at="2021-01-27T16:38:24 IST" duration-ms="0" status="SKIP">
          <exception class="java.lang.Throwable">
            <message>
              <![CDATA[Method VerifyEndPointOkAtPortalTest.VerifyEndPointStatusAtPortalTest()[pri:0, instance:Tests.Environments.VerifyEndPointOkAtPortalTest@6d4a65c6, instance params:[{EP_Type_1=win, Customer=TrustwaveEP Test#21, EP_UserName_1=Moshe.Avidor, EP_Password_1=Smile2008@, Parameters Per Environment=QA, EP_Values_Populate_Method=Row_For_Every_EP, EP_HostName_1=10.243.68.212, EP Appear At CentCom Timeout=120}]] depends on not successfully finished methods in group "InstallEP"]]>
            </message>
            <full-stacktrace>
              <![CDATA[java.lang.Throwable: Method VerifyEndPointOkAtPortalTest.VerifyEndPointStatusAtPortalTest()[pri:0, instance:Tests.Environments.VerifyEndPointOkAtPortalTest@6d4a65c6, instance params:[{EP_Type_1=win, Customer=TrustwaveEP Test#21, EP_UserName_1=Moshe.Avidor, EP_Password_1=Smile2008@, Parameters Per Environment=QA, EP_Values_Populate_Method=Row_For_Every_EP, EP_HostName_1=10.243.68.212, EP Appear At CentCom Timeout=120}]] depends on not successfully finished methods in group "InstallEP"
at org.testng.internal.TestInvoker.invokeTestMethods(TestInvoker.java:101)
at org.testng.internal.TestMethodWorker.invokeTestMethods(TestMethodWorker.java:146)
at org.testng.internal.TestMethodWorker.run(TestMethodWorker.java:128)
at java.base/java.util.ArrayList.forEach(ArrayList.java:1540)
at org.testng.TestRunner.privateRun(TestRunner.java:766)
at org.testng.TestRunner.run(TestRunner.java:587)
at org.testng.SuiteRunner.runTest(SuiteRunner.java:384)
at org.testng.SuiteRunner.runSequentially(SuiteRunner.java:378)
at org.testng.SuiteRunner.privateRun(SuiteRunner.java:337)
at org.testng.SuiteRunner.run(SuiteRunner.java:286)
at org.testng.SuiteRunnerWorker.runSuite(SuiteRunnerWorker.java:53)
at org.testng.SuiteRunnerWorker.run(SuiteRunnerWorker.java:96)
at org.testng.TestNG.runSuitesSequentially(TestNG.java:1187)
at org.testng.TestNG.runSuitesLocally(TestNG.java:1109)
at org.testng.TestNG.runSuites(TestNG.java:1039)
at org.testng.TestNG.run(TestNG.java:1007)
at Utils.Main.RunTest.main(RunTest.java:116)
]]>
            </full-stacktrace>
          </exception> <!-- java.lang.Throwable -->
          <reporter-output>
          </reporter-output>
        </test-method> <!-- VerifyEndPointStatusAtPortalTest -->
      </class> <!-- Tests.Environments.VerifyEndPointOkAtPortalTest -->
      <class name="Tests.LNE.ClusterConfiguration">
        <test-method signature="setClusterConfiguration()[pri:20, instance:Tests.LNE.ClusterConfiguration@4c98a6d5, instance params:[{EP_Type_1=win, EP_Type_2=win, EP_UserName_1=Moshe.Avidor, EP_Password_2=password, EP_UserName_2=user name, EP_Password_1=Smile2008@, EP_HostName_1=10.243.68.212, EP_Values_Populate_Method=All_EP_In_One_Row, EP_HostName_2=hostname}]]" started-at="2021-01-27T16:38:24 IST" name="setClusterConfiguration" depends-on-groups="InstallEP" finished-at="2021-01-27T16:38:24 IST" duration-ms="0" status="SKIP">
          <exception class="java.lang.Throwable">
            <message>
              <![CDATA[Method ClusterConfiguration.setClusterConfiguration()[pri:20, instance:Tests.LNE.ClusterConfiguration@4c98a6d5, instance params:[{EP_Type_1=win, EP_Type_2=win, EP_UserName_1=Moshe.Avidor, EP_Password_2=password, EP_UserName_2=user name, EP_Password_1=Smile2008@, EP_HostName_1=10.243.68.212, EP_Values_Populate_Method=All_EP_In_One_Row, EP_HostName_2=hostname}]] depends on not successfully finished methods in group "InstallEP"]]>
            </message>
            <full-stacktrace>
              <![CDATA[java.lang.Throwable: Method ClusterConfiguration.setClusterConfiguration()[pri:20, instance:Tests.LNE.ClusterConfiguration@4c98a6d5, instance params:[{EP_Type_1=win, EP_Type_2=win, EP_UserName_1=Moshe.Avidor, EP_Password_2=password, EP_UserName_2=user name, EP_Password_1=Smile2008@, EP_HostName_1=10.243.68.212, EP_Values_Populate_Method=All_EP_In_One_Row, EP_HostName_2=hostname}]] depends on not successfully finished methods in group "InstallEP"
at org.testng.internal.TestInvoker.invokeTestMethods(TestInvoker.java:101)
at org.testng.internal.TestMethodWorker.invokeTestMethods(TestMethodWorker.java:146)
at org.testng.internal.TestMethodWorker.run(TestMethodWorker.java:128)
at java.base/java.util.ArrayList.forEach(ArrayList.java:1540)
at org.testng.TestRunner.privateRun(TestRunner.java:766)
at org.testng.TestRunner.run(TestRunner.java:587)
at org.testng.SuiteRunner.runTest(SuiteRunner.java:384)
at org.testng.SuiteRunner.runSequentially(SuiteRunner.java:378)
at org.testng.SuiteRunner.privateRun(SuiteRunner.java:337)
at org.testng.SuiteRunner.run(SuiteRunner.java:286)
at org.testng.SuiteRunnerWorker.runSuite(SuiteRunnerWorker.java:53)
at org.testng.SuiteRunnerWorker.run(SuiteRunnerWorker.java:96)
at org.testng.TestNG.runSuitesSequentially(TestNG.java:1187)
at org.testng.TestNG.runSuitesLocally(TestNG.java:1109)
at org.testng.TestNG.runSuites(TestNG.java:1039)
at org.testng.TestNG.run(TestNG.java:1007)
at Utils.Main.RunTest.main(RunTest.java:116)
]]>
            </full-stacktrace>
          </exception> <!-- java.lang.Throwable -->
          <reporter-output>
          </reporter-output>
        </test-method> <!-- setClusterConfiguration -->
      </class> <!-- Tests.LNE.ClusterConfiguration -->
      <class name="Tests.LNE.DeleteEndpoint">
        <test-method signature="deleteEndpoint()[pri:10, instance:Tests.LNE.DeleteEndpoint@dffa30b, instance params:[{EP_UserName_1=Moshe.Avidor, EP_Password_1=Smile2008@, EP_Type_1=win, EP_Values_Populate_Method=Row_For_Every_EP, EP_HostName_1=10.243.68.212}]]" started-at="2021-01-27T16:38:24 IST" name="deleteEndpoint" depends-on-groups="InstallEP" finished-at="2021-01-27T16:38:24 IST" duration-ms="0" status="SKIP">
          <exception class="java.lang.Throwable">
            <message>
              <![CDATA[Method DeleteEndpoint.deleteEndpoint()[pri:10, instance:Tests.LNE.DeleteEndpoint@dffa30b, instance params:[{EP_UserName_1=Moshe.Avidor, EP_Password_1=Smile2008@, EP_Type_1=win, EP_Values_Populate_Method=Row_For_Every_EP, EP_HostName_1=10.243.68.212}]] depends on not successfully finished methods in group "InstallEP"]]>
            </message>
            <full-stacktrace>
              <![CDATA[java.lang.Throwable: Method DeleteEndpoint.deleteEndpoint()[pri:10, instance:Tests.LNE.DeleteEndpoint@dffa30b, instance params:[{EP_UserName_1=Moshe.Avidor, EP_Password_1=Smile2008@, EP_Type_1=win, EP_Values_Populate_Method=Row_For_Every_EP, EP_HostName_1=10.243.68.212}]] depends on not successfully finished methods in group "InstallEP"
at org.testng.internal.TestInvoker.invokeTestMethods(TestInvoker.java:101)
at org.testng.internal.TestMethodWorker.invokeTestMethods(TestMethodWorker.java:146)
at org.testng.internal.TestMethodWorker.run(TestMethodWorker.java:128)
at java.base/java.util.ArrayList.forEach(ArrayList.java:1540)
at org.testng.TestRunner.privateRun(TestRunner.java:766)
at org.testng.TestRunner.run(TestRunner.java:587)
at org.testng.SuiteRunner.runTest(SuiteRunner.java:384)
at org.testng.SuiteRunner.runSequentially(SuiteRunner.java:378)
at org.testng.SuiteRunner.privateRun(SuiteRunner.java:337)
at org.testng.SuiteRunner.run(SuiteRunner.java:286)
at org.testng.SuiteRunnerWorker.runSuite(SuiteRunnerWorker.java:53)
at org.testng.SuiteRunnerWorker.run(SuiteRunnerWorker.java:96)
at org.testng.TestNG.runSuitesSequentially(TestNG.java:1187)
at org.testng.TestNG.runSuitesLocally(TestNG.java:1109)
at org.testng.TestNG.runSuites(TestNG.java:1039)
at org.testng.TestNG.run(TestNG.java:1007)
at Utils.Main.RunTest.main(RunTest.java:116)
]]>
            </full-stacktrace>
          </exception> <!-- java.lang.Throwable -->
          <reporter-output>
          </reporter-output>
        </test-method> <!-- deleteEndpoint -->
      </class> <!-- Tests.LNE.DeleteEndpoint -->
      <class name="Tests.Environments.InitAndCleanupPortal">
        <test-method is-config="true" signature="BeforeMethod()[pri:0, instance:Tests.Environments.InitAndCleanupPortal@7bef452c]" started-at="2021-01-27T16:30:10 IST" name="BeforeMethod" finished-at="2021-01-27T16:30:10 IST" duration-ms="18" status="PASS">
          <reporter-output>
          </reporter-output>
        </test-method> <!-- BeforeMethod -->
        <test-method signature="cleanupAgents()[pri:11, instance:Tests.Environments.InitAndCleanupPortal@7bef452c, instance params:[{hostname=NTY-EN-8D25HC2, EP_Type_1=win, Customer=TrustwaveEP Test#21, EP_UserName_1=Moshe.Avidor, Cluster=dddddd, EP_Password_1=Smile2008@, Parameters Per Environment=QA, EP_Values_Populate_Method=Row_For_Every_EP, EP_HostName_1=10.243.68.212}]]" started-at="2021-01-27T16:30:10 IST" name="cleanupAgents" finished-at="2021-01-27T16:38:19 IST" duration-ms="489224" status="FAIL">
          <exception class="java.lang.AssertionError">
            <message>
              <![CDATA[Uninstall failed. Trustwave Endpoint Agent Service still found after timeout(sec): 180

Video: C:\Nep-4-next\nep-qa-next@f35aa3a96df\nep-qa-automation/test-output/capture/InitAndCleanupPortal-27-01-2021-16.30.10.avi

]]>
            </message>
            <full-stacktrace>
              <![CDATA[java.lang.AssertionError: Uninstall failed. Trustwave Endpoint Agent Service still found after timeout(sec): 180

Video: C:\Nep-4-next\nep-qa-next@f35aa3a96df\nep-qa-automation/test-output/capture/InitAndCleanupPortal-27-01-2021-16.30.10.avi


at org.testng.Assert.fail(Assert.java:97)
at Actions.WinAgentActions.uninstallEndpoint(WinAgentActions.java:162)
at Tests.Environments.InitAndCleanupPortal.verifyServiceUninstalledOrForceUninstall(InitAndCleanupPortal.java:101)
at Tests.Environments.InitAndCleanupPortal.cleanupAgents(InitAndCleanupPortal.java:72)
at java.base/jdk.internal.reflect.NativeMethodAccessorImpl.invoke0(Native Method)
at java.base/jdk.internal.reflect.NativeMethodAccessorImpl.invoke(NativeMethodAccessorImpl.java:62)
at java.base/jdk.internal.reflect.DelegatingMethodAccessorImpl.invoke(DelegatingMethodAccessorImpl.java:43)
at java.base/java.lang.reflect.Method.invoke(Method.java:567)
at org.testng.internal.MethodInvocationHelper.invokeMethod(MethodInvocationHelper.java:134)
at org.testng.internal.TestInvoker.invokeMethod(TestInvoker.java:597)
at org.testng.internal.TestInvoker.invokeTestMethod(TestInvoker.java:173)
at org.testng.internal.MethodRunner.runInSequence(MethodRunner.java:46)
at org.testng.internal.TestInvoker$MethodInvocationAgent.invoke(TestInvoker.java:816)
at org.testng.internal.TestInvoker.invokeTestMethods(TestInvoker.java:146)
at org.testng.internal.TestMethodWorker.invokeTestMethods(TestMethodWorker.java:146)
at org.testng.internal.TestMethodWorker.run(TestMethodWorker.java:128)
at java.base/java.util.ArrayList.forEach(ArrayList.java:1540)
at org.testng.TestRunner.privateRun(TestRunner.java:766)
at org.testng.TestRunner.run(TestRunner.java:587)
at org.testng.SuiteRunner.runTest(SuiteRunner.java:384)
at org.testng.SuiteRunner.runSequentially(SuiteRunner.java:378)
at org.testng.SuiteRunner.privateRun(SuiteRunner.java:337)
at org.testng.SuiteRunner.run(SuiteRunner.java:286)
at org.testng.SuiteRunnerWorker.runSuite(SuiteRunnerWorker.java:53)
at org.testng.SuiteRunnerWorker.run(SuiteRunnerWorker.java:96)
at org.testng.TestNG.runSuitesSequentially(TestNG.java:1187)
at org.testng.TestNG.runSuitesLocally(TestNG.java:1109)
at org.testng.TestNG.runSuites(TestNG.java:1039)
at org.testng.TestNG.run(TestNG.java:1007)
at Utils.Main.RunTest.main(RunTest.java:116)
]]>
            </full-stacktrace>
          </exception> <!-- java.lang.AssertionError -->
          <reporter-output>
          </reporter-output>
        </test-method> <!-- cleanupAgents -->
        <test-method is-config="true" signature="Close()[pri:0, instance:Tests.Environments.InitAndCleanupPortal@7bef452c]" started-at="2021-01-27T16:38:23 IST" name="Close" finished-at="2021-01-27T16:38:24 IST" duration-ms="832" status="PASS">
          <reporter-output>
          </reporter-output>
        </test-method> <!-- Close -->
        <test-method is-config="true" signature="afterMethod()[pri:0, instance:Tests.Environments.InitAndCleanupPortal@7bef452c]" started-at="2021-01-27T16:38:24 IST" name="afterMethod" finished-at="2021-01-27T16:38:24 IST" duration-ms="1" status="PASS">
          <reporter-output>
          </reporter-output>
        </test-method> <!-- afterMethod -->
      </class> <!-- Tests.Environments.InitAndCleanupPortal -->
    </test> <!-- Smoke tests - Portal QA env -->
  </suite> <!-- Smoke tests - Portal QA env -->
</testng-results>
