2020-12-24 15:27:10,165 DEBUG T.RecordedTest [main] screenshot file: C:\Nep-4-next\nep-qa-next@f35aa3a96df\nep-qa-automation/test-output/capture/InitAndCleanupPortal-24-12-2020-15.27.09.png
2020-12-24 15:27:10,264 INFO T.E.InitAndCleanupPortal [main] Starting Cleanup agents
2020-12-24 15:27:19,618 INFO U.R.SSHManager [main] Connected Successfully to host 10.243.68.146
2020-12-24 15:27:19,621 INFO U.R.SSHManager [main] Going to executing command: hostname
2020-12-24 15:27:19,651 DEBUG U.R.SSHManager [main] Done.
2020-12-24 15:27:23,919 INFO A.SimulatedAgentActions [main] SimulatedAgentActions, DS URL: https://endpoint-protection-services.qa.tw-test.net:443/
2020-12-24 15:27:23,960 INFO T.E.InitAndCleanupPortal [main] Going to send delete action to Centcom for agent on hostanem NTY-EN-8D25HC2
2020-12-24 15:27:23,961 DEBUG A.SeleniumBrowser [main] Selenium browser Launch - Before switch application type: Chrome
2020-12-24 15:27:23,961 DEBUG A.SeleniumBrowser [main] Setting Chrome driver location: C:/home/NepManagerDownloads/utils/chromedriver.exe
2020-12-24 15:27:23,962 DEBUG A.SeleniumBrowser [main] Selenium browser Launch - After creating new hashMap
2020-12-24 15:27:23,963 DEBUG A.SeleniumBrowser [main] Selenium browser Launch - After reading MasterDownloadFolder property: C:\home\NepManagerDownloads
2020-12-24 15:27:23,963 DEBUG A.SeleniumBrowser [main] Selenium browser Launch - After put to hash
2020-12-24 15:27:23,968 DEBUG A.SeleniumBrowser [main] Selenium browser Launch - After new chrome options
2020-12-24 15:27:23,971 DEBUG A.SeleniumBrowser [main] Selenium browser Launch - After chrome setExperimentalOption
2020-12-24 15:27:23,971 DEBUG A.SeleniumBrowser [main] Selenium browser Launch - Before setting several chrome options
2020-12-24 15:27:24,022 DEBUG A.SeleniumBrowser [main] Selenium browser Launch - Before creating new chrome driver
2020-12-24 15:27:35,126 DEBUG A.SeleniumBrowser [main] Selenium browser Launch - After creating new chrome driver
2020-12-24 15:27:35,148 DEBUG A.SeleniumBrowser [main] After Setting implicit timeout
2020-12-24 15:27:37,186 DEBUG A.SeleniumBrowser [main] After maximizing window 
2020-12-24 15:27:37,186 DEBUG A.SeleniumBrowser [main] LoadURL: Before check if driver equals to null 
2020-12-24 15:27:37,186 DEBUG A.SeleniumBrowser [main] LoadURL: After check if driver equals to null 
2020-12-24 15:27:37,186 DEBUG A.SeleniumBrowser [main] LoadURL: URL =  https://portal.qa.tw-test.net
2020-12-24 15:27:42,227 DEBUG A.SeleniumBrowser [main] LoadURL: after get URL =  https://portal.qa.tw-test.net
2020-12-24 15:27:43,869 DEBUG A.BrowserActions [main] Waiting for login button to be clickable...
2020-12-24 15:27:44,058 DEBUG A.BrowserActions [main] Login button clicked successfully...
2020-12-24 15:27:46,094 DEBUG A.SeleniumBrowser [main] LoadURL: Before check if driver equals to null 
2020-12-24 15:27:46,094 DEBUG A.SeleniumBrowser [main] LoadURL: After check if driver equals to null 
2020-12-24 15:27:46,095 DEBUG A.SeleniumBrowser [main] LoadURL: URL =  https://portal.qa.tw-test.net/#/operations?menuKey=centcom-devices&stackKey=entity-search&types=EntityType.AGENT
2020-12-24 15:27:46,341 DEBUG A.SeleniumBrowser [main] LoadURL: after get URL =  https://portal.qa.tw-test.net/#/operations?menuKey=centcom-devices&stackKey=entity-search&types=EntityType.AGENT
2020-12-24 15:28:05,946 INFO A.BrowserActions [main] Successfully Selected the specific cluster : test_cluster2
2020-12-24 15:30:06,011 ERROR U.T.InvokedMethodListener [main] Could not delete from CentCom endpoint: NTY-EN-8D25HC2
org.openqa.selenium.ElementNotInteractableException: element not interactable
  (Session info: chrome=87.0.4280.88)
Build info: version: '3.141.59', revision: 'e82be7d358', time: '2018-11-14T08:17:03'
System info: host: 'NTY-EN-8D25HC2', ip: '10.243.68.146', os.name: 'Windows 10', os.arch: 'amd64', os.version: '10.0', java.version: '12.0.2'
Driver info: org.openqa.selenium.chrome.ChromeDriver
Capabilities {acceptInsecureCerts: false, browserName: chrome, browserVersion: 87.0.4280.88, chrome: {chromedriverVersion: 87.0.4280.20 (c99e81631faa0..., userDataDir: C:\Users\MOSHE~1.AVI\AppDat...}, goog:chromeOptions: {debuggerAddress: localhost:53577}, javascriptEnabled: true, networkConnectionEnabled: false, pageLoadStrategy: normal, platform: WINDOWS, platformName: WINDOWS, proxy: Proxy(), setWindowRect: true, strictFileInteractability: false, timeouts: {implicit: 0, pageLoad: 300000, script: 30000}, unhandledPromptBehavior: dismiss and notify, webauthn:virtualAuthenticators: true}
Session ID: 297b598ebb7db2b8a924380da5ba9b97

Video: C:\Nep-4-next\nep-qa-next@f35aa3a96df\nep-qa-automation/test-output/capture/InitAndCleanupPortal-24-12-2020-15.27.09.avi
ScreenShot: C:\Nep-4-next\nep-qa-next@f35aa3a96df\nep-qa-automation/test-output/capture/InitAndCleanupPortal-24-12-2020-15.27.09.png


2020-12-24 15:37:55,857 DEBUG T.RecordedTest [main] screenshot file: C:\Nep-4-next\nep-qa-next@f35aa3a96df\nep-qa-automation/test-output/capture/InitAndCleanupPortal-24-12-2020-15.37.55.png
2020-12-24 15:37:55,864 INFO T.E.InitAndCleanupPortal [main] Starting Cleanup agents
2020-12-24 15:38:01,581 INFO U.R.SSHManager [main] Connected Successfully to host 10.243.68.146
2020-12-24 15:38:01,583 INFO U.R.SSHManager [main] Going to executing command: hostname
2020-12-24 15:38:01,616 DEBUG U.R.SSHManager [main] Done.
2020-12-24 15:38:05,622 INFO A.SimulatedAgentActions [main] SimulatedAgentActions, DS URL: https://endpoint-protection-services.qa.tw-test.net:443/
2020-12-24 15:38:05,637 INFO T.E.InitAndCleanupPortal [main] Going to send delete action to Centcom for agent on hostanem NTY-EN-8D25HC2
2020-12-24 15:38:05,638 DEBUG A.SeleniumBrowser [main] Selenium browser Launch - Before switch application type: Chrome
2020-12-24 15:38:05,638 DEBUG A.SeleniumBrowser [main] Setting Chrome driver location: C:/home/NepManagerDownloads/utils/chromedriver.exe
2020-12-24 15:38:05,639 DEBUG A.SeleniumBrowser [main] Selenium browser Launch - After creating new hashMap
2020-12-24 15:38:05,639 DEBUG A.SeleniumBrowser [main] Selenium browser Launch - After reading MasterDownloadFolder property: C:\home\NepManagerDownloads
2020-12-24 15:38:05,639 DEBUG A.SeleniumBrowser [main] Selenium browser Launch - After put to hash
2020-12-24 15:38:05,644 DEBUG A.SeleniumBrowser [main] Selenium browser Launch - After new chrome options
2020-12-24 15:38:05,646 DEBUG A.SeleniumBrowser [main] Selenium browser Launch - After chrome setExperimentalOption
2020-12-24 15:38:05,647 DEBUG A.SeleniumBrowser [main] Selenium browser Launch - Before setting several chrome options
2020-12-24 15:38:05,653 DEBUG A.SeleniumBrowser [main] Selenium browser Launch - Before creating new chrome driver
2020-12-24 15:38:10,084 DEBUG A.SeleniumBrowser [main] Selenium browser Launch - After creating new chrome driver
2020-12-24 15:38:10,091 DEBUG A.SeleniumBrowser [main] After Setting implicit timeout
2020-12-24 15:38:12,103 DEBUG A.SeleniumBrowser [main] After maximizing window 
2020-12-24 15:38:12,104 DEBUG A.SeleniumBrowser [main] LoadURL: Before check if driver equals to null 
2020-12-24 15:38:12,104 DEBUG A.SeleniumBrowser [main] LoadURL: After check if driver equals to null 
2020-12-24 15:38:12,104 DEBUG A.SeleniumBrowser [main] LoadURL: URL =  https://portal.qa.tw-test.net
2020-12-24 15:38:23,105 DEBUG A.SeleniumBrowser [main] LoadURL: after get URL =  https://portal.qa.tw-test.net
2020-12-24 15:38:24,609 DEBUG A.BrowserActions [main] Waiting for login button to be clickable...
2020-12-24 15:38:24,791 DEBUG A.BrowserActions [main] Login button clicked successfully...
2020-12-24 15:38:26,742 DEBUG A.SeleniumBrowser [main] LoadURL: Before check if driver equals to null 
2020-12-24 15:38:26,743 DEBUG A.SeleniumBrowser [main] LoadURL: After check if driver equals to null 
2020-12-24 15:38:26,743 DEBUG A.SeleniumBrowser [main] LoadURL: URL =  https://portal.qa.tw-test.net/#/operations?menuKey=centcom-devices&stackKey=entity-search&types=EntityType.AGENT
2020-12-24 15:38:27,093 DEBUG A.SeleniumBrowser [main] LoadURL: after get URL =  https://portal.qa.tw-test.net/#/operations?menuKey=centcom-devices&stackKey=entity-search&types=EntityType.AGENT
2020-12-24 15:38:48,868 INFO A.BrowserActions [main] Successfully created a new cluster : test_cluster3
2020-12-24 15:50:31,518 DEBUG T.RecordedTest [main] screenshot file: C:\Nep-4-next\nep-qa-next@f35aa3a96df\nep-qa-automation/test-output/capture/InitAndCleanupPortal-24-12-2020-15.50.31.png
2020-12-24 15:50:31,525 INFO T.E.InitAndCleanupPortal [main] Starting Cleanup agents
2020-12-24 15:50:36,905 INFO U.R.SSHManager [main] Connected Successfully to host 10.243.68.146
2020-12-24 15:50:36,908 INFO U.R.SSHManager [main] Going to executing command: hostname
2020-12-24 15:50:36,932 DEBUG U.R.SSHManager [main] Done.
2020-12-24 15:50:40,851 INFO A.SimulatedAgentActions [main] SimulatedAgentActions, DS URL: https://endpoint-protection-services.qa.tw-test.net:443/
2020-12-24 15:50:40,866 INFO T.E.InitAndCleanupPortal [main] Going to send delete action to Centcom for agent on hostanem NTY-EN-8D25HC2
2020-12-24 15:50:40,866 DEBUG A.SeleniumBrowser [main] Selenium browser Launch - Before switch application type: Chrome
2020-12-24 15:50:40,867 DEBUG A.SeleniumBrowser [main] Setting Chrome driver location: C:/home/NepManagerDownloads/utils/chromedriver.exe
2020-12-24 15:50:40,867 DEBUG A.SeleniumBrowser [main] Selenium browser Launch - After creating new hashMap
2020-12-24 15:50:40,868 DEBUG A.SeleniumBrowser [main] Selenium browser Launch - After reading MasterDownloadFolder property: C:\home\NepManagerDownloads
2020-12-24 15:50:40,868 DEBUG A.SeleniumBrowser [main] Selenium browser Launch - After put to hash
2020-12-24 15:50:40,872 DEBUG A.SeleniumBrowser [main] Selenium browser Launch - After new chrome options
2020-12-24 15:50:40,875 DEBUG A.SeleniumBrowser [main] Selenium browser Launch - After chrome setExperimentalOption
2020-12-24 15:50:40,875 DEBUG A.SeleniumBrowser [main] Selenium browser Launch - Before setting several chrome options
2020-12-24 15:50:40,881 DEBUG A.SeleniumBrowser [main] Selenium browser Launch - Before creating new chrome driver
2020-12-24 15:50:44,744 DEBUG A.SeleniumBrowser [main] Selenium browser Launch - After creating new chrome driver
2020-12-24 15:50:44,750 DEBUG A.SeleniumBrowser [main] After Setting implicit timeout
2020-12-24 15:50:46,768 DEBUG A.SeleniumBrowser [main] After maximizing window 
2020-12-24 15:50:46,769 DEBUG A.SeleniumBrowser [main] LoadURL: Before check if driver equals to null 
2020-12-24 15:50:46,769 DEBUG A.SeleniumBrowser [main] LoadURL: After check if driver equals to null 
2020-12-24 15:50:46,770 DEBUG A.SeleniumBrowser [main] LoadURL: URL =  https://portal.qa.tw-test.net
2020-12-24 15:50:52,035 DEBUG A.SeleniumBrowser [main] LoadURL: after get URL =  https://portal.qa.tw-test.net
2020-12-24 15:50:53,596 DEBUG A.BrowserActions [main] Waiting for login button to be clickable...
2020-12-24 15:50:53,748 DEBUG A.BrowserActions [main] Login button clicked successfully...
2020-12-24 15:50:55,536 DEBUG A.SeleniumBrowser [main] LoadURL: Before check if driver equals to null 
2020-12-24 15:50:55,537 DEBUG A.SeleniumBrowser [main] LoadURL: After check if driver equals to null 
2020-12-24 15:50:55,537 DEBUG A.SeleniumBrowser [main] LoadURL: URL =  https://portal.qa.tw-test.net/#/operations?menuKey=centcom-devices&stackKey=entity-search&types=EntityType.AGENT
2020-12-24 15:50:55,882 DEBUG A.SeleniumBrowser [main] LoadURL: after get URL =  https://portal.qa.tw-test.net/#/operations?menuKey=centcom-devices&stackKey=entity-search&types=EntityType.AGENT
2020-12-24 15:51:11,100 ERROR A.BrowserActions [main] Could not select the specific cluster  at CentCom search page. cluster: test_cluster3
org.openqa.selenium.ElementClickInterceptedException: element click intercepted: Element <div class="td _ngcontent-hdk-119" column="Alias Name">...</div> is not clickable at point (568, 669). Other element would receive the click: <div pane-id="default-53" class="pane modal visible" style="inset: 0px; transform: translateX(0px) translateY(0px);">...</div>
  (Session info: chrome=87.0.4280.88)
Build info: version: '3.141.59', revision: 'e82be7d358', time: '2018-11-14T08:17:03'
System info: host: 'NTY-EN-8D25HC2', ip: '10.243.68.146', os.name: 'Windows 10', os.arch: 'amd64', os.version: '10.0', java.version: '12.0.2'
Driver info: org.openqa.selenium.chrome.ChromeDriver
Capabilities {acceptInsecureCerts: false, browserName: chrome, browserVersion: 87.0.4280.88, chrome: {chromedriverVersion: 87.0.4280.20 (c99e81631faa0..., userDataDir: C:\Users\MOSHE~1.AVI\AppDat...}, goog:chromeOptions: {debuggerAddress: localhost:53883}, javascriptEnabled: true, networkConnectionEnabled: false, pageLoadStrategy: normal, platform: WINDOWS, platformName: WINDOWS, proxy: Proxy(), setWindowRect: true, strictFileInteractability: false, timeouts: {implicit: 0, pageLoad: 300000, script: 30000}, unhandledPromptBehavior: dismiss and notify, webauthn:virtualAuthenticators: true}
Session ID: b746274f59d145dfb2c55ddbcad0a1a7
	at jdk.internal.reflect.NativeConstructorAccessorImpl.newInstance0(Native Method) ~[?:?]
	at jdk.internal.reflect.NativeConstructorAccessorImpl.newInstance(NativeConstructorAccessorImpl.java:62) ~[?:?]
	at jdk.internal.reflect.DelegatingConstructorAccessorImpl.newInstance(DelegatingConstructorAccessorImpl.java:45) ~[?:?]
	at java.lang.reflect.Constructor.newInstanceWithCaller(Constructor.java:500) ~[?:?]
	at java.lang.reflect.Constructor.newInstance(Constructor.java:481) ~[?:?]
	at org.openqa.selenium.remote.http.W3CHttpResponseCodec.createException(W3CHttpResponseCodec.java:187) ~[selenium-remote-driver-3.141.59.jar:?]
	at org.openqa.selenium.remote.http.W3CHttpResponseCodec.decode(W3CHttpResponseCodec.java:122) ~[selenium-remote-driver-3.141.59.jar:?]
	at org.openqa.selenium.remote.http.W3CHttpResponseCodec.decode(W3CHttpResponseCodec.java:49) ~[selenium-remote-driver-3.141.59.jar:?]
	at org.openqa.selenium.remote.HttpCommandExecutor.execute(HttpCommandExecutor.java:158) ~[selenium-remote-driver-3.141.59.jar:?]
	at org.openqa.selenium.remote.service.DriverCommandExecutor.execute(DriverCommandExecutor.java:83) ~[selenium-remote-driver-3.141.59.jar:?]
	at org.openqa.selenium.remote.RemoteWebDriver.execute(RemoteWebDriver.java:552) ~[selenium-remote-driver-3.141.59.jar:?]
	at org.openqa.selenium.remote.RemoteWebElement.execute(RemoteWebElement.java:285) ~[selenium-remote-driver-3.141.59.jar:?]
	at org.openqa.selenium.remote.RemoteWebElement.click(RemoteWebElement.java:84) ~[selenium-remote-driver-3.141.59.jar:?]
	at Actions.BrowserActions.CreateNewCluster(BrowserActions.java:720) ~[classes/:?]
	at Tests.Environments.InitAndCleanupPortal.deleteEndpointFromCentCom(InitAndCleanupPortal.java:123) ~[classes/:?]
	at Tests.Environments.InitAndCleanupPortal.cleanupAgents(InitAndCleanupPortal.java:65) ~[classes/:?]
	at jdk.internal.reflect.NativeMethodAccessorImpl.invoke0(Native Method) ~[?:?]
	at jdk.internal.reflect.NativeMethodAccessorImpl.invoke(NativeMethodAccessorImpl.java:62) ~[?:?]
	at jdk.internal.reflect.DelegatingMethodAccessorImpl.invoke(DelegatingMethodAccessorImpl.java:43) ~[?:?]
	at java.lang.reflect.Method.invoke(Method.java:567) ~[?:?]
	at org.testng.internal.MethodInvocationHelper.invokeMethod(MethodInvocationHelper.java:134) ~[testng-7.1.0.jar:?]
	at org.testng.internal.TestInvoker.invokeMethod(TestInvoker.java:597) ~[testng-7.1.0.jar:?]
	at org.testng.internal.TestInvoker.invokeTestMethod(TestInvoker.java:173) ~[testng-7.1.0.jar:?]
	at org.testng.internal.MethodRunner.runInSequence(MethodRunner.java:46) ~[testng-7.1.0.jar:?]
	at org.testng.internal.TestInvoker$MethodInvocationAgent.invoke(TestInvoker.java:816) ~[testng-7.1.0.jar:?]
	at org.testng.internal.TestInvoker.invokeTestMethods(TestInvoker.java:146) ~[testng-7.1.0.jar:?]
	at org.testng.internal.TestMethodWorker.invokeTestMethods(TestMethodWorker.java:146) ~[testng-7.1.0.jar:?]
	at org.testng.internal.TestMethodWorker.run(TestMethodWorker.java:128) ~[testng-7.1.0.jar:?]
	at java.util.ArrayList.forEach(ArrayList.java:1540) [?:?]
	at org.testng.TestRunner.privateRun(TestRunner.java:766) [testng-7.1.0.jar:?]
	at org.testng.TestRunner.run(TestRunner.java:587) [testng-7.1.0.jar:?]
	at org.testng.SuiteRunner.runTest(SuiteRunner.java:384) [testng-7.1.0.jar:?]
	at org.testng.SuiteRunner.runSequentially(SuiteRunner.java:378) [testng-7.1.0.jar:?]
	at org.testng.SuiteRunner.privateRun(SuiteRunner.java:337) [testng-7.1.0.jar:?]
	at org.testng.SuiteRunner.run(SuiteRunner.java:286) [testng-7.1.0.jar:?]
	at org.testng.SuiteRunnerWorker.runSuite(SuiteRunnerWorker.java:53) [testng-7.1.0.jar:?]
	at org.testng.SuiteRunnerWorker.run(SuiteRunnerWorker.java:96) [testng-7.1.0.jar:?]
	at org.testng.TestNG.runSuitesSequentially(TestNG.java:1187) [testng-7.1.0.jar:?]
	at org.testng.TestNG.runSuitesLocally(TestNG.java:1109) [testng-7.1.0.jar:?]
	at org.testng.TestNG.runSuites(TestNG.java:1039) [testng-7.1.0.jar:?]
	at org.testng.TestNG.run(TestNG.java:1007) [testng-7.1.0.jar:?]
	at Utils.Main.RunTest.main(RunTest.java:116) [classes/:?]
2020-12-24 15:51:11,118 ERROR U.T.InvokedMethodListener [main] Could not select the specific cluster  at CentCom search page. cluster: test_cluster3
org.openqa.selenium.ElementClickInterceptedException: element click intercepted: Element <div class="td _ngcontent-hdk-119" column="Alias Name">...</div> is not clickable at point (568, 669). Other element would receive the click: <div pane-id="default-53" class="pane modal visible" style="inset: 0px; transform: translateX(0px) translateY(0px);">...</div>
  (Session info: chrome=87.0.4280.88)
Build info: version: '3.141.59', revision: 'e82be7d358', time: '2018-11-14T08:17:03'
System info: host: 'NTY-EN-8D25HC2', ip: '10.243.68.146', os.name: 'Windows 10', os.arch: 'amd64', os.version: '10.0', java.version: '12.0.2'
Driver info: org.openqa.selenium.chrome.ChromeDriver
Capabilities {acceptInsecureCerts: false, browserName: chrome, browserVersion: 87.0.4280.88, chrome: {chromedriverVersion: 87.0.4280.20 (c99e81631faa0..., userDataDir: C:\Users\MOSHE~1.AVI\AppDat...}, goog:chromeOptions: {debuggerAddress: localhost:53883}, javascriptEnabled: true, networkConnectionEnabled: false, pageLoadStrategy: normal, platform: WINDOWS, platformName: WINDOWS, proxy: Proxy(), setWindowRect: true, strictFileInteractability: false, timeouts: {implicit: 0, pageLoad: 300000, script: 30000}, unhandledPromptBehavior: dismiss and notify, webauthn:virtualAuthenticators: true}
Session ID: b746274f59d145dfb2c55ddbcad0a1a7

Video: C:\Nep-4-next\nep-qa-next@f35aa3a96df\nep-qa-automation/test-output/capture/InitAndCleanupPortal-24-12-2020-15.50.31.avi
ScreenShot: C:\Nep-4-next\nep-qa-next@f35aa3a96df\nep-qa-automation/test-output/capture/InitAndCleanupPortal-24-12-2020-15.50.31.png


2020-12-24 15:55:03,430 DEBUG T.RecordedTest [main] screenshot file: C:\Nep-4-next\nep-qa-next@f35aa3a96df\nep-qa-automation/test-output/capture/InitAndCleanupPortal-24-12-2020-15.55.03.png
2020-12-24 15:55:03,436 INFO T.E.InitAndCleanupPortal [main] Starting Cleanup agents
2020-12-24 15:55:08,737 INFO U.R.SSHManager [main] Connected Successfully to host 10.243.68.146
2020-12-24 15:55:08,740 INFO U.R.SSHManager [main] Going to executing command: hostname
2020-12-24 15:55:08,764 DEBUG U.R.SSHManager [main] Done.
2020-12-24 15:55:12,500 INFO A.SimulatedAgentActions [main] SimulatedAgentActions, DS URL: https://endpoint-protection-services.qa.tw-test.net:443/
2020-12-24 15:55:12,518 INFO T.E.InitAndCleanupPortal [main] Going to send delete action to Centcom for agent on hostanem NTY-EN-8D25HC2
2020-12-24 15:55:12,519 DEBUG A.SeleniumBrowser [main] Selenium browser Launch - Before switch application type: Chrome
2020-12-24 15:55:12,519 DEBUG A.SeleniumBrowser [main] Setting Chrome driver location: C:/home/NepManagerDownloads/utils/chromedriver.exe
2020-12-24 15:55:12,520 DEBUG A.SeleniumBrowser [main] Selenium browser Launch - After creating new hashMap
2020-12-24 15:55:12,520 DEBUG A.SeleniumBrowser [main] Selenium browser Launch - After reading MasterDownloadFolder property: C:\home\NepManagerDownloads
2020-12-24 15:55:12,520 DEBUG A.SeleniumBrowser [main] Selenium browser Launch - After put to hash
2020-12-24 15:55:12,524 DEBUG A.SeleniumBrowser [main] Selenium browser Launch - After new chrome options
2020-12-24 15:55:12,527 DEBUG A.SeleniumBrowser [main] Selenium browser Launch - After chrome setExperimentalOption
2020-12-24 15:55:12,528 DEBUG A.SeleniumBrowser [main] Selenium browser Launch - Before setting several chrome options
2020-12-24 15:55:12,536 DEBUG A.SeleniumBrowser [main] Selenium browser Launch - Before creating new chrome driver
2020-12-24 15:55:16,589 DEBUG A.SeleniumBrowser [main] Selenium browser Launch - After creating new chrome driver
2020-12-24 15:55:16,596 DEBUG A.SeleniumBrowser [main] After Setting implicit timeout
2020-12-24 15:55:18,609 DEBUG A.SeleniumBrowser [main] After maximizing window 
2020-12-24 15:55:18,610 DEBUG A.SeleniumBrowser [main] LoadURL: Before check if driver equals to null 
2020-12-24 15:55:18,610 DEBUG A.SeleniumBrowser [main] LoadURL: After check if driver equals to null 
2020-12-24 15:55:18,610 DEBUG A.SeleniumBrowser [main] LoadURL: URL =  https://portal.qa.tw-test.net
2020-12-24 15:55:26,442 DEBUG A.SeleniumBrowser [main] LoadURL: after get URL =  https://portal.qa.tw-test.net
2020-12-24 15:55:27,938 DEBUG A.BrowserActions [main] Waiting for login button to be clickable...
2020-12-24 15:55:28,099 DEBUG A.BrowserActions [main] Login button clicked successfully...
2020-12-24 15:55:30,092 DEBUG A.SeleniumBrowser [main] LoadURL: Before check if driver equals to null 
2020-12-24 15:55:30,093 DEBUG A.SeleniumBrowser [main] LoadURL: After check if driver equals to null 
2020-12-24 15:55:30,093 DEBUG A.SeleniumBrowser [main] LoadURL: URL =  https://portal.qa.tw-test.net/#/operations?menuKey=centcom-devices&stackKey=entity-search&types=EntityType.AGENT
2020-12-24 15:55:30,457 DEBUG A.SeleniumBrowser [main] LoadURL: after get URL =  https://portal.qa.tw-test.net/#/operations?menuKey=centcom-devices&stackKey=entity-search&types=EntityType.AGENT
2020-12-24 15:55:45,998 ERROR A.BrowserActions [main] Could not select the specific cluster  at CentCom search page. cluster: test_cluster3
org.openqa.selenium.ElementClickInterceptedException: element click intercepted: Element <div class="td _ngcontent-mwp-119" column="Alias Name">...</div> is not clickable at point (568, 669). Other element would receive the click: <div pane-id="default-53" class="pane modal visible" style="inset: 0px; transform: translateX(0px) translateY(0px);">...</div>
  (Session info: chrome=87.0.4280.88)
Build info: version: '3.141.59', revision: 'e82be7d358', time: '2018-11-14T08:17:03'
System info: host: 'NTY-EN-8D25HC2', ip: '10.243.68.146', os.name: 'Windows 10', os.arch: 'amd64', os.version: '10.0', java.version: '12.0.2'
Driver info: org.openqa.selenium.chrome.ChromeDriver
Capabilities {acceptInsecureCerts: false, browserName: chrome, browserVersion: 87.0.4280.88, chrome: {chromedriverVersion: 87.0.4280.20 (c99e81631faa0..., userDataDir: C:\Users\MOSHE~1.AVI\AppDat...}, goog:chromeOptions: {debuggerAddress: localhost:61898}, javascriptEnabled: true, networkConnectionEnabled: false, pageLoadStrategy: normal, platform: WINDOWS, platformName: WINDOWS, proxy: Proxy(), setWindowRect: true, strictFileInteractability: false, timeouts: {implicit: 0, pageLoad: 300000, script: 30000}, unhandledPromptBehavior: dismiss and notify, webauthn:virtualAuthenticators: true}
Session ID: 2af28e9b8cf57792f929258568414a79
	at jdk.internal.reflect.NativeConstructorAccessorImpl.newInstance0(Native Method) ~[?:?]
	at jdk.internal.reflect.NativeConstructorAccessorImpl.newInstance(NativeConstructorAccessorImpl.java:62) ~[?:?]
	at jdk.internal.reflect.DelegatingConstructorAccessorImpl.newInstance(DelegatingConstructorAccessorImpl.java:45) ~[?:?]
	at java.lang.reflect.Constructor.newInstanceWithCaller(Constructor.java:500) ~[?:?]
	at java.lang.reflect.Constructor.newInstance(Constructor.java:481) ~[?:?]
	at org.openqa.selenium.remote.http.W3CHttpResponseCodec.createException(W3CHttpResponseCodec.java:187) ~[selenium-remote-driver-3.141.59.jar:?]
	at org.openqa.selenium.remote.http.W3CHttpResponseCodec.decode(W3CHttpResponseCodec.java:122) ~[selenium-remote-driver-3.141.59.jar:?]
	at org.openqa.selenium.remote.http.W3CHttpResponseCodec.decode(W3CHttpResponseCodec.java:49) ~[selenium-remote-driver-3.141.59.jar:?]
	at org.openqa.selenium.remote.HttpCommandExecutor.execute(HttpCommandExecutor.java:158) ~[selenium-remote-driver-3.141.59.jar:?]
	at org.openqa.selenium.remote.service.DriverCommandExecutor.execute(DriverCommandExecutor.java:83) ~[selenium-remote-driver-3.141.59.jar:?]
	at org.openqa.selenium.remote.RemoteWebDriver.execute(RemoteWebDriver.java:552) ~[selenium-remote-driver-3.141.59.jar:?]
	at org.openqa.selenium.remote.RemoteWebElement.execute(RemoteWebElement.java:285) ~[selenium-remote-driver-3.141.59.jar:?]
	at org.openqa.selenium.remote.RemoteWebElement.click(RemoteWebElement.java:84) ~[selenium-remote-driver-3.141.59.jar:?]
	at Actions.BrowserActions.CreateNewCluster(BrowserActions.java:721) ~[classes/:?]
	at Tests.Environments.InitAndCleanupPortal.deleteEndpointFromCentCom(InitAndCleanupPortal.java:123) ~[classes/:?]
	at Tests.Environments.InitAndCleanupPortal.cleanupAgents(InitAndCleanupPortal.java:65) ~[classes/:?]
	at jdk.internal.reflect.NativeMethodAccessorImpl.invoke0(Native Method) ~[?:?]
	at jdk.internal.reflect.NativeMethodAccessorImpl.invoke(NativeMethodAccessorImpl.java:62) ~[?:?]
	at jdk.internal.reflect.DelegatingMethodAccessorImpl.invoke(DelegatingMethodAccessorImpl.java:43) ~[?:?]
	at java.lang.reflect.Method.invoke(Method.java:567) ~[?:?]
	at org.testng.internal.MethodInvocationHelper.invokeMethod(MethodInvocationHelper.java:134) ~[testng-7.1.0.jar:?]
	at org.testng.internal.TestInvoker.invokeMethod(TestInvoker.java:597) ~[testng-7.1.0.jar:?]
	at org.testng.internal.TestInvoker.invokeTestMethod(TestInvoker.java:173) ~[testng-7.1.0.jar:?]
	at org.testng.internal.MethodRunner.runInSequence(MethodRunner.java:46) ~[testng-7.1.0.jar:?]
	at org.testng.internal.TestInvoker$MethodInvocationAgent.invoke(TestInvoker.java:816) ~[testng-7.1.0.jar:?]
	at org.testng.internal.TestInvoker.invokeTestMethods(TestInvoker.java:146) ~[testng-7.1.0.jar:?]
	at org.testng.internal.TestMethodWorker.invokeTestMethods(TestMethodWorker.java:146) ~[testng-7.1.0.jar:?]
	at org.testng.internal.TestMethodWorker.run(TestMethodWorker.java:128) ~[testng-7.1.0.jar:?]
	at java.util.ArrayList.forEach(ArrayList.java:1540) [?:?]
	at org.testng.TestRunner.privateRun(TestRunner.java:766) [testng-7.1.0.jar:?]
	at org.testng.TestRunner.run(TestRunner.java:587) [testng-7.1.0.jar:?]
	at org.testng.SuiteRunner.runTest(SuiteRunner.java:384) [testng-7.1.0.jar:?]
	at org.testng.SuiteRunner.runSequentially(SuiteRunner.java:378) [testng-7.1.0.jar:?]
	at org.testng.SuiteRunner.privateRun(SuiteRunner.java:337) [testng-7.1.0.jar:?]
	at org.testng.SuiteRunner.run(SuiteRunner.java:286) [testng-7.1.0.jar:?]
	at org.testng.SuiteRunnerWorker.runSuite(SuiteRunnerWorker.java:53) [testng-7.1.0.jar:?]
	at org.testng.SuiteRunnerWorker.run(SuiteRunnerWorker.java:96) [testng-7.1.0.jar:?]
	at org.testng.TestNG.runSuitesSequentially(TestNG.java:1187) [testng-7.1.0.jar:?]
	at org.testng.TestNG.runSuitesLocally(TestNG.java:1109) [testng-7.1.0.jar:?]
	at org.testng.TestNG.runSuites(TestNG.java:1039) [testng-7.1.0.jar:?]
	at org.testng.TestNG.run(TestNG.java:1007) [testng-7.1.0.jar:?]
	at Utils.Main.RunTest.main(RunTest.java:116) [classes/:?]
2020-12-24 15:55:46,015 ERROR U.T.InvokedMethodListener [main] Could not select the specific cluster  at CentCom search page. cluster: test_cluster3
org.openqa.selenium.ElementClickInterceptedException: element click intercepted: Element <div class="td _ngcontent-mwp-119" column="Alias Name">...</div> is not clickable at point (568, 669). Other element would receive the click: <div pane-id="default-53" class="pane modal visible" style="inset: 0px; transform: translateX(0px) translateY(0px);">...</div>
  (Session info: chrome=87.0.4280.88)
Build info: version: '3.141.59', revision: 'e82be7d358', time: '2018-11-14T08:17:03'
System info: host: 'NTY-EN-8D25HC2', ip: '10.243.68.146', os.name: 'Windows 10', os.arch: 'amd64', os.version: '10.0', java.version: '12.0.2'
Driver info: org.openqa.selenium.chrome.ChromeDriver
Capabilities {acceptInsecureCerts: false, browserName: chrome, browserVersion: 87.0.4280.88, chrome: {chromedriverVersion: 87.0.4280.20 (c99e81631faa0..., userDataDir: C:\Users\MOSHE~1.AVI\AppDat...}, goog:chromeOptions: {debuggerAddress: localhost:61898}, javascriptEnabled: true, networkConnectionEnabled: false, pageLoadStrategy: normal, platform: WINDOWS, platformName: WINDOWS, proxy: Proxy(), setWindowRect: true, strictFileInteractability: false, timeouts: {implicit: 0, pageLoad: 300000, script: 30000}, unhandledPromptBehavior: dismiss and notify, webauthn:virtualAuthenticators: true}
Session ID: 2af28e9b8cf57792f929258568414a79

Video: C:\Nep-4-next\nep-qa-next@f35aa3a96df\nep-qa-automation/test-output/capture/InitAndCleanupPortal-24-12-2020-15.55.03.avi
ScreenShot: C:\Nep-4-next\nep-qa-next@f35aa3a96df\nep-qa-automation/test-output/capture/InitAndCleanupPortal-24-12-2020-15.55.03.png


