2020-12-23 13:52:21,017 DEBUG T.RecordedTest [main] screenshot file: C:\Nep-4-next\nep-qa-next@f35aa3a96df\nep-qa-automation/test-output/capture/InitAndCleanupPortal-23-12-2020-13.52.20.png
2020-12-23 13:52:21,032 INFO T.E.InitAndCleanupPortal [main] Starting Cleanup agents
2020-12-23 13:52:23,357 INFO U.R.SSHManager [main] Connected Successfully to host 10.85.24.96
2020-12-23 13:52:23,358 INFO U.R.SSHManager [main] Going to executing command: hostname
2020-12-23 13:52:23,554 DEBUG U.R.SSHManager [main] Done.
2020-12-23 13:52:28,034 INFO A.SimulatedAgentActions [main] SimulatedAgentActions, DS URL: https://endpoint-protection-services.qa.tw-test.net:443/
2020-12-23 13:52:28,078 INFO T.E.InitAndCleanupPortal [main] Going to send delete action to Centcom for agent on hostanem ep-c8-qa-24-96
2020-12-23 13:52:28,078 DEBUG A.SeleniumBrowser [main] Selenium browser Launch - Before switch application type: Chrome
2020-12-23 13:52:28,079 DEBUG A.SeleniumBrowser [main] Setting Chrome driver location: C:/home/NepManagerDownloads/utils/chromedriver.exe
2020-12-23 13:52:28,080 DEBUG A.SeleniumBrowser [main] Selenium browser Launch - After creating new hashMap
2020-12-23 13:52:28,080 DEBUG A.SeleniumBrowser [main] Selenium browser Launch - After reading MasterDownloadFolder property: C:\home\NepManagerDownloads
2020-12-23 13:52:28,080 DEBUG A.SeleniumBrowser [main] Selenium browser Launch - After put to hash
2020-12-23 13:52:28,085 DEBUG A.SeleniumBrowser [main] Selenium browser Launch - After new chrome options
2020-12-23 13:52:28,088 DEBUG A.SeleniumBrowser [main] Selenium browser Launch - After chrome setExperimentalOption
2020-12-23 13:52:28,088 DEBUG A.SeleniumBrowser [main] Selenium browser Launch - Before setting several chrome options
2020-12-23 13:52:28,111 DEBUG A.SeleniumBrowser [main] Selenium browser Launch - Before creating new chrome driver
2020-12-23 13:52:35,325 DEBUG A.SeleniumBrowser [main] Selenium browser Launch - After creating new chrome driver
2020-12-23 13:52:35,365 DEBUG A.SeleniumBrowser [main] After Setting implicit timeout
2020-12-23 13:52:37,406 DEBUG A.SeleniumBrowser [main] After maximizing window 
2020-12-23 13:52:37,406 DEBUG A.SeleniumBrowser [main] LoadURL: Before check if driver equals to null 
2020-12-23 13:52:37,407 DEBUG A.SeleniumBrowser [main] LoadURL: After check if driver equals to null 
2020-12-23 13:52:37,407 DEBUG A.SeleniumBrowser [main] LoadURL: URL =  https://portal.qa.tw-test.net
2020-12-23 13:52:42,267 DEBUG A.SeleniumBrowser [main] LoadURL: after get URL =  https://portal.qa.tw-test.net
2020-12-23 13:52:43,996 DEBUG A.BrowserActions [main] Waiting for login button to be clickable...
2020-12-23 13:52:44,153 DEBUG A.BrowserActions [main] Login button clicked successfully...
2020-12-23 13:52:45,856 DEBUG A.SeleniumBrowser [main] LoadURL: Before check if driver equals to null 
2020-12-23 13:52:45,857 DEBUG A.SeleniumBrowser [main] LoadURL: After check if driver equals to null 
2020-12-23 13:52:45,857 DEBUG A.SeleniumBrowser [main] LoadURL: URL =  https://portal.qa.tw-test.net/#/operations?menuKey=centcom-devices&stackKey=entity-search&types=EntityType.AGENT
2020-12-23 13:52:46,347 DEBUG A.SeleniumBrowser [main] LoadURL: after get URL =  https://portal.qa.tw-test.net/#/operations?menuKey=centcom-devices&stackKey=entity-search&types=EntityType.AGENT
2020-12-23 13:53:13,531 INFO A.BrowserActions [main] Successfully deleted endpoint: ep-c8-qa-24-96
2020-12-23 13:53:13,532 INFO T.E.InitAndCleanupPortal [main] Agent was found and delete action was done in Centcom, going to wait until service is uninstalled from agent
2020-12-23 13:53:18,534 INFO U.R.SSHManager [main] Going to executing command: systemctl status tw-endpoint
2020-12-23 13:53:18,750 DEBUG U.R.SSHManager [main] Done.
2020-12-23 13:53:23,750 INFO U.R.SSHManager [main] Going to executing command: systemctl status tw-endpoint
2020-12-23 13:53:23,971 DEBUG U.R.SSHManager [main] Done.
2020-12-23 13:53:28,972 INFO U.R.SSHManager [main] Going to executing command: systemctl status tw-endpoint
2020-12-23 13:53:29,193 DEBUG U.R.SSHManager [main] Done.
2020-12-23 13:53:34,194 INFO U.R.SSHManager [main] Going to executing command: systemctl status tw-endpoint
2020-12-23 13:53:34,391 DEBUG U.R.SSHManager [main] Done.
2020-12-23 13:53:39,391 INFO U.R.SSHManager [main] Going to executing command: systemctl status tw-endpoint
2020-12-23 13:53:39,580 DEBUG U.R.SSHManager [main] Done.
2020-12-23 13:53:44,580 INFO U.R.SSHManager [main] Going to executing command: systemctl status tw-endpoint
2020-12-23 13:53:44,770 WARN U.R.SSHManager [main] Error response: 
Unit tw-endpoint.service could not be found.
2020-12-23 13:53:44,771 INFO A.BaseAgentActions [main] Endpoint service was stopped!
2020-12-23 13:53:44,771 DEBUG A.BaseAgentActions [main] Agent Service was not found after uninstall
2020-12-23 13:53:44,771 INFO T.E.InitAndCleanupPortal [main] Done. Service is not running on agent
2020-12-23 13:53:44,772 INFO T.E.InitAndCleanupPortal [main] Goind to send check updates by a simulated agent, to catch the 'uninstall' action, if applicable.
2020-12-23 13:53:44,772 INFO A.SimulatedAgentActions [main] Starting checkUpdates. Params: uuid 2B71E3D9-0802-4BB7-B545-2C982C8BA17F epName ep-c8-qa-24-96 binVersion 1.4.0.9999 confVersion 1 reporting status 0 schema version 1.1.1 
2020-12-23 13:53:44,772 DEBUG A.SimulatedAgentActions [main] Will send request check-updates/2B71E3D9-0802-4BB7-B545-2C982C8BA17F/bin-ver/1.4.0.9999/conf-ver/1/reporting-status/0/local-name/ep-c8-qa-24-96/schema-ver/1.1.1/
2020-12-23 13:53:45,670 ERROR A.SimulatedAgentActions [main] Failed to process the check updates request
java.io.FileNotFoundException: C:\home\NepManagerDownloads\qa\endpoint-111-2004822.111.p12 (The system cannot find the path specified)
	at java.io.FileInputStream.open0(Native Method) ~[?:?]
	at java.io.FileInputStream.open(FileInputStream.java:213) ~[?:?]
	at java.io.FileInputStream.<init>(FileInputStream.java:155) ~[?:?]
	at org.codehaus.groovy.runtime.ResourceGroovyMethods.newInputStream(ResourceGroovyMethods.java:2178) ~[groovy-3.0.3.jar:3.0.3]
	at org.codehaus.groovy.runtime.ResourceGroovyMethods.withInputStream(ResourceGroovyMethods.java:1882) ~[groovy-3.0.3.jar:3.0.3]
	at org.codehaus.groovy.runtime.dgm$1099.invoke(Unknown Source) ~[groovy-3.0.3.jar:3.0.3]
	at org.codehaus.groovy.runtime.callsite.PojoMetaMethodSite$PojoMetaMethodSiteNoUnwrapNoCoerce.invoke(PojoMetaMethodSite.java:247) ~[groovy-3.0.3.jar:3.0.3]
	at org.codehaus.groovy.runtime.callsite.PojoMetaMethodSite.call(PojoMetaMethodSite.java:56) ~[groovy-3.0.3.jar:3.0.3]
	at org.codehaus.groovy.runtime.callsite.CallSiteArray.defaultCall(CallSiteArray.java:47) ~[groovy-3.0.3.jar:3.0.3]
	at org.codehaus.groovy.runtime.callsite.AbstractCallSite.call(AbstractCallSite.java:125) ~[groovy-3.0.3.jar:3.0.3]
	at org.codehaus.groovy.runtime.callsite.AbstractCallSite.call(AbstractCallSite.java:139) ~[groovy-3.0.3.jar:3.0.3]
	at io.restassured.internal.TrustAndKeystoreSpecImpl.createStore(TrustAndKeystoreSpecImpl.groovy:92) ~[rest-assured-4.3.1.jar:?]
	at io.restassured.internal.TrustAndKeystoreSpecImpl$createStore.callCurrent(Unknown Source) ~[?:?]
	at org.codehaus.groovy.runtime.callsite.CallSiteArray.defaultCallCurrent(CallSiteArray.java:51) ~[groovy-3.0.3.jar:3.0.3]
	at org.codehaus.groovy.runtime.callsite.AbstractCallSite.callCurrent(AbstractCallSite.java:171) ~[groovy-3.0.3.jar:3.0.3]
	at org.codehaus.groovy.runtime.callsite.AbstractCallSite.callCurrent(AbstractCallSite.java:203) ~[groovy-3.0.3.jar:3.0.3]
	at io.restassured.internal.TrustAndKeystoreSpecImpl.apply(TrustAndKeystoreSpecImpl.groovy:48) ~[rest-assured-4.3.1.jar:?]
	at io.restassured.internal.http.AuthConfig.certificate(AuthConfig.java:158) ~[rest-assured-4.3.1.jar:?]
	at io.restassured.internal.http.AuthConfig$certificate.call(Unknown Source) ~[?:?]
	at org.codehaus.groovy.runtime.callsite.CallSiteArray.defaultCall(CallSiteArray.java:47) ~[groovy-3.0.3.jar:3.0.3]
	at org.codehaus.groovy.runtime.callsite.AbstractCallSite.call(AbstractCallSite.java:125) ~[groovy-3.0.3.jar:3.0.3]
	at io.restassured.authentication.CertAuthScheme.authenticate(CertAuthScheme.groovy:39) ~[rest-assured-4.3.1.jar:?]
	at io.restassured.authentication.AuthenticationScheme$authenticate.call(Unknown Source) ~[?:?]
	at org.codehaus.groovy.runtime.callsite.CallSiteArray.defaultCall(CallSiteArray.java:47) ~[groovy-3.0.3.jar:3.0.3]
	at org.codehaus.groovy.runtime.callsite.AbstractCallSite.call(AbstractCallSite.java:125) ~[groovy-3.0.3.jar:3.0.3]
	at org.codehaus.groovy.runtime.callsite.AbstractCallSite.call(AbstractCallSite.java:139) ~[groovy-3.0.3.jar:3.0.3]
	at io.restassured.internal.RequestSpecificationImpl.sendRequest(RequestSpecificationImpl.groovy:1172) ~[rest-assured-4.3.1.jar:?]
	at jdk.internal.reflect.NativeMethodAccessorImpl.invoke0(Native Method) ~[?:?]
	at jdk.internal.reflect.NativeMethodAccessorImpl.invoke(NativeMethodAccessorImpl.java:62) ~[?:?]
	at jdk.internal.reflect.DelegatingMethodAccessorImpl.invoke(DelegatingMethodAccessorImpl.java:43) ~[?:?]
	at java.lang.reflect.Method.invoke(Method.java:567) ~[?:?]
	at org.codehaus.groovy.reflection.CachedMethod.invoke(CachedMethod.java:107) ~[groovy-3.0.3.jar:3.0.3]
	at groovy.lang.MetaMethod.doMethodInvoke(MetaMethod.java:323) ~[groovy-3.0.3.jar:3.0.3]
	at groovy.lang.MetaClassImpl.invokeMethod(MetaClassImpl.java:1262) ~[groovy-3.0.3.jar:3.0.3]
	at groovy.lang.MetaClassImpl.invokeMethod(MetaClassImpl.java:1029) ~[groovy-3.0.3.jar:3.0.3]
	at groovy.lang.MetaClassImpl.invokeMethod(MetaClassImpl.java:816) ~[groovy-3.0.3.jar:3.0.3]
	at groovy.lang.GroovyObject.invokeMethod(GroovyObject.java:39) ~[groovy-3.0.3.jar:3.0.3]
	at org.codehaus.groovy.runtime.callsite.PogoInterceptableSite.call(PogoInterceptableSite.java:45) ~[groovy-3.0.3.jar:3.0.3]
	at org.codehaus.groovy.runtime.callsite.CallSiteArray.defaultCall(CallSiteArray.java:47) ~[groovy-3.0.3.jar:3.0.3]
	at org.codehaus.groovy.runtime.callsite.AbstractCallSite.call(AbstractCallSite.java:125) ~[groovy-3.0.3.jar:3.0.3]
	at org.codehaus.groovy.runtime.callsite.AbstractCallSite.call(AbstractCallSite.java:166) ~[groovy-3.0.3.jar:3.0.3]
	at io.restassured.internal.filter.SendRequestFilter.filter(SendRequestFilter.groovy:30) ~[rest-assured-4.3.1.jar:?]
	at io.restassured.filter.Filter$filter$0.call(Unknown Source) ~[?:?]
	at org.codehaus.groovy.runtime.callsite.CallSiteArray.defaultCall(CallSiteArray.java:47) ~[groovy-3.0.3.jar:3.0.3]
	at io.restassured.filter.Filter$filter.call(Unknown Source) ~[?:?]
	at io.restassured.internal.filter.FilterContextImpl.next(FilterContextImpl.groovy:72) ~[rest-assured-4.3.1.jar:?]
	at io.restassured.filter.time.TimingFilter.filter(TimingFilter.java:56) ~[rest-assured-4.3.1.jar:?]
	at io.restassured.filter.Filter$filter.call(Unknown Source) ~[?:?]
	at org.codehaus.groovy.runtime.callsite.CallSiteArray.defaultCall(CallSiteArray.java:47) ~[groovy-3.0.3.jar:3.0.3]
	at org.codehaus.groovy.runtime.callsite.AbstractCallSite.call(AbstractCallSite.java:125) ~[groovy-3.0.3.jar:3.0.3]
	at org.codehaus.groovy.runtime.callsite.AbstractCallSite.call(AbstractCallSite.java:157) ~[groovy-3.0.3.jar:3.0.3]
	at io.restassured.internal.filter.FilterContextImpl.next(FilterContextImpl.groovy:72) ~[rest-assured-4.3.1.jar:?]
	at io.restassured.filter.FilterContext$next.call(Unknown Source) ~[?:?]
	at org.codehaus.groovy.runtime.callsite.CallSiteArray.defaultCall(CallSiteArray.java:47) ~[groovy-3.0.3.jar:3.0.3]
	at org.codehaus.groovy.runtime.callsite.AbstractCallSite.call(AbstractCallSite.java:125) ~[groovy-3.0.3.jar:3.0.3]
	at org.codehaus.groovy.runtime.callsite.AbstractCallSite.call(AbstractCallSite.java:148) ~[groovy-3.0.3.jar:3.0.3]
	at io.restassured.internal.RequestSpecificationImpl.applyPathParamsAndSendRequest(RequestSpecificationImpl.groovy:1655) ~[rest-assured-4.3.1.jar:?]
	at jdk.internal.reflect.NativeMethodAccessorImpl.invoke0(Native Method) ~[?:?]
	at jdk.internal.reflect.NativeMethodAccessorImpl.invoke(NativeMethodAccessorImpl.java:62) ~[?:?]
	at jdk.internal.reflect.DelegatingMethodAccessorImpl.invoke(DelegatingMethodAccessorImpl.java:43) ~[?:?]
	at java.lang.reflect.Method.invoke(Method.java:567) ~[?:?]
	at org.codehaus.groovy.reflection.CachedMethod.invoke(CachedMethod.java:107) ~[groovy-3.0.3.jar:3.0.3]
	at groovy.lang.MetaMethod.doMethodInvoke(MetaMethod.java:323) ~[groovy-3.0.3.jar:3.0.3]
	at groovy.lang.MetaClassImpl.invokeMethod(MetaClassImpl.java:1262) ~[groovy-3.0.3.jar:3.0.3]
	at groovy.lang.MetaClassImpl.invokeMethod(MetaClassImpl.java:1029) ~[groovy-3.0.3.jar:3.0.3]
	at groovy.lang.MetaClassImpl.invokeMethod(MetaClassImpl.java:816) ~[groovy-3.0.3.jar:3.0.3]
	at groovy.lang.GroovyObject.invokeMethod(GroovyObject.java:39) ~[groovy-3.0.3.jar:3.0.3]
	at org.codehaus.groovy.runtime.callsite.PogoInterceptableSite.call(PogoInterceptableSite.java:45) ~[groovy-3.0.3.jar:3.0.3]
	at org.codehaus.groovy.runtime.callsite.PogoInterceptableSite.callCurrent(PogoInterceptableSite.java:55) ~[groovy-3.0.3.jar:3.0.3]
	at org.codehaus.groovy.runtime.callsite.CallSiteArray.defaultCallCurrent(CallSiteArray.java:51) ~[groovy-3.0.3.jar:3.0.3]
	at org.codehaus.groovy.runtime.callsite.AbstractCallSite.callCurrent(AbstractCallSite.java:171) ~[groovy-3.0.3.jar:3.0.3]
	at org.codehaus.groovy.runtime.callsite.AbstractCallSite.callCurrent(AbstractCallSite.java:203) ~[groovy-3.0.3.jar:3.0.3]
	at io.restassured.internal.RequestSpecificationImpl.applyPathParamsAndSendRequest(RequestSpecificationImpl.groovy:1661) ~[rest-assured-4.3.1.jar:?]
	at jdk.internal.reflect.NativeMethodAccessorImpl.invoke0(Native Method) ~[?:?]
	at jdk.internal.reflect.NativeMethodAccessorImpl.invoke(NativeMethodAccessorImpl.java:62) ~[?:?]
	at jdk.internal.reflect.DelegatingMethodAccessorImpl.invoke(DelegatingMethodAccessorImpl.java:43) ~[?:?]
	at java.lang.reflect.Method.invoke(Method.java:567) ~[?:?]
	at org.codehaus.groovy.reflection.CachedMethod.invoke(CachedMethod.java:107) ~[groovy-3.0.3.jar:3.0.3]
	at groovy.lang.MetaMethod.doMethodInvoke(MetaMethod.java:323) ~[groovy-3.0.3.jar:3.0.3]
	at groovy.lang.MetaClassImpl.invokeMethod(MetaClassImpl.java:1262) ~[groovy-3.0.3.jar:3.0.3]
	at groovy.lang.MetaClassImpl.invokeMethod(MetaClassImpl.java:1029) ~[groovy-3.0.3.jar:3.0.3]
	at groovy.lang.MetaClassImpl.invokeMethod(MetaClassImpl.java:816) ~[groovy-3.0.3.jar:3.0.3]
	at groovy.lang.GroovyObject.invokeMethod(GroovyObject.java:39) ~[groovy-3.0.3.jar:3.0.3]
	at org.codehaus.groovy.runtime.callsite.PogoInterceptableSite.call(PogoInterceptableSite.java:45) ~[groovy-3.0.3.jar:3.0.3]
	at org.codehaus.groovy.runtime.callsite.PogoInterceptableSite.callCurrent(PogoInterceptableSite.java:55) ~[groovy-3.0.3.jar:3.0.3]
	at org.codehaus.groovy.runtime.callsite.CallSiteArray.defaultCallCurrent(CallSiteArray.java:51) ~[groovy-3.0.3.jar:3.0.3]
	at org.codehaus.groovy.runtime.callsite.AbstractCallSite.callCurrent(AbstractCallSite.java:171) ~[groovy-3.0.3.jar:3.0.3]
	at org.codehaus.groovy.runtime.callsite.AbstractCallSite.callCurrent(AbstractCallSite.java:203) ~[groovy-3.0.3.jar:3.0.3]
	at io.restassured.internal.RequestSpecificationImpl.get(RequestSpecificationImpl.groovy:171) ~[rest-assured-4.3.1.jar:?]
	at io.restassured.internal.RequestSpecificationImpl.get(RequestSpecificationImpl.groovy) ~[rest-assured-4.3.1.jar:?]
	at Actions.SimulatedAgentActions.sendCheckUpdates(SimulatedAgentActions.java:218) ~[classes/:?]
	at Actions.SimulatedAgentActions.sendCheckUpdatesWithoutVerify(SimulatedAgentActions.java:146) ~[classes/:?]
	at Tests.Environments.InitAndCleanupPortal.sendCheckUpdatesBySimulatedAgent(InitAndCleanupPortal.java:140) ~[classes/:?]
	at Tests.Environments.InitAndCleanupPortal.cleanupAgents(InitAndCleanupPortal.java:70) ~[classes/:?]
	at jdk.internal.reflect.NativeMethodAccessorImpl.invoke0(Native Method) ~[?:?]
	at jdk.internal.reflect.NativeMethodAccessorImpl.invoke(NativeMethodAccessorImpl.java:62) ~[?:?]
	at jdk.internal.reflect.DelegatingMethodAccessorImpl.invoke(DelegatingMethodAccessorImpl.java:43) ~[?:?]
	at java.lang.reflect.Method.invoke(Method.java:567) ~[?:?]
	at org.testng.internal.MethodInvocationHelper.invokeMethod(MethodInvocationHelper.java:134) ~[testng-7.1.0.jar:?]
	at org.testng.internal.TestInvoker.invokeMethod(TestInvoker.java:597) ~[testng-7.1.0.jar:?]
	at org.testng.internal.TestInvoker.invokeTestMethod(TestInvoker.java:173) ~[testng-7.1.0.jar:?]
	at org.testng.internal.MethodRunner.runInSequence(MethodRunner.java:46) ~[testng-7.1.0.jar:?]
	at org.testng.internal.TestInvoker$MethodInvocationAgent.invoke(TestInvoker.java:816) ~[testng-7.1.0.jar:?]
	at org.testng.internal.TestInvoker.invokeTestMethods(TestInvoker.java:146) ~[testng-7.1.0.jar:?]
	at org.testng.internal.TestMethodWorker.invokeTestMethods(TestMethodWorker.java:146) ~[testng-7.1.0.jar:?]
	at org.testng.internal.TestMethodWorker.run(TestMethodWorker.java:128) ~[testng-7.1.0.jar:?]
	at java.util.ArrayList.forEach(ArrayList.java:1540) [?:?]
	at org.testng.TestRunner.privateRun(TestRunner.java:766) [testng-7.1.0.jar:?]
	at org.testng.TestRunner.run(TestRunner.java:587) [testng-7.1.0.jar:?]
	at org.testng.SuiteRunner.runTest(SuiteRunner.java:384) [testng-7.1.0.jar:?]
	at org.testng.SuiteRunner.runSequentially(SuiteRunner.java:378) [testng-7.1.0.jar:?]
	at org.testng.SuiteRunner.privateRun(SuiteRunner.java:337) [testng-7.1.0.jar:?]
	at org.testng.SuiteRunner.run(SuiteRunner.java:286) [testng-7.1.0.jar:?]
	at org.testng.SuiteRunnerWorker.runSuite(SuiteRunnerWorker.java:53) [testng-7.1.0.jar:?]
	at org.testng.SuiteRunnerWorker.run(SuiteRunnerWorker.java:96) [testng-7.1.0.jar:?]
	at org.testng.TestNG.runSuitesSequentially(TestNG.java:1187) [testng-7.1.0.jar:?]
	at org.testng.TestNG.runSuitesLocally(TestNG.java:1109) [testng-7.1.0.jar:?]
	at org.testng.TestNG.runSuites(TestNG.java:1039) [testng-7.1.0.jar:?]
	at org.testng.TestNG.run(TestNG.java:1007) [testng-7.1.0.jar:?]
	at Utils.Main.RunTest.main(RunTest.java:116) [classes/:?]
2020-12-23 13:53:45,711 ERROR U.T.InvokedMethodListener [main] Failed to process the check updates request

Video: C:\Nep-4-next\nep-qa-next@f35aa3a96df\nep-qa-automation/test-output/capture/InitAndCleanupPortal-23-12-2020-13.52.20.avi
ScreenShot: C:\Nep-4-next\nep-qa-next@f35aa3a96df\nep-qa-automation/test-output/capture/InitAndCleanupPortal-23-12-2020-13.52.20.png


2020-12-23 13:53:47,069 DEBUG T.RecordedTest [main] screenshot file: C:\Nep-4-next\nep-qa-next@f35aa3a96df\nep-qa-automation/test-output/capture/InitAndCleanupPortal-23-12-2020-13.53.47.png
2020-12-23 13:53:47,070 INFO T.E.InitAndCleanupPortal [main] Starting Cleanup agents
2020-12-23 13:53:49,035 INFO U.R.SSHManager [main] Connected Successfully to host 10.85.24.232
2020-12-23 13:53:49,035 INFO U.R.SSHManager [main] Going to executing command: hostname
2020-12-23 13:53:49,210 DEBUG U.R.SSHManager [main] Done.
2020-12-23 13:53:49,468 INFO A.SimulatedAgentActions [main] SimulatedAgentActions, DS URL: https://endpoint-protection-services.qa.tw-test.net:443/
2020-12-23 13:53:49,469 INFO T.E.InitAndCleanupPortal [main] Going to send delete action to Centcom for agent on hostanem ep-u18-qa-24-232
2020-12-23 13:53:49,470 DEBUG A.SeleniumBrowser [main] Selenium browser Launch - Before switch application type: Chrome
2020-12-23 13:53:49,470 DEBUG A.SeleniumBrowser [main] Setting Chrome driver location: C:/home/NepManagerDownloads/utils/chromedriver.exe
2020-12-23 13:53:49,471 DEBUG A.SeleniumBrowser [main] Selenium browser Launch - After creating new hashMap
2020-12-23 13:53:49,471 DEBUG A.SeleniumBrowser [main] Selenium browser Launch - After reading MasterDownloadFolder property: C:\home\NepManagerDownloads
2020-12-23 13:53:49,471 DEBUG A.SeleniumBrowser [main] Selenium browser Launch - After put to hash
2020-12-23 13:53:49,472 DEBUG A.SeleniumBrowser [main] Selenium browser Launch - After new chrome options
2020-12-23 13:53:49,472 DEBUG A.SeleniumBrowser [main] Selenium browser Launch - After chrome setExperimentalOption
2020-12-23 13:53:49,472 DEBUG A.SeleniumBrowser [main] Selenium browser Launch - Before setting several chrome options
2020-12-23 13:53:49,473 DEBUG A.SeleniumBrowser [main] Selenium browser Launch - Before creating new chrome driver
2020-12-23 13:53:52,823 DEBUG A.SeleniumBrowser [main] Selenium browser Launch - After creating new chrome driver
2020-12-23 13:53:52,827 DEBUG A.SeleniumBrowser [main] After Setting implicit timeout
2020-12-23 13:53:54,847 DEBUG A.SeleniumBrowser [main] After maximizing window 
2020-12-23 13:53:54,848 DEBUG A.SeleniumBrowser [main] LoadURL: Before check if driver equals to null 
2020-12-23 13:53:54,848 DEBUG A.SeleniumBrowser [main] LoadURL: After check if driver equals to null 
2020-12-23 13:53:54,849 DEBUG A.SeleniumBrowser [main] LoadURL: URL =  https://portal.qa.tw-test.net
2020-12-23 13:54:03,711 DEBUG A.SeleniumBrowser [main] LoadURL: after get URL =  https://portal.qa.tw-test.net
2020-12-23 13:54:05,077 DEBUG A.BrowserActions [main] Waiting for login button to be clickable...
2020-12-23 13:54:05,210 DEBUG A.BrowserActions [main] Login button clicked successfully...
2020-12-23 13:54:08,600 DEBUG A.SeleniumBrowser [main] LoadURL: Before check if driver equals to null 
2020-12-23 13:54:08,601 DEBUG A.SeleniumBrowser [main] LoadURL: After check if driver equals to null 
2020-12-23 13:54:08,601 DEBUG A.SeleniumBrowser [main] LoadURL: URL =  https://portal.qa.tw-test.net/#/operations?menuKey=centcom-devices&stackKey=entity-search&types=EntityType.AGENT
2020-12-23 13:54:08,949 DEBUG A.SeleniumBrowser [main] LoadURL: after get URL =  https://portal.qa.tw-test.net/#/operations?menuKey=centcom-devices&stackKey=entity-search&types=EntityType.AGENT
2020-12-23 13:54:35,633 INFO A.BrowserActions [main] Successfully deleted endpoint: ep-u18-qa-24-232
2020-12-23 13:54:35,633 INFO T.E.InitAndCleanupPortal [main] Agent was found and delete action was done in Centcom, going to wait until service is uninstalled from agent
2020-12-23 13:54:40,634 INFO U.R.SSHManager [main] Going to executing command: systemctl status tw-endpoint
2020-12-23 13:54:40,801 DEBUG U.R.SSHManager [main] Done.
2020-12-23 13:54:45,802 INFO U.R.SSHManager [main] Going to executing command: systemctl status tw-endpoint
2020-12-23 13:54:45,994 DEBUG U.R.SSHManager [main] Done.
2020-12-23 13:54:50,994 INFO U.R.SSHManager [main] Going to executing command: systemctl status tw-endpoint
2020-12-23 13:54:51,169 WARN U.R.SSHManager [main] Error response: 
Unit tw-endpoint.service could not be found.
2020-12-23 13:54:51,169 INFO A.BaseAgentActions [main] Endpoint service was stopped!
2020-12-23 13:54:51,169 DEBUG A.BaseAgentActions [main] Agent Service was not found after uninstall
2020-12-23 13:54:51,170 INFO T.E.InitAndCleanupPortal [main] Done. Service is not running on agent
2020-12-23 13:54:51,170 INFO T.E.InitAndCleanupPortal [main] Goind to send check updates by a simulated agent, to catch the 'uninstall' action, if applicable.
2020-12-23 13:54:51,170 INFO A.SimulatedAgentActions [main] Starting checkUpdates. Params: uuid 98BC8690-5D1E-4F06-9EAE-0C97C02B8851 epName ep-u18-qa-24-232 binVersion 1.4.0.9999 confVersion 1 reporting status 0 schema version 1.1.1 
2020-12-23 13:54:51,171 DEBUG A.SimulatedAgentActions [main] Will send request check-updates/98BC8690-5D1E-4F06-9EAE-0C97C02B8851/bin-ver/1.4.0.9999/conf-ver/1/reporting-status/0/local-name/ep-u18-qa-24-232/schema-ver/1.1.1/
2020-12-23 13:54:51,187 ERROR A.SimulatedAgentActions [main] Failed to process the check updates request
java.io.FileNotFoundException: C:\home\NepManagerDownloads\qa\endpoint-111-2004822.111.p12 (The system cannot find the path specified)
	at java.io.FileInputStream.open0(Native Method) ~[?:?]
	at java.io.FileInputStream.open(FileInputStream.java:213) ~[?:?]
	at java.io.FileInputStream.<init>(FileInputStream.java:155) ~[?:?]
	at org.codehaus.groovy.runtime.ResourceGroovyMethods.newInputStream(ResourceGroovyMethods.java:2178) ~[groovy-3.0.3.jar:3.0.3]
	at org.codehaus.groovy.runtime.ResourceGroovyMethods.withInputStream(ResourceGroovyMethods.java:1882) ~[groovy-3.0.3.jar:3.0.3]
	at org.codehaus.groovy.runtime.dgm$1099.invoke(Unknown Source) ~[groovy-3.0.3.jar:3.0.3]
	at org.codehaus.groovy.runtime.callsite.PojoMetaMethodSite$PojoMetaMethodSiteNoUnwrapNoCoerce.invoke(PojoMetaMethodSite.java:247) ~[groovy-3.0.3.jar:3.0.3]
	at org.codehaus.groovy.runtime.callsite.PojoMetaMethodSite.call(PojoMetaMethodSite.java:56) ~[groovy-3.0.3.jar:3.0.3]
	at org.codehaus.groovy.runtime.callsite.AbstractCallSite.call(AbstractCallSite.java:139) ~[groovy-3.0.3.jar:3.0.3]
	at io.restassured.internal.TrustAndKeystoreSpecImpl.createStore(TrustAndKeystoreSpecImpl.groovy:92) ~[rest-assured-4.3.1.jar:?]
	at io.restassured.internal.TrustAndKeystoreSpecImpl$createStore.callCurrent(Unknown Source) ~[?:?]
	at io.restassured.internal.TrustAndKeystoreSpecImpl.apply(TrustAndKeystoreSpecImpl.groovy:48) ~[rest-assured-4.3.1.jar:?]
	at io.restassured.internal.http.AuthConfig.certificate(AuthConfig.java:158) ~[rest-assured-4.3.1.jar:?]
	at io.restassured.internal.http.AuthConfig$certificate.call(Unknown Source) ~[?:?]
	at io.restassured.authentication.CertAuthScheme.authenticate(CertAuthScheme.groovy:39) ~[rest-assured-4.3.1.jar:?]
	at io.restassured.authentication.AuthenticationScheme$authenticate.call(Unknown Source) ~[?:?]
	at io.restassured.internal.RequestSpecificationImpl.sendRequest(RequestSpecificationImpl.groovy:1172) ~[rest-assured-4.3.1.jar:?]
	at jdk.internal.reflect.NativeMethodAccessorImpl.invoke0(Native Method) ~[?:?]
	at jdk.internal.reflect.NativeMethodAccessorImpl.invoke(NativeMethodAccessorImpl.java:62) ~[?:?]
	at jdk.internal.reflect.DelegatingMethodAccessorImpl.invoke(DelegatingMethodAccessorImpl.java:43) ~[?:?]
	at java.lang.reflect.Method.invoke(Method.java:567) ~[?:?]
	at org.codehaus.groovy.reflection.CachedMethod.invoke(CachedMethod.java:107) ~[groovy-3.0.3.jar:3.0.3]
	at groovy.lang.MetaMethod.doMethodInvoke(MetaMethod.java:323) ~[groovy-3.0.3.jar:3.0.3]
	at groovy.lang.MetaClassImpl.invokeMethod(MetaClassImpl.java:1262) ~[groovy-3.0.3.jar:3.0.3]
	at groovy.lang.MetaClassImpl.invokeMethod(MetaClassImpl.java:1029) ~[groovy-3.0.3.jar:3.0.3]
	at groovy.lang.MetaClassImpl.invokeMethod(MetaClassImpl.java:816) ~[groovy-3.0.3.jar:3.0.3]
	at groovy.lang.GroovyObject.invokeMethod(GroovyObject.java:39) ~[groovy-3.0.3.jar:3.0.3]
	at org.codehaus.groovy.runtime.callsite.PogoInterceptableSite.call(PogoInterceptableSite.java:45) ~[groovy-3.0.3.jar:3.0.3]
	at org.codehaus.groovy.runtime.callsite.AbstractCallSite.call(AbstractCallSite.java:166) ~[groovy-3.0.3.jar:3.0.3]
	at io.restassured.internal.filter.SendRequestFilter.filter(SendRequestFilter.groovy:30) ~[rest-assured-4.3.1.jar:?]
	at io.restassured.filter.Filter$filter$0.call(Unknown Source) ~[?:?]
	at org.codehaus.groovy.runtime.callsite.CallSiteArray.defaultCall(CallSiteArray.java:47) ~[groovy-3.0.3.jar:3.0.3]
	at io.restassured.filter.Filter$filter.call(Unknown Source) ~[?:?]
	at io.restassured.internal.filter.FilterContextImpl.next(FilterContextImpl.groovy:72) ~[rest-assured-4.3.1.jar:?]
	at io.restassured.filter.time.TimingFilter.filter(TimingFilter.java:56) ~[rest-assured-4.3.1.jar:?]
	at io.restassured.filter.Filter$filter.call(Unknown Source) ~[?:?]
	at org.codehaus.groovy.runtime.callsite.CallSiteArray.defaultCall(CallSiteArray.java:47) ~[groovy-3.0.3.jar:3.0.3]
	at io.restassured.filter.Filter$filter$0.call(Unknown Source) ~[?:?]
	at io.restassured.internal.filter.FilterContextImpl.next(FilterContextImpl.groovy:72) ~[rest-assured-4.3.1.jar:?]
	at io.restassured.filter.FilterContext$next.call(Unknown Source) ~[?:?]
	at io.restassured.internal.RequestSpecificationImpl.applyPathParamsAndSendRequest(RequestSpecificationImpl.groovy:1655) ~[rest-assured-4.3.1.jar:?]
	at jdk.internal.reflect.NativeMethodAccessorImpl.invoke0(Native Method) ~[?:?]
	at jdk.internal.reflect.NativeMethodAccessorImpl.invoke(NativeMethodAccessorImpl.java:62) ~[?:?]
	at jdk.internal.reflect.DelegatingMethodAccessorImpl.invoke(DelegatingMethodAccessorImpl.java:43) ~[?:?]
	at java.lang.reflect.Method.invoke(Method.java:567) ~[?:?]
	at org.codehaus.groovy.reflection.CachedMethod.invoke(CachedMethod.java:107) ~[groovy-3.0.3.jar:3.0.3]
	at groovy.lang.MetaMethod.doMethodInvoke(MetaMethod.java:323) ~[groovy-3.0.3.jar:3.0.3]
	at groovy.lang.MetaClassImpl.invokeMethod(MetaClassImpl.java:1262) ~[groovy-3.0.3.jar:3.0.3]
	at groovy.lang.MetaClassImpl.invokeMethod(MetaClassImpl.java:1029) ~[groovy-3.0.3.jar:3.0.3]
	at groovy.lang.MetaClassImpl.invokeMethod(MetaClassImpl.java:816) ~[groovy-3.0.3.jar:3.0.3]
	at groovy.lang.GroovyObject.invokeMethod(GroovyObject.java:39) ~[groovy-3.0.3.jar:3.0.3]
	at org.codehaus.groovy.runtime.callsite.PogoInterceptableSite.call(PogoInterceptableSite.java:45) ~[groovy-3.0.3.jar:3.0.3]
	at org.codehaus.groovy.runtime.callsite.PogoInterceptableSite.callCurrent(PogoInterceptableSite.java:55) ~[groovy-3.0.3.jar:3.0.3]
	at org.codehaus.groovy.runtime.callsite.AbstractCallSite.callCurrent(AbstractCallSite.java:203) ~[groovy-3.0.3.jar:3.0.3]
	at io.restassured.internal.RequestSpecificationImpl.applyPathParamsAndSendRequest(RequestSpecificationImpl.groovy:1661) ~[rest-assured-4.3.1.jar:?]
	at jdk.internal.reflect.NativeMethodAccessorImpl.invoke0(Native Method) ~[?:?]
	at jdk.internal.reflect.NativeMethodAccessorImpl.invoke(NativeMethodAccessorImpl.java:62) ~[?:?]
	at jdk.internal.reflect.DelegatingMethodAccessorImpl.invoke(DelegatingMethodAccessorImpl.java:43) ~[?:?]
	at java.lang.reflect.Method.invoke(Method.java:567) ~[?:?]
	at org.codehaus.groovy.reflection.CachedMethod.invoke(CachedMethod.java:107) ~[groovy-3.0.3.jar:3.0.3]
	at groovy.lang.MetaMethod.doMethodInvoke(MetaMethod.java:323) ~[groovy-3.0.3.jar:3.0.3]
	at groovy.lang.MetaClassImpl.invokeMethod(MetaClassImpl.java:1262) ~[groovy-3.0.3.jar:3.0.3]
	at groovy.lang.MetaClassImpl.invokeMethod(MetaClassImpl.java:1029) ~[groovy-3.0.3.jar:3.0.3]
	at groovy.lang.MetaClassImpl.invokeMethod(MetaClassImpl.java:816) ~[groovy-3.0.3.jar:3.0.3]
	at groovy.lang.GroovyObject.invokeMethod(GroovyObject.java:39) ~[groovy-3.0.3.jar:3.0.3]
	at org.codehaus.groovy.runtime.callsite.PogoInterceptableSite.call(PogoInterceptableSite.java:45) ~[groovy-3.0.3.jar:3.0.3]
	at org.codehaus.groovy.runtime.callsite.PogoInterceptableSite.callCurrent(PogoInterceptableSite.java:55) ~[groovy-3.0.3.jar:3.0.3]
	at org.codehaus.groovy.runtime.callsite.AbstractCallSite.callCurrent(AbstractCallSite.java:203) ~[groovy-3.0.3.jar:3.0.3]
	at io.restassured.internal.RequestSpecificationImpl.get(RequestSpecificationImpl.groovy:171) ~[rest-assured-4.3.1.jar:?]
	at io.restassured.internal.RequestSpecificationImpl.get(RequestSpecificationImpl.groovy) ~[rest-assured-4.3.1.jar:?]
	at Actions.SimulatedAgentActions.sendCheckUpdates(SimulatedAgentActions.java:218) ~[classes/:?]
	at Actions.SimulatedAgentActions.sendCheckUpdatesWithoutVerify(SimulatedAgentActions.java:146) ~[classes/:?]
	at Tests.Environments.InitAndCleanupPortal.sendCheckUpdatesBySimulatedAgent(InitAndCleanupPortal.java:140) ~[classes/:?]
	at Tests.Environments.InitAndCleanupPortal.cleanupAgents(InitAndCleanupPortal.java:70) ~[classes/:?]
	at jdk.internal.reflect.NativeMethodAccessorImpl.invoke0(Native Method) ~[?:?]
	at jdk.internal.reflect.NativeMethodAccessorImpl.invoke(NativeMethodAccessorImpl.java:62) ~[?:?]
	at jdk.internal.reflect.DelegatingMethodAccessorImpl.invoke(DelegatingMethodAccessorImpl.java:43) ~[?:?]
	at java.lang.reflect.Method.invoke(Method.java:567) ~[?:?]
	at org.testng.internal.MethodInvocationHelper.invokeMethod(MethodInvocationHelper.java:134) ~[testng-7.1.0.jar:?]
	at org.testng.internal.TestInvoker.invokeMethod(TestInvoker.java:597) ~[testng-7.1.0.jar:?]
	at org.testng.internal.TestInvoker.invokeTestMethod(TestInvoker.java:173) ~[testng-7.1.0.jar:?]
	at org.testng.internal.MethodRunner.runInSequence(MethodRunner.java:46) ~[testng-7.1.0.jar:?]
	at org.testng.internal.TestInvoker$MethodInvocationAgent.invoke(TestInvoker.java:816) ~[testng-7.1.0.jar:?]
	at org.testng.internal.TestInvoker.invokeTestMethods(TestInvoker.java:146) ~[testng-7.1.0.jar:?]
	at org.testng.internal.TestMethodWorker.invokeTestMethods(TestMethodWorker.java:146) ~[testng-7.1.0.jar:?]
	at org.testng.internal.TestMethodWorker.run(TestMethodWorker.java:128) ~[testng-7.1.0.jar:?]
	at java.util.ArrayList.forEach(ArrayList.java:1540) [?:?]
	at org.testng.TestRunner.privateRun(TestRunner.java:766) [testng-7.1.0.jar:?]
	at org.testng.TestRunner.run(TestRunner.java:587) [testng-7.1.0.jar:?]
	at org.testng.SuiteRunner.runTest(SuiteRunner.java:384) [testng-7.1.0.jar:?]
	at org.testng.SuiteRunner.runSequentially(SuiteRunner.java:378) [testng-7.1.0.jar:?]
	at org.testng.SuiteRunner.privateRun(SuiteRunner.java:337) [testng-7.1.0.jar:?]
	at org.testng.SuiteRunner.run(SuiteRunner.java:286) [testng-7.1.0.jar:?]
	at org.testng.SuiteRunnerWorker.runSuite(SuiteRunnerWorker.java:53) [testng-7.1.0.jar:?]
	at org.testng.SuiteRunnerWorker.run(SuiteRunnerWorker.java:96) [testng-7.1.0.jar:?]
	at org.testng.TestNG.runSuitesSequentially(TestNG.java:1187) [testng-7.1.0.jar:?]
	at org.testng.TestNG.runSuitesLocally(TestNG.java:1109) [testng-7.1.0.jar:?]
	at org.testng.TestNG.runSuites(TestNG.java:1039) [testng-7.1.0.jar:?]
	at org.testng.TestNG.run(TestNG.java:1007) [testng-7.1.0.jar:?]
	at Utils.Main.RunTest.main(RunTest.java:116) [classes/:?]
2020-12-23 13:54:51,199 ERROR U.T.InvokedMethodListener [main] Failed to process the check updates request

Video: C:\Nep-4-next\nep-qa-next@f35aa3a96df\nep-qa-automation/test-output/capture/InitAndCleanupPortal-23-12-2020-13.53.47.avi
ScreenShot: C:\Nep-4-next\nep-qa-next@f35aa3a96df\nep-qa-automation/test-output/capture/InitAndCleanupPortal-23-12-2020-13.53.47.png


2020-12-23 13:54:52,445 DEBUG T.RecordedTest [main] screenshot file: C:\Nep-4-next\nep-qa-next@f35aa3a96df\nep-qa-automation/test-output/capture/InitAndCleanupPortal-23-12-2020-13.54.52.png
2020-12-23 13:54:52,446 INFO T.E.InitAndCleanupPortal [main] Starting Cleanup agents
2020-12-23 13:54:53,777 INFO U.R.SSHManager [main] Connected Successfully to host 10.85.25.56
2020-12-23 13:54:53,856 INFO U.R.SSHManager [main] Going to executing command: hostname
2020-12-23 13:54:54,099 DEBUG U.R.SSHManager [main] Done.
2020-12-23 13:54:54,342 INFO A.SimulatedAgentActions [main] SimulatedAgentActions, DS URL: https://endpoint-protection-services.qa.tw-test.net:443/
2020-12-23 13:54:54,343 INFO T.E.InitAndCleanupPortal [main] Going to send delete action to Centcom for agent on hostanem DESKTOP-KKA6DOU
2020-12-23 13:54:54,344 DEBUG A.SeleniumBrowser [main] Selenium browser Launch - Before switch application type: Chrome
2020-12-23 13:54:54,344 DEBUG A.SeleniumBrowser [main] Setting Chrome driver location: C:/home/NepManagerDownloads/utils/chromedriver.exe
2020-12-23 13:54:54,344 DEBUG A.SeleniumBrowser [main] Selenium browser Launch - After creating new hashMap
2020-12-23 13:54:54,344 DEBUG A.SeleniumBrowser [main] Selenium browser Launch - After reading MasterDownloadFolder property: C:\home\NepManagerDownloads
2020-12-23 13:54:54,344 DEBUG A.SeleniumBrowser [main] Selenium browser Launch - After put to hash
2020-12-23 13:54:54,344 DEBUG A.SeleniumBrowser [main] Selenium browser Launch - After new chrome options
2020-12-23 13:54:54,344 DEBUG A.SeleniumBrowser [main] Selenium browser Launch - After chrome setExperimentalOption
2020-12-23 13:54:54,345 DEBUG A.SeleniumBrowser [main] Selenium browser Launch - Before setting several chrome options
2020-12-23 13:54:54,345 DEBUG A.SeleniumBrowser [main] Selenium browser Launch - Before creating new chrome driver
2020-12-23 13:54:57,647 DEBUG A.SeleniumBrowser [main] Selenium browser Launch - After creating new chrome driver
2020-12-23 13:54:57,650 DEBUG A.SeleniumBrowser [main] After Setting implicit timeout
2020-12-23 13:54:59,673 DEBUG A.SeleniumBrowser [main] After maximizing window 
2020-12-23 13:54:59,674 DEBUG A.SeleniumBrowser [main] LoadURL: Before check if driver equals to null 
2020-12-23 13:54:59,674 DEBUG A.SeleniumBrowser [main] LoadURL: After check if driver equals to null 
2020-12-23 13:54:59,675 DEBUG A.SeleniumBrowser [main] LoadURL: URL =  https://portal.qa.tw-test.net
2020-12-23 13:55:05,543 DEBUG A.SeleniumBrowser [main] LoadURL: after get URL =  https://portal.qa.tw-test.net
2020-12-23 13:55:07,165 DEBUG A.BrowserActions [main] Waiting for login button to be clickable...
2020-12-23 13:55:07,329 DEBUG A.BrowserActions [main] Login button clicked successfully...
2020-12-23 13:55:09,065 DEBUG A.SeleniumBrowser [main] LoadURL: Before check if driver equals to null 
2020-12-23 13:55:09,065 DEBUG A.SeleniumBrowser [main] LoadURL: After check if driver equals to null 
2020-12-23 13:55:09,065 DEBUG A.SeleniumBrowser [main] LoadURL: URL =  https://portal.qa.tw-test.net/#/operations?menuKey=centcom-devices&stackKey=entity-search&types=EntityType.AGENT
2020-12-23 13:55:09,684 DEBUG A.SeleniumBrowser [main] LoadURL: after get URL =  https://portal.qa.tw-test.net/#/operations?menuKey=centcom-devices&stackKey=entity-search&types=EntityType.AGENT
2020-12-23 13:55:36,603 INFO A.BrowserActions [main] Successfully deleted endpoint: DESKTOP-KKA6DOU
2020-12-23 13:55:36,603 INFO T.E.InitAndCleanupPortal [main] Agent was found and delete action was done in Centcom, going to wait until service is uninstalled from agent
2020-12-23 13:55:41,604 INFO U.R.SSHManager [main] Going to executing command: net start
2020-12-23 13:55:41,881 DEBUG U.R.SSHManager [main] Done.
2020-12-23 13:55:41,881 INFO A.BaseAgentActions [main] Endpoint service was stopped!
2020-12-23 13:55:41,881 DEBUG A.BaseAgentActions [main] Agent Service was not found after uninstall
2020-12-23 13:55:41,882 INFO U.R.SSHManager [main] Going to executing command: tasklist
2020-12-23 13:55:42,520 DEBUG U.R.SSHManager [main] Done.
2020-12-23 13:55:42,520 DEBUG A.BaseAgentActions [main] Agent process was not found after uninstall
2020-12-23 13:55:42,521 INFO T.E.InitAndCleanupPortal [main] Done. Service is not running on agent
2020-12-23 13:55:43,810 DEBUG T.RecordedTest [main] screenshot file: C:\Nep-4-next\nep-qa-next@f35aa3a96df\nep-qa-automation/test-output/capture/InitAndCleanupPortal-23-12-2020-13.55.43.png
2020-12-23 13:55:43,811 INFO T.E.InitAndCleanupPortal [main] Starting Cleanup agents
2020-12-23 13:55:45,182 INFO U.R.SSHManager [main] Connected Successfully to host 10.85.24.252
2020-12-23 13:55:45,259 INFO U.R.SSHManager [main] Going to executing command: hostname
2020-12-23 13:55:45,489 DEBUG U.R.SSHManager [main] Done.
2020-12-23 13:55:45,732 INFO A.SimulatedAgentActions [main] SimulatedAgentActions, DS URL: https://endpoint-protection-services.qa.tw-test.net:443/
2020-12-23 13:55:45,733 INFO T.E.InitAndCleanupPortal [main] Going to send delete action to Centcom for agent on hostanem DESKTOP-KKA6DOU
2020-12-23 13:55:45,733 DEBUG A.SeleniumBrowser [main] Selenium browser Launch - Before switch application type: Chrome
2020-12-23 13:55:45,733 DEBUG A.SeleniumBrowser [main] Setting Chrome driver location: C:/home/NepManagerDownloads/utils/chromedriver.exe
2020-12-23 13:55:45,733 DEBUG A.SeleniumBrowser [main] Selenium browser Launch - After creating new hashMap
2020-12-23 13:55:45,734 DEBUG A.SeleniumBrowser [main] Selenium browser Launch - After reading MasterDownloadFolder property: C:\home\NepManagerDownloads
2020-12-23 13:55:45,734 DEBUG A.SeleniumBrowser [main] Selenium browser Launch - After put to hash
2020-12-23 13:55:45,734 DEBUG A.SeleniumBrowser [main] Selenium browser Launch - After new chrome options
2020-12-23 13:55:45,734 DEBUG A.SeleniumBrowser [main] Selenium browser Launch - After chrome setExperimentalOption
2020-12-23 13:55:45,734 DEBUG A.SeleniumBrowser [main] Selenium browser Launch - Before setting several chrome options
2020-12-23 13:55:45,735 DEBUG A.SeleniumBrowser [main] Selenium browser Launch - Before creating new chrome driver
2020-12-23 13:55:48,995 DEBUG A.SeleniumBrowser [main] Selenium browser Launch - After creating new chrome driver
2020-12-23 13:55:49,000 DEBUG A.SeleniumBrowser [main] After Setting implicit timeout
2020-12-23 13:55:51,019 DEBUG A.SeleniumBrowser [main] After maximizing window 
2020-12-23 13:55:51,020 DEBUG A.SeleniumBrowser [main] LoadURL: Before check if driver equals to null 
2020-12-23 13:55:51,020 DEBUG A.SeleniumBrowser [main] LoadURL: After check if driver equals to null 
2020-12-23 13:55:51,020 DEBUG A.SeleniumBrowser [main] LoadURL: URL =  https://portal.qa.tw-test.net
2020-12-23 13:55:56,233 DEBUG A.SeleniumBrowser [main] LoadURL: after get URL =  https://portal.qa.tw-test.net
2020-12-23 13:55:57,717 DEBUG A.BrowserActions [main] Waiting for login button to be clickable...
2020-12-23 13:55:57,854 DEBUG A.BrowserActions [main] Login button clicked successfully...
2020-12-23 13:55:59,485 DEBUG A.SeleniumBrowser [main] LoadURL: Before check if driver equals to null 
2020-12-23 13:55:59,485 DEBUG A.SeleniumBrowser [main] LoadURL: After check if driver equals to null 
2020-12-23 13:55:59,485 DEBUG A.SeleniumBrowser [main] LoadURL: URL =  https://portal.qa.tw-test.net/#/operations?menuKey=centcom-devices&stackKey=entity-search&types=EntityType.AGENT
2020-12-23 13:55:59,796 DEBUG A.SeleniumBrowser [main] LoadURL: after get URL =  https://portal.qa.tw-test.net/#/operations?menuKey=centcom-devices&stackKey=entity-search&types=EntityType.AGENT
2020-12-23 13:56:23,395 WARN A.BrowserActions [main] Could not find the following EP at CentCom: DESKTOP-KKA6DOU
2020-12-23 13:56:23,395 INFO T.E.InitAndCleanupPortal [main] Agent wasn't found in UI, going to delete from DS Mgmt (by simulated agent) if exists in DB
2020-12-23 13:56:23,396 INFO T.E.InitAndCleanupPortal [main] Endpoint DESKTOP-KKA6DOU was not found in DB, going to uninsatll if service is running on agent.
2020-12-23 13:56:28,396 INFO U.R.SSHManager [main] Going to executing command: net start
2020-12-23 13:56:28,657 DEBUG U.R.SSHManager [main] Done.
2020-12-23 13:56:33,657 INFO U.R.SSHManager [main] Going to executing command: net start
2020-12-23 13:56:33,924 DEBUG U.R.SSHManager [main] Done.
2020-12-23 13:56:38,925 INFO U.R.SSHManager [main] Going to executing command: net start
2020-12-23 13:56:39,839 DEBUG U.R.SSHManager [main] Done.
2020-12-23 13:56:44,839 INFO U.R.SSHManager [main] Going to executing command: net start
2020-12-23 13:56:45,162 DEBUG U.R.SSHManager [main] Done.
2020-12-23 13:56:50,163 INFO U.R.SSHManager [main] Going to executing command: net start
2020-12-23 13:56:50,515 DEBUG U.R.SSHManager [main] Done.
2020-12-23 13:56:55,516 INFO U.R.SSHManager [main] Going to executing command: net start
2020-12-23 13:56:55,781 DEBUG U.R.SSHManager [main] Done.
2020-12-23 13:57:00,782 INFO U.R.SSHManager [main] Going to executing command: net start
2020-12-23 13:57:01,061 DEBUG U.R.SSHManager [main] Done.
2020-12-23 13:57:06,061 INFO U.R.SSHManager [main] Going to executing command: net start
2020-12-23 13:57:06,332 DEBUG U.R.SSHManager [main] Done.
2020-12-23 13:57:11,334 INFO U.R.SSHManager [main] Going to executing command: net start
2020-12-23 13:57:11,608 DEBUG U.R.SSHManager [main] Done.
2020-12-23 13:57:16,609 INFO U.R.SSHManager [main] Going to executing command: net start
2020-12-23 13:57:16,880 DEBUG U.R.SSHManager [main] Done.
2020-12-23 13:57:21,880 INFO U.R.SSHManager [main] Going to executing command: net start
2020-12-23 13:57:22,131 DEBUG U.R.SSHManager [main] Done.
2020-12-23 13:57:27,132 INFO U.R.SSHManager [main] Going to executing command: net start
2020-12-23 13:57:27,397 DEBUG U.R.SSHManager [main] Done.
2020-12-23 13:57:32,398 INFO U.R.SSHManager [main] Going to executing command: net start
2020-12-23 13:57:32,678 DEBUG U.R.SSHManager [main] Done.
2020-12-23 13:57:37,679 INFO U.R.SSHManager [main] Going to executing command: net start
2020-12-23 13:57:37,946 DEBUG U.R.SSHManager [main] Done.
2020-12-23 13:57:42,947 INFO U.R.SSHManager [main] Going to executing command: net start
2020-12-23 13:57:43,262 DEBUG U.R.SSHManager [main] Done.
2020-12-23 13:57:48,262 INFO U.R.SSHManager [main] Going to executing command: net start
2020-12-23 13:57:48,524 DEBUG U.R.SSHManager [main] Done.
2020-12-23 13:57:53,525 INFO U.R.SSHManager [main] Going to executing command: net start
2020-12-23 13:57:53,798 DEBUG U.R.SSHManager [main] Done.
2020-12-23 13:57:58,799 INFO U.R.SSHManager [main] Going to executing command: net start
2020-12-23 13:57:59,067 DEBUG U.R.SSHManager [main] Done.
2020-12-23 13:58:04,067 INFO U.R.SSHManager [main] Going to executing command: net start
2020-12-23 13:58:04,958 DEBUG U.R.SSHManager [main] Done.
2020-12-23 13:58:09,959 INFO U.R.SSHManager [main] Going to executing command: net start
2020-12-23 13:58:10,286 DEBUG U.R.SSHManager [main] Done.
2020-12-23 13:58:15,287 INFO U.R.SSHManager [main] Going to executing command: net start
2020-12-23 13:58:15,610 DEBUG U.R.SSHManager [main] Done.
2020-12-23 13:58:20,612 INFO U.R.SSHManager [main] Going to executing command: net start
2020-12-23 13:58:20,936 DEBUG U.R.SSHManager [main] Done.
2020-12-23 13:58:25,936 INFO U.R.SSHManager [main] Going to executing command: net start
2020-12-23 13:58:26,259 DEBUG U.R.SSHManager [main] Done.
2020-12-23 13:58:31,260 INFO U.R.SSHManager [main] Going to executing command: net start
2020-12-23 13:58:31,586 DEBUG U.R.SSHManager [main] Done.
2020-12-23 13:58:36,586 INFO U.R.SSHManager [main] Going to executing command: net start
2020-12-23 13:58:36,911 DEBUG U.R.SSHManager [main] Done.
2020-12-23 13:58:41,912 INFO U.R.SSHManager [main] Going to executing command: net start
2020-12-23 13:58:42,234 DEBUG U.R.SSHManager [main] Done.
2020-12-23 13:58:47,234 INFO U.R.SSHManager [main] Going to executing command: net start
2020-12-23 13:58:47,559 DEBUG U.R.SSHManager [main] Done.
2020-12-23 13:58:52,559 INFO U.R.SSHManager [main] Going to executing command: net start
2020-12-23 13:58:53,472 DEBUG U.R.SSHManager [main] Done.
2020-12-23 13:58:58,473 INFO U.R.SSHManager [main] Going to executing command: net start
2020-12-23 13:58:58,799 DEBUG U.R.SSHManager [main] Done.
2020-12-23 13:59:03,800 INFO U.R.SSHManager [main] Going to executing command: net start
2020-12-23 13:59:04,123 DEBUG U.R.SSHManager [main] Done.
2020-12-23 13:59:09,125 INFO U.R.SSHManager [main] Going to executing command: net start
2020-12-23 13:59:09,453 DEBUG U.R.SSHManager [main] Done.
2020-12-23 13:59:14,453 INFO U.R.SSHManager [main] Going to executing command: net start
2020-12-23 13:59:14,714 DEBUG U.R.SSHManager [main] Done.
2020-12-23 13:59:19,714 INFO U.R.SSHManager [main] Going to executing command: net start
2020-12-23 13:59:19,971 DEBUG U.R.SSHManager [main] Done.
2020-12-23 13:59:24,971 INFO U.R.SSHManager [main] Going to executing command: net start
2020-12-23 13:59:25,242 DEBUG U.R.SSHManager [main] Done.
2020-12-23 13:59:25,242 INFO T.E.InitAndCleanupPortal [main] Service is still running, going to force uninstall
2020-12-23 13:59:25,242 INFO A.WinAgentActions [main] Uninstalling EP if exists...
2020-12-23 13:59:25,242 INFO U.R.SSHManager [main] Going to executing command: msiexec.exe /x C:\home\NepEPDownloads\TrustwaveEndpoint.msi /q
2020-12-23 14:00:31,246 DEBUG U.R.SSHManager [main] Done.
2020-12-23 14:00:36,247 INFO U.R.SSHManager [main] Going to executing command: net start
2020-12-23 14:00:37,129 DEBUG U.R.SSHManager [main] Done.
2020-12-23 14:00:37,131 INFO U.R.SSHManager [main] Going to executing command: tasklist
2020-12-23 14:00:38,153 DEBUG U.R.SSHManager [main] Done.
2020-12-23 14:00:43,153 INFO U.R.SSHManager [main] Going to executing command: net start
2020-12-23 14:00:43,477 DEBUG U.R.SSHManager [main] Done.
2020-12-23 14:00:43,477 INFO A.BaseAgentActions [main] Endpoint service was stopped!
2020-12-23 14:00:43,477 DEBUG A.BaseAgentActions [main] Agent Service was not found after uninstall
2020-12-23 14:00:43,477 INFO U.R.SSHManager [main] Going to executing command: tasklist
2020-12-23 14:00:44,222 DEBUG U.R.SSHManager [main] Done.
2020-12-23 14:00:44,222 DEBUG A.BaseAgentActions [main] Agent process was not found after uninstall
2020-12-23 14:00:44,222 INFO T.E.InitAndCleanupPortal [main] Done.
2020-12-23 14:16:31,647 DEBUG T.RecordedTest [main] screenshot file: C:\Nep-4-next\nep-qa-next@f35aa3a96df\nep-qa-automation/test-output/capture/InitAndCleanupPortal-23-12-2020-14.16.31.png
2020-12-23 14:16:31,654 INFO T.E.InitAndCleanupPortal [main] Starting Cleanup agents
2020-12-23 14:16:33,051 INFO U.R.SSHManager [main] Connected Successfully to host 10.85.24.252
2020-12-23 14:16:33,151 INFO U.R.SSHManager [main] Going to executing command: hostname
2020-12-23 14:16:33,395 DEBUG U.R.SSHManager [main] Done.
2020-12-23 14:16:37,610 INFO A.SimulatedAgentActions [main] SimulatedAgentActions, DS URL: https://endpoint-protection-services.qa.tw-test.net:443/
2020-12-23 14:16:37,624 INFO T.E.InitAndCleanupPortal [main] Going to send delete action to Centcom for agent on hostanem DESKTOP-KKA6DOU
2020-12-23 14:16:37,624 DEBUG A.SeleniumBrowser [main] Selenium browser Launch - Before switch application type: Chrome
2020-12-23 14:16:37,625 DEBUG A.SeleniumBrowser [main] Setting Chrome driver location: C:/home/NepManagerDownloads/utils/chromedriver.exe
2020-12-23 14:16:37,625 DEBUG A.SeleniumBrowser [main] Selenium browser Launch - After creating new hashMap
2020-12-23 14:16:37,625 DEBUG A.SeleniumBrowser [main] Selenium browser Launch - After reading MasterDownloadFolder property: C:\home\NepManagerDownloads
2020-12-23 14:16:37,625 DEBUG A.SeleniumBrowser [main] Selenium browser Launch - After put to hash
2020-12-23 14:16:37,629 DEBUG A.SeleniumBrowser [main] Selenium browser Launch - After new chrome options
2020-12-23 14:16:37,631 DEBUG A.SeleniumBrowser [main] Selenium browser Launch - After chrome setExperimentalOption
2020-12-23 14:16:37,632 DEBUG A.SeleniumBrowser [main] Selenium browser Launch - Before setting several chrome options
2020-12-23 14:16:37,638 DEBUG A.SeleniumBrowser [main] Selenium browser Launch - Before creating new chrome driver
2020-12-23 14:16:41,630 DEBUG A.SeleniumBrowser [main] Selenium browser Launch - After creating new chrome driver
2020-12-23 14:16:41,638 DEBUG A.SeleniumBrowser [main] After Setting implicit timeout
2020-12-23 14:16:43,654 DEBUG A.SeleniumBrowser [main] After maximizing window 
2020-12-23 14:16:43,654 DEBUG A.SeleniumBrowser [main] LoadURL: Before check if driver equals to null 
2020-12-23 14:16:43,655 DEBUG A.SeleniumBrowser [main] LoadURL: After check if driver equals to null 
2020-12-23 14:16:43,655 DEBUG A.SeleniumBrowser [main] LoadURL: URL =  https://portal.qa.tw-test.net
2020-12-23 14:16:49,854 DEBUG A.SeleniumBrowser [main] LoadURL: after get URL =  https://portal.qa.tw-test.net
2020-12-23 14:16:51,752 DEBUG A.BrowserActions [main] Waiting for login button to be clickable...
2020-12-23 14:16:51,966 DEBUG A.BrowserActions [main] Login button clicked successfully...
2020-12-23 14:16:53,657 DEBUG A.SeleniumBrowser [main] LoadURL: Before check if driver equals to null 
2020-12-23 14:16:53,658 DEBUG A.SeleniumBrowser [main] LoadURL: After check if driver equals to null 
2020-12-23 14:16:53,658 DEBUG A.SeleniumBrowser [main] LoadURL: URL =  https://portal.qa.tw-test.net/#/operations?menuKey=centcom-devices&stackKey=entity-search&types=EntityType.AGENT
2020-12-23 14:16:54,236 DEBUG A.SeleniumBrowser [main] LoadURL: after get URL =  https://portal.qa.tw-test.net/#/operations?menuKey=centcom-devices&stackKey=entity-search&types=EntityType.AGENT
2020-12-23 14:17:24,983 WARN A.BrowserActions [main] Could not find the following EP at CentCom: DESKTOP-KKA6DOU
2020-12-23 14:17:24,984 INFO T.E.InitAndCleanupPortal [main] Agent wasn't found in UI, going to delete from DS Mgmt (by simulated agent) if exists in DB
2020-12-23 14:17:24,984 INFO T.E.InitAndCleanupPortal [main] Endpoint DESKTOP-KKA6DOU was not found in DB, going to uninsatll if service is running on agent.
2020-12-23 14:17:29,984 INFO U.R.SSHManager [main] Going to executing command: net start
2020-12-23 14:17:30,251 DEBUG U.R.SSHManager [main] Done.
2020-12-23 14:17:30,251 INFO A.BaseAgentActions [main] Endpoint service was stopped!
2020-12-23 14:17:30,252 DEBUG A.BaseAgentActions [main] Agent Service was not found after uninstall
2020-12-23 14:17:30,252 INFO U.R.SSHManager [main] Going to executing command: tasklist
2020-12-23 14:17:30,829 DEBUG U.R.SSHManager [main] Done.
2020-12-23 14:17:30,829 DEBUG A.BaseAgentActions [main] Agent process was not found after uninstall
2020-12-23 14:17:30,829 INFO T.E.InitAndCleanupPortal [main] Done. Service is not running on agent
2020-12-23 14:17:31,977 DEBUG T.RecordedTest [main] screenshot file: C:\Nep-4-next\nep-qa-next@f35aa3a96df\nep-qa-automation/test-output/capture/InitAndCleanupPortal-23-12-2020-14.17.31.png
2020-12-23 14:17:31,978 INFO T.E.InitAndCleanupPortal [main] Starting Cleanup agents
2020-12-23 14:17:33,340 INFO U.R.SSHManager [main] Connected Successfully to host 10.85.25.56
2020-12-23 14:17:33,480 INFO U.R.SSHManager [main] Going to executing command: hostname
2020-12-23 14:17:33,771 DEBUG U.R.SSHManager [main] Done.
2020-12-23 14:17:34,048 INFO A.SimulatedAgentActions [main] SimulatedAgentActions, DS URL: https://endpoint-protection-services.qa.tw-test.net:443/
2020-12-23 14:17:34,049 INFO T.E.InitAndCleanupPortal [main] Going to send delete action to Centcom for agent on hostanem DESKTOP-KKA6DOU
2020-12-23 14:17:34,049 DEBUG A.SeleniumBrowser [main] Selenium browser Launch - Before switch application type: Chrome
2020-12-23 14:17:34,049 DEBUG A.SeleniumBrowser [main] Setting Chrome driver location: C:/home/NepManagerDownloads/utils/chromedriver.exe
2020-12-23 14:17:34,050 DEBUG A.SeleniumBrowser [main] Selenium browser Launch - After creating new hashMap
2020-12-23 14:17:34,050 DEBUG A.SeleniumBrowser [main] Selenium browser Launch - After reading MasterDownloadFolder property: C:\home\NepManagerDownloads
2020-12-23 14:17:34,050 DEBUG A.SeleniumBrowser [main] Selenium browser Launch - After put to hash
2020-12-23 14:17:34,050 DEBUG A.SeleniumBrowser [main] Selenium browser Launch - After new chrome options
2020-12-23 14:17:34,051 DEBUG A.SeleniumBrowser [main] Selenium browser Launch - After chrome setExperimentalOption
2020-12-23 14:17:34,051 DEBUG A.SeleniumBrowser [main] Selenium browser Launch - Before setting several chrome options
2020-12-23 14:17:34,051 DEBUG A.SeleniumBrowser [main] Selenium browser Launch - Before creating new chrome driver
2020-12-23 14:17:37,370 DEBUG A.SeleniumBrowser [main] Selenium browser Launch - After creating new chrome driver
2020-12-23 14:17:37,373 DEBUG A.SeleniumBrowser [main] After Setting implicit timeout
2020-12-23 14:17:39,398 DEBUG A.SeleniumBrowser [main] After maximizing window 
2020-12-23 14:17:39,399 DEBUG A.SeleniumBrowser [main] LoadURL: Before check if driver equals to null 
2020-12-23 14:17:39,399 DEBUG A.SeleniumBrowser [main] LoadURL: After check if driver equals to null 
2020-12-23 14:17:39,400 DEBUG A.SeleniumBrowser [main] LoadURL: URL =  https://portal.qa.tw-test.net
2020-12-23 14:17:45,102 DEBUG A.SeleniumBrowser [main] LoadURL: after get URL =  https://portal.qa.tw-test.net
2020-12-23 14:17:46,591 DEBUG A.BrowserActions [main] Waiting for login button to be clickable...
2020-12-23 14:17:46,701 DEBUG A.BrowserActions [main] Login button clicked successfully...
2020-12-23 14:17:48,458 DEBUG A.SeleniumBrowser [main] LoadURL: Before check if driver equals to null 
2020-12-23 14:17:48,459 DEBUG A.SeleniumBrowser [main] LoadURL: After check if driver equals to null 
2020-12-23 14:17:48,459 DEBUG A.SeleniumBrowser [main] LoadURL: URL =  https://portal.qa.tw-test.net/#/operations?menuKey=centcom-devices&stackKey=entity-search&types=EntityType.AGENT
2020-12-23 14:17:48,947 DEBUG A.SeleniumBrowser [main] LoadURL: after get URL =  https://portal.qa.tw-test.net/#/operations?menuKey=centcom-devices&stackKey=entity-search&types=EntityType.AGENT
2020-12-23 14:18:12,535 WARN A.BrowserActions [main] Could not find the following EP at CentCom: DESKTOP-KKA6DOU
2020-12-23 14:18:12,536 INFO T.E.InitAndCleanupPortal [main] Agent wasn't found in UI, going to delete from DS Mgmt (by simulated agent) if exists in DB
2020-12-23 14:18:12,537 INFO T.E.InitAndCleanupPortal [main] Endpoint DESKTOP-KKA6DOU was not found in DB, going to uninsatll if service is running on agent.
2020-12-23 14:18:17,538 INFO U.R.SSHManager [main] Going to executing command: net start
2020-12-23 14:18:17,804 DEBUG U.R.SSHManager [main] Done.
2020-12-23 14:18:17,804 INFO A.BaseAgentActions [main] Endpoint service was stopped!
2020-12-23 14:18:17,805 DEBUG A.BaseAgentActions [main] Agent Service was not found after uninstall
2020-12-23 14:18:17,805 INFO U.R.SSHManager [main] Going to executing command: tasklist
2020-12-23 14:18:18,357 DEBUG U.R.SSHManager [main] Done.
2020-12-23 14:18:18,358 DEBUG A.BaseAgentActions [main] Agent process was not found after uninstall
2020-12-23 14:18:18,358 INFO T.E.InitAndCleanupPortal [main] Done. Service is not running on agent
2020-12-23 14:18:19,511 DEBUG T.RecordedTest [main] screenshot file: C:\Nep-4-next\nep-qa-next@f35aa3a96df\nep-qa-automation/test-output/capture/InitAndCleanupPortal-23-12-2020-14.18.19.png
2020-12-23 14:18:19,511 INFO T.E.InitAndCleanupPortal [main] Starting Cleanup agents
2020-12-23 14:18:20,698 INFO U.R.SSHManager [main] Connected Successfully to host 10.85.24.232
2020-12-23 14:18:20,698 INFO U.R.SSHManager [main] Going to executing command: hostname
2020-12-23 14:18:20,852 DEBUG U.R.SSHManager [main] Done.
2020-12-23 14:18:21,118 INFO A.SimulatedAgentActions [main] SimulatedAgentActions, DS URL: https://endpoint-protection-services.qa.tw-test.net:443/
2020-12-23 14:18:21,118 INFO T.E.InitAndCleanupPortal [main] Going to send delete action to Centcom for agent on hostanem ep-u18-qa-24-232
2020-12-23 14:18:21,119 DEBUG A.SeleniumBrowser [main] Selenium browser Launch - Before switch application type: Chrome
2020-12-23 14:18:21,119 DEBUG A.SeleniumBrowser [main] Setting Chrome driver location: C:/home/NepManagerDownloads/utils/chromedriver.exe
2020-12-23 14:18:21,119 DEBUG A.SeleniumBrowser [main] Selenium browser Launch - After creating new hashMap
2020-12-23 14:18:21,119 DEBUG A.SeleniumBrowser [main] Selenium browser Launch - After reading MasterDownloadFolder property: C:\home\NepManagerDownloads
2020-12-23 14:18:21,119 DEBUG A.SeleniumBrowser [main] Selenium browser Launch - After put to hash
2020-12-23 14:18:21,120 DEBUG A.SeleniumBrowser [main] Selenium browser Launch - After new chrome options
2020-12-23 14:18:21,120 DEBUG A.SeleniumBrowser [main] Selenium browser Launch - After chrome setExperimentalOption
2020-12-23 14:18:21,120 DEBUG A.SeleniumBrowser [main] Selenium browser Launch - Before setting several chrome options
2020-12-23 14:18:21,120 DEBUG A.SeleniumBrowser [main] Selenium browser Launch - Before creating new chrome driver
2020-12-23 14:18:24,554 DEBUG A.SeleniumBrowser [main] Selenium browser Launch - After creating new chrome driver
2020-12-23 14:18:24,558 DEBUG A.SeleniumBrowser [main] After Setting implicit timeout
2020-12-23 14:18:26,573 DEBUG A.SeleniumBrowser [main] After maximizing window 
2020-12-23 14:18:26,573 DEBUG A.SeleniumBrowser [main] LoadURL: Before check if driver equals to null 
2020-12-23 14:18:26,574 DEBUG A.SeleniumBrowser [main] LoadURL: After check if driver equals to null 
2020-12-23 14:18:26,574 DEBUG A.SeleniumBrowser [main] LoadURL: URL =  https://portal.qa.tw-test.net
2020-12-23 14:18:34,781 DEBUG A.SeleniumBrowser [main] LoadURL: after get URL =  https://portal.qa.tw-test.net
2020-12-23 14:18:36,209 DEBUG A.BrowserActions [main] Waiting for login button to be clickable...
2020-12-23 14:18:36,348 DEBUG A.BrowserActions [main] Login button clicked successfully...
2020-12-23 14:18:38,232 DEBUG A.SeleniumBrowser [main] LoadURL: Before check if driver equals to null 
2020-12-23 14:18:38,233 DEBUG A.SeleniumBrowser [main] LoadURL: After check if driver equals to null 
2020-12-23 14:18:38,233 DEBUG A.SeleniumBrowser [main] LoadURL: URL =  https://portal.qa.tw-test.net/#/operations?menuKey=centcom-devices&stackKey=entity-search&types=EntityType.AGENT
2020-12-23 14:18:38,582 DEBUG A.SeleniumBrowser [main] LoadURL: after get URL =  https://portal.qa.tw-test.net/#/operations?menuKey=centcom-devices&stackKey=entity-search&types=EntityType.AGENT
2020-12-23 14:19:01,972 WARN A.BrowserActions [main] Could not find the following EP at CentCom: ep-u18-qa-24-232
2020-12-23 14:19:01,972 INFO T.E.InitAndCleanupPortal [main] Agent wasn't found in UI, going to delete from DS Mgmt (by simulated agent) if exists in DB
2020-12-23 14:19:01,972 INFO T.E.InitAndCleanupPortal [main] Endpoint ep-u18-qa-24-232 was not found in DB, going to uninsatll if service is running on agent.
2020-12-23 14:19:06,973 INFO U.R.SSHManager [main] Going to executing command: systemctl status tw-endpoint
2020-12-23 14:19:07,162 WARN U.R.SSHManager [main] Error response: 
Unit tw-endpoint.service could not be found.
2020-12-23 14:19:07,162 INFO A.BaseAgentActions [main] Endpoint service was stopped!
2020-12-23 14:19:07,162 DEBUG A.BaseAgentActions [main] Agent Service was not found after uninstall
2020-12-23 14:19:07,162 INFO T.E.InitAndCleanupPortal [main] Done. Service is not running on agent
2020-12-23 14:19:08,961 DEBUG T.RecordedTest [main] screenshot file: C:\Nep-4-next\nep-qa-next@f35aa3a96df\nep-qa-automation/test-output/capture/InitAndCleanupPortal-23-12-2020-14.19.08.png
2020-12-23 14:19:08,962 INFO T.E.InitAndCleanupPortal [main] Starting Cleanup agents
2020-12-23 14:19:10,747 INFO U.R.SSHManager [main] Connected Successfully to host 10.85.24.96
2020-12-23 14:19:10,748 INFO U.R.SSHManager [main] Going to executing command: hostname
2020-12-23 14:19:10,952 DEBUG U.R.SSHManager [main] Done.
2020-12-23 14:19:11,196 INFO A.SimulatedAgentActions [main] SimulatedAgentActions, DS URL: https://endpoint-protection-services.qa.tw-test.net:443/
2020-12-23 14:19:11,197 INFO T.E.InitAndCleanupPortal [main] Going to send delete action to Centcom for agent on hostanem ep-c8-qa-24-96
2020-12-23 14:19:11,198 DEBUG A.SeleniumBrowser [main] Selenium browser Launch - Before switch application type: Chrome
2020-12-23 14:19:11,198 DEBUG A.SeleniumBrowser [main] Setting Chrome driver location: C:/home/NepManagerDownloads/utils/chromedriver.exe
2020-12-23 14:19:11,198 DEBUG A.SeleniumBrowser [main] Selenium browser Launch - After creating new hashMap
2020-12-23 14:19:11,199 DEBUG A.SeleniumBrowser [main] Selenium browser Launch - After reading MasterDownloadFolder property: C:\home\NepManagerDownloads
2020-12-23 14:19:11,199 DEBUG A.SeleniumBrowser [main] Selenium browser Launch - After put to hash
2020-12-23 14:19:11,199 DEBUG A.SeleniumBrowser [main] Selenium browser Launch - After new chrome options
2020-12-23 14:19:11,199 DEBUG A.SeleniumBrowser [main] Selenium browser Launch - After chrome setExperimentalOption
2020-12-23 14:19:11,199 DEBUG A.SeleniumBrowser [main] Selenium browser Launch - Before setting several chrome options
2020-12-23 14:19:11,200 DEBUG A.SeleniumBrowser [main] Selenium browser Launch - Before creating new chrome driver
2020-12-23 14:19:14,432 DEBUG A.SeleniumBrowser [main] Selenium browser Launch - After creating new chrome driver
2020-12-23 14:19:14,435 DEBUG A.SeleniumBrowser [main] After Setting implicit timeout
2020-12-23 14:19:16,449 DEBUG A.SeleniumBrowser [main] After maximizing window 
2020-12-23 14:19:16,449 DEBUG A.SeleniumBrowser [main] LoadURL: Before check if driver equals to null 
2020-12-23 14:19:16,449 DEBUG A.SeleniumBrowser [main] LoadURL: After check if driver equals to null 
2020-12-23 14:19:16,450 DEBUG A.SeleniumBrowser [main] LoadURL: URL =  https://portal.qa.tw-test.net
2020-12-23 14:19:21,342 DEBUG A.SeleniumBrowser [main] LoadURL: after get URL =  https://portal.qa.tw-test.net
2020-12-23 14:19:22,878 DEBUG A.BrowserActions [main] Waiting for login button to be clickable...
2020-12-23 14:19:22,991 DEBUG A.BrowserActions [main] Login button clicked successfully...
2020-12-23 14:19:25,046 DEBUG A.SeleniumBrowser [main] LoadURL: Before check if driver equals to null 
2020-12-23 14:19:25,047 DEBUG A.SeleniumBrowser [main] LoadURL: After check if driver equals to null 
2020-12-23 14:19:25,047 DEBUG A.SeleniumBrowser [main] LoadURL: URL =  https://portal.qa.tw-test.net/#/operations?menuKey=centcom-devices&stackKey=entity-search&types=EntityType.AGENT
2020-12-23 14:19:25,330 DEBUG A.SeleniumBrowser [main] LoadURL: after get URL =  https://portal.qa.tw-test.net/#/operations?menuKey=centcom-devices&stackKey=entity-search&types=EntityType.AGENT
2020-12-23 14:19:42,563 WARN A.BrowserActions [main] Could not find the following EP at CentCom: ep-c8-qa-24-96
2020-12-23 14:19:42,563 INFO T.E.InitAndCleanupPortal [main] Agent wasn't found in UI, going to delete from DS Mgmt (by simulated agent) if exists in DB
2020-12-23 14:19:42,563 INFO T.E.InitAndCleanupPortal [main] Endpoint ep-c8-qa-24-96 was not found in DB, going to uninsatll if service is running on agent.
2020-12-23 14:19:47,564 INFO U.R.SSHManager [main] Going to executing command: systemctl status tw-endpoint
2020-12-23 14:19:47,750 WARN U.R.SSHManager [main] Error response: 
Unit tw-endpoint.service could not be found.
2020-12-23 14:19:47,751 INFO A.BaseAgentActions [main] Endpoint service was stopped!
2020-12-23 14:19:47,751 DEBUG A.BaseAgentActions [main] Agent Service was not found after uninstall
2020-12-23 14:19:47,751 INFO T.E.InitAndCleanupPortal [main] Done. Service is not running on agent
2020-12-23 14:19:48,967 DEBUG T.RecordedTest [main] screenshot file: C:\Nep-4-next\nep-qa-next@f35aa3a96df\nep-qa-automation/test-output/capture/CreateNewInstallers-23-12-2020-14.19.48.png
2020-12-23 14:19:48,968 INFO T.E.CreateNewInstallers [main] Starting Create New Installers...
2020-12-23 14:19:48,974 DEBUG A.SeleniumBrowser [main] Selenium browser Launch - Before switch application type: Chrome
2020-12-23 14:19:48,974 DEBUG A.SeleniumBrowser [main] Setting Chrome driver location: C:/home/NepManagerDownloads/utils/chromedriver.exe
2020-12-23 14:19:49,015 DEBUG A.SeleniumBrowser [main] Selenium browser Launch - After creating new hashMap
2020-12-23 14:19:49,016 DEBUG A.SeleniumBrowser [main] Selenium browser Launch - After reading MasterDownloadFolder property: C:\home\NepManagerDownloads
2020-12-23 14:19:49,020 DEBUG A.SeleniumBrowser [main] Selenium browser Launch - After put to hash
2020-12-23 14:19:49,020 DEBUG A.SeleniumBrowser [main] Selenium browser Launch - After new chrome options
2020-12-23 14:19:49,020 DEBUG A.SeleniumBrowser [main] Selenium browser Launch - After chrome setExperimentalOption
2020-12-23 14:19:49,021 DEBUG A.SeleniumBrowser [main] Selenium browser Launch - Before setting several chrome options
2020-12-23 14:19:49,021 DEBUG A.SeleniumBrowser [main] Selenium browser Launch - Before creating new chrome driver
2020-12-23 14:19:52,405 DEBUG A.SeleniumBrowser [main] Selenium browser Launch - After creating new chrome driver
2020-12-23 14:19:52,408 DEBUG A.SeleniumBrowser [main] After Setting implicit timeout
2020-12-23 14:19:54,425 DEBUG A.SeleniumBrowser [main] After maximizing window 
2020-12-23 14:19:54,425 DEBUG A.SeleniumBrowser [main] LoadURL: Before check if driver equals to null 
2020-12-23 14:19:54,425 DEBUG A.SeleniumBrowser [main] LoadURL: After check if driver equals to null 
2020-12-23 14:19:54,426 DEBUG A.SeleniumBrowser [main] LoadURL: URL =  https://portal.qa.tw-test.net
2020-12-23 14:19:59,868 DEBUG A.SeleniumBrowser [main] LoadURL: after get URL =  https://portal.qa.tw-test.net
2020-12-23 14:20:01,285 DEBUG A.BrowserActions [main] Waiting for login button to be clickable...
2020-12-23 14:20:01,466 DEBUG A.BrowserActions [main] Login button clicked successfully...
2020-12-23 14:20:03,669 DEBUG A.SeleniumBrowser [main] LoadURL: Before check if driver equals to null 
2020-12-23 14:20:03,669 DEBUG A.SeleniumBrowser [main] LoadURL: After check if driver equals to null 
2020-12-23 14:20:03,669 DEBUG A.SeleniumBrowser [main] LoadURL: URL =  https://portal.qa.tw-test.net/#/support?menuKey=file-cabinet&stackKey=file-cabinet-files
2020-12-23 14:20:03,882 DEBUG A.SeleniumBrowser [main] LoadURL: after get URL =  https://portal.qa.tw-test.net/#/support?menuKey=file-cabinet&stackKey=file-cabinet-files
2020-12-23 14:20:09,675 DEBUG A.BrowserActions [main] customerSelector_element clicked
2020-12-23 14:20:09,831 DEBUG A.BrowserActions [main] searchText_element cleared
2020-12-23 14:20:10,380 DEBUG A.BrowserActions [main] searchText_element keys sent: TrustwaveEP Automation #3
2020-12-23 14:20:12,451 DEBUG A.BrowserActions [main] customerNameBy - Before wait to be clickable 
2020-12-23 14:20:12,498 DEBUG A.BrowserActions [main] customerNameBy - After wait to be clickable 
2020-12-23 14:20:12,837 DEBUG A.BrowserActions [main] customerName - After click 
2020-12-23 14:20:30,829 DEBUG A.SeleniumBrowser [main] LoadURL: Before check if driver equals to null 
2020-12-23 14:20:30,830 DEBUG A.SeleniumBrowser [main] LoadURL: After check if driver equals to null 
2020-12-23 14:20:30,830 DEBUG A.SeleniumBrowser [main] LoadURL: URL =  https://portal.qa.tw-test.net/#/operations?menuKey=centcom-devices&stackKey=entity-search&types=EntityType.AGENT
2020-12-23 14:20:31,033 DEBUG A.SeleniumBrowser [main] LoadURL: after get URL =  https://portal.qa.tw-test.net/#/operations?menuKey=centcom-devices&stackKey=entity-search&types=EntityType.AGENT
2020-12-23 14:21:06,105 INFO T.E.CreateNewInstallers [main] Finished Create New Installers.
2020-12-23 14:21:07,409 DEBUG T.RecordedTest [main] screenshot file: C:\Nep-4-next\nep-qa-next@f35aa3a96df\nep-qa-automation/test-output/capture/DownloadInstallers-23-12-2020-14.21.07.png
2020-12-23 14:21:07,410 INFO T.E.DownloadInstallers [main] Starting download Installers From File Cabinet...
2020-12-23 14:21:07,506 DEBUG A.SeleniumBrowser [main] Selenium browser Launch - Before switch application type: Chrome
2020-12-23 14:21:07,506 DEBUG A.SeleniumBrowser [main] Setting Chrome driver location: C:/home/NepManagerDownloads/utils/chromedriver.exe
2020-12-23 14:21:07,506 DEBUG A.SeleniumBrowser [main] Selenium browser Launch - After creating new hashMap
2020-12-23 14:21:07,506 DEBUG A.SeleniumBrowser [main] Selenium browser Launch - After reading MasterDownloadFolder property: C:\home\NepManagerDownloads
2020-12-23 14:21:07,506 DEBUG A.SeleniumBrowser [main] Selenium browser Launch - After put to hash
2020-12-23 14:21:07,507 DEBUG A.SeleniumBrowser [main] Selenium browser Launch - After new chrome options
2020-12-23 14:21:07,507 DEBUG A.SeleniumBrowser [main] Selenium browser Launch - After chrome setExperimentalOption
2020-12-23 14:21:07,507 DEBUG A.SeleniumBrowser [main] Selenium browser Launch - Before setting several chrome options
2020-12-23 14:21:07,507 DEBUG A.SeleniumBrowser [main] Selenium browser Launch - Before creating new chrome driver
2020-12-23 14:21:10,943 DEBUG A.SeleniumBrowser [main] Selenium browser Launch - After creating new chrome driver
2020-12-23 14:21:10,947 DEBUG A.SeleniumBrowser [main] After Setting implicit timeout
2020-12-23 14:21:12,962 DEBUG A.SeleniumBrowser [main] After maximizing window 
2020-12-23 14:21:12,962 DEBUG A.SeleniumBrowser [main] LoadURL: Before check if driver equals to null 
2020-12-23 14:21:12,962 DEBUG A.SeleniumBrowser [main] LoadURL: After check if driver equals to null 
2020-12-23 14:21:12,963 DEBUG A.SeleniumBrowser [main] LoadURL: URL =  https://portal.qa.tw-test.net
2020-12-23 14:21:19,391 DEBUG A.SeleniumBrowser [main] LoadURL: after get URL =  https://portal.qa.tw-test.net
2020-12-23 14:21:20,858 DEBUG A.BrowserActions [main] Waiting for login button to be clickable...
2020-12-23 14:21:20,990 DEBUG A.BrowserActions [main] Login button clicked successfully...
2020-12-23 14:21:22,941 DEBUG A.SeleniumBrowser [main] LoadURL: Before check if driver equals to null 
2020-12-23 14:21:22,941 DEBUG A.SeleniumBrowser [main] LoadURL: After check if driver equals to null 
2020-12-23 14:21:22,942 DEBUG A.SeleniumBrowser [main] LoadURL: URL =  https://portal.qa.tw-test.net/#/support?menuKey=file-cabinet&stackKey=file-cabinet-files
2020-12-23 14:21:23,227 DEBUG A.SeleniumBrowser [main] LoadURL: after get URL =  https://portal.qa.tw-test.net/#/support?menuKey=file-cabinet&stackKey=file-cabinet-files
2020-12-23 14:21:31,475 DEBUG A.BrowserActions [main] customerSelector_element clicked
2020-12-23 14:21:31,630 DEBUG A.BrowserActions [main] searchText_element cleared
2020-12-23 14:21:32,156 DEBUG A.BrowserActions [main] searchText_element keys sent: TrustwaveEP Automation #3
2020-12-23 14:21:34,245 DEBUG A.BrowserActions [main] customerNameBy - Before wait to be clickable 
2020-12-23 14:21:34,286 DEBUG A.BrowserActions [main] customerNameBy - After wait to be clickable 
2020-12-23 14:21:34,673 DEBUG A.BrowserActions [main] customerName - After click 
2020-12-23 14:23:12,837 INFO A.ManagerActions [main] End Point Agent Binary Version:	1.4.0.1662
2020-12-23 14:23:12,837 INFO T.E.DownloadInstallers [main] Finished download Installers.
2020-12-23 14:23:14,028 INFO T.L.ChangeCustomerConfAndVerify [main] Starting ChangeCustomerConfAndVerify...
2020-12-23 14:23:15,588 ERROR U.T.InvokedMethodListener [main] Could not set customer configuration.

Video: C:\Nep-4-next\nep-qa-next@f35aa3a96df\nep-qa-automation/test-output/capture/DownloadInstallers-23-12-2020-14.21.07.avi


2020-12-23 14:23:15,589 INFO A.DsMgmtActions [main] Going to send delete endpoint request to Centcom client, customer: 2004822, ep: epForTest
