2020-12-30 08:54:22,937 DEBUG T.RecordedTest [main] screenshot file: C:\Nep-4-next\nep-qa-next@f35aa3a96df\nep-qa-automation/test-output/capture/InitAndCleanupPortal-30-12-2020-08.54.22.png
2020-12-30 08:54:22,986 INFO T.E.InitAndCleanupPortal [main] Starting Cleanup agents
2020-12-30 08:54:29,207 INFO U.R.SSHManager [main] Connected Successfully to host 10.243.68.159
2020-12-30 08:54:29,210 INFO U.R.SSHManager [main] Going to executing command: hostname
2020-12-30 08:54:29,241 DEBUG U.R.SSHManager [main] Done.
2020-12-30 08:54:33,831 INFO A.SimulatedAgentActions [main] SimulatedAgentActions, DS URL: https://endpoint-protection-services.qa.tw-test.net:443/
2020-12-30 08:54:33,849 INFO T.E.InitAndCleanupPortal [main] Going to send delete action to Centcom for agent on hostanem NTY-EN-8D25HC2
2020-12-30 08:54:33,849 DEBUG A.SeleniumBrowser [main] Selenium browser Launch - Before switch application type: Chrome
2020-12-30 08:54:33,850 DEBUG A.SeleniumBrowser [main] Setting Chrome driver location: C:/home/NepManagerDownloads/utils/chromedriver.exe
2020-12-30 08:54:33,850 DEBUG A.SeleniumBrowser [main] Selenium browser Launch - After creating new hashMap
2020-12-30 08:54:33,851 DEBUG A.SeleniumBrowser [main] Selenium browser Launch - After reading MasterDownloadFolder property: C:\home\NepManagerDownloads
2020-12-30 08:54:33,851 DEBUG A.SeleniumBrowser [main] Selenium browser Launch - After put to hash
2020-12-30 08:54:33,856 DEBUG A.SeleniumBrowser [main] Selenium browser Launch - After new chrome options
2020-12-30 08:54:33,858 DEBUG A.SeleniumBrowser [main] Selenium browser Launch - After chrome setExperimentalOption
2020-12-30 08:54:33,859 DEBUG A.SeleniumBrowser [main] Selenium browser Launch - Before setting several chrome options
2020-12-30 08:54:33,895 DEBUG A.SeleniumBrowser [main] Selenium browser Launch - Before creating new chrome driver
2020-12-30 08:54:40,576 DEBUG A.SeleniumBrowser [main] Selenium browser Launch - After creating new chrome driver
2020-12-30 08:54:40,605 DEBUG A.SeleniumBrowser [main] After Setting implicit timeout
2020-12-30 08:54:42,624 DEBUG A.SeleniumBrowser [main] After maximizing window 
2020-12-30 08:54:42,625 DEBUG A.SeleniumBrowser [main] LoadURL: Before check if driver equals to null 
2020-12-30 08:54:42,625 DEBUG A.SeleniumBrowser [main] LoadURL: After check if driver equals to null 
2020-12-30 08:54:42,625 DEBUG A.SeleniumBrowser [main] LoadURL: URL =  https://portal.qa.tw-test.net
2020-12-30 08:54:50,315 DEBUG A.SeleniumBrowser [main] LoadURL: after get URL =  https://portal.qa.tw-test.net
2020-12-30 08:54:51,892 DEBUG A.BrowserActions [main] Waiting for login button to be clickable...
2020-12-30 08:54:52,057 DEBUG A.BrowserActions [main] Login button clicked successfully...
2020-12-30 08:54:54,285 DEBUG A.SeleniumBrowser [main] LoadURL: Before check if driver equals to null 
2020-12-30 08:54:54,286 DEBUG A.SeleniumBrowser [main] LoadURL: After check if driver equals to null 
2020-12-30 08:54:54,286 DEBUG A.SeleniumBrowser [main] LoadURL: URL =  https://portal.qa.tw-test.net/#/operations?menuKey=centcom-devices&stackKey=entity-search&types=EntityType.AGENT
2020-12-30 08:54:54,844 DEBUG A.SeleniumBrowser [main] LoadURL: after get URL =  https://portal.qa.tw-test.net/#/operations?menuKey=centcom-devices&stackKey=entity-search&types=EntityType.AGENT
2020-12-30 08:55:18,509 ERROR A.BrowserActions [main] Could not select the specific cluster  at CentCom search page. cluster: Test123456
org.openqa.selenium.ElementClickInterceptedException: element click intercepted: Element <div class="td _ngcontent-xbb-119" column="Alias Name">...</div> is not clickable at point (567, 852). Other element would receive the click: <div pane-id="default-53" class="pane modal visible" style="inset: 0px; transform: translateX(0px) translateY(0px);">...</div>
  (Session info: chrome=87.0.4280.88)
Build info: version: '3.141.59', revision: 'e82be7d358', time: '2018-11-14T08:17:03'
System info: host: 'NTY-EN-8D25HC2', ip: '10.243.68.159', os.name: 'Windows 10', os.arch: 'amd64', os.version: '10.0', java.version: '12.0.2'
Driver info: org.openqa.selenium.chrome.ChromeDriver
Capabilities {acceptInsecureCerts: false, browserName: chrome, browserVersion: 87.0.4280.88, chrome: {chromedriverVersion: 87.0.4280.20 (c99e81631faa0..., userDataDir: C:\Users\MOSHE~1.AVI\AppDat...}, goog:chromeOptions: {debuggerAddress: localhost:64411}, javascriptEnabled: true, networkConnectionEnabled: false, pageLoadStrategy: normal, platform: WINDOWS, platformName: WINDOWS, proxy: Proxy(), setWindowRect: true, strictFileInteractability: false, timeouts: {implicit: 0, pageLoad: 300000, script: 30000}, unhandledPromptBehavior: dismiss and notify, webauthn:virtualAuthenticators: true}
Session ID: 552b81c8e4e89449ceef522cb1420f22
	at jdk.internal.reflect.NativeConstructorAccessorImpl.newInstance0(Native Method) ~[?:?]
	at jdk.internal.reflect.NativeConstructorAccessorImpl.newInstance(NativeConstructorAccessorImpl.java:62) ~[?:?]
	at jdk.internal.reflect.DelegatingConstructorAccessorImpl.newInstance(DelegatingConstructorAccessorImpl.java:45) ~[?:?]
	at java.lang.reflect.Constructor.newInstanceWithCaller(Constructor.java:500) ~[?:?]
	at java.lang.reflect.Constructor.newInstance(Constructor.java:481) ~[?:?]
	at org.openqa.selenium.remote.http.W3CHttpResponseCodec.createException(W3CHttpResponseCodec.java:187) ~[selenium-remote-driver-3.141.59.jar:?]
	at org.openqa.selenium.remote.http.W3CHttpResponseCodec.decode(W3CHttpResponseCodec.java:122) ~[selenium-remote-driver-3.141.59.jar:?]
	at org.openqa.selenium.remote.http.W3CHttpResponseCodec.decode(W3CHttpResponseCodec.java:49) ~[selenium-remote-driver-3.141.59.jar:?]
	at org.openqa.selenium.remote.HttpCommandExecutor.execute(HttpCommandExecutor.java:158) ~[selenium-remote-driver-3.141.59.jar:?]
	at org.openqa.selenium.remote.service.DriverCommandExecutor.execute(DriverCommandExecutor.java:83) ~[selenium-remote-driver-3.141.59.jar:?]
	at org.openqa.selenium.remote.RemoteWebDriver.execute(RemoteWebDriver.java:552) ~[selenium-remote-driver-3.141.59.jar:?]
	at org.openqa.selenium.remote.RemoteWebElement.execute(RemoteWebElement.java:285) ~[selenium-remote-driver-3.141.59.jar:?]
	at org.openqa.selenium.remote.RemoteWebElement.click(RemoteWebElement.java:84) ~[selenium-remote-driver-3.141.59.jar:?]
	at Actions.BrowserActions.CreateNewCluster(BrowserActions.java:708) ~[classes/:?]
	at Tests.Environments.InitAndCleanupPortal.deleteEndpointFromCentCom(InitAndCleanupPortal.java:123) ~[classes/:?]
	at Tests.Environments.InitAndCleanupPortal.cleanupAgents(InitAndCleanupPortal.java:65) ~[classes/:?]
	at jdk.internal.reflect.NativeMethodAccessorImpl.invoke0(Native Method) ~[?:?]
	at jdk.internal.reflect.NativeMethodAccessorImpl.invoke(NativeMethodAccessorImpl.java:62) ~[?:?]
	at jdk.internal.reflect.DelegatingMethodAccessorImpl.invoke(DelegatingMethodAccessorImpl.java:43) ~[?:?]
	at java.lang.reflect.Method.invoke(Method.java:567) ~[?:?]
	at org.testng.internal.MethodInvocationHelper.invokeMethod(MethodInvocationHelper.java:134) ~[testng-7.1.0.jar:?]
	at org.testng.internal.TestInvoker.invokeMethod(TestInvoker.java:597) ~[testng-7.1.0.jar:?]
	at org.testng.internal.TestInvoker.invokeTestMethod(TestInvoker.java:173) ~[testng-7.1.0.jar:?]
	at org.testng.internal.MethodRunner.runInSequence(MethodRunner.java:46) ~[testng-7.1.0.jar:?]
	at org.testng.internal.TestInvoker$MethodInvocationAgent.invoke(TestInvoker.java:816) ~[testng-7.1.0.jar:?]
	at org.testng.internal.TestInvoker.invokeTestMethods(TestInvoker.java:146) ~[testng-7.1.0.jar:?]
	at org.testng.internal.TestMethodWorker.invokeTestMethods(TestMethodWorker.java:146) ~[testng-7.1.0.jar:?]
	at org.testng.internal.TestMethodWorker.run(TestMethodWorker.java:128) ~[testng-7.1.0.jar:?]
	at java.util.ArrayList.forEach(ArrayList.java:1540) [?:?]
	at org.testng.TestRunner.privateRun(TestRunner.java:766) [testng-7.1.0.jar:?]
	at org.testng.TestRunner.run(TestRunner.java:587) [testng-7.1.0.jar:?]
	at org.testng.SuiteRunner.runTest(SuiteRunner.java:384) [testng-7.1.0.jar:?]
	at org.testng.SuiteRunner.runSequentially(SuiteRunner.java:378) [testng-7.1.0.jar:?]
	at org.testng.SuiteRunner.privateRun(SuiteRunner.java:337) [testng-7.1.0.jar:?]
	at org.testng.SuiteRunner.run(SuiteRunner.java:286) [testng-7.1.0.jar:?]
	at org.testng.SuiteRunnerWorker.runSuite(SuiteRunnerWorker.java:53) [testng-7.1.0.jar:?]
	at org.testng.SuiteRunnerWorker.run(SuiteRunnerWorker.java:96) [testng-7.1.0.jar:?]
	at org.testng.TestNG.runSuitesSequentially(TestNG.java:1187) [testng-7.1.0.jar:?]
	at org.testng.TestNG.runSuitesLocally(TestNG.java:1109) [testng-7.1.0.jar:?]
	at org.testng.TestNG.runSuites(TestNG.java:1039) [testng-7.1.0.jar:?]
	at org.testng.TestNG.run(TestNG.java:1007) [testng-7.1.0.jar:?]
	at Utils.Main.RunTest.main(RunTest.java:116) [classes/:?]
2020-12-30 08:55:40,168 ERROR U.T.InvokedMethodListener [main] Could not delete from CentCom endpoint: NTY-EN-8D25HC2
org.openqa.selenium.WebDriverException: chrome not reachable
  (Session info: chrome=87.0.4280.88)
Build info: version: '3.141.59', revision: 'e82be7d358', time: '2018-11-14T08:17:03'
System info: host: 'NTY-EN-8D25HC2', ip: '10.243.68.159', os.name: 'Windows 10', os.arch: 'amd64', os.version: '10.0', java.version: '12.0.2'
Driver info: org.openqa.selenium.chrome.ChromeDriver
Capabilities {acceptInsecureCerts: false, browserName: chrome, browserVersion: 87.0.4280.88, chrome: {chromedriverVersion: 87.0.4280.20 (c99e81631faa0..., userDataDir: C:\Users\MOSHE~1.AVI\AppDat...}, goog:chromeOptions: {debuggerAddress: localhost:64411}, javascriptEnabled: true, networkConnectionEnabled: false, pageLoadStrategy: normal, platform: WINDOWS, platformName: WINDOWS, proxy: Proxy(), setWindowRect: true, strictFileInteractability: false, timeouts: {implicit: 0, pageLoad: 300000, script: 30000}, unhandledPromptBehavior: dismiss and notify, webauthn:virtualAuthenticators: true}
Session ID: 552b81c8e4e89449ceef522cb1420f22

Video: C:\Nep-4-next\nep-qa-next@f35aa3a96df\nep-qa-automation/test-output/capture/InitAndCleanupPortal-30-12-2020-08.54.22.avi


2020-12-30 08:55:54,126 DEBUG T.RecordedTest [main] screenshot file: C:\Nep-4-next\nep-qa-next@f35aa3a96df\nep-qa-automation/test-output/capture/InitAndCleanupPortal-30-12-2020-08.55.54.png
2020-12-30 08:55:54,134 INFO T.E.InitAndCleanupPortal [main] Starting Cleanup agents
2020-12-30 08:55:59,805 INFO U.R.SSHManager [main] Connected Successfully to host 10.243.68.159
2020-12-30 08:55:59,808 INFO U.R.SSHManager [main] Going to executing command: hostname
2020-12-30 08:55:59,834 DEBUG U.R.SSHManager [main] Done.
2020-12-30 08:56:03,962 INFO A.SimulatedAgentActions [main] SimulatedAgentActions, DS URL: https://endpoint-protection-services.qa.tw-test.net:443/
2020-12-30 08:56:03,979 INFO T.E.InitAndCleanupPortal [main] Going to send delete action to Centcom for agent on hostanem NTY-EN-8D25HC2
2020-12-30 08:56:03,980 DEBUG A.SeleniumBrowser [main] Selenium browser Launch - Before switch application type: Chrome
2020-12-30 08:56:03,980 DEBUG A.SeleniumBrowser [main] Setting Chrome driver location: C:/home/NepManagerDownloads/utils/chromedriver.exe
2020-12-30 08:56:03,981 DEBUG A.SeleniumBrowser [main] Selenium browser Launch - After creating new hashMap
2020-12-30 08:56:03,981 DEBUG A.SeleniumBrowser [main] Selenium browser Launch - After reading MasterDownloadFolder property: C:\home\NepManagerDownloads
2020-12-30 08:56:03,982 DEBUG A.SeleniumBrowser [main] Selenium browser Launch - After put to hash
2020-12-30 08:56:03,987 DEBUG A.SeleniumBrowser [main] Selenium browser Launch - After new chrome options
2020-12-30 08:56:03,990 DEBUG A.SeleniumBrowser [main] Selenium browser Launch - After chrome setExperimentalOption
2020-12-30 08:56:03,990 DEBUG A.SeleniumBrowser [main] Selenium browser Launch - Before setting several chrome options
2020-12-30 08:56:03,998 DEBUG A.SeleniumBrowser [main] Selenium browser Launch - Before creating new chrome driver
2020-12-30 08:56:07,910 DEBUG A.SeleniumBrowser [main] Selenium browser Launch - After creating new chrome driver
2020-12-30 08:56:07,918 DEBUG A.SeleniumBrowser [main] After Setting implicit timeout
2020-12-30 08:56:09,932 DEBUG A.SeleniumBrowser [main] After maximizing window 
2020-12-30 08:56:09,932 DEBUG A.SeleniumBrowser [main] LoadURL: Before check if driver equals to null 
2020-12-30 08:56:09,933 DEBUG A.SeleniumBrowser [main] LoadURL: After check if driver equals to null 
2020-12-30 08:56:09,933 DEBUG A.SeleniumBrowser [main] LoadURL: URL =  https://portal.qa.tw-test.net
2020-12-30 08:56:15,007 DEBUG A.SeleniumBrowser [main] LoadURL: after get URL =  https://portal.qa.tw-test.net
2020-12-30 08:56:16,548 DEBUG A.BrowserActions [main] Waiting for login button to be clickable...
2020-12-30 08:56:16,783 DEBUG A.BrowserActions [main] Login button clicked successfully...
2020-12-30 08:56:18,644 DEBUG A.SeleniumBrowser [main] LoadURL: Before check if driver equals to null 
2020-12-30 08:56:18,644 DEBUG A.SeleniumBrowser [main] LoadURL: After check if driver equals to null 
2020-12-30 08:56:18,644 DEBUG A.SeleniumBrowser [main] LoadURL: URL =  https://portal.qa.tw-test.net/#/operations?menuKey=centcom-devices&stackKey=entity-search&types=EntityType.AGENT
2020-12-30 08:56:19,321 DEBUG A.SeleniumBrowser [main] LoadURL: after get URL =  https://portal.qa.tw-test.net/#/operations?menuKey=centcom-devices&stackKey=entity-search&types=EntityType.AGENT
2020-12-30 08:56:39,796 ERROR U.T.InvokedMethodListener [main] Cluster name is  already exists Test123456

Video: C:\Nep-4-next\nep-qa-next@f35aa3a96df\nep-qa-automation/test-output/capture/InitAndCleanupPortal-30-12-2020-08.55.54.avi
ScreenShot: C:\Nep-4-next\nep-qa-next@f35aa3a96df\nep-qa-automation/test-output/capture/InitAndCleanupPortal-30-12-2020-08.55.54.png


2020-12-30 08:57:18,351 DEBUG T.RecordedTest [main] screenshot file: C:\Nep-4-next\nep-qa-next@f35aa3a96df\nep-qa-automation/test-output/capture/InitAndCleanupPortal-30-12-2020-08.57.18.png
2020-12-30 08:57:18,358 INFO T.E.InitAndCleanupPortal [main] Starting Cleanup agents
2020-12-30 08:57:23,843 INFO U.R.SSHManager [main] Connected Successfully to host 10.243.68.159
2020-12-30 08:57:23,845 INFO U.R.SSHManager [main] Going to executing command: hostname
2020-12-30 08:57:23,869 DEBUG U.R.SSHManager [main] Done.
2020-12-30 08:57:28,017 INFO A.SimulatedAgentActions [main] SimulatedAgentActions, DS URL: https://endpoint-protection-services.qa.tw-test.net:443/
2020-12-30 08:57:28,040 INFO T.E.InitAndCleanupPortal [main] Going to send delete action to Centcom for agent on hostanem NTY-EN-8D25HC2
2020-12-30 08:57:28,041 DEBUG A.SeleniumBrowser [main] Selenium browser Launch - Before switch application type: Chrome
2020-12-30 08:57:28,042 DEBUG A.SeleniumBrowser [main] Setting Chrome driver location: C:/home/NepManagerDownloads/utils/chromedriver.exe
2020-12-30 08:57:28,042 DEBUG A.SeleniumBrowser [main] Selenium browser Launch - After creating new hashMap
2020-12-30 08:57:28,043 DEBUG A.SeleniumBrowser [main] Selenium browser Launch - After reading MasterDownloadFolder property: C:\home\NepManagerDownloads
2020-12-30 08:57:28,043 DEBUG A.SeleniumBrowser [main] Selenium browser Launch - After put to hash
2020-12-30 08:57:28,048 DEBUG A.SeleniumBrowser [main] Selenium browser Launch - After new chrome options
2020-12-30 08:57:28,051 DEBUG A.SeleniumBrowser [main] Selenium browser Launch - After chrome setExperimentalOption
2020-12-30 08:57:28,051 DEBUG A.SeleniumBrowser [main] Selenium browser Launch - Before setting several chrome options
2020-12-30 08:57:28,056 DEBUG A.SeleniumBrowser [main] Selenium browser Launch - Before creating new chrome driver
2020-12-30 08:57:32,007 DEBUG A.SeleniumBrowser [main] Selenium browser Launch - After creating new chrome driver
2020-12-30 08:57:32,013 DEBUG A.SeleniumBrowser [main] After Setting implicit timeout
2020-12-30 08:57:34,028 DEBUG A.SeleniumBrowser [main] After maximizing window 
2020-12-30 08:57:34,028 DEBUG A.SeleniumBrowser [main] LoadURL: Before check if driver equals to null 
2020-12-30 08:57:34,029 DEBUG A.SeleniumBrowser [main] LoadURL: After check if driver equals to null 
2020-12-30 08:57:34,029 DEBUG A.SeleniumBrowser [main] LoadURL: URL =  https://portal.qa.tw-test.net
2020-12-30 08:57:38,676 DEBUG A.SeleniumBrowser [main] LoadURL: after get URL =  https://portal.qa.tw-test.net
2020-12-30 08:57:40,221 DEBUG A.BrowserActions [main] Waiting for login button to be clickable...
2020-12-30 08:57:40,420 DEBUG A.BrowserActions [main] Login button clicked successfully...
2020-12-30 08:57:42,230 DEBUG A.SeleniumBrowser [main] LoadURL: Before check if driver equals to null 
2020-12-30 08:57:42,231 DEBUG A.SeleniumBrowser [main] LoadURL: After check if driver equals to null 
2020-12-30 08:57:42,231 DEBUG A.SeleniumBrowser [main] LoadURL: URL =  https://portal.qa.tw-test.net/#/operations?menuKey=centcom-devices&stackKey=entity-search&types=EntityType.AGENT
2020-12-30 08:57:42,561 DEBUG A.SeleniumBrowser [main] LoadURL: after get URL =  https://portal.qa.tw-test.net/#/operations?menuKey=centcom-devices&stackKey=entity-search&types=EntityType.AGENT
2020-12-30 08:59:25,200 DEBUG T.RecordedTest [main] screenshot file: C:\Nep-4-next\nep-qa-next@f35aa3a96df\nep-qa-automation/test-output/capture/InitAndCleanupPortal-30-12-2020-08.59.25.png
2020-12-30 08:59:25,208 INFO T.E.InitAndCleanupPortal [main] Starting Cleanup agents
2020-12-30 08:59:30,715 INFO U.R.SSHManager [main] Connected Successfully to host 10.243.68.159
2020-12-30 08:59:30,718 INFO U.R.SSHManager [main] Going to executing command: hostname
2020-12-30 08:59:30,742 DEBUG U.R.SSHManager [main] Done.
2020-12-30 08:59:35,204 INFO A.SimulatedAgentActions [main] SimulatedAgentActions, DS URL: https://endpoint-protection-services.qa.tw-test.net:443/
2020-12-30 08:59:35,233 INFO T.E.InitAndCleanupPortal [main] Going to send delete action to Centcom for agent on hostanem NTY-EN-8D25HC2
2020-12-30 08:59:35,233 DEBUG A.SeleniumBrowser [main] Selenium browser Launch - Before switch application type: Chrome
2020-12-30 08:59:35,234 DEBUG A.SeleniumBrowser [main] Setting Chrome driver location: C:/home/NepManagerDownloads/utils/chromedriver.exe
2020-12-30 08:59:35,234 DEBUG A.SeleniumBrowser [main] Selenium browser Launch - After creating new hashMap
2020-12-30 08:59:35,234 DEBUG A.SeleniumBrowser [main] Selenium browser Launch - After reading MasterDownloadFolder property: C:\home\NepManagerDownloads
2020-12-30 08:59:35,235 DEBUG A.SeleniumBrowser [main] Selenium browser Launch - After put to hash
2020-12-30 08:59:35,239 DEBUG A.SeleniumBrowser [main] Selenium browser Launch - After new chrome options
2020-12-30 08:59:35,241 DEBUG A.SeleniumBrowser [main] Selenium browser Launch - After chrome setExperimentalOption
2020-12-30 08:59:35,241 DEBUG A.SeleniumBrowser [main] Selenium browser Launch - Before setting several chrome options
2020-12-30 08:59:35,248 DEBUG A.SeleniumBrowser [main] Selenium browser Launch - Before creating new chrome driver
2020-12-30 08:59:39,134 DEBUG A.SeleniumBrowser [main] Selenium browser Launch - After creating new chrome driver
2020-12-30 08:59:39,141 DEBUG A.SeleniumBrowser [main] After Setting implicit timeout
2020-12-30 08:59:41,158 DEBUG A.SeleniumBrowser [main] After maximizing window 
2020-12-30 08:59:41,158 DEBUG A.SeleniumBrowser [main] LoadURL: Before check if driver equals to null 
2020-12-30 08:59:41,159 DEBUG A.SeleniumBrowser [main] LoadURL: After check if driver equals to null 
2020-12-30 08:59:41,159 DEBUG A.SeleniumBrowser [main] LoadURL: URL =  https://portal.qa.tw-test.net
2020-12-30 08:59:45,953 DEBUG A.SeleniumBrowser [main] LoadURL: after get URL =  https://portal.qa.tw-test.net
2020-12-30 08:59:47,531 DEBUG A.BrowserActions [main] Waiting for login button to be clickable...
2020-12-30 08:59:47,670 DEBUG A.BrowserActions [main] Login button clicked successfully...
2020-12-30 08:59:49,811 DEBUG A.SeleniumBrowser [main] LoadURL: Before check if driver equals to null 
2020-12-30 08:59:49,811 DEBUG A.SeleniumBrowser [main] LoadURL: After check if driver equals to null 
2020-12-30 08:59:49,812 DEBUG A.SeleniumBrowser [main] LoadURL: URL =  https://portal.qa.tw-test.net/#/operations?menuKey=centcom-devices&stackKey=entity-search&types=EntityType.AGENT
2020-12-30 08:59:50,315 DEBUG A.SeleniumBrowser [main] LoadURL: after get URL =  https://portal.qa.tw-test.net/#/operations?menuKey=centcom-devices&stackKey=entity-search&types=EntityType.AGENT
2020-12-30 09:02:47,390 DEBUG T.RecordedTest [main] screenshot file: C:\Nep-4-next\nep-qa-next@f35aa3a96df\nep-qa-automation/test-output/capture/InitAndCleanupPortal-30-12-2020-09.02.47.png
2020-12-30 09:02:47,399 INFO T.E.InitAndCleanupPortal [main] Starting Cleanup agents
2020-12-30 09:02:53,024 INFO U.R.SSHManager [main] Connected Successfully to host 10.243.68.159
2020-12-30 09:02:53,027 INFO U.R.SSHManager [main] Going to executing command: hostname
2020-12-30 09:02:53,051 DEBUG U.R.SSHManager [main] Done.
2020-12-30 09:02:57,201 INFO A.SimulatedAgentActions [main] SimulatedAgentActions, DS URL: https://endpoint-protection-services.qa.tw-test.net:443/
2020-12-30 09:02:57,255 INFO T.E.InitAndCleanupPortal [main] Going to send delete action to Centcom for agent on hostanem NTY-EN-8D25HC2
2020-12-30 09:02:57,257 DEBUG A.SeleniumBrowser [main] Selenium browser Launch - Before switch application type: Chrome
2020-12-30 09:02:57,257 DEBUG A.SeleniumBrowser [main] Setting Chrome driver location: C:/home/NepManagerDownloads/utils/chromedriver.exe
2020-12-30 09:02:57,258 DEBUG A.SeleniumBrowser [main] Selenium browser Launch - After creating new hashMap
2020-12-30 09:02:57,259 DEBUG A.SeleniumBrowser [main] Selenium browser Launch - After reading MasterDownloadFolder property: C:\home\NepManagerDownloads
2020-12-30 09:02:57,259 DEBUG A.SeleniumBrowser [main] Selenium browser Launch - After put to hash
2020-12-30 09:02:57,264 DEBUG A.SeleniumBrowser [main] Selenium browser Launch - After new chrome options
2020-12-30 09:02:57,268 DEBUG A.SeleniumBrowser [main] Selenium browser Launch - After chrome setExperimentalOption
2020-12-30 09:02:57,269 DEBUG A.SeleniumBrowser [main] Selenium browser Launch - Before setting several chrome options
2020-12-30 09:02:57,274 DEBUG A.SeleniumBrowser [main] Selenium browser Launch - Before creating new chrome driver
2020-12-30 09:03:01,023 DEBUG A.SeleniumBrowser [main] Selenium browser Launch - After creating new chrome driver
2020-12-30 09:03:01,030 DEBUG A.SeleniumBrowser [main] After Setting implicit timeout
2020-12-30 09:03:03,042 DEBUG A.SeleniumBrowser [main] After maximizing window 
2020-12-30 09:03:03,042 DEBUG A.SeleniumBrowser [main] LoadURL: Before check if driver equals to null 
2020-12-30 09:03:03,042 DEBUG A.SeleniumBrowser [main] LoadURL: After check if driver equals to null 
2020-12-30 09:03:03,043 DEBUG A.SeleniumBrowser [main] LoadURL: URL =  https://portal.qa.tw-test.net
2020-12-30 09:03:08,360 DEBUG A.SeleniumBrowser [main] LoadURL: after get URL =  https://portal.qa.tw-test.net
2020-12-30 09:03:09,879 DEBUG A.BrowserActions [main] Waiting for login button to be clickable...
2020-12-30 09:03:10,060 DEBUG A.BrowserActions [main] Login button clicked successfully...
2020-12-30 09:03:11,954 DEBUG A.SeleniumBrowser [main] LoadURL: Before check if driver equals to null 
2020-12-30 09:03:11,954 DEBUG A.SeleniumBrowser [main] LoadURL: After check if driver equals to null 
2020-12-30 09:03:11,954 DEBUG A.SeleniumBrowser [main] LoadURL: URL =  https://portal.qa.tw-test.net/#/operations?menuKey=centcom-devices&stackKey=entity-search&types=EntityType.AGENT
2020-12-30 09:03:12,347 DEBUG A.SeleniumBrowser [main] LoadURL: after get URL =  https://portal.qa.tw-test.net/#/operations?menuKey=centcom-devices&stackKey=entity-search&types=EntityType.AGENT
2020-12-30 09:04:26,691 ERROR A.BrowserActions [main] Could not select the specific cluster  at CentCom search page. cluster: Test1234567
org.openqa.selenium.NoSuchElementException: Cannot locate an element using xpath=//twa-table-row//div[normalize-space(text())='Test1234567']
For documentation on this error, please visit: https://www.seleniumhq.org/exceptions/no_such_element.html
Build info: version: '3.141.59', revision: 'e82be7d358', time: '2018-11-14T08:17:03'
System info: host: 'NTY-EN-8D25HC2', ip: '10.243.68.159', os.name: 'Windows 10', os.arch: 'amd64', os.version: '10.0', java.version: '12.0.2'
Driver info: driver.version: RemoteWebDriver
	at org.openqa.selenium.remote.RemoteWebDriver.findElement(RemoteWebDriver.java:327) ~[selenium-remote-driver-3.141.59.jar:?]
	at org.openqa.selenium.remote.RemoteWebDriver.findElementByXPath(RemoteWebDriver.java:428) ~[selenium-remote-driver-3.141.59.jar:?]
	at org.openqa.selenium.By$ByXPath.findElement(By.java:353) ~[selenium-api-3.141.59.jar:?]
	at org.openqa.selenium.remote.RemoteWebDriver.findElement(RemoteWebDriver.java:315) ~[selenium-remote-driver-3.141.59.jar:?]
	at Pages.Portal.CentComNewClusterPage.GetClusterName(CentComNewClusterPage.java:48) ~[classes/:?]
	at Actions.BrowserActions.CreateNewCluster(BrowserActions.java:686) ~[classes/:?]
	at Tests.Environments.InitAndCleanupPortal.deleteEndpointFromCentCom(InitAndCleanupPortal.java:123) ~[classes/:?]
	at Tests.Environments.InitAndCleanupPortal.cleanupAgents(InitAndCleanupPortal.java:65) ~[classes/:?]
	at jdk.internal.reflect.NativeMethodAccessorImpl.invoke0(Native Method) ~[?:?]
	at jdk.internal.reflect.NativeMethodAccessorImpl.invoke(NativeMethodAccessorImpl.java:62) ~[?:?]
	at jdk.internal.reflect.DelegatingMethodAccessorImpl.invoke(DelegatingMethodAccessorImpl.java:43) ~[?:?]
	at java.lang.reflect.Method.invoke(Method.java:567) ~[?:?]
	at org.testng.internal.MethodInvocationHelper.invokeMethod(MethodInvocationHelper.java:134) ~[testng-7.1.0.jar:?]
	at org.testng.internal.TestInvoker.invokeMethod(TestInvoker.java:597) ~[testng-7.1.0.jar:?]
	at org.testng.internal.TestInvoker.invokeTestMethod(TestInvoker.java:173) ~[testng-7.1.0.jar:?]
	at org.testng.internal.MethodRunner.runInSequence(MethodRunner.java:46) ~[testng-7.1.0.jar:?]
	at org.testng.internal.TestInvoker$MethodInvocationAgent.invoke(TestInvoker.java:816) ~[testng-7.1.0.jar:?]
	at org.testng.internal.TestInvoker.invokeTestMethods(TestInvoker.java:146) ~[testng-7.1.0.jar:?]
	at org.testng.internal.TestMethodWorker.invokeTestMethods(TestMethodWorker.java:146) ~[testng-7.1.0.jar:?]
	at org.testng.internal.TestMethodWorker.run(TestMethodWorker.java:128) ~[testng-7.1.0.jar:?]
	at java.util.ArrayList.forEach(ArrayList.java:1540) [?:?]
	at org.testng.TestRunner.privateRun(TestRunner.java:766) [testng-7.1.0.jar:?]
	at org.testng.TestRunner.run(TestRunner.java:587) [testng-7.1.0.jar:?]
	at org.testng.SuiteRunner.runTest(SuiteRunner.java:384) [testng-7.1.0.jar:?]
	at org.testng.SuiteRunner.runSequentially(SuiteRunner.java:378) [testng-7.1.0.jar:?]
	at org.testng.SuiteRunner.privateRun(SuiteRunner.java:337) [testng-7.1.0.jar:?]
	at org.testng.SuiteRunner.run(SuiteRunner.java:286) [testng-7.1.0.jar:?]
	at org.testng.SuiteRunnerWorker.runSuite(SuiteRunnerWorker.java:53) [testng-7.1.0.jar:?]
	at org.testng.SuiteRunnerWorker.run(SuiteRunnerWorker.java:96) [testng-7.1.0.jar:?]
	at org.testng.TestNG.runSuitesSequentially(TestNG.java:1187) [testng-7.1.0.jar:?]
	at org.testng.TestNG.runSuitesLocally(TestNG.java:1109) [testng-7.1.0.jar:?]
	at org.testng.TestNG.runSuites(TestNG.java:1039) [testng-7.1.0.jar:?]
	at org.testng.TestNG.run(TestNG.java:1007) [testng-7.1.0.jar:?]
	at Utils.Main.RunTest.main(RunTest.java:116) [classes/:?]
2020-12-30 09:04:30,749 ERROR U.T.InvokedMethodListener [main] Could not delete from CentCom endpoint: NTY-EN-8D25HC2
org.openqa.selenium.NoSuchWindowException: no such window: target window already closed
from unknown error: web view not found
  (Session info: chrome=87.0.4280.88)
Build info: version: '3.141.59', revision: 'e82be7d358', time: '2018-11-14T08:17:03'
System info: host: 'NTY-EN-8D25HC2', ip: '10.243.68.159', os.name: 'Windows 10', os.arch: 'amd64', os.version: '10.0', java.version: '12.0.2'
Driver info: org.openqa.selenium.chrome.ChromeDriver
Capabilities {acceptInsecureCerts: false, browserName: chrome, browserVersion: 87.0.4280.88, chrome: {chromedriverVersion: 87.0.4280.20 (c99e81631faa0..., userDataDir: C:\Users\MOSHE~1.AVI\AppDat...}, goog:chromeOptions: {debuggerAddress: localhost:64681}, javascriptEnabled: true, networkConnectionEnabled: false, pageLoadStrategy: normal, platform: WINDOWS, platformName: WINDOWS, proxy: Proxy(), setWindowRect: true, strictFileInteractability: false, timeouts: {implicit: 0, pageLoad: 300000, script: 30000}, unhandledPromptBehavior: dismiss and notify, webauthn:virtualAuthenticators: true}
Session ID: 7f6ada7df2b8ad403b0be89768c20046
*** Element info: {Using=xpath, value=//twa-button[@icon='tw-binoculars']/material-button}

Video: C:\Nep-4-next\nep-qa-next@f35aa3a96df\nep-qa-automation/test-output/capture/InitAndCleanupPortal-30-12-2020-09.02.47.avi


2020-12-30 09:05:01,975 DEBUG T.RecordedTest [main] screenshot file: C:\Nep-4-next\nep-qa-next@f35aa3a96df\nep-qa-automation/test-output/capture/InitAndCleanupPortal-30-12-2020-09.05.01.png
2020-12-30 09:05:01,981 INFO T.E.InitAndCleanupPortal [main] Starting Cleanup agents
2020-12-30 09:05:07,950 INFO U.R.SSHManager [main] Connected Successfully to host 10.243.68.159
2020-12-30 09:05:07,952 INFO U.R.SSHManager [main] Going to executing command: hostname
2020-12-30 09:05:07,974 DEBUG U.R.SSHManager [main] Done.
2020-12-30 09:05:12,359 INFO A.SimulatedAgentActions [main] SimulatedAgentActions, DS URL: https://endpoint-protection-services.qa.tw-test.net:443/
2020-12-30 09:05:12,377 INFO T.E.InitAndCleanupPortal [main] Going to send delete action to Centcom for agent on hostanem NTY-EN-8D25HC2
2020-12-30 09:05:12,379 DEBUG A.SeleniumBrowser [main] Selenium browser Launch - Before switch application type: Chrome
2020-12-30 09:05:12,379 DEBUG A.SeleniumBrowser [main] Setting Chrome driver location: C:/home/NepManagerDownloads/utils/chromedriver.exe
2020-12-30 09:05:12,380 DEBUG A.SeleniumBrowser [main] Selenium browser Launch - After creating new hashMap
2020-12-30 09:05:12,380 DEBUG A.SeleniumBrowser [main] Selenium browser Launch - After reading MasterDownloadFolder property: C:\home\NepManagerDownloads
2020-12-30 09:05:12,381 DEBUG A.SeleniumBrowser [main] Selenium browser Launch - After put to hash
2020-12-30 09:05:12,386 DEBUG A.SeleniumBrowser [main] Selenium browser Launch - After new chrome options
2020-12-30 09:05:12,389 DEBUG A.SeleniumBrowser [main] Selenium browser Launch - After chrome setExperimentalOption
2020-12-30 09:05:12,389 DEBUG A.SeleniumBrowser [main] Selenium browser Launch - Before setting several chrome options
2020-12-30 09:05:12,394 DEBUG A.SeleniumBrowser [main] Selenium browser Launch - Before creating new chrome driver
2020-12-30 09:05:16,122 DEBUG A.SeleniumBrowser [main] Selenium browser Launch - After creating new chrome driver
2020-12-30 09:05:16,130 DEBUG A.SeleniumBrowser [main] After Setting implicit timeout
2020-12-30 09:05:18,144 DEBUG A.SeleniumBrowser [main] After maximizing window 
2020-12-30 09:05:18,144 DEBUG A.SeleniumBrowser [main] LoadURL: Before check if driver equals to null 
2020-12-30 09:05:18,145 DEBUG A.SeleniumBrowser [main] LoadURL: After check if driver equals to null 
2020-12-30 09:05:18,145 DEBUG A.SeleniumBrowser [main] LoadURL: URL =  https://portal.qa.tw-test.net
2020-12-30 09:05:22,715 DEBUG A.SeleniumBrowser [main] LoadURL: after get URL =  https://portal.qa.tw-test.net
2020-12-30 09:05:24,248 DEBUG A.BrowserActions [main] Waiting for login button to be clickable...
2020-12-30 09:05:24,489 DEBUG A.BrowserActions [main] Login button clicked successfully...
2020-12-30 09:05:26,221 DEBUG A.SeleniumBrowser [main] LoadURL: Before check if driver equals to null 
2020-12-30 09:05:26,221 DEBUG A.SeleniumBrowser [main] LoadURL: After check if driver equals to null 
2020-12-30 09:05:26,221 DEBUG A.SeleniumBrowser [main] LoadURL: URL =  https://portal.qa.tw-test.net/#/operations?menuKey=centcom-devices&stackKey=entity-search&types=EntityType.AGENT
2020-12-30 09:05:26,791 DEBUG A.SeleniumBrowser [main] LoadURL: after get URL =  https://portal.qa.tw-test.net/#/operations?menuKey=centcom-devices&stackKey=entity-search&types=EntityType.AGENT
2020-12-30 09:05:54,247 ERROR A.BrowserActions [main] Could not select the specific cluster  at CentCom search page. cluster: Test1234567
org.openqa.selenium.NoSuchElementException: Cannot locate an element using xpath=//twa-table-row//div[normalize-space(text())='Test1234567']
For documentation on this error, please visit: https://www.seleniumhq.org/exceptions/no_such_element.html
Build info: version: '3.141.59', revision: 'e82be7d358', time: '2018-11-14T08:17:03'
System info: host: 'NTY-EN-8D25HC2', ip: '10.243.68.159', os.name: 'Windows 10', os.arch: 'amd64', os.version: '10.0', java.version: '12.0.2'
Driver info: driver.version: RemoteWebDriver
	at org.openqa.selenium.remote.RemoteWebDriver.findElement(RemoteWebDriver.java:327) ~[selenium-remote-driver-3.141.59.jar:?]
	at org.openqa.selenium.remote.RemoteWebDriver.findElementByXPath(RemoteWebDriver.java:428) ~[selenium-remote-driver-3.141.59.jar:?]
	at org.openqa.selenium.By$ByXPath.findElement(By.java:353) ~[selenium-api-3.141.59.jar:?]
	at org.openqa.selenium.remote.RemoteWebDriver.findElement(RemoteWebDriver.java:315) ~[selenium-remote-driver-3.141.59.jar:?]
	at Pages.Portal.CentComNewClusterPage.GetClusterName(CentComNewClusterPage.java:48) ~[classes/:?]
	at Actions.BrowserActions.CreateNewCluster(BrowserActions.java:686) ~[classes/:?]
	at Tests.Environments.InitAndCleanupPortal.deleteEndpointFromCentCom(InitAndCleanupPortal.java:123) ~[classes/:?]
	at Tests.Environments.InitAndCleanupPortal.cleanupAgents(InitAndCleanupPortal.java:65) ~[classes/:?]
	at jdk.internal.reflect.NativeMethodAccessorImpl.invoke0(Native Method) ~[?:?]
	at jdk.internal.reflect.NativeMethodAccessorImpl.invoke(NativeMethodAccessorImpl.java:62) ~[?:?]
	at jdk.internal.reflect.DelegatingMethodAccessorImpl.invoke(DelegatingMethodAccessorImpl.java:43) ~[?:?]
	at java.lang.reflect.Method.invoke(Method.java:567) ~[?:?]
	at org.testng.internal.MethodInvocationHelper.invokeMethod(MethodInvocationHelper.java:134) ~[testng-7.1.0.jar:?]
	at org.testng.internal.TestInvoker.invokeMethod(TestInvoker.java:597) ~[testng-7.1.0.jar:?]
	at org.testng.internal.TestInvoker.invokeTestMethod(TestInvoker.java:173) ~[testng-7.1.0.jar:?]
	at org.testng.internal.MethodRunner.runInSequence(MethodRunner.java:46) ~[testng-7.1.0.jar:?]
	at org.testng.internal.TestInvoker$MethodInvocationAgent.invoke(TestInvoker.java:816) ~[testng-7.1.0.jar:?]
	at org.testng.internal.TestInvoker.invokeTestMethods(TestInvoker.java:146) ~[testng-7.1.0.jar:?]
	at org.testng.internal.TestMethodWorker.invokeTestMethods(TestMethodWorker.java:146) ~[testng-7.1.0.jar:?]
	at org.testng.internal.TestMethodWorker.run(TestMethodWorker.java:128) ~[testng-7.1.0.jar:?]
	at java.util.ArrayList.forEach(ArrayList.java:1540) [?:?]
	at org.testng.TestRunner.privateRun(TestRunner.java:766) [testng-7.1.0.jar:?]
	at org.testng.TestRunner.run(TestRunner.java:587) [testng-7.1.0.jar:?]
	at org.testng.SuiteRunner.runTest(SuiteRunner.java:384) [testng-7.1.0.jar:?]
	at org.testng.SuiteRunner.runSequentially(SuiteRunner.java:378) [testng-7.1.0.jar:?]
	at org.testng.SuiteRunner.privateRun(SuiteRunner.java:337) [testng-7.1.0.jar:?]
	at org.testng.SuiteRunner.run(SuiteRunner.java:286) [testng-7.1.0.jar:?]
	at org.testng.SuiteRunnerWorker.runSuite(SuiteRunnerWorker.java:53) [testng-7.1.0.jar:?]
	at org.testng.SuiteRunnerWorker.run(SuiteRunnerWorker.java:96) [testng-7.1.0.jar:?]
	at org.testng.TestNG.runSuitesSequentially(TestNG.java:1187) [testng-7.1.0.jar:?]
	at org.testng.TestNG.runSuitesLocally(TestNG.java:1109) [testng-7.1.0.jar:?]
	at org.testng.TestNG.runSuites(TestNG.java:1039) [testng-7.1.0.jar:?]
	at org.testng.TestNG.run(TestNG.java:1007) [testng-7.1.0.jar:?]
	at Utils.Main.RunTest.main(RunTest.java:116) [classes/:?]
2020-12-30 09:05:58,310 ERROR U.T.InvokedMethodListener [main] Could not delete from CentCom endpoint: NTY-EN-8D25HC2
org.openqa.selenium.NoSuchWindowException: no such window: target window already closed
from unknown error: web view not found
  (Session info: chrome=87.0.4280.88)
Build info: version: '3.141.59', revision: 'e82be7d358', time: '2018-11-14T08:17:03'
System info: host: 'NTY-EN-8D25HC2', ip: '10.243.68.159', os.name: 'Windows 10', os.arch: 'amd64', os.version: '10.0', java.version: '12.0.2'
Driver info: org.openqa.selenium.chrome.ChromeDriver
Capabilities {acceptInsecureCerts: false, browserName: chrome, browserVersion: 87.0.4280.88, chrome: {chromedriverVersion: 87.0.4280.20 (c99e81631faa0..., userDataDir: C:\Users\MOSHE~1.AVI\AppDat...}, goog:chromeOptions: {debuggerAddress: localhost:64748}, javascriptEnabled: true, networkConnectionEnabled: false, pageLoadStrategy: normal, platform: WINDOWS, platformName: WINDOWS, proxy: Proxy(), setWindowRect: true, strictFileInteractability: false, timeouts: {implicit: 0, pageLoad: 300000, script: 30000}, unhandledPromptBehavior: dismiss and notify, webauthn:virtualAuthenticators: true}
Session ID: 07a0fbc0ca419685014200575d152223
*** Element info: {Using=xpath, value=//twa-button[@icon='tw-binoculars']/material-button}

Video: C:\Nep-4-next\nep-qa-next@f35aa3a96df\nep-qa-automation/test-output/capture/InitAndCleanupPortal-30-12-2020-09.05.01.avi


2020-12-30 09:06:48,666 DEBUG T.RecordedTest [main] screenshot file: C:\Nep-4-next\nep-qa-next@f35aa3a96df\nep-qa-automation/test-output/capture/InitAndCleanupPortal-30-12-2020-09.06.48.png
2020-12-30 09:06:48,670 INFO T.E.InitAndCleanupPortal [main] Starting Cleanup agents
2020-12-30 09:06:54,257 INFO U.R.SSHManager [main] Connected Successfully to host 10.243.68.159
2020-12-30 09:06:54,259 INFO U.R.SSHManager [main] Going to executing command: hostname
2020-12-30 09:06:54,283 DEBUG U.R.SSHManager [main] Done.
2020-12-30 09:06:58,443 INFO A.SimulatedAgentActions [main] SimulatedAgentActions, DS URL: https://endpoint-protection-services.qa.tw-test.net:443/
2020-12-30 09:06:58,466 INFO T.E.InitAndCleanupPortal [main] Going to send delete action to Centcom for agent on hostanem NTY-EN-8D25HC2
2020-12-30 09:06:58,467 DEBUG A.SeleniumBrowser [main] Selenium browser Launch - Before switch application type: Chrome
2020-12-30 09:06:58,467 DEBUG A.SeleniumBrowser [main] Setting Chrome driver location: C:/home/NepManagerDownloads/utils/chromedriver.exe
2020-12-30 09:06:58,468 DEBUG A.SeleniumBrowser [main] Selenium browser Launch - After creating new hashMap
2020-12-30 09:06:58,468 DEBUG A.SeleniumBrowser [main] Selenium browser Launch - After reading MasterDownloadFolder property: C:\home\NepManagerDownloads
2020-12-30 09:06:58,469 DEBUG A.SeleniumBrowser [main] Selenium browser Launch - After put to hash
2020-12-30 09:06:58,474 DEBUG A.SeleniumBrowser [main] Selenium browser Launch - After new chrome options
2020-12-30 09:06:58,477 DEBUG A.SeleniumBrowser [main] Selenium browser Launch - After chrome setExperimentalOption
2020-12-30 09:06:58,477 DEBUG A.SeleniumBrowser [main] Selenium browser Launch - Before setting several chrome options
2020-12-30 09:06:58,482 DEBUG A.SeleniumBrowser [main] Selenium browser Launch - Before creating new chrome driver
2020-12-30 09:07:02,288 DEBUG A.SeleniumBrowser [main] Selenium browser Launch - After creating new chrome driver
2020-12-30 09:07:02,295 DEBUG A.SeleniumBrowser [main] After Setting implicit timeout
2020-12-30 09:07:04,306 DEBUG A.SeleniumBrowser [main] After maximizing window 
2020-12-30 09:07:04,306 DEBUG A.SeleniumBrowser [main] LoadURL: Before check if driver equals to null 
2020-12-30 09:07:04,306 DEBUG A.SeleniumBrowser [main] LoadURL: After check if driver equals to null 
2020-12-30 09:07:04,306 DEBUG A.SeleniumBrowser [main] LoadURL: URL =  https://portal.qa.tw-test.net
2020-12-30 09:07:09,817 DEBUG A.SeleniumBrowser [main] LoadURL: after get URL =  https://portal.qa.tw-test.net
2020-12-30 09:07:11,331 DEBUG A.BrowserActions [main] Waiting for login button to be clickable...
2020-12-30 09:07:11,493 DEBUG A.BrowserActions [main] Login button clicked successfully...
2020-12-30 09:07:13,286 DEBUG A.SeleniumBrowser [main] LoadURL: Before check if driver equals to null 
2020-12-30 09:07:13,286 DEBUG A.SeleniumBrowser [main] LoadURL: After check if driver equals to null 
2020-12-30 09:07:13,286 DEBUG A.SeleniumBrowser [main] LoadURL: URL =  https://portal.qa.tw-test.net/#/operations?menuKey=centcom-devices&stackKey=entity-search&types=EntityType.AGENT
2020-12-30 09:07:13,577 DEBUG A.SeleniumBrowser [main] LoadURL: after get URL =  https://portal.qa.tw-test.net/#/operations?menuKey=centcom-devices&stackKey=entity-search&types=EntityType.AGENT
2020-12-30 09:41:36,871 DEBUG T.RecordedTest [main] screenshot file: C:\Nep-4-next\nep-qa-next@f35aa3a96df\nep-qa-automation/test-output/capture/InitAndCleanupPortal-30-12-2020-09.41.36.png
2020-12-30 09:41:36,879 INFO T.E.InitAndCleanupPortal [main] Starting Cleanup agents
2020-12-30 09:41:46,944 INFO U.R.SSHManager [main] Connected Successfully to host 10.243.68.159
2020-12-30 09:41:46,946 INFO U.R.SSHManager [main] Going to executing command: hostname
2020-12-30 09:41:46,978 DEBUG U.R.SSHManager [main] Done.
2020-12-30 09:41:51,554 INFO A.SimulatedAgentActions [main] SimulatedAgentActions, DS URL: https://endpoint-protection-services.qa.tw-test.net:443/
2020-12-30 09:41:51,570 INFO T.E.InitAndCleanupPortal [main] Going to send delete action to Centcom for agent on hostanem NTY-EN-8D25HC2
2020-12-30 09:41:51,570 DEBUG A.SeleniumBrowser [main] Selenium browser Launch - Before switch application type: Chrome
2020-12-30 09:41:51,571 DEBUG A.SeleniumBrowser [main] Setting Chrome driver location: C:/home/NepManagerDownloads/utils/chromedriver.exe
2020-12-30 09:41:51,572 DEBUG A.SeleniumBrowser [main] Selenium browser Launch - After creating new hashMap
2020-12-30 09:41:51,572 DEBUG A.SeleniumBrowser [main] Selenium browser Launch - After reading MasterDownloadFolder property: C:\home\NepManagerDownloads
2020-12-30 09:41:51,573 DEBUG A.SeleniumBrowser [main] Selenium browser Launch - After put to hash
2020-12-30 09:41:51,578 DEBUG A.SeleniumBrowser [main] Selenium browser Launch - After new chrome options
2020-12-30 09:41:51,581 DEBUG A.SeleniumBrowser [main] Selenium browser Launch - After chrome setExperimentalOption
2020-12-30 09:41:51,581 DEBUG A.SeleniumBrowser [main] Selenium browser Launch - Before setting several chrome options
2020-12-30 09:41:51,585 DEBUG A.SeleniumBrowser [main] Selenium browser Launch - Before creating new chrome driver
2020-12-30 09:41:56,653 DEBUG A.SeleniumBrowser [main] Selenium browser Launch - After creating new chrome driver
2020-12-30 09:41:56,660 DEBUG A.SeleniumBrowser [main] After Setting implicit timeout
2020-12-30 09:41:58,670 DEBUG A.SeleniumBrowser [main] After maximizing window 
2020-12-30 09:41:58,671 DEBUG A.SeleniumBrowser [main] LoadURL: Before check if driver equals to null 
2020-12-30 09:41:58,671 DEBUG A.SeleniumBrowser [main] LoadURL: After check if driver equals to null 
2020-12-30 09:41:58,671 DEBUG A.SeleniumBrowser [main] LoadURL: URL =  https://portal.qa.tw-test.net
2020-12-30 09:42:07,070 DEBUG A.SeleniumBrowser [main] LoadURL: after get URL =  https://portal.qa.tw-test.net
2020-12-30 09:42:08,582 DEBUG A.BrowserActions [main] Waiting for login button to be clickable...
2020-12-30 09:42:08,736 DEBUG A.BrowserActions [main] Login button clicked successfully...
2020-12-30 09:42:10,738 DEBUG A.SeleniumBrowser [main] LoadURL: Before check if driver equals to null 
2020-12-30 09:42:10,739 DEBUG A.SeleniumBrowser [main] LoadURL: After check if driver equals to null 
2020-12-30 09:42:10,739 DEBUG A.SeleniumBrowser [main] LoadURL: URL =  https://portal.qa.tw-test.net/#/operations?menuKey=centcom-devices&stackKey=entity-search&types=EntityType.AGENT
2020-12-30 09:42:11,153 DEBUG A.SeleniumBrowser [main] LoadURL: after get URL =  https://portal.qa.tw-test.net/#/operations?menuKey=centcom-devices&stackKey=entity-search&types=EntityType.AGENT
2020-12-30 09:42:43,250 ERROR A.BrowserActions [main] Could not select the specific cluster  at CentCom search page. cluster: Test1234567
org.openqa.selenium.NoSuchElementException: Cannot locate an element using xpath=//twa-table-row//div[normalize-space(text())='Test1234567']
For documentation on this error, please visit: https://www.seleniumhq.org/exceptions/no_such_element.html
Build info: version: '3.141.59', revision: 'e82be7d358', time: '2018-11-14T08:17:03'
System info: host: 'NTY-EN-8D25HC2', ip: '10.243.68.159', os.name: 'Windows 10', os.arch: 'amd64', os.version: '10.0', java.version: '12.0.2'
Driver info: driver.version: RemoteWebDriver
	at org.openqa.selenium.remote.RemoteWebDriver.findElement(RemoteWebDriver.java:327) ~[selenium-remote-driver-3.141.59.jar:?]
	at org.openqa.selenium.remote.RemoteWebDriver.findElementByXPath(RemoteWebDriver.java:428) ~[selenium-remote-driver-3.141.59.jar:?]
	at org.openqa.selenium.By$ByXPath.findElement(By.java:353) ~[selenium-api-3.141.59.jar:?]
	at org.openqa.selenium.remote.RemoteWebDriver.findElement(RemoteWebDriver.java:315) ~[selenium-remote-driver-3.141.59.jar:?]
	at Pages.Portal.CentComNewClusterPage.GetClusterName(CentComNewClusterPage.java:48) ~[classes/:?]
	at Actions.BrowserActions.CreateNewCluster(BrowserActions.java:685) ~[classes/:?]
	at Tests.Environments.InitAndCleanupPortal.deleteEndpointFromCentCom(InitAndCleanupPortal.java:123) ~[classes/:?]
	at Tests.Environments.InitAndCleanupPortal.cleanupAgents(InitAndCleanupPortal.java:65) ~[classes/:?]
	at jdk.internal.reflect.NativeMethodAccessorImpl.invoke0(Native Method) ~[?:?]
	at jdk.internal.reflect.NativeMethodAccessorImpl.invoke(NativeMethodAccessorImpl.java:62) ~[?:?]
	at jdk.internal.reflect.DelegatingMethodAccessorImpl.invoke(DelegatingMethodAccessorImpl.java:43) ~[?:?]
	at java.lang.reflect.Method.invoke(Method.java:567) ~[?:?]
	at org.testng.internal.MethodInvocationHelper.invokeMethod(MethodInvocationHelper.java:134) ~[testng-7.1.0.jar:?]
	at org.testng.internal.TestInvoker.invokeMethod(TestInvoker.java:597) ~[testng-7.1.0.jar:?]
	at org.testng.internal.TestInvoker.invokeTestMethod(TestInvoker.java:173) ~[testng-7.1.0.jar:?]
	at org.testng.internal.MethodRunner.runInSequence(MethodRunner.java:46) ~[testng-7.1.0.jar:?]
	at org.testng.internal.TestInvoker$MethodInvocationAgent.invoke(TestInvoker.java:816) ~[testng-7.1.0.jar:?]
	at org.testng.internal.TestInvoker.invokeTestMethods(TestInvoker.java:146) ~[testng-7.1.0.jar:?]
	at org.testng.internal.TestMethodWorker.invokeTestMethods(TestMethodWorker.java:146) ~[testng-7.1.0.jar:?]
	at org.testng.internal.TestMethodWorker.run(TestMethodWorker.java:128) ~[testng-7.1.0.jar:?]
	at java.util.ArrayList.forEach(ArrayList.java:1540) [?:?]
	at org.testng.TestRunner.privateRun(TestRunner.java:766) [testng-7.1.0.jar:?]
	at org.testng.TestRunner.run(TestRunner.java:587) [testng-7.1.0.jar:?]
	at org.testng.SuiteRunner.runTest(SuiteRunner.java:384) [testng-7.1.0.jar:?]
	at org.testng.SuiteRunner.runSequentially(SuiteRunner.java:378) [testng-7.1.0.jar:?]
	at org.testng.SuiteRunner.privateRun(SuiteRunner.java:337) [testng-7.1.0.jar:?]
	at org.testng.SuiteRunner.run(SuiteRunner.java:286) [testng-7.1.0.jar:?]
	at org.testng.SuiteRunnerWorker.runSuite(SuiteRunnerWorker.java:53) [testng-7.1.0.jar:?]
	at org.testng.SuiteRunnerWorker.run(SuiteRunnerWorker.java:96) [testng-7.1.0.jar:?]
	at org.testng.TestNG.runSuitesSequentially(TestNG.java:1187) [testng-7.1.0.jar:?]
	at org.testng.TestNG.runSuitesLocally(TestNG.java:1109) [testng-7.1.0.jar:?]
	at org.testng.TestNG.runSuites(TestNG.java:1039) [testng-7.1.0.jar:?]
	at org.testng.TestNG.run(TestNG.java:1007) [testng-7.1.0.jar:?]
	at Utils.Main.RunTest.main(RunTest.java:116) [classes/:?]
2020-12-30 09:48:23,771 DEBUG T.RecordedTest [main] screenshot file: C:\Nep-4-next\nep-qa-next@f35aa3a96df\nep-qa-automation/test-output/capture/InitAndCleanupPortal-30-12-2020-09.48.23.png
2020-12-30 09:48:23,779 INFO T.E.InitAndCleanupPortal [main] Starting Cleanup agents
2020-12-30 09:48:29,291 INFO U.R.SSHManager [main] Connected Successfully to host 10.243.68.159
2020-12-30 09:48:29,293 INFO U.R.SSHManager [main] Going to executing command: hostname
2020-12-30 09:48:29,316 DEBUG U.R.SSHManager [main] Done.
2020-12-30 09:48:33,729 INFO A.SimulatedAgentActions [main] SimulatedAgentActions, DS URL: https://endpoint-protection-services.qa.tw-test.net:443/
2020-12-30 09:48:33,745 INFO T.E.InitAndCleanupPortal [main] Going to send delete action to Centcom for agent on hostanem NTY-EN-8D25HC2
2020-12-30 09:48:33,746 DEBUG A.SeleniumBrowser [main] Selenium browser Launch - Before switch application type: Chrome
2020-12-30 09:48:33,746 DEBUG A.SeleniumBrowser [main] Setting Chrome driver location: C:/home/NepManagerDownloads/utils/chromedriver.exe
2020-12-30 09:48:33,747 DEBUG A.SeleniumBrowser [main] Selenium browser Launch - After creating new hashMap
2020-12-30 09:48:33,747 DEBUG A.SeleniumBrowser [main] Selenium browser Launch - After reading MasterDownloadFolder property: C:\home\NepManagerDownloads
2020-12-30 09:48:33,747 DEBUG A.SeleniumBrowser [main] Selenium browser Launch - After put to hash
2020-12-30 09:48:33,752 DEBUG A.SeleniumBrowser [main] Selenium browser Launch - After new chrome options
2020-12-30 09:48:33,754 DEBUG A.SeleniumBrowser [main] Selenium browser Launch - After chrome setExperimentalOption
2020-12-30 09:48:33,755 DEBUG A.SeleniumBrowser [main] Selenium browser Launch - Before setting several chrome options
2020-12-30 09:48:33,761 DEBUG A.SeleniumBrowser [main] Selenium browser Launch - Before creating new chrome driver
2020-12-30 09:48:37,481 DEBUG A.SeleniumBrowser [main] Selenium browser Launch - After creating new chrome driver
2020-12-30 09:48:37,534 DEBUG A.SeleniumBrowser [main] After Setting implicit timeout
2020-12-30 09:48:39,546 DEBUG A.SeleniumBrowser [main] After maximizing window 
2020-12-30 09:48:39,547 DEBUG A.SeleniumBrowser [main] LoadURL: Before check if driver equals to null 
2020-12-30 09:48:39,547 DEBUG A.SeleniumBrowser [main] LoadURL: After check if driver equals to null 
2020-12-30 09:48:39,547 DEBUG A.SeleniumBrowser [main] LoadURL: URL =  https://portal.qa.tw-test.net
2020-12-30 09:48:47,596 DEBUG A.SeleniumBrowser [main] LoadURL: after get URL =  https://portal.qa.tw-test.net
2020-12-30 09:48:49,091 DEBUG A.BrowserActions [main] Waiting for login button to be clickable...
2020-12-30 09:48:49,248 DEBUG A.BrowserActions [main] Login button clicked successfully...
2020-12-30 09:48:51,227 DEBUG A.SeleniumBrowser [main] LoadURL: Before check if driver equals to null 
2020-12-30 09:48:51,227 DEBUG A.SeleniumBrowser [main] LoadURL: After check if driver equals to null 
2020-12-30 09:48:51,228 DEBUG A.SeleniumBrowser [main] LoadURL: URL =  https://portal.qa.tw-test.net/#/operations?menuKey=centcom-devices&stackKey=entity-search&types=EntityType.AGENT
2020-12-30 09:48:51,672 DEBUG A.SeleniumBrowser [main] LoadURL: after get URL =  https://portal.qa.tw-test.net/#/operations?menuKey=centcom-devices&stackKey=entity-search&types=EntityType.AGENT
2020-12-30 09:49:47,682 DEBUG T.RecordedTest [main] screenshot file: C:\Nep-4-next\nep-qa-next@f35aa3a96df\nep-qa-automation/test-output/capture/InitAndCleanupPortal-30-12-2020-09.49.47.png
2020-12-30 09:49:47,687 INFO T.E.InitAndCleanupPortal [main] Starting Cleanup agents
2020-12-30 09:49:53,166 INFO U.R.SSHManager [main] Connected Successfully to host 10.243.68.159
2020-12-30 09:49:53,168 INFO U.R.SSHManager [main] Going to executing command: hostname
2020-12-30 09:49:53,190 DEBUG U.R.SSHManager [main] Done.
2020-12-30 09:49:57,350 INFO A.SimulatedAgentActions [main] SimulatedAgentActions, DS URL: https://endpoint-protection-services.qa.tw-test.net:443/
2020-12-30 09:49:57,367 INFO T.E.InitAndCleanupPortal [main] Going to send delete action to Centcom for agent on hostanem NTY-EN-8D25HC2
2020-12-30 09:49:57,368 DEBUG A.SeleniumBrowser [main] Selenium browser Launch - Before switch application type: Chrome
2020-12-30 09:49:57,368 DEBUG A.SeleniumBrowser [main] Setting Chrome driver location: C:/home/NepManagerDownloads/utils/chromedriver.exe
2020-12-30 09:49:57,369 DEBUG A.SeleniumBrowser [main] Selenium browser Launch - After creating new hashMap
2020-12-30 09:49:57,369 DEBUG A.SeleniumBrowser [main] Selenium browser Launch - After reading MasterDownloadFolder property: C:\home\NepManagerDownloads
2020-12-30 09:49:57,370 DEBUG A.SeleniumBrowser [main] Selenium browser Launch - After put to hash
2020-12-30 09:49:57,375 DEBUG A.SeleniumBrowser [main] Selenium browser Launch - After new chrome options
2020-12-30 09:49:57,378 DEBUG A.SeleniumBrowser [main] Selenium browser Launch - After chrome setExperimentalOption
2020-12-30 09:49:57,378 DEBUG A.SeleniumBrowser [main] Selenium browser Launch - Before setting several chrome options
2020-12-30 09:49:57,386 DEBUG A.SeleniumBrowser [main] Selenium browser Launch - Before creating new chrome driver
2020-12-30 09:50:01,247 DEBUG A.SeleniumBrowser [main] Selenium browser Launch - After creating new chrome driver
2020-12-30 09:50:01,253 DEBUG A.SeleniumBrowser [main] After Setting implicit timeout
2020-12-30 09:50:03,268 DEBUG A.SeleniumBrowser [main] After maximizing window 
2020-12-30 09:50:03,268 DEBUG A.SeleniumBrowser [main] LoadURL: Before check if driver equals to null 
2020-12-30 09:50:03,268 DEBUG A.SeleniumBrowser [main] LoadURL: After check if driver equals to null 
2020-12-30 09:50:03,268 DEBUG A.SeleniumBrowser [main] LoadURL: URL =  https://portal.qa.tw-test.net
2020-12-30 09:50:09,414 DEBUG A.SeleniumBrowser [main] LoadURL: after get URL =  https://portal.qa.tw-test.net
2020-12-30 09:50:11,156 DEBUG A.BrowserActions [main] Waiting for login button to be clickable...
2020-12-30 09:50:11,343 DEBUG A.BrowserActions [main] Login button clicked successfully...
2020-12-30 09:50:14,982 DEBUG A.SeleniumBrowser [main] LoadURL: Before check if driver equals to null 
2020-12-30 09:50:14,982 DEBUG A.SeleniumBrowser [main] LoadURL: After check if driver equals to null 
2020-12-30 09:50:14,982 DEBUG A.SeleniumBrowser [main] LoadURL: URL =  https://portal.qa.tw-test.net/#/operations?menuKey=centcom-devices&stackKey=entity-search&types=EntityType.AGENT
2020-12-30 09:50:15,361 DEBUG A.SeleniumBrowser [main] LoadURL: after get URL =  https://portal.qa.tw-test.net/#/operations?menuKey=centcom-devices&stackKey=entity-search&types=EntityType.AGENT
2020-12-30 09:52:34,381 DEBUG T.RecordedTest [main] screenshot file: C:\Nep-4-next\nep-qa-next@f35aa3a96df\nep-qa-automation/test-output/capture/InitAndCleanupPortal-30-12-2020-09.52.34.png
2020-12-30 09:52:34,386 INFO T.E.InitAndCleanupPortal [main] Starting Cleanup agents
2020-12-30 09:52:40,435 INFO U.R.SSHManager [main] Connected Successfully to host 10.243.68.159
2020-12-30 09:52:40,437 INFO U.R.SSHManager [main] Going to executing command: hostname
2020-12-30 09:52:40,463 DEBUG U.R.SSHManager [main] Done.
2020-12-30 09:52:44,615 INFO A.SimulatedAgentActions [main] SimulatedAgentActions, DS URL: https://endpoint-protection-services.qa.tw-test.net:443/
2020-12-30 09:52:44,640 INFO T.E.InitAndCleanupPortal [main] Going to send delete action to Centcom for agent on hostanem NTY-EN-8D25HC2
2020-12-30 09:52:44,640 DEBUG A.SeleniumBrowser [main] Selenium browser Launch - Before switch application type: Chrome
2020-12-30 09:52:44,641 DEBUG A.SeleniumBrowser [main] Setting Chrome driver location: C:/home/NepManagerDownloads/utils/chromedriver.exe
2020-12-30 09:52:44,641 DEBUG A.SeleniumBrowser [main] Selenium browser Launch - After creating new hashMap
2020-12-30 09:52:44,641 DEBUG A.SeleniumBrowser [main] Selenium browser Launch - After reading MasterDownloadFolder property: C:\home\NepManagerDownloads
2020-12-30 09:52:44,642 DEBUG A.SeleniumBrowser [main] Selenium browser Launch - After put to hash
2020-12-30 09:52:44,646 DEBUG A.SeleniumBrowser [main] Selenium browser Launch - After new chrome options
2020-12-30 09:52:44,648 DEBUG A.SeleniumBrowser [main] Selenium browser Launch - After chrome setExperimentalOption
2020-12-30 09:52:44,649 DEBUG A.SeleniumBrowser [main] Selenium browser Launch - Before setting several chrome options
2020-12-30 09:52:44,653 DEBUG A.SeleniumBrowser [main] Selenium browser Launch - Before creating new chrome driver
2020-12-30 09:52:48,297 DEBUG A.SeleniumBrowser [main] Selenium browser Launch - After creating new chrome driver
2020-12-30 09:52:48,306 DEBUG A.SeleniumBrowser [main] After Setting implicit timeout
2020-12-30 09:52:50,319 DEBUG A.SeleniumBrowser [main] After maximizing window 
2020-12-30 09:52:50,319 DEBUG A.SeleniumBrowser [main] LoadURL: Before check if driver equals to null 
2020-12-30 09:52:50,320 DEBUG A.SeleniumBrowser [main] LoadURL: After check if driver equals to null 
2020-12-30 09:52:50,320 DEBUG A.SeleniumBrowser [main] LoadURL: URL =  https://portal.qa.tw-test.net
2020-12-30 09:52:57,174 DEBUG A.SeleniumBrowser [main] LoadURL: after get URL =  https://portal.qa.tw-test.net
2020-12-30 09:52:58,837 DEBUG A.BrowserActions [main] Waiting for login button to be clickable...
2020-12-30 09:52:58,994 DEBUG A.BrowserActions [main] Login button clicked successfully...
2020-12-30 09:53:01,206 DEBUG A.SeleniumBrowser [main] LoadURL: Before check if driver equals to null 
2020-12-30 09:53:01,206 DEBUG A.SeleniumBrowser [main] LoadURL: After check if driver equals to null 
2020-12-30 09:53:01,206 DEBUG A.SeleniumBrowser [main] LoadURL: URL =  https://portal.qa.tw-test.net/#/operations?menuKey=centcom-devices&stackKey=entity-search&types=EntityType.AGENT
2020-12-30 09:53:01,644 DEBUG A.SeleniumBrowser [main] LoadURL: after get URL =  https://portal.qa.tw-test.net/#/operations?menuKey=centcom-devices&stackKey=entity-search&types=EntityType.AGENT
2020-12-30 09:56:10,879 DEBUG T.RecordedTest [main] screenshot file: C:\Nep-4-next\nep-qa-next@f35aa3a96df\nep-qa-automation/test-output/capture/InitAndCleanupPortal-30-12-2020-09.56.10.png
2020-12-30 09:56:10,887 INFO T.E.InitAndCleanupPortal [main] Starting Cleanup agents
2020-12-30 09:56:16,682 INFO U.R.SSHManager [main] Connected Successfully to host 10.243.68.159
2020-12-30 09:56:16,684 INFO U.R.SSHManager [main] Going to executing command: hostname
2020-12-30 09:56:16,709 DEBUG U.R.SSHManager [main] Done.
2020-12-30 09:56:21,203 INFO A.SimulatedAgentActions [main] SimulatedAgentActions, DS URL: https://endpoint-protection-services.qa.tw-test.net:443/
2020-12-30 09:56:21,244 INFO T.E.InitAndCleanupPortal [main] Going to send delete action to Centcom for agent on hostanem NTY-EN-8D25HC2
2020-12-30 09:56:21,245 DEBUG A.SeleniumBrowser [main] Selenium browser Launch - Before switch application type: Chrome
2020-12-30 09:56:21,246 DEBUG A.SeleniumBrowser [main] Setting Chrome driver location: C:/home/NepManagerDownloads/utils/chromedriver.exe
2020-12-30 09:56:21,246 DEBUG A.SeleniumBrowser [main] Selenium browser Launch - After creating new hashMap
2020-12-30 09:56:21,247 DEBUG A.SeleniumBrowser [main] Selenium browser Launch - After reading MasterDownloadFolder property: C:\home\NepManagerDownloads
2020-12-30 09:56:21,248 DEBUG A.SeleniumBrowser [main] Selenium browser Launch - After put to hash
2020-12-30 09:56:21,256 DEBUG A.SeleniumBrowser [main] Selenium browser Launch - After new chrome options
2020-12-30 09:56:21,260 DEBUG A.SeleniumBrowser [main] Selenium browser Launch - After chrome setExperimentalOption
2020-12-30 09:56:21,260 DEBUG A.SeleniumBrowser [main] Selenium browser Launch - Before setting several chrome options
2020-12-30 09:56:21,267 DEBUG A.SeleniumBrowser [main] Selenium browser Launch - Before creating new chrome driver
2020-12-30 09:56:25,061 DEBUG A.SeleniumBrowser [main] Selenium browser Launch - After creating new chrome driver
2020-12-30 09:56:25,068 DEBUG A.SeleniumBrowser [main] After Setting implicit timeout
2020-12-30 09:56:27,089 DEBUG A.SeleniumBrowser [main] After maximizing window 
2020-12-30 09:56:27,089 DEBUG A.SeleniumBrowser [main] LoadURL: Before check if driver equals to null 
2020-12-30 09:56:27,090 DEBUG A.SeleniumBrowser [main] LoadURL: After check if driver equals to null 
2020-12-30 09:56:27,090 DEBUG A.SeleniumBrowser [main] LoadURL: URL =  https://portal.qa.tw-test.net
2020-12-30 09:56:31,756 DEBUG A.SeleniumBrowser [main] LoadURL: after get URL =  https://portal.qa.tw-test.net
2020-12-30 09:56:33,383 DEBUG A.BrowserActions [main] Waiting for login button to be clickable...
2020-12-30 09:56:33,547 DEBUG A.BrowserActions [main] Login button clicked successfully...
2020-12-30 09:56:35,516 DEBUG A.SeleniumBrowser [main] LoadURL: Before check if driver equals to null 
2020-12-30 09:56:35,516 DEBUG A.SeleniumBrowser [main] LoadURL: After check if driver equals to null 
2020-12-30 09:56:35,516 DEBUG A.SeleniumBrowser [main] LoadURL: URL =  https://portal.qa.tw-test.net/#/operations?menuKey=centcom-devices&stackKey=entity-search&types=EntityType.AGENT
2020-12-30 09:56:35,937 DEBUG A.SeleniumBrowser [main] LoadURL: after get URL =  https://portal.qa.tw-test.net/#/operations?menuKey=centcom-devices&stackKey=entity-search&types=EntityType.AGENT
2020-12-30 09:59:33,020 DEBUG T.RecordedTest [main] screenshot file: C:\Nep-4-next\nep-qa-next@f35aa3a96df\nep-qa-automation/test-output/capture/InitAndCleanupPortal-30-12-2020-09.59.33.png
2020-12-30 09:59:33,029 INFO T.E.InitAndCleanupPortal [main] Starting Cleanup agents
2020-12-30 09:59:38,772 INFO U.R.SSHManager [main] Connected Successfully to host 10.243.68.159
2020-12-30 09:59:38,775 INFO U.R.SSHManager [main] Going to executing command: hostname
2020-12-30 09:59:38,800 DEBUG U.R.SSHManager [main] Done.
2020-12-30 09:59:43,746 INFO A.SimulatedAgentActions [main] SimulatedAgentActions, DS URL: https://endpoint-protection-services.qa.tw-test.net:443/
2020-12-30 09:59:43,763 INFO T.E.InitAndCleanupPortal [main] Going to send delete action to Centcom for agent on hostanem NTY-EN-8D25HC2
2020-12-30 09:59:43,763 DEBUG A.SeleniumBrowser [main] Selenium browser Launch - Before switch application type: Chrome
2020-12-30 09:59:43,764 DEBUG A.SeleniumBrowser [main] Setting Chrome driver location: C:/home/NepManagerDownloads/utils/chromedriver.exe
2020-12-30 09:59:43,764 DEBUG A.SeleniumBrowser [main] Selenium browser Launch - After creating new hashMap
2020-12-30 09:59:43,765 DEBUG A.SeleniumBrowser [main] Selenium browser Launch - After reading MasterDownloadFolder property: C:\home\NepManagerDownloads
2020-12-30 09:59:43,765 DEBUG A.SeleniumBrowser [main] Selenium browser Launch - After put to hash
2020-12-30 09:59:43,769 DEBUG A.SeleniumBrowser [main] Selenium browser Launch - After new chrome options
2020-12-30 09:59:43,771 DEBUG A.SeleniumBrowser [main] Selenium browser Launch - After chrome setExperimentalOption
2020-12-30 09:59:43,771 DEBUG A.SeleniumBrowser [main] Selenium browser Launch - Before setting several chrome options
2020-12-30 09:59:43,776 DEBUG A.SeleniumBrowser [main] Selenium browser Launch - Before creating new chrome driver
2020-12-30 09:59:47,695 DEBUG A.SeleniumBrowser [main] Selenium browser Launch - After creating new chrome driver
2020-12-30 09:59:47,703 DEBUG A.SeleniumBrowser [main] After Setting implicit timeout
2020-12-30 09:59:49,718 DEBUG A.SeleniumBrowser [main] After maximizing window 
2020-12-30 09:59:49,718 DEBUG A.SeleniumBrowser [main] LoadURL: Before check if driver equals to null 
2020-12-30 09:59:49,718 DEBUG A.SeleniumBrowser [main] LoadURL: After check if driver equals to null 
2020-12-30 09:59:49,718 DEBUG A.SeleniumBrowser [main] LoadURL: URL =  https://portal.qa.tw-test.net
2020-12-30 09:59:56,334 DEBUG A.SeleniumBrowser [main] LoadURL: after get URL =  https://portal.qa.tw-test.net
2020-12-30 09:59:57,813 DEBUG A.BrowserActions [main] Waiting for login button to be clickable...
2020-12-30 09:59:57,954 DEBUG A.BrowserActions [main] Login button clicked successfully...
2020-12-30 09:59:59,956 DEBUG A.SeleniumBrowser [main] LoadURL: Before check if driver equals to null 
2020-12-30 09:59:59,957 DEBUG A.SeleniumBrowser [main] LoadURL: After check if driver equals to null 
2020-12-30 09:59:59,957 DEBUG A.SeleniumBrowser [main] LoadURL: URL =  https://portal.qa.tw-test.net/#/operations?menuKey=centcom-devices&stackKey=entity-search&types=EntityType.AGENT
2020-12-30 10:00:00,300 DEBUG A.SeleniumBrowser [main] LoadURL: after get URL =  https://portal.qa.tw-test.net/#/operations?menuKey=centcom-devices&stackKey=entity-search&types=EntityType.AGENT
2020-12-30 10:02:58,830 ERROR U.T.InvokedMethodListener [main] Could not delete from CentCom endpoint: NTY-EN-8D25HC2
org.openqa.selenium.NoSuchElementException: no such element: Unable to locate element: {"method":"xpath","selector":"//twa-button[@icon='tw-binoculars']/material-button"}
  (Session info: chrome=87.0.4280.88)
For documentation on this error, please visit: https://www.seleniumhq.org/exceptions/no_such_element.html
Build info: version: '3.141.59', revision: 'e82be7d358', time: '2018-11-14T08:17:03'
System info: host: 'NTY-EN-8D25HC2', ip: '10.243.68.159', os.name: 'Windows 10', os.arch: 'amd64', os.version: '10.0', java.version: '12.0.2'
Driver info: org.openqa.selenium.chrome.ChromeDriver
Capabilities {acceptInsecureCerts: false, browserName: chrome, browserVersion: 87.0.4280.88, chrome: {chromedriverVersion: 87.0.4280.20 (c99e81631faa0..., userDataDir: C:\Users\MOSHE~1.AVI\AppDat...}, goog:chromeOptions: {debuggerAddress: localhost:63010}, javascriptEnabled: true, networkConnectionEnabled: false, pageLoadStrategy: normal, platform: WINDOWS, platformName: WINDOWS, proxy: Proxy(), setWindowRect: true, strictFileInteractability: false, timeouts: {implicit: 0, pageLoad: 300000, script: 30000}, unhandledPromptBehavior: dismiss and notify, webauthn:virtualAuthenticators: true}
Session ID: ae80705a4a71815686d1f8e133b8fcb7
*** Element info: {Using=xpath, value=//twa-button[@icon='tw-binoculars']/material-button}

Video: C:\Nep-4-next\nep-qa-next@f35aa3a96df\nep-qa-automation/test-output/capture/InitAndCleanupPortal-30-12-2020-09.59.33.avi
ScreenShot: C:\Nep-4-next\nep-qa-next@f35aa3a96df\nep-qa-automation/test-output/capture/InitAndCleanupPortal-30-12-2020-09.59.33.png


2020-12-30 10:03:43,063 DEBUG T.RecordedTest [main] screenshot file: C:\Nep-4-next\nep-qa-next@f35aa3a96df\nep-qa-automation/test-output/capture/InitAndCleanupPortal-30-12-2020-10.03.43.png
2020-12-30 10:03:43,074 INFO T.E.InitAndCleanupPortal [main] Starting Cleanup agents
2020-12-30 10:03:49,608 INFO U.R.SSHManager [main] Connected Successfully to host 10.243.68.159
2020-12-30 10:03:49,609 INFO U.R.SSHManager [main] Going to executing command: hostname
2020-12-30 10:03:49,635 DEBUG U.R.SSHManager [main] Done.
2020-12-30 10:03:54,079 INFO A.SimulatedAgentActions [main] SimulatedAgentActions, DS URL: https://endpoint-protection-services.qa.tw-test.net:443/
2020-12-30 10:03:54,094 INFO T.E.InitAndCleanupPortal [main] Going to send delete action to Centcom for agent on hostanem NTY-EN-8D25HC2
2020-12-30 10:03:54,095 DEBUG A.SeleniumBrowser [main] Selenium browser Launch - Before switch application type: Chrome
2020-12-30 10:03:54,095 DEBUG A.SeleniumBrowser [main] Setting Chrome driver location: C:/home/NepManagerDownloads/utils/chromedriver.exe
2020-12-30 10:03:54,096 DEBUG A.SeleniumBrowser [main] Selenium browser Launch - After creating new hashMap
2020-12-30 10:03:54,096 DEBUG A.SeleniumBrowser [main] Selenium browser Launch - After reading MasterDownloadFolder property: C:\home\NepManagerDownloads
2020-12-30 10:03:54,097 DEBUG A.SeleniumBrowser [main] Selenium browser Launch - After put to hash
2020-12-30 10:03:54,102 DEBUG A.SeleniumBrowser [main] Selenium browser Launch - After new chrome options
2020-12-30 10:03:54,105 DEBUG A.SeleniumBrowser [main] Selenium browser Launch - After chrome setExperimentalOption
2020-12-30 10:03:54,105 DEBUG A.SeleniumBrowser [main] Selenium browser Launch - Before setting several chrome options
2020-12-30 10:03:54,110 DEBUG A.SeleniumBrowser [main] Selenium browser Launch - Before creating new chrome driver
2020-12-30 10:03:58,046 DEBUG A.SeleniumBrowser [main] Selenium browser Launch - After creating new chrome driver
2020-12-30 10:03:58,054 DEBUG A.SeleniumBrowser [main] After Setting implicit timeout
2020-12-30 10:04:00,070 DEBUG A.SeleniumBrowser [main] After maximizing window 
2020-12-30 10:04:00,070 DEBUG A.SeleniumBrowser [main] LoadURL: Before check if driver equals to null 
2020-12-30 10:04:00,070 DEBUG A.SeleniumBrowser [main] LoadURL: After check if driver equals to null 
2020-12-30 10:04:00,071 DEBUG A.SeleniumBrowser [main] LoadURL: URL =  https://portal.qa.tw-test.net
2020-12-30 10:04:09,799 DEBUG A.SeleniumBrowser [main] LoadURL: after get URL =  https://portal.qa.tw-test.net
2020-12-30 10:04:11,300 DEBUG A.BrowserActions [main] Waiting for login button to be clickable...
2020-12-30 10:04:11,490 DEBUG A.BrowserActions [main] Login button clicked successfully...
2020-12-30 10:04:13,662 DEBUG A.SeleniumBrowser [main] LoadURL: Before check if driver equals to null 
2020-12-30 10:04:13,663 DEBUG A.SeleniumBrowser [main] LoadURL: After check if driver equals to null 
2020-12-30 10:04:13,663 DEBUG A.SeleniumBrowser [main] LoadURL: URL =  https://portal.qa.tw-test.net/#/operations?menuKey=centcom-devices&stackKey=entity-search&types=EntityType.AGENT
2020-12-30 10:04:13,985 DEBUG A.SeleniumBrowser [main] LoadURL: after get URL =  https://portal.qa.tw-test.net/#/operations?menuKey=centcom-devices&stackKey=entity-search&types=EntityType.AGENT
2020-12-30 10:05:45,507 DEBUG T.RecordedTest [main] screenshot file: C:\Nep-4-next\nep-qa-next@f35aa3a96df\nep-qa-automation/test-output/capture/InitAndCleanupPortal-30-12-2020-10.05.45.png
2020-12-30 10:05:45,514 INFO T.E.InitAndCleanupPortal [main] Starting Cleanup agents
2020-12-30 10:05:50,932 INFO U.R.SSHManager [main] Connected Successfully to host 10.243.68.159
2020-12-30 10:05:50,935 INFO U.R.SSHManager [main] Going to executing command: hostname
2020-12-30 10:05:50,960 DEBUG U.R.SSHManager [main] Done.
2020-12-30 10:05:55,117 INFO A.SimulatedAgentActions [main] SimulatedAgentActions, DS URL: https://endpoint-protection-services.qa.tw-test.net:443/
2020-12-30 10:05:55,136 INFO T.E.InitAndCleanupPortal [main] Going to send delete action to Centcom for agent on hostanem NTY-EN-8D25HC2
2020-12-30 10:05:55,137 DEBUG A.SeleniumBrowser [main] Selenium browser Launch - Before switch application type: Chrome
2020-12-30 10:05:55,137 DEBUG A.SeleniumBrowser [main] Setting Chrome driver location: C:/home/NepManagerDownloads/utils/chromedriver.exe
2020-12-30 10:05:55,138 DEBUG A.SeleniumBrowser [main] Selenium browser Launch - After creating new hashMap
2020-12-30 10:05:55,139 DEBUG A.SeleniumBrowser [main] Selenium browser Launch - After reading MasterDownloadFolder property: C:\home\NepManagerDownloads
2020-12-30 10:05:55,139 DEBUG A.SeleniumBrowser [main] Selenium browser Launch - After put to hash
2020-12-30 10:05:55,145 DEBUG A.SeleniumBrowser [main] Selenium browser Launch - After new chrome options
2020-12-30 10:05:55,147 DEBUG A.SeleniumBrowser [main] Selenium browser Launch - After chrome setExperimentalOption
2020-12-30 10:05:55,148 DEBUG A.SeleniumBrowser [main] Selenium browser Launch - Before setting several chrome options
2020-12-30 10:05:55,154 DEBUG A.SeleniumBrowser [main] Selenium browser Launch - Before creating new chrome driver
2020-12-30 10:05:59,154 DEBUG A.SeleniumBrowser [main] Selenium browser Launch - After creating new chrome driver
2020-12-30 10:05:59,165 DEBUG A.SeleniumBrowser [main] After Setting implicit timeout
2020-12-30 10:06:01,181 DEBUG A.SeleniumBrowser [main] After maximizing window 
2020-12-30 10:06:01,181 DEBUG A.SeleniumBrowser [main] LoadURL: Before check if driver equals to null 
2020-12-30 10:06:01,181 DEBUG A.SeleniumBrowser [main] LoadURL: After check if driver equals to null 
2020-12-30 10:06:01,182 DEBUG A.SeleniumBrowser [main] LoadURL: URL =  https://portal.qa.tw-test.net
2020-12-30 10:06:11,987 DEBUG A.SeleniumBrowser [main] LoadURL: after get URL =  https://portal.qa.tw-test.net
2020-12-30 10:06:13,399 DEBUG A.BrowserActions [main] Waiting for login button to be clickable...
2020-12-30 10:06:13,554 DEBUG A.BrowserActions [main] Login button clicked successfully...
2020-12-30 10:06:15,312 DEBUG A.SeleniumBrowser [main] LoadURL: Before check if driver equals to null 
2020-12-30 10:06:15,313 DEBUG A.SeleniumBrowser [main] LoadURL: After check if driver equals to null 
2020-12-30 10:06:15,313 DEBUG A.SeleniumBrowser [main] LoadURL: URL =  https://portal.qa.tw-test.net/#/operations?menuKey=centcom-devices&stackKey=entity-search&types=EntityType.AGENT
2020-12-30 10:06:15,688 DEBUG A.SeleniumBrowser [main] LoadURL: after get URL =  https://portal.qa.tw-test.net/#/operations?menuKey=centcom-devices&stackKey=entity-search&types=EntityType.AGENT
2020-12-30 10:45:32,473 DEBUG T.RecordedTest [main] screenshot file: C:\Nep-4-next\nep-qa-next@f35aa3a96df\nep-qa-automation/test-output/capture/InitAndCleanupPortal-30-12-2020-10.45.32.png
2020-12-30 10:45:32,488 INFO T.E.InitAndCleanupPortal [main] Starting Cleanup agents
2020-12-30 10:45:39,332 INFO U.R.SSHManager [main] Connected Successfully to host 10.243.68.159
2020-12-30 10:45:39,335 INFO U.R.SSHManager [main] Going to executing command: hostname
2020-12-30 10:45:39,366 DEBUG U.R.SSHManager [main] Done.
2020-12-30 10:45:43,689 INFO A.SimulatedAgentActions [main] SimulatedAgentActions, DS URL: https://endpoint-protection-services.qa.tw-test.net:443/
2020-12-30 10:45:43,706 INFO T.E.InitAndCleanupPortal [main] Going to send delete action to Centcom for agent on hostanem NTY-EN-8D25HC2
2020-12-30 10:45:43,707 DEBUG A.SeleniumBrowser [main] Selenium browser Launch - Before switch application type: Chrome
2020-12-30 10:45:43,707 DEBUG A.SeleniumBrowser [main] Setting Chrome driver location: C:/home/NepManagerDownloads/utils/chromedriver.exe
2020-12-30 10:45:43,707 DEBUG A.SeleniumBrowser [main] Selenium browser Launch - After creating new hashMap
2020-12-30 10:45:43,708 DEBUG A.SeleniumBrowser [main] Selenium browser Launch - After reading MasterDownloadFolder property: C:\home\NepManagerDownloads
2020-12-30 10:45:43,708 DEBUG A.SeleniumBrowser [main] Selenium browser Launch - After put to hash
2020-12-30 10:45:43,711 DEBUG A.SeleniumBrowser [main] Selenium browser Launch - After new chrome options
2020-12-30 10:45:43,713 DEBUG A.SeleniumBrowser [main] Selenium browser Launch - After chrome setExperimentalOption
2020-12-30 10:45:43,713 DEBUG A.SeleniumBrowser [main] Selenium browser Launch - Before setting several chrome options
2020-12-30 10:45:43,718 DEBUG A.SeleniumBrowser [main] Selenium browser Launch - Before creating new chrome driver
2020-12-30 10:45:48,697 DEBUG A.SeleniumBrowser [main] Selenium browser Launch - After creating new chrome driver
2020-12-30 10:45:48,705 DEBUG A.SeleniumBrowser [main] After Setting implicit timeout
2020-12-30 10:45:50,718 DEBUG A.SeleniumBrowser [main] After maximizing window 
2020-12-30 10:45:50,718 DEBUG A.SeleniumBrowser [main] LoadURL: Before check if driver equals to null 
2020-12-30 10:45:50,719 DEBUG A.SeleniumBrowser [main] LoadURL: After check if driver equals to null 
2020-12-30 10:45:50,719 DEBUG A.SeleniumBrowser [main] LoadURL: URL =  https://portal.qa.tw-test.net
2020-12-30 10:45:56,756 DEBUG A.SeleniumBrowser [main] LoadURL: after get URL =  https://portal.qa.tw-test.net
2020-12-30 10:45:58,333 DEBUG A.BrowserActions [main] Waiting for login button to be clickable...
2020-12-30 10:45:58,497 DEBUG A.BrowserActions [main] Login button clicked successfully...
2020-12-30 10:46:00,287 DEBUG A.SeleniumBrowser [main] LoadURL: Before check if driver equals to null 
2020-12-30 10:46:00,287 DEBUG A.SeleniumBrowser [main] LoadURL: After check if driver equals to null 
2020-12-30 10:46:00,288 DEBUG A.SeleniumBrowser [main] LoadURL: URL =  https://portal.qa.tw-test.net/#/operations?menuKey=centcom-devices&stackKey=entity-search&types=EntityType.AGENT
2020-12-30 10:46:00,784 DEBUG A.SeleniumBrowser [main] LoadURL: after get URL =  https://portal.qa.tw-test.net/#/operations?menuKey=centcom-devices&stackKey=entity-search&types=EntityType.AGENT
2020-12-30 10:49:31,619 DEBUG T.RecordedTest [main] screenshot file: C:\Nep-4-next\nep-qa-next@f35aa3a96df\nep-qa-automation/test-output/capture/InitAndCleanupPortal-30-12-2020-10.49.31.png
2020-12-30 10:49:31,625 INFO T.E.InitAndCleanupPortal [main] Starting Cleanup agents
2020-12-30 10:49:37,114 INFO U.R.SSHManager [main] Connected Successfully to host 10.243.68.159
2020-12-30 10:49:37,117 INFO U.R.SSHManager [main] Going to executing command: hostname
2020-12-30 10:49:37,141 DEBUG U.R.SSHManager [main] Done.
2020-12-30 10:49:41,211 INFO A.SimulatedAgentActions [main] SimulatedAgentActions, DS URL: https://endpoint-protection-services.qa.tw-test.net:443/
2020-12-30 10:49:41,235 INFO T.E.InitAndCleanupPortal [main] Going to send delete action to Centcom for agent on hostanem NTY-EN-8D25HC2
2020-12-30 10:49:41,236 DEBUG A.SeleniumBrowser [main] Selenium browser Launch - Before switch application type: Chrome
2020-12-30 10:49:41,237 DEBUG A.SeleniumBrowser [main] Setting Chrome driver location: C:/home/NepManagerDownloads/utils/chromedriver.exe
2020-12-30 10:49:41,237 DEBUG A.SeleniumBrowser [main] Selenium browser Launch - After creating new hashMap
2020-12-30 10:49:41,238 DEBUG A.SeleniumBrowser [main] Selenium browser Launch - After reading MasterDownloadFolder property: C:\home\NepManagerDownloads
2020-12-30 10:49:41,238 DEBUG A.SeleniumBrowser [main] Selenium browser Launch - After put to hash
2020-12-30 10:49:41,243 DEBUG A.SeleniumBrowser [main] Selenium browser Launch - After new chrome options
2020-12-30 10:49:41,249 DEBUG A.SeleniumBrowser [main] Selenium browser Launch - After chrome setExperimentalOption
2020-12-30 10:49:41,249 DEBUG A.SeleniumBrowser [main] Selenium browser Launch - Before setting several chrome options
2020-12-30 10:49:41,257 DEBUG A.SeleniumBrowser [main] Selenium browser Launch - Before creating new chrome driver
2020-12-30 10:49:44,992 DEBUG A.SeleniumBrowser [main] Selenium browser Launch - After creating new chrome driver
2020-12-30 10:49:44,999 DEBUG A.SeleniumBrowser [main] After Setting implicit timeout
2020-12-30 10:49:47,019 DEBUG A.SeleniumBrowser [main] After maximizing window 
2020-12-30 10:49:47,020 DEBUG A.SeleniumBrowser [main] LoadURL: Before check if driver equals to null 
2020-12-30 10:49:47,020 DEBUG A.SeleniumBrowser [main] LoadURL: After check if driver equals to null 
2020-12-30 10:49:47,020 DEBUG A.SeleniumBrowser [main] LoadURL: URL =  https://portal.qa.tw-test.net
2020-12-30 10:49:52,648 DEBUG A.SeleniumBrowser [main] LoadURL: after get URL =  https://portal.qa.tw-test.net
2020-12-30 10:49:54,182 DEBUG A.BrowserActions [main] Waiting for login button to be clickable...
2020-12-30 10:49:54,368 DEBUG A.BrowserActions [main] Login button clicked successfully...
2020-12-30 10:49:56,372 DEBUG A.SeleniumBrowser [main] LoadURL: Before check if driver equals to null 
2020-12-30 10:49:56,373 DEBUG A.SeleniumBrowser [main] LoadURL: After check if driver equals to null 
2020-12-30 10:49:56,373 DEBUG A.SeleniumBrowser [main] LoadURL: URL =  https://portal.qa.tw-test.net/#/operations?menuKey=centcom-devices&stackKey=entity-search&types=EntityType.AGENT
2020-12-30 10:49:56,873 DEBUG A.SeleniumBrowser [main] LoadURL: after get URL =  https://portal.qa.tw-test.net/#/operations?menuKey=centcom-devices&stackKey=entity-search&types=EntityType.AGENT
2020-12-30 10:50:48,401 DEBUG T.RecordedTest [main] screenshot file: C:\Nep-4-next\nep-qa-next@f35aa3a96df\nep-qa-automation/test-output/capture/InitAndCleanupPortal-30-12-2020-10.50.48.png
2020-12-30 10:50:48,407 INFO T.E.InitAndCleanupPortal [main] Starting Cleanup agents
2020-12-30 10:50:54,516 INFO U.R.SSHManager [main] Connected Successfully to host 10.243.68.159
2020-12-30 10:50:54,518 INFO U.R.SSHManager [main] Going to executing command: hostname
2020-12-30 10:50:54,541 DEBUG U.R.SSHManager [main] Done.
2020-12-30 10:50:58,878 INFO A.SimulatedAgentActions [main] SimulatedAgentActions, DS URL: https://endpoint-protection-services.qa.tw-test.net:443/
2020-12-30 10:50:58,905 INFO T.E.InitAndCleanupPortal [main] Going to send delete action to Centcom for agent on hostanem NTY-EN-8D25HC2
2020-12-30 10:50:58,906 DEBUG A.SeleniumBrowser [main] Selenium browser Launch - Before switch application type: Chrome
2020-12-30 10:50:58,906 DEBUG A.SeleniumBrowser [main] Setting Chrome driver location: C:/home/NepManagerDownloads/utils/chromedriver.exe
2020-12-30 10:50:58,906 DEBUG A.SeleniumBrowser [main] Selenium browser Launch - After creating new hashMap
2020-12-30 10:50:58,907 DEBUG A.SeleniumBrowser [main] Selenium browser Launch - After reading MasterDownloadFolder property: C:\home\NepManagerDownloads
2020-12-30 10:50:58,908 DEBUG A.SeleniumBrowser [main] Selenium browser Launch - After put to hash
2020-12-30 10:50:58,911 DEBUG A.SeleniumBrowser [main] Selenium browser Launch - After new chrome options
2020-12-30 10:50:58,913 DEBUG A.SeleniumBrowser [main] Selenium browser Launch - After chrome setExperimentalOption
2020-12-30 10:50:58,914 DEBUG A.SeleniumBrowser [main] Selenium browser Launch - Before setting several chrome options
2020-12-30 10:50:58,920 DEBUG A.SeleniumBrowser [main] Selenium browser Launch - Before creating new chrome driver
2020-12-30 10:51:02,663 DEBUG A.SeleniumBrowser [main] Selenium browser Launch - After creating new chrome driver
2020-12-30 10:51:02,672 DEBUG A.SeleniumBrowser [main] After Setting implicit timeout
2020-12-30 10:51:04,688 DEBUG A.SeleniumBrowser [main] After maximizing window 
2020-12-30 10:51:04,689 DEBUG A.SeleniumBrowser [main] LoadURL: Before check if driver equals to null 
2020-12-30 10:51:04,690 DEBUG A.SeleniumBrowser [main] LoadURL: After check if driver equals to null 
2020-12-30 10:51:04,690 DEBUG A.SeleniumBrowser [main] LoadURL: URL =  https://portal.qa.tw-test.net
2020-12-30 10:51:10,994 DEBUG A.SeleniumBrowser [main] LoadURL: after get URL =  https://portal.qa.tw-test.net
2020-12-30 10:51:12,641 DEBUG A.BrowserActions [main] Waiting for login button to be clickable...
2020-12-30 10:51:12,872 DEBUG A.BrowserActions [main] Login button clicked successfully...
2020-12-30 10:51:14,900 DEBUG A.SeleniumBrowser [main] LoadURL: Before check if driver equals to null 
2020-12-30 10:51:14,901 DEBUG A.SeleniumBrowser [main] LoadURL: After check if driver equals to null 
2020-12-30 10:51:14,901 DEBUG A.SeleniumBrowser [main] LoadURL: URL =  https://portal.qa.tw-test.net/#/operations?menuKey=centcom-devices&stackKey=entity-search&types=EntityType.AGENT
2020-12-30 10:51:15,451 DEBUG A.SeleniumBrowser [main] LoadURL: after get URL =  https://portal.qa.tw-test.net/#/operations?menuKey=centcom-devices&stackKey=entity-search&types=EntityType.AGENT
2020-12-30 10:54:11,937 ERROR U.T.InvokedMethodListener [main] Could not delete from CentCom endpoint: NTY-EN-8D25HC2
org.openqa.selenium.TimeoutException: Expected condition failed: waiting for Pages.GenericPage$$Lambda$464/0x0000000801586840@13d289c7 (tried for 120 second(s) with 500 milliseconds interval)

Video: C:\Nep-4-next\nep-qa-next@f35aa3a96df\nep-qa-automation/test-output/capture/InitAndCleanupPortal-30-12-2020-10.50.48.avi


2020-12-30 10:57:10,793 DEBUG T.RecordedTest [main] screenshot file: C:\Nep-4-next\nep-qa-next@f35aa3a96df\nep-qa-automation/test-output/capture/InitAndCleanupPortal-30-12-2020-10.57.10.png
2020-12-30 10:57:10,802 INFO T.E.InitAndCleanupPortal [main] Starting Cleanup agents
2020-12-30 10:57:16,718 INFO U.R.SSHManager [main] Connected Successfully to host 10.243.68.159
2020-12-30 10:57:16,720 INFO U.R.SSHManager [main] Going to executing command: hostname
2020-12-30 10:57:16,744 DEBUG U.R.SSHManager [main] Done.
2020-12-30 10:57:21,132 INFO A.SimulatedAgentActions [main] SimulatedAgentActions, DS URL: https://endpoint-protection-services.qa.tw-test.net:443/
2020-12-30 10:57:21,146 INFO T.E.InitAndCleanupPortal [main] Going to send delete action to Centcom for agent on hostanem NTY-EN-8D25HC2
2020-12-30 10:57:21,146 DEBUG A.SeleniumBrowser [main] Selenium browser Launch - Before switch application type: Chrome
2020-12-30 10:57:21,147 DEBUG A.SeleniumBrowser [main] Setting Chrome driver location: C:/home/NepManagerDownloads/utils/chromedriver.exe
2020-12-30 10:57:21,147 DEBUG A.SeleniumBrowser [main] Selenium browser Launch - After creating new hashMap
2020-12-30 10:57:21,147 DEBUG A.SeleniumBrowser [main] Selenium browser Launch - After reading MasterDownloadFolder property: C:\home\NepManagerDownloads
2020-12-30 10:57:21,147 DEBUG A.SeleniumBrowser [main] Selenium browser Launch - After put to hash
2020-12-30 10:57:21,151 DEBUG A.SeleniumBrowser [main] Selenium browser Launch - After new chrome options
2020-12-30 10:57:21,153 DEBUG A.SeleniumBrowser [main] Selenium browser Launch - After chrome setExperimentalOption
2020-12-30 10:57:21,154 DEBUG A.SeleniumBrowser [main] Selenium browser Launch - Before setting several chrome options
2020-12-30 10:57:21,159 DEBUG A.SeleniumBrowser [main] Selenium browser Launch - Before creating new chrome driver
2020-12-30 10:57:24,854 DEBUG A.SeleniumBrowser [main] Selenium browser Launch - After creating new chrome driver
2020-12-30 10:57:24,861 DEBUG A.SeleniumBrowser [main] After Setting implicit timeout
2020-12-30 10:57:26,877 DEBUG A.SeleniumBrowser [main] After maximizing window 
2020-12-30 10:57:26,877 DEBUG A.SeleniumBrowser [main] LoadURL: Before check if driver equals to null 
2020-12-30 10:57:26,878 DEBUG A.SeleniumBrowser [main] LoadURL: After check if driver equals to null 
2020-12-30 10:57:26,878 DEBUG A.SeleniumBrowser [main] LoadURL: URL =  https://portal.qa.tw-test.net
2020-12-30 10:57:32,627 DEBUG A.SeleniumBrowser [main] LoadURL: after get URL =  https://portal.qa.tw-test.net
2020-12-30 10:57:34,314 DEBUG A.BrowserActions [main] Waiting for login button to be clickable...
2020-12-30 10:57:34,533 DEBUG A.BrowserActions [main] Login button clicked successfully...
2020-12-30 10:57:36,608 DEBUG A.SeleniumBrowser [main] LoadURL: Before check if driver equals to null 
2020-12-30 10:57:36,608 DEBUG A.SeleniumBrowser [main] LoadURL: After check if driver equals to null 
2020-12-30 10:57:36,609 DEBUG A.SeleniumBrowser [main] LoadURL: URL =  https://portal.qa.tw-test.net/#/operations?menuKey=centcom-devices&stackKey=entity-search&types=EntityType.AGENT
2020-12-30 10:57:36,982 DEBUG A.SeleniumBrowser [main] LoadURL: after get URL =  https://portal.qa.tw-test.net/#/operations?menuKey=centcom-devices&stackKey=entity-search&types=EntityType.AGENT
2020-12-30 10:59:15,762 DEBUG T.RecordedTest [main] screenshot file: C:\Nep-4-next\nep-qa-next@f35aa3a96df\nep-qa-automation/test-output/capture/InitAndCleanupPortal-30-12-2020-10.59.15.png
2020-12-30 10:59:15,767 INFO T.E.InitAndCleanupPortal [main] Starting Cleanup agents
2020-12-30 10:59:21,358 INFO U.R.SSHManager [main] Connected Successfully to host 10.243.68.159
2020-12-30 10:59:21,361 INFO U.R.SSHManager [main] Going to executing command: hostname
2020-12-30 10:59:21,385 DEBUG U.R.SSHManager [main] Done.
2020-12-30 10:59:25,504 INFO A.SimulatedAgentActions [main] SimulatedAgentActions, DS URL: https://endpoint-protection-services.qa.tw-test.net:443/
2020-12-30 10:59:25,520 INFO T.E.InitAndCleanupPortal [main] Going to send delete action to Centcom for agent on hostanem NTY-EN-8D25HC2
2020-12-30 10:59:25,521 DEBUG A.SeleniumBrowser [main] Selenium browser Launch - Before switch application type: Chrome
2020-12-30 10:59:25,521 DEBUG A.SeleniumBrowser [main] Setting Chrome driver location: C:/home/NepManagerDownloads/utils/chromedriver.exe
2020-12-30 10:59:25,521 DEBUG A.SeleniumBrowser [main] Selenium browser Launch - After creating new hashMap
2020-12-30 10:59:25,521 DEBUG A.SeleniumBrowser [main] Selenium browser Launch - After reading MasterDownloadFolder property: C:\home\NepManagerDownloads
2020-12-30 10:59:25,522 DEBUG A.SeleniumBrowser [main] Selenium browser Launch - After put to hash
2020-12-30 10:59:25,525 DEBUG A.SeleniumBrowser [main] Selenium browser Launch - After new chrome options
2020-12-30 10:59:25,528 DEBUG A.SeleniumBrowser [main] Selenium browser Launch - After chrome setExperimentalOption
2020-12-30 10:59:25,528 DEBUG A.SeleniumBrowser [main] Selenium browser Launch - Before setting several chrome options
2020-12-30 10:59:25,534 DEBUG A.SeleniumBrowser [main] Selenium browser Launch - Before creating new chrome driver
2020-12-30 10:59:29,326 DEBUG A.SeleniumBrowser [main] Selenium browser Launch - After creating new chrome driver
2020-12-30 10:59:29,333 DEBUG A.SeleniumBrowser [main] After Setting implicit timeout
2020-12-30 10:59:31,348 DEBUG A.SeleniumBrowser [main] After maximizing window 
2020-12-30 10:59:31,348 DEBUG A.SeleniumBrowser [main] LoadURL: Before check if driver equals to null 
2020-12-30 10:59:31,349 DEBUG A.SeleniumBrowser [main] LoadURL: After check if driver equals to null 
2020-12-30 10:59:31,349 DEBUG A.SeleniumBrowser [main] LoadURL: URL =  https://portal.qa.tw-test.net
2020-12-30 10:59:37,216 DEBUG A.SeleniumBrowser [main] LoadURL: after get URL =  https://portal.qa.tw-test.net
2020-12-30 10:59:38,811 DEBUG A.BrowserActions [main] Waiting for login button to be clickable...
2020-12-30 10:59:38,950 DEBUG A.BrowserActions [main] Login button clicked successfully...
2020-12-30 10:59:40,965 DEBUG A.SeleniumBrowser [main] LoadURL: Before check if driver equals to null 
2020-12-30 10:59:40,966 DEBUG A.SeleniumBrowser [main] LoadURL: After check if driver equals to null 
2020-12-30 10:59:40,966 DEBUG A.SeleniumBrowser [main] LoadURL: URL =  https://portal.qa.tw-test.net/#/operations?menuKey=centcom-devices&stackKey=entity-search&types=EntityType.AGENT
2020-12-30 10:59:41,201 DEBUG A.SeleniumBrowser [main] LoadURL: after get URL =  https://portal.qa.tw-test.net/#/operations?menuKey=centcom-devices&stackKey=entity-search&types=EntityType.AGENT
2020-12-30 11:00:32,934 DEBUG T.RecordedTest [main] screenshot file: C:\Nep-4-next\nep-qa-next@f35aa3a96df\nep-qa-automation/test-output/capture/InitAndCleanupPortal-30-12-2020-11.00.32.png
2020-12-30 11:00:32,941 INFO T.E.InitAndCleanupPortal [main] Starting Cleanup agents
2020-12-30 11:00:38,529 INFO U.R.SSHManager [main] Connected Successfully to host 10.243.68.159
2020-12-30 11:00:38,531 INFO U.R.SSHManager [main] Going to executing command: hostname
2020-12-30 11:00:38,556 DEBUG U.R.SSHManager [main] Done.
2020-12-30 11:00:42,663 INFO A.SimulatedAgentActions [main] SimulatedAgentActions, DS URL: https://endpoint-protection-services.qa.tw-test.net:443/
2020-12-30 11:00:42,710 INFO T.E.InitAndCleanupPortal [main] Going to send delete action to Centcom for agent on hostanem NTY-EN-8D25HC2
2020-12-30 11:00:42,712 DEBUG A.SeleniumBrowser [main] Selenium browser Launch - Before switch application type: Chrome
2020-12-30 11:00:42,713 DEBUG A.SeleniumBrowser [main] Setting Chrome driver location: C:/home/NepManagerDownloads/utils/chromedriver.exe
2020-12-30 11:00:42,714 DEBUG A.SeleniumBrowser [main] Selenium browser Launch - After creating new hashMap
2020-12-30 11:00:42,715 DEBUG A.SeleniumBrowser [main] Selenium browser Launch - After reading MasterDownloadFolder property: C:\home\NepManagerDownloads
2020-12-30 11:00:42,715 DEBUG A.SeleniumBrowser [main] Selenium browser Launch - After put to hash
2020-12-30 11:00:42,722 DEBUG A.SeleniumBrowser [main] Selenium browser Launch - After new chrome options
2020-12-30 11:00:42,725 DEBUG A.SeleniumBrowser [main] Selenium browser Launch - After chrome setExperimentalOption
2020-12-30 11:00:42,726 DEBUG A.SeleniumBrowser [main] Selenium browser Launch - Before setting several chrome options
2020-12-30 11:00:42,734 DEBUG A.SeleniumBrowser [main] Selenium browser Launch - Before creating new chrome driver
2020-12-30 11:00:46,746 DEBUG A.SeleniumBrowser [main] Selenium browser Launch - After creating new chrome driver
2020-12-30 11:00:46,756 DEBUG A.SeleniumBrowser [main] After Setting implicit timeout
2020-12-30 11:00:48,782 DEBUG A.SeleniumBrowser [main] After maximizing window 
2020-12-30 11:00:48,783 DEBUG A.SeleniumBrowser [main] LoadURL: Before check if driver equals to null 
2020-12-30 11:00:48,783 DEBUG A.SeleniumBrowser [main] LoadURL: After check if driver equals to null 
2020-12-30 11:00:48,783 DEBUG A.SeleniumBrowser [main] LoadURL: URL =  https://portal.qa.tw-test.net
2020-12-30 11:00:54,498 DEBUG A.SeleniumBrowser [main] LoadURL: after get URL =  https://portal.qa.tw-test.net
2020-12-30 11:00:55,923 DEBUG A.BrowserActions [main] Waiting for login button to be clickable...
2020-12-30 11:00:56,085 DEBUG A.BrowserActions [main] Login button clicked successfully...
2020-12-30 11:00:58,030 DEBUG A.SeleniumBrowser [main] LoadURL: Before check if driver equals to null 
2020-12-30 11:00:58,031 DEBUG A.SeleniumBrowser [main] LoadURL: After check if driver equals to null 
2020-12-30 11:00:58,031 DEBUG A.SeleniumBrowser [main] LoadURL: URL =  https://portal.qa.tw-test.net/#/operations?menuKey=centcom-devices&stackKey=entity-search&types=EntityType.AGENT
2020-12-30 11:00:58,440 DEBUG A.SeleniumBrowser [main] LoadURL: after get URL =  https://portal.qa.tw-test.net/#/operations?menuKey=centcom-devices&stackKey=entity-search&types=EntityType.AGENT
2020-12-30 11:03:32,519 ERROR U.T.InvokedMethodListener [main] Could not delete from CentCom endpoint: NTY-EN-8D25HC2
org.openqa.selenium.TimeoutException: Expected condition failed: waiting for Pages.GenericPage$$Lambda$464/0x0000000801586840@13d289c7 (tried for 120 second(s) with 500 milliseconds interval)

Video: C:\Nep-4-next\nep-qa-next@f35aa3a96df\nep-qa-automation/test-output/capture/InitAndCleanupPortal-30-12-2020-11.00.32.avi


2020-12-30 11:04:20,942 DEBUG T.RecordedTest [main] screenshot file: C:\Nep-4-next\nep-qa-next@f35aa3a96df\nep-qa-automation/test-output/capture/InitAndCleanupPortal-30-12-2020-11.04.20.png
2020-12-30 11:04:20,949 INFO T.E.InitAndCleanupPortal [main] Starting Cleanup agents
2020-12-30 11:04:26,553 INFO U.R.SSHManager [main] Connected Successfully to host 10.243.68.159
2020-12-30 11:04:26,555 INFO U.R.SSHManager [main] Going to executing command: hostname
2020-12-30 11:04:26,582 DEBUG U.R.SSHManager [main] Done.
2020-12-30 11:04:30,979 INFO A.SimulatedAgentActions [main] SimulatedAgentActions, DS URL: https://endpoint-protection-services.qa.tw-test.net:443/
2020-12-30 11:04:30,997 INFO T.E.InitAndCleanupPortal [main] Going to send delete action to Centcom for agent on hostanem NTY-EN-8D25HC2
2020-12-30 11:04:30,997 DEBUG A.SeleniumBrowser [main] Selenium browser Launch - Before switch application type: Chrome
2020-12-30 11:04:30,998 DEBUG A.SeleniumBrowser [main] Setting Chrome driver location: C:/home/NepManagerDownloads/utils/chromedriver.exe
2020-12-30 11:04:30,998 DEBUG A.SeleniumBrowser [main] Selenium browser Launch - After creating new hashMap
2020-12-30 11:04:30,999 DEBUG A.SeleniumBrowser [main] Selenium browser Launch - After reading MasterDownloadFolder property: C:\home\NepManagerDownloads
2020-12-30 11:04:30,999 DEBUG A.SeleniumBrowser [main] Selenium browser Launch - After put to hash
2020-12-30 11:04:31,004 DEBUG A.SeleniumBrowser [main] Selenium browser Launch - After new chrome options
2020-12-30 11:04:31,006 DEBUG A.SeleniumBrowser [main] Selenium browser Launch - After chrome setExperimentalOption
2020-12-30 11:04:31,007 DEBUG A.SeleniumBrowser [main] Selenium browser Launch - Before setting several chrome options
2020-12-30 11:04:31,011 DEBUG A.SeleniumBrowser [main] Selenium browser Launch - Before creating new chrome driver
2020-12-30 11:04:34,714 DEBUG A.SeleniumBrowser [main] Selenium browser Launch - After creating new chrome driver
2020-12-30 11:04:34,721 DEBUG A.SeleniumBrowser [main] After Setting implicit timeout
2020-12-30 11:04:36,740 DEBUG A.SeleniumBrowser [main] After maximizing window 
2020-12-30 11:04:36,740 DEBUG A.SeleniumBrowser [main] LoadURL: Before check if driver equals to null 
2020-12-30 11:04:36,740 DEBUG A.SeleniumBrowser [main] LoadURL: After check if driver equals to null 
2020-12-30 11:04:36,741 DEBUG A.SeleniumBrowser [main] LoadURL: URL =  https://portal.qa.tw-test.net
2020-12-30 11:04:42,733 DEBUG A.SeleniumBrowser [main] LoadURL: after get URL =  https://portal.qa.tw-test.net
2020-12-30 11:04:44,288 DEBUG A.BrowserActions [main] Waiting for login button to be clickable...
2020-12-30 11:04:44,447 DEBUG A.BrowserActions [main] Login button clicked successfully...
2020-12-30 11:04:46,525 DEBUG A.SeleniumBrowser [main] LoadURL: Before check if driver equals to null 
2020-12-30 11:04:46,526 DEBUG A.SeleniumBrowser [main] LoadURL: After check if driver equals to null 
2020-12-30 11:04:46,526 DEBUG A.SeleniumBrowser [main] LoadURL: URL =  https://portal.qa.tw-test.net/#/operations?menuKey=centcom-devices&stackKey=entity-search&types=EntityType.AGENT
2020-12-30 11:04:47,011 DEBUG A.SeleniumBrowser [main] LoadURL: after get URL =  https://portal.qa.tw-test.net/#/operations?menuKey=centcom-devices&stackKey=entity-search&types=EntityType.AGENT
2020-12-30 11:05:47,276 DEBUG T.RecordedTest [main] screenshot file: C:\Nep-4-next\nep-qa-next@f35aa3a96df\nep-qa-automation/test-output/capture/InitAndCleanupPortal-30-12-2020-11.05.47.png
2020-12-30 11:05:47,284 INFO T.E.InitAndCleanupPortal [main] Starting Cleanup agents
2020-12-30 11:05:52,933 INFO U.R.SSHManager [main] Connected Successfully to host 10.243.68.159
2020-12-30 11:05:52,935 INFO U.R.SSHManager [main] Going to executing command: hostname
2020-12-30 11:05:52,959 DEBUG U.R.SSHManager [main] Done.
2020-12-30 11:05:57,104 INFO A.SimulatedAgentActions [main] SimulatedAgentActions, DS URL: https://endpoint-protection-services.qa.tw-test.net:443/
2020-12-30 11:05:57,125 INFO T.E.InitAndCleanupPortal [main] Going to send delete action to Centcom for agent on hostanem NTY-EN-8D25HC2
2020-12-30 11:05:57,125 DEBUG A.SeleniumBrowser [main] Selenium browser Launch - Before switch application type: Chrome
2020-12-30 11:05:57,126 DEBUG A.SeleniumBrowser [main] Setting Chrome driver location: C:/home/NepManagerDownloads/utils/chromedriver.exe
2020-12-30 11:05:57,126 DEBUG A.SeleniumBrowser [main] Selenium browser Launch - After creating new hashMap
2020-12-30 11:05:57,127 DEBUG A.SeleniumBrowser [main] Selenium browser Launch - After reading MasterDownloadFolder property: C:\home\NepManagerDownloads
2020-12-30 11:05:57,127 DEBUG A.SeleniumBrowser [main] Selenium browser Launch - After put to hash
2020-12-30 11:05:57,132 DEBUG A.SeleniumBrowser [main] Selenium browser Launch - After new chrome options
2020-12-30 11:05:57,135 DEBUG A.SeleniumBrowser [main] Selenium browser Launch - After chrome setExperimentalOption
2020-12-30 11:05:57,135 DEBUG A.SeleniumBrowser [main] Selenium browser Launch - Before setting several chrome options
2020-12-30 11:05:57,143 DEBUG A.SeleniumBrowser [main] Selenium browser Launch - Before creating new chrome driver
2020-12-30 11:06:00,923 DEBUG A.SeleniumBrowser [main] Selenium browser Launch - After creating new chrome driver
2020-12-30 11:06:00,932 DEBUG A.SeleniumBrowser [main] After Setting implicit timeout
2020-12-30 11:06:02,946 DEBUG A.SeleniumBrowser [main] After maximizing window 
2020-12-30 11:06:02,946 DEBUG A.SeleniumBrowser [main] LoadURL: Before check if driver equals to null 
2020-12-30 11:06:02,946 DEBUG A.SeleniumBrowser [main] LoadURL: After check if driver equals to null 
2020-12-30 11:06:02,947 DEBUG A.SeleniumBrowser [main] LoadURL: URL =  https://portal.qa.tw-test.net
2020-12-30 11:06:08,654 DEBUG A.SeleniumBrowser [main] LoadURL: after get URL =  https://portal.qa.tw-test.net
2020-12-30 11:06:10,162 DEBUG A.BrowserActions [main] Waiting for login button to be clickable...
2020-12-30 11:06:10,349 DEBUG A.BrowserActions [main] Login button clicked successfully...
2020-12-30 11:06:12,047 DEBUG A.SeleniumBrowser [main] LoadURL: Before check if driver equals to null 
2020-12-30 11:06:12,048 DEBUG A.SeleniumBrowser [main] LoadURL: After check if driver equals to null 
2020-12-30 11:06:12,048 DEBUG A.SeleniumBrowser [main] LoadURL: URL =  https://portal.qa.tw-test.net/#/operations?menuKey=centcom-devices&stackKey=entity-search&types=EntityType.AGENT
2020-12-30 11:06:12,521 DEBUG A.SeleniumBrowser [main] LoadURL: after get URL =  https://portal.qa.tw-test.net/#/operations?menuKey=centcom-devices&stackKey=entity-search&types=EntityType.AGENT
2020-12-30 11:10:18,247 ERROR U.T.InvokedMethodListener [main] Could not delete from CentCom endpoint: NTY-EN-8D25HC2
org.openqa.selenium.TimeoutException: Expected condition failed: waiting for Pages.GenericPage$$Lambda$464/0x0000000801586840@17134190 (tried for 120 second(s) with 500 milliseconds interval)

Video: C:\Nep-4-next\nep-qa-next@f35aa3a96df\nep-qa-automation/test-output/capture/InitAndCleanupPortal-30-12-2020-11.05.47.avi


2020-12-30 11:11:33,707 DEBUG T.RecordedTest [main] screenshot file: C:\Nep-4-next\nep-qa-next@f35aa3a96df\nep-qa-automation/test-output/capture/InitAndCleanupPortal-30-12-2020-11.11.33.png
2020-12-30 11:11:33,714 INFO T.E.InitAndCleanupPortal [main] Starting Cleanup agents
2020-12-30 11:11:39,743 INFO U.R.SSHManager [main] Connected Successfully to host 10.243.68.159
2020-12-30 11:11:39,745 INFO U.R.SSHManager [main] Going to executing command: hostname
2020-12-30 11:11:39,769 DEBUG U.R.SSHManager [main] Done.
2020-12-30 11:11:44,246 INFO A.SimulatedAgentActions [main] SimulatedAgentActions, DS URL: https://endpoint-protection-services.qa.tw-test.net:443/
2020-12-30 11:11:44,265 INFO T.E.InitAndCleanupPortal [main] Going to send delete action to Centcom for agent on hostanem NTY-EN-8D25HC2
2020-12-30 11:11:44,266 DEBUG A.SeleniumBrowser [main] Selenium browser Launch - Before switch application type: Chrome
2020-12-30 11:11:44,267 DEBUG A.SeleniumBrowser [main] Setting Chrome driver location: C:/home/NepManagerDownloads/utils/chromedriver.exe
2020-12-30 11:11:44,267 DEBUG A.SeleniumBrowser [main] Selenium browser Launch - After creating new hashMap
2020-12-30 11:11:44,268 DEBUG A.SeleniumBrowser [main] Selenium browser Launch - After reading MasterDownloadFolder property: C:\home\NepManagerDownloads
2020-12-30 11:11:44,268 DEBUG A.SeleniumBrowser [main] Selenium browser Launch - After put to hash
2020-12-30 11:11:44,273 DEBUG A.SeleniumBrowser [main] Selenium browser Launch - After new chrome options
2020-12-30 11:11:44,275 DEBUG A.SeleniumBrowser [main] Selenium browser Launch - After chrome setExperimentalOption
2020-12-30 11:11:44,276 DEBUG A.SeleniumBrowser [main] Selenium browser Launch - Before setting several chrome options
2020-12-30 11:11:44,281 DEBUG A.SeleniumBrowser [main] Selenium browser Launch - Before creating new chrome driver
2020-12-30 11:11:48,083 DEBUG A.SeleniumBrowser [main] Selenium browser Launch - After creating new chrome driver
2020-12-30 11:11:48,090 DEBUG A.SeleniumBrowser [main] After Setting implicit timeout
2020-12-30 11:11:50,106 DEBUG A.SeleniumBrowser [main] After maximizing window 
2020-12-30 11:11:50,107 DEBUG A.SeleniumBrowser [main] LoadURL: Before check if driver equals to null 
2020-12-30 11:11:50,108 DEBUG A.SeleniumBrowser [main] LoadURL: After check if driver equals to null 
2020-12-30 11:11:50,108 DEBUG A.SeleniumBrowser [main] LoadURL: URL =  https://portal.qa.tw-test.net
2020-12-30 11:11:58,348 DEBUG A.SeleniumBrowser [main] LoadURL: after get URL =  https://portal.qa.tw-test.net
2020-12-30 11:12:02,527 ERROR A.BrowserActions [main] Login exception.
org.openqa.selenium.NoSuchElementException: Cannot locate an element using id=login-username--material-input
For documentation on this error, please visit: https://www.seleniumhq.org/exceptions/no_such_element.html
Build info: version: '3.141.59', revision: 'e82be7d358', time: '2018-11-14T08:17:03'
System info: host: 'NTY-EN-8D25HC2', ip: '10.243.68.159', os.name: 'Windows 10', os.arch: 'amd64', os.version: '10.0', java.version: '12.0.2'
Driver info: driver.version: RemoteWebDriver
	at org.openqa.selenium.remote.RemoteWebDriver.findElement(RemoteWebDriver.java:327) ~[selenium-remote-driver-3.141.59.jar:?]
	at org.openqa.selenium.remote.RemoteWebDriver.findElementById(RemoteWebDriver.java:372) ~[selenium-remote-driver-3.141.59.jar:?]
	at org.openqa.selenium.By$ById.findElement(By.java:188) ~[selenium-api-3.141.59.jar:?]
	at org.openqa.selenium.remote.RemoteWebDriver.findElement(RemoteWebDriver.java:315) ~[selenium-remote-driver-3.141.59.jar:?]
	at org.openqa.selenium.support.pagefactory.DefaultElementLocator.findElement(DefaultElementLocator.java:69) ~[selenium-support-3.141.59.jar:?]
	at org.openqa.selenium.support.pagefactory.internal.LocatingElementHandler.invoke(LocatingElementHandler.java:38) ~[selenium-support-3.141.59.jar:?]
	at com.sun.proxy.$Proxy30.click(Unknown Source) ~[?:?]
	at WebElements.TextBox.SetText(TextBox.java:17) ~[classes/:?]
	at Actions.BrowserActions.Login(BrowserActions.java:86) ~[classes/:?]
	at Tests.Environments.InitAndCleanupPortal.deleteEndpointFromCentCom(InitAndCleanupPortal.java:116) ~[classes/:?]
	at Tests.Environments.InitAndCleanupPortal.cleanupAgents(InitAndCleanupPortal.java:65) ~[classes/:?]
	at jdk.internal.reflect.NativeMethodAccessorImpl.invoke0(Native Method) ~[?:?]
	at jdk.internal.reflect.NativeMethodAccessorImpl.invoke(NativeMethodAccessorImpl.java:62) ~[?:?]
	at jdk.internal.reflect.DelegatingMethodAccessorImpl.invoke(DelegatingMethodAccessorImpl.java:43) ~[?:?]
	at java.lang.reflect.Method.invoke(Method.java:567) ~[?:?]
	at org.testng.internal.MethodInvocationHelper.invokeMethod(MethodInvocationHelper.java:134) ~[testng-7.1.0.jar:?]
	at org.testng.internal.TestInvoker.invokeMethod(TestInvoker.java:597) ~[testng-7.1.0.jar:?]
	at org.testng.internal.TestInvoker.invokeTestMethod(TestInvoker.java:173) ~[testng-7.1.0.jar:?]
	at org.testng.internal.MethodRunner.runInSequence(MethodRunner.java:46) ~[testng-7.1.0.jar:?]
	at org.testng.internal.TestInvoker$MethodInvocationAgent.invoke(TestInvoker.java:816) ~[testng-7.1.0.jar:?]
	at org.testng.internal.TestInvoker.invokeTestMethods(TestInvoker.java:146) ~[testng-7.1.0.jar:?]
	at org.testng.internal.TestMethodWorker.invokeTestMethods(TestMethodWorker.java:146) ~[testng-7.1.0.jar:?]
	at org.testng.internal.TestMethodWorker.run(TestMethodWorker.java:128) ~[testng-7.1.0.jar:?]
	at java.util.ArrayList.forEach(ArrayList.java:1540) [?:?]
	at org.testng.TestRunner.privateRun(TestRunner.java:766) [testng-7.1.0.jar:?]
	at org.testng.TestRunner.run(TestRunner.java:587) [testng-7.1.0.jar:?]
	at org.testng.SuiteRunner.runTest(SuiteRunner.java:384) [testng-7.1.0.jar:?]
	at org.testng.SuiteRunner.runSequentially(SuiteRunner.java:378) [testng-7.1.0.jar:?]
	at org.testng.SuiteRunner.privateRun(SuiteRunner.java:337) [testng-7.1.0.jar:?]
	at org.testng.SuiteRunner.run(SuiteRunner.java:286) [testng-7.1.0.jar:?]
	at org.testng.SuiteRunnerWorker.runSuite(SuiteRunnerWorker.java:53) [testng-7.1.0.jar:?]
	at org.testng.SuiteRunnerWorker.run(SuiteRunnerWorker.java:96) [testng-7.1.0.jar:?]
	at org.testng.TestNG.runSuitesSequentially(TestNG.java:1187) [testng-7.1.0.jar:?]
	at org.testng.TestNG.runSuitesLocally(TestNG.java:1109) [testng-7.1.0.jar:?]
	at org.testng.TestNG.runSuites(TestNG.java:1039) [testng-7.1.0.jar:?]
	at org.testng.TestNG.run(TestNG.java:1007) [testng-7.1.0.jar:?]
	at Utils.Main.RunTest.main(RunTest.java:116) [classes/:?]
2020-12-30 11:12:02,534 DEBUG A.SeleniumBrowser [main] LoadURL: Before check if driver equals to null 
2020-12-30 11:12:02,534 DEBUG A.SeleniumBrowser [main] LoadURL: After check if driver equals to null 
2020-12-30 11:12:02,534 DEBUG A.SeleniumBrowser [main] LoadURL: URL =  https://portal.qa.tw-test.net/#/operations?menuKey=centcom-devices&stackKey=entity-search&types=EntityType.AGENT
2020-12-30 11:12:14,808 ERROR U.T.InvokedMethodListener [main] Could not load URL at browser. 
org.openqa.selenium.WebDriverException: chrome not reachable
  (Session info: chrome=87.0.4280.88)
Build info: version: '3.141.59', revision: 'e82be7d358', time: '2018-11-14T08:17:03'
System info: host: 'NTY-EN-8D25HC2', ip: '10.243.68.159', os.name: 'Windows 10', os.arch: 'amd64', os.version: '10.0', java.version: '12.0.2'
Driver info: org.openqa.selenium.chrome.ChromeDriver
Capabilities {acceptInsecureCerts: false, browserName: chrome, browserVersion: 87.0.4280.88, chrome: {chromedriverVersion: 87.0.4280.20 (c99e81631faa0..., userDataDir: C:\Users\MOSHE~1.AVI\AppDat...}, goog:chromeOptions: {debuggerAddress: localhost:50920}, javascriptEnabled: true, networkConnectionEnabled: false, pageLoadStrategy: normal, platform: WINDOWS, platformName: WINDOWS, proxy: Proxy(), setWindowRect: true, strictFileInteractability: false, timeouts: {implicit: 0, pageLoad: 300000, script: 30000}, unhandledPromptBehavior: dismiss and notify, webauthn:virtualAuthenticators: true}
Session ID: 67491accb3defbb106f2e5e7b3d48a8e

Video: C:\Nep-4-next\nep-qa-next@f35aa3a96df\nep-qa-automation/test-output/capture/InitAndCleanupPortal-30-12-2020-11.11.33.avi


2020-12-30 11:12:22,610 DEBUG T.RecordedTest [main] screenshot file: C:\Nep-4-next\nep-qa-next@f35aa3a96df\nep-qa-automation/test-output/capture/InitAndCleanupPortal-30-12-2020-11.12.22.png
2020-12-30 11:12:22,617 INFO T.E.InitAndCleanupPortal [main] Starting Cleanup agents
2020-12-30 11:12:28,137 INFO U.R.SSHManager [main] Connected Successfully to host 10.243.68.159
2020-12-30 11:12:28,140 INFO U.R.SSHManager [main] Going to executing command: hostname
2020-12-30 11:12:28,164 DEBUG U.R.SSHManager [main] Done.
2020-12-30 11:12:32,269 INFO A.SimulatedAgentActions [main] SimulatedAgentActions, DS URL: https://endpoint-protection-services.qa.tw-test.net:443/
2020-12-30 11:12:32,324 INFO T.E.InitAndCleanupPortal [main] Going to send delete action to Centcom for agent on hostanem NTY-EN-8D25HC2
2020-12-30 11:12:32,325 DEBUG A.SeleniumBrowser [main] Selenium browser Launch - Before switch application type: Chrome
2020-12-30 11:12:32,326 DEBUG A.SeleniumBrowser [main] Setting Chrome driver location: C:/home/NepManagerDownloads/utils/chromedriver.exe
2020-12-30 11:12:32,326 DEBUG A.SeleniumBrowser [main] Selenium browser Launch - After creating new hashMap
2020-12-30 11:12:32,327 DEBUG A.SeleniumBrowser [main] Selenium browser Launch - After reading MasterDownloadFolder property: C:\home\NepManagerDownloads
2020-12-30 11:12:32,327 DEBUG A.SeleniumBrowser [main] Selenium browser Launch - After put to hash
2020-12-30 11:12:32,332 DEBUG A.SeleniumBrowser [main] Selenium browser Launch - After new chrome options
2020-12-30 11:12:32,334 DEBUG A.SeleniumBrowser [main] Selenium browser Launch - After chrome setExperimentalOption
2020-12-30 11:12:32,335 DEBUG A.SeleniumBrowser [main] Selenium browser Launch - Before setting several chrome options
2020-12-30 11:12:32,340 DEBUG A.SeleniumBrowser [main] Selenium browser Launch - Before creating new chrome driver
2020-12-30 11:12:36,060 DEBUG A.SeleniumBrowser [main] Selenium browser Launch - After creating new chrome driver
2020-12-30 11:12:36,068 DEBUG A.SeleniumBrowser [main] After Setting implicit timeout
2020-12-30 11:12:38,082 DEBUG A.SeleniumBrowser [main] After maximizing window 
2020-12-30 11:12:38,083 DEBUG A.SeleniumBrowser [main] LoadURL: Before check if driver equals to null 
2020-12-30 11:12:38,083 DEBUG A.SeleniumBrowser [main] LoadURL: After check if driver equals to null 
2020-12-30 11:12:38,083 DEBUG A.SeleniumBrowser [main] LoadURL: URL =  https://portal.qa.tw-test.net
2020-12-30 11:12:43,799 DEBUG A.SeleniumBrowser [main] LoadURL: after get URL =  https://portal.qa.tw-test.net
2020-12-30 11:12:45,279 DEBUG A.BrowserActions [main] Waiting for login button to be clickable...
2020-12-30 11:12:45,430 DEBUG A.BrowserActions [main] Login button clicked successfully...
2020-12-30 11:12:47,407 DEBUG A.SeleniumBrowser [main] LoadURL: Before check if driver equals to null 
2020-12-30 11:12:47,408 DEBUG A.SeleniumBrowser [main] LoadURL: After check if driver equals to null 
2020-12-30 11:12:47,408 DEBUG A.SeleniumBrowser [main] LoadURL: URL =  https://portal.qa.tw-test.net/#/operations?menuKey=centcom-devices&stackKey=entity-search&types=EntityType.AGENT
2020-12-30 11:12:47,603 DEBUG A.SeleniumBrowser [main] LoadURL: after get URL =  https://portal.qa.tw-test.net/#/operations?menuKey=centcom-devices&stackKey=entity-search&types=EntityType.AGENT
2020-12-30 11:15:22,224 ERROR U.T.InvokedMethodListener [main] Could not delete from CentCom endpoint: NTY-EN-8D25HC2
org.openqa.selenium.TimeoutException: Expected condition failed: waiting for Pages.GenericPage$$Lambda$464/0x0000000801586840@629b780f (tried for 120 second(s) with 500 milliseconds interval)

Video: C:\Nep-4-next\nep-qa-next@f35aa3a96df\nep-qa-automation/test-output/capture/InitAndCleanupPortal-30-12-2020-11.12.22.avi


2020-12-30 11:34:16,143 DEBUG T.RecordedTest [main] screenshot file: C:\Nep-4-next\nep-qa-next@f35aa3a96df\nep-qa-automation/test-output/capture/InitAndCleanupPortal-30-12-2020-11.34.16.png
2020-12-30 11:34:16,150 INFO T.E.InitAndCleanupPortal [main] Starting Cleanup agents
2020-12-30 11:34:22,738 INFO U.R.SSHManager [main] Connected Successfully to host 10.243.68.159
2020-12-30 11:34:22,741 INFO U.R.SSHManager [main] Going to executing command: hostname
2020-12-30 11:34:22,765 DEBUG U.R.SSHManager [main] Done.
2020-12-30 11:34:27,112 INFO A.SimulatedAgentActions [main] SimulatedAgentActions, DS URL: https://endpoint-protection-services.qa.tw-test.net:443/
2020-12-30 11:34:27,145 INFO T.E.InitAndCleanupPortal [main] Going to send delete action to Centcom for agent on hostanem NTY-EN-8D25HC2
2020-12-30 11:34:27,146 DEBUG A.SeleniumBrowser [main] Selenium browser Launch - Before switch application type: Chrome
2020-12-30 11:34:27,147 DEBUG A.SeleniumBrowser [main] Setting Chrome driver location: C:/home/NepManagerDownloads/utils/chromedriver.exe
2020-12-30 11:34:27,147 DEBUG A.SeleniumBrowser [main] Selenium browser Launch - After creating new hashMap
2020-12-30 11:34:27,148 DEBUG A.SeleniumBrowser [main] Selenium browser Launch - After reading MasterDownloadFolder property: C:\home\NepManagerDownloads
2020-12-30 11:34:27,148 DEBUG A.SeleniumBrowser [main] Selenium browser Launch - After put to hash
2020-12-30 11:34:27,152 DEBUG A.SeleniumBrowser [main] Selenium browser Launch - After new chrome options
2020-12-30 11:34:27,155 DEBUG A.SeleniumBrowser [main] Selenium browser Launch - After chrome setExperimentalOption
2020-12-30 11:34:27,155 DEBUG A.SeleniumBrowser [main] Selenium browser Launch - Before setting several chrome options
2020-12-30 11:34:27,161 DEBUG A.SeleniumBrowser [main] Selenium browser Launch - Before creating new chrome driver
2020-12-30 11:34:30,833 DEBUG A.SeleniumBrowser [main] Selenium browser Launch - After creating new chrome driver
2020-12-30 11:34:30,843 DEBUG A.SeleniumBrowser [main] After Setting implicit timeout
2020-12-30 11:34:32,858 DEBUG A.SeleniumBrowser [main] After maximizing window 
2020-12-30 11:34:32,859 DEBUG A.SeleniumBrowser [main] LoadURL: Before check if driver equals to null 
2020-12-30 11:34:32,859 DEBUG A.SeleniumBrowser [main] LoadURL: After check if driver equals to null 
2020-12-30 11:34:32,860 DEBUG A.SeleniumBrowser [main] LoadURL: URL =  https://portal.qa.tw-test.net
2020-12-30 11:34:38,471 DEBUG A.SeleniumBrowser [main] LoadURL: after get URL =  https://portal.qa.tw-test.net
2020-12-30 11:34:40,056 DEBUG A.BrowserActions [main] Waiting for login button to be clickable...
2020-12-30 11:34:40,217 DEBUG A.BrowserActions [main] Login button clicked successfully...
2020-12-30 11:34:42,426 DEBUG A.SeleniumBrowser [main] LoadURL: Before check if driver equals to null 
2020-12-30 11:34:42,427 DEBUG A.SeleniumBrowser [main] LoadURL: After check if driver equals to null 
2020-12-30 11:34:42,427 DEBUG A.SeleniumBrowser [main] LoadURL: URL =  https://portal.qa.tw-test.net/#/operations?menuKey=centcom-devices&stackKey=entity-search&types=EntityType.AGENT
2020-12-30 11:34:42,750 DEBUG A.SeleniumBrowser [main] LoadURL: after get URL =  https://portal.qa.tw-test.net/#/operations?menuKey=centcom-devices&stackKey=entity-search&types=EntityType.AGENT
2020-12-30 11:37:17,224 ERROR U.T.InvokedMethodListener [main] Could not delete from CentCom endpoint: NTY-EN-8D25HC2
org.openqa.selenium.TimeoutException: Expected condition failed: waiting for Pages.GenericPage$$Lambda$464/0x0000000801586840@f03ee8f (tried for 120 second(s) with 500 milliseconds interval)

Video: C:\Nep-4-next\nep-qa-next@f35aa3a96df\nep-qa-automation/test-output/capture/InitAndCleanupPortal-30-12-2020-11.34.16.avi


2020-12-30 11:56:19,677 DEBUG T.RecordedTest [main] screenshot file: C:\Nep-4-next\nep-qa-next@f35aa3a96df\nep-qa-automation/test-output/capture/InitAndCleanupPortal-30-12-2020-11.56.19.png
2020-12-30 11:56:19,685 INFO T.E.InitAndCleanupPortal [main] Starting Cleanup agents
2020-12-30 11:56:26,075 INFO U.R.SSHManager [main] Connected Successfully to host 10.243.68.159
2020-12-30 11:56:26,077 INFO U.R.SSHManager [main] Going to executing command: hostname
2020-12-30 11:56:26,110 DEBUG U.R.SSHManager [main] Done.
2020-12-30 11:56:30,448 INFO A.SimulatedAgentActions [main] SimulatedAgentActions, DS URL: https://endpoint-protection-services.qa.tw-test.net:443/
2020-12-30 11:56:30,462 INFO T.E.InitAndCleanupPortal [main] Going to send delete action to Centcom for agent on hostanem NTY-EN-8D25HC2
2020-12-30 11:56:30,463 DEBUG A.SeleniumBrowser [main] Selenium browser Launch - Before switch application type: Chrome
2020-12-30 11:56:30,463 DEBUG A.SeleniumBrowser [main] Setting Chrome driver location: C:/home/NepManagerDownloads/utils/chromedriver.exe
2020-12-30 11:56:30,464 DEBUG A.SeleniumBrowser [main] Selenium browser Launch - After creating new hashMap
2020-12-30 11:56:30,464 DEBUG A.SeleniumBrowser [main] Selenium browser Launch - After reading MasterDownloadFolder property: C:\home\NepManagerDownloads
2020-12-30 11:56:30,465 DEBUG A.SeleniumBrowser [main] Selenium browser Launch - After put to hash
2020-12-30 11:56:30,469 DEBUG A.SeleniumBrowser [main] Selenium browser Launch - After new chrome options
2020-12-30 11:56:30,471 DEBUG A.SeleniumBrowser [main] Selenium browser Launch - After chrome setExperimentalOption
2020-12-30 11:56:30,472 DEBUG A.SeleniumBrowser [main] Selenium browser Launch - Before setting several chrome options
2020-12-30 11:56:30,477 DEBUG A.SeleniumBrowser [main] Selenium browser Launch - Before creating new chrome driver
2020-12-30 11:56:35,549 DEBUG A.SeleniumBrowser [main] Selenium browser Launch - After creating new chrome driver
2020-12-30 11:56:35,557 DEBUG A.SeleniumBrowser [main] After Setting implicit timeout
2020-12-30 11:56:37,569 DEBUG A.SeleniumBrowser [main] After maximizing window 
2020-12-30 11:56:37,569 DEBUG A.SeleniumBrowser [main] LoadURL: Before check if driver equals to null 
2020-12-30 11:56:37,570 DEBUG A.SeleniumBrowser [main] LoadURL: After check if driver equals to null 
2020-12-30 11:56:37,570 DEBUG A.SeleniumBrowser [main] LoadURL: URL =  https://portal.qa.tw-test.net
2020-12-30 11:56:43,031 DEBUG A.SeleniumBrowser [main] LoadURL: after get URL =  https://portal.qa.tw-test.net
2020-12-30 11:56:44,614 DEBUG A.BrowserActions [main] Waiting for login button to be clickable...
2020-12-30 11:56:44,799 DEBUG A.BrowserActions [main] Login button clicked successfully...
2020-12-30 11:56:46,871 DEBUG A.SeleniumBrowser [main] LoadURL: Before check if driver equals to null 
2020-12-30 11:56:46,871 DEBUG A.SeleniumBrowser [main] LoadURL: After check if driver equals to null 
2020-12-30 11:56:46,871 DEBUG A.SeleniumBrowser [main] LoadURL: URL =  https://portal.qa.tw-test.net/#/operations?menuKey=centcom-devices&stackKey=entity-search&types=EntityType.AGENT
2020-12-30 11:56:47,357 DEBUG A.SeleniumBrowser [main] LoadURL: after get URL =  https://portal.qa.tw-test.net/#/operations?menuKey=centcom-devices&stackKey=entity-search&types=EntityType.AGENT
2020-12-30 11:57:06,769 ERROR A.BrowserActions [main] Could not select the specific cluster  at CentCom search page. cluster: Test123456
org.openqa.selenium.JavascriptException: javascript error: Unable to find owning document
  (Session info: chrome=87.0.4280.88)
Build info: version: '3.141.59', revision: 'e82be7d358', time: '2018-11-14T08:17:03'
System info: host: 'NTY-EN-8D25HC2', ip: '10.243.68.159', os.name: 'Windows 10', os.arch: 'amd64', os.version: '10.0', java.version: '12.0.2'
Driver info: org.openqa.selenium.chrome.ChromeDriver
Capabilities {acceptInsecureCerts: false, browserName: chrome, browserVersion: 87.0.4280.88, chrome: {chromedriverVersion: 87.0.4280.20 (c99e81631faa0..., userDataDir: C:\Users\MOSHE~1.AVI\AppDat...}, goog:chromeOptions: {debuggerAddress: localhost:57211}, javascriptEnabled: true, networkConnectionEnabled: false, pageLoadStrategy: normal, platform: WINDOWS, platformName: WINDOWS, proxy: Proxy(), setWindowRect: true, strictFileInteractability: false, timeouts: {implicit: 0, pageLoad: 300000, script: 30000}, unhandledPromptBehavior: dismiss and notify, webauthn:virtualAuthenticators: true}
Session ID: e7ceef077c8f7f793d9b4f019a41487b
	at jdk.internal.reflect.NativeConstructorAccessorImpl.newInstance0(Native Method) ~[?:?]
	at jdk.internal.reflect.NativeConstructorAccessorImpl.newInstance(NativeConstructorAccessorImpl.java:62) ~[?:?]
	at jdk.internal.reflect.DelegatingConstructorAccessorImpl.newInstance(DelegatingConstructorAccessorImpl.java:45) ~[?:?]
	at java.lang.reflect.Constructor.newInstanceWithCaller(Constructor.java:500) ~[?:?]
	at java.lang.reflect.Constructor.newInstance(Constructor.java:481) ~[?:?]
	at org.openqa.selenium.remote.http.W3CHttpResponseCodec.createException(W3CHttpResponseCodec.java:187) ~[selenium-remote-driver-3.141.59.jar:?]
	at org.openqa.selenium.remote.http.W3CHttpResponseCodec.decode(W3CHttpResponseCodec.java:122) ~[selenium-remote-driver-3.141.59.jar:?]
	at org.openqa.selenium.remote.http.W3CHttpResponseCodec.decode(W3CHttpResponseCodec.java:49) ~[selenium-remote-driver-3.141.59.jar:?]
	at org.openqa.selenium.remote.HttpCommandExecutor.execute(HttpCommandExecutor.java:158) ~[selenium-remote-driver-3.141.59.jar:?]
	at org.openqa.selenium.remote.service.DriverCommandExecutor.execute(DriverCommandExecutor.java:83) ~[selenium-remote-driver-3.141.59.jar:?]
	at org.openqa.selenium.remote.RemoteWebDriver.execute(RemoteWebDriver.java:552) ~[selenium-remote-driver-3.141.59.jar:?]
	at org.openqa.selenium.remote.RemoteWebElement.execute(RemoteWebElement.java:285) ~[selenium-remote-driver-3.141.59.jar:?]
	at org.openqa.selenium.remote.RemoteWebElement.submit(RemoteWebElement.java:88) ~[selenium-remote-driver-3.141.59.jar:?]
	at Actions.BrowserActions.CreateNewCluster(BrowserActions.java:687) ~[classes/:?]
	at Tests.Environments.InitAndCleanupPortal.deleteEndpointFromCentCom(InitAndCleanupPortal.java:123) ~[classes/:?]
	at Tests.Environments.InitAndCleanupPortal.cleanupAgents(InitAndCleanupPortal.java:65) ~[classes/:?]
	at jdk.internal.reflect.NativeMethodAccessorImpl.invoke0(Native Method) ~[?:?]
	at jdk.internal.reflect.NativeMethodAccessorImpl.invoke(NativeMethodAccessorImpl.java:62) ~[?:?]
	at jdk.internal.reflect.DelegatingMethodAccessorImpl.invoke(DelegatingMethodAccessorImpl.java:43) ~[?:?]
	at java.lang.reflect.Method.invoke(Method.java:567) ~[?:?]
	at org.testng.internal.MethodInvocationHelper.invokeMethod(MethodInvocationHelper.java:134) ~[testng-7.1.0.jar:?]
	at org.testng.internal.TestInvoker.invokeMethod(TestInvoker.java:597) ~[testng-7.1.0.jar:?]
	at org.testng.internal.TestInvoker.invokeTestMethod(TestInvoker.java:173) ~[testng-7.1.0.jar:?]
	at org.testng.internal.MethodRunner.runInSequence(MethodRunner.java:46) ~[testng-7.1.0.jar:?]
	at org.testng.internal.TestInvoker$MethodInvocationAgent.invoke(TestInvoker.java:816) ~[testng-7.1.0.jar:?]
	at org.testng.internal.TestInvoker.invokeTestMethods(TestInvoker.java:146) ~[testng-7.1.0.jar:?]
	at org.testng.internal.TestMethodWorker.invokeTestMethods(TestMethodWorker.java:146) ~[testng-7.1.0.jar:?]
	at org.testng.internal.TestMethodWorker.run(TestMethodWorker.java:128) ~[testng-7.1.0.jar:?]
	at java.util.ArrayList.forEach(ArrayList.java:1540) [?:?]
	at org.testng.TestRunner.privateRun(TestRunner.java:766) [testng-7.1.0.jar:?]
	at org.testng.TestRunner.run(TestRunner.java:587) [testng-7.1.0.jar:?]
	at org.testng.SuiteRunner.runTest(SuiteRunner.java:384) [testng-7.1.0.jar:?]
	at org.testng.SuiteRunner.runSequentially(SuiteRunner.java:378) [testng-7.1.0.jar:?]
	at org.testng.SuiteRunner.privateRun(SuiteRunner.java:337) [testng-7.1.0.jar:?]
	at org.testng.SuiteRunner.run(SuiteRunner.java:286) [testng-7.1.0.jar:?]
	at org.testng.SuiteRunnerWorker.runSuite(SuiteRunnerWorker.java:53) [testng-7.1.0.jar:?]
	at org.testng.SuiteRunnerWorker.run(SuiteRunnerWorker.java:96) [testng-7.1.0.jar:?]
	at org.testng.TestNG.runSuitesSequentially(TestNG.java:1187) [testng-7.1.0.jar:?]
	at org.testng.TestNG.runSuitesLocally(TestNG.java:1109) [testng-7.1.0.jar:?]
	at org.testng.TestNG.runSuites(TestNG.java:1039) [testng-7.1.0.jar:?]
	at org.testng.TestNG.run(TestNG.java:1007) [testng-7.1.0.jar:?]
	at Utils.Main.RunTest.main(RunTest.java:116) [classes/:?]
2020-12-30 11:57:49,610 DEBUG T.RecordedTest [main] screenshot file: C:\Nep-4-next\nep-qa-next@f35aa3a96df\nep-qa-automation/test-output/capture/InitAndCleanupPortal-30-12-2020-11.57.49.png
2020-12-30 11:57:49,615 INFO T.E.InitAndCleanupPortal [main] Starting Cleanup agents
2020-12-30 11:57:55,041 INFO U.R.SSHManager [main] Connected Successfully to host 10.243.68.159
2020-12-30 11:57:55,044 INFO U.R.SSHManager [main] Going to executing command: hostname
2020-12-30 11:57:55,065 DEBUG U.R.SSHManager [main] Done.
2020-12-30 11:57:59,186 INFO A.SimulatedAgentActions [main] SimulatedAgentActions, DS URL: https://endpoint-protection-services.qa.tw-test.net:443/
2020-12-30 11:57:59,230 INFO T.E.InitAndCleanupPortal [main] Going to send delete action to Centcom for agent on hostanem NTY-EN-8D25HC2
2020-12-30 11:57:59,230 DEBUG A.SeleniumBrowser [main] Selenium browser Launch - Before switch application type: Chrome
2020-12-30 11:57:59,231 DEBUG A.SeleniumBrowser [main] Setting Chrome driver location: C:/home/NepManagerDownloads/utils/chromedriver.exe
2020-12-30 11:57:59,231 DEBUG A.SeleniumBrowser [main] Selenium browser Launch - After creating new hashMap
2020-12-30 11:57:59,231 DEBUG A.SeleniumBrowser [main] Selenium browser Launch - After reading MasterDownloadFolder property: C:\home\NepManagerDownloads
2020-12-30 11:57:59,232 DEBUG A.SeleniumBrowser [main] Selenium browser Launch - After put to hash
2020-12-30 11:57:59,236 DEBUG A.SeleniumBrowser [main] Selenium browser Launch - After new chrome options
2020-12-30 11:57:59,238 DEBUG A.SeleniumBrowser [main] Selenium browser Launch - After chrome setExperimentalOption
2020-12-30 11:57:59,239 DEBUG A.SeleniumBrowser [main] Selenium browser Launch - Before setting several chrome options
2020-12-30 11:57:59,245 DEBUG A.SeleniumBrowser [main] Selenium browser Launch - Before creating new chrome driver
2020-12-30 11:58:03,046 DEBUG A.SeleniumBrowser [main] Selenium browser Launch - After creating new chrome driver
2020-12-30 11:58:03,054 DEBUG A.SeleniumBrowser [main] After Setting implicit timeout
2020-12-30 11:58:05,074 DEBUG A.SeleniumBrowser [main] After maximizing window 
2020-12-30 11:58:05,075 DEBUG A.SeleniumBrowser [main] LoadURL: Before check if driver equals to null 
2020-12-30 11:58:05,075 DEBUG A.SeleniumBrowser [main] LoadURL: After check if driver equals to null 
2020-12-30 11:58:05,075 DEBUG A.SeleniumBrowser [main] LoadURL: URL =  https://portal.qa.tw-test.net
2020-12-30 11:58:11,202 DEBUG A.SeleniumBrowser [main] LoadURL: after get URL =  https://portal.qa.tw-test.net
2020-12-30 11:58:12,657 DEBUG A.BrowserActions [main] Waiting for login button to be clickable...
2020-12-30 11:58:12,808 DEBUG A.BrowserActions [main] Login button clicked successfully...
2020-12-30 11:58:14,731 DEBUG A.SeleniumBrowser [main] LoadURL: Before check if driver equals to null 
2020-12-30 11:58:14,731 DEBUG A.SeleniumBrowser [main] LoadURL: After check if driver equals to null 
2020-12-30 11:58:14,731 DEBUG A.SeleniumBrowser [main] LoadURL: URL =  https://portal.qa.tw-test.net/#/operations?menuKey=centcom-devices&stackKey=entity-search&types=EntityType.AGENT
2020-12-30 11:58:15,171 DEBUG A.SeleniumBrowser [main] LoadURL: after get URL =  https://portal.qa.tw-test.net/#/operations?menuKey=centcom-devices&stackKey=entity-search&types=EntityType.AGENT
2020-12-30 11:59:18,379 DEBUG T.RecordedTest [main] screenshot file: C:\Nep-4-next\nep-qa-next@f35aa3a96df\nep-qa-automation/test-output/capture/InitAndCleanupPortal-30-12-2020-11.59.18.png
2020-12-30 11:59:18,388 INFO T.E.InitAndCleanupPortal [main] Starting Cleanup agents
2020-12-30 11:59:23,883 INFO U.R.SSHManager [main] Connected Successfully to host 10.243.68.159
2020-12-30 11:59:23,885 INFO U.R.SSHManager [main] Going to executing command: hostname
2020-12-30 11:59:23,908 DEBUG U.R.SSHManager [main] Done.
2020-12-30 11:59:28,010 INFO A.SimulatedAgentActions [main] SimulatedAgentActions, DS URL: https://endpoint-protection-services.qa.tw-test.net:443/
2020-12-30 11:59:28,025 INFO T.E.InitAndCleanupPortal [main] Going to send delete action to Centcom for agent on hostanem NTY-EN-8D25HC2
2020-12-30 11:59:28,026 DEBUG A.SeleniumBrowser [main] Selenium browser Launch - Before switch application type: Chrome
2020-12-30 11:59:28,026 DEBUG A.SeleniumBrowser [main] Setting Chrome driver location: C:/home/NepManagerDownloads/utils/chromedriver.exe
2020-12-30 11:59:28,026 DEBUG A.SeleniumBrowser [main] Selenium browser Launch - After creating new hashMap
2020-12-30 11:59:28,027 DEBUG A.SeleniumBrowser [main] Selenium browser Launch - After reading MasterDownloadFolder property: C:\home\NepManagerDownloads
2020-12-30 11:59:28,027 DEBUG A.SeleniumBrowser [main] Selenium browser Launch - After put to hash
2020-12-30 11:59:28,031 DEBUG A.SeleniumBrowser [main] Selenium browser Launch - After new chrome options
2020-12-30 11:59:28,033 DEBUG A.SeleniumBrowser [main] Selenium browser Launch - After chrome setExperimentalOption
2020-12-30 11:59:28,034 DEBUG A.SeleniumBrowser [main] Selenium browser Launch - Before setting several chrome options
2020-12-30 11:59:28,040 DEBUG A.SeleniumBrowser [main] Selenium browser Launch - Before creating new chrome driver
2020-12-30 11:59:31,922 DEBUG A.SeleniumBrowser [main] Selenium browser Launch - After creating new chrome driver
2020-12-30 11:59:31,929 DEBUG A.SeleniumBrowser [main] After Setting implicit timeout
2020-12-30 11:59:33,951 DEBUG A.SeleniumBrowser [main] After maximizing window 
2020-12-30 11:59:33,954 DEBUG A.SeleniumBrowser [main] LoadURL: Before check if driver equals to null 
2020-12-30 11:59:33,955 DEBUG A.SeleniumBrowser [main] LoadURL: After check if driver equals to null 
2020-12-30 11:59:33,956 DEBUG A.SeleniumBrowser [main] LoadURL: URL =  https://portal.qa.tw-test.net
2020-12-30 11:59:40,036 DEBUG A.SeleniumBrowser [main] LoadURL: after get URL =  https://portal.qa.tw-test.net
2020-12-30 11:59:41,580 DEBUG A.BrowserActions [main] Waiting for login button to be clickable...
2020-12-30 11:59:41,861 DEBUG A.BrowserActions [main] Login button clicked successfully...
2020-12-30 11:59:43,610 DEBUG A.SeleniumBrowser [main] LoadURL: Before check if driver equals to null 
2020-12-30 11:59:43,612 DEBUG A.SeleniumBrowser [main] LoadURL: After check if driver equals to null 
2020-12-30 11:59:43,613 DEBUG A.SeleniumBrowser [main] LoadURL: URL =  https://portal.qa.tw-test.net/#/operations?menuKey=centcom-devices&stackKey=entity-search&types=EntityType.AGENT
2020-12-30 11:59:44,324 DEBUG A.SeleniumBrowser [main] LoadURL: after get URL =  https://portal.qa.tw-test.net/#/operations?menuKey=centcom-devices&stackKey=entity-search&types=EntityType.AGENT
2020-12-30 12:01:05,227 DEBUG T.RecordedTest [main] screenshot file: C:\Nep-4-next\nep-qa-next@f35aa3a96df\nep-qa-automation/test-output/capture/InitAndCleanupPortal-30-12-2020-12.01.05.png
2020-12-30 12:01:05,240 INFO T.E.InitAndCleanupPortal [main] Starting Cleanup agents
2020-12-30 12:01:10,868 INFO U.R.SSHManager [main] Connected Successfully to host 10.243.68.159
2020-12-30 12:01:10,870 INFO U.R.SSHManager [main] Going to executing command: hostname
2020-12-30 12:01:10,912 DEBUG U.R.SSHManager [main] Done.
2020-12-30 12:01:15,123 INFO A.SimulatedAgentActions [main] SimulatedAgentActions, DS URL: https://endpoint-protection-services.qa.tw-test.net:443/
2020-12-30 12:01:15,141 INFO T.E.InitAndCleanupPortal [main] Going to send delete action to Centcom for agent on hostanem NTY-EN-8D25HC2
2020-12-30 12:01:15,141 DEBUG A.SeleniumBrowser [main] Selenium browser Launch - Before switch application type: Chrome
2020-12-30 12:01:15,142 DEBUG A.SeleniumBrowser [main] Setting Chrome driver location: C:/home/NepManagerDownloads/utils/chromedriver.exe
2020-12-30 12:01:15,143 DEBUG A.SeleniumBrowser [main] Selenium browser Launch - After creating new hashMap
2020-12-30 12:01:15,143 DEBUG A.SeleniumBrowser [main] Selenium browser Launch - After reading MasterDownloadFolder property: C:\home\NepManagerDownloads
2020-12-30 12:01:15,143 DEBUG A.SeleniumBrowser [main] Selenium browser Launch - After put to hash
2020-12-30 12:01:15,148 DEBUG A.SeleniumBrowser [main] Selenium browser Launch - After new chrome options
2020-12-30 12:01:15,150 DEBUG A.SeleniumBrowser [main] Selenium browser Launch - After chrome setExperimentalOption
2020-12-30 12:01:15,151 DEBUG A.SeleniumBrowser [main] Selenium browser Launch - Before setting several chrome options
2020-12-30 12:01:15,157 DEBUG A.SeleniumBrowser [main] Selenium browser Launch - Before creating new chrome driver
2020-12-30 12:01:19,341 DEBUG A.SeleniumBrowser [main] Selenium browser Launch - After creating new chrome driver
2020-12-30 12:01:19,349 DEBUG A.SeleniumBrowser [main] After Setting implicit timeout
2020-12-30 12:01:21,365 DEBUG A.SeleniumBrowser [main] After maximizing window 
2020-12-30 12:01:21,366 DEBUG A.SeleniumBrowser [main] LoadURL: Before check if driver equals to null 
2020-12-30 12:01:21,366 DEBUG A.SeleniumBrowser [main] LoadURL: After check if driver equals to null 
2020-12-30 12:01:21,366 DEBUG A.SeleniumBrowser [main] LoadURL: URL =  https://portal.qa.tw-test.net
2020-12-30 12:01:27,211 DEBUG A.SeleniumBrowser [main] LoadURL: after get URL =  https://portal.qa.tw-test.net
2020-12-30 12:01:28,951 DEBUG A.BrowserActions [main] Waiting for login button to be clickable...
2020-12-30 12:01:29,130 DEBUG A.BrowserActions [main] Login button clicked successfully...
2020-12-30 12:01:31,435 DEBUG A.SeleniumBrowser [main] LoadURL: Before check if driver equals to null 
2020-12-30 12:01:31,435 DEBUG A.SeleniumBrowser [main] LoadURL: After check if driver equals to null 
2020-12-30 12:01:31,435 DEBUG A.SeleniumBrowser [main] LoadURL: URL =  https://portal.qa.tw-test.net/#/operations?menuKey=centcom-devices&stackKey=entity-search&types=EntityType.AGENT
2020-12-30 12:01:31,739 DEBUG A.SeleniumBrowser [main] LoadURL: after get URL =  https://portal.qa.tw-test.net/#/operations?menuKey=centcom-devices&stackKey=entity-search&types=EntityType.AGENT
2020-12-30 12:02:46,484 ERROR A.BrowserActions [main] Could not select the specific cluster  at CentCom search page. cluster: Test12345678
org.openqa.selenium.TimeoutException: Expected condition failed: waiting for element to be clickable: By.xpath: //twa-table-row//div[normalize-space(text())='Test12345678'] (tried for 60 second(s) with 500 milliseconds interval)
	at org.openqa.selenium.support.ui.WebDriverWait.timeoutException(WebDriverWait.java:95) ~[selenium-support-3.141.59.jar:?]
	at org.openqa.selenium.support.ui.FluentWait.until(FluentWait.java:272) ~[selenium-support-3.141.59.jar:?]
	at Pages.GenericPage.WaitUntilObjectClickable(GenericPage.java:30) ~[classes/:?]
	at Actions.BrowserActions.CreateNewCluster(BrowserActions.java:685) ~[classes/:?]
	at Tests.Environments.InitAndCleanupPortal.deleteEndpointFromCentCom(InitAndCleanupPortal.java:123) ~[classes/:?]
	at Tests.Environments.InitAndCleanupPortal.cleanupAgents(InitAndCleanupPortal.java:65) ~[classes/:?]
	at jdk.internal.reflect.NativeMethodAccessorImpl.invoke0(Native Method) ~[?:?]
	at jdk.internal.reflect.NativeMethodAccessorImpl.invoke(NativeMethodAccessorImpl.java:62) ~[?:?]
	at jdk.internal.reflect.DelegatingMethodAccessorImpl.invoke(DelegatingMethodAccessorImpl.java:43) ~[?:?]
	at java.lang.reflect.Method.invoke(Method.java:567) ~[?:?]
	at org.testng.internal.MethodInvocationHelper.invokeMethod(MethodInvocationHelper.java:134) ~[testng-7.1.0.jar:?]
	at org.testng.internal.TestInvoker.invokeMethod(TestInvoker.java:597) ~[testng-7.1.0.jar:?]
	at org.testng.internal.TestInvoker.invokeTestMethod(TestInvoker.java:173) ~[testng-7.1.0.jar:?]
	at org.testng.internal.MethodRunner.runInSequence(MethodRunner.java:46) ~[testng-7.1.0.jar:?]
	at org.testng.internal.TestInvoker$MethodInvocationAgent.invoke(TestInvoker.java:816) ~[testng-7.1.0.jar:?]
	at org.testng.internal.TestInvoker.invokeTestMethods(TestInvoker.java:146) ~[testng-7.1.0.jar:?]
	at org.testng.internal.TestMethodWorker.invokeTestMethods(TestMethodWorker.java:146) ~[testng-7.1.0.jar:?]
	at org.testng.internal.TestMethodWorker.run(TestMethodWorker.java:128) ~[testng-7.1.0.jar:?]
	at java.util.ArrayList.forEach(ArrayList.java:1540) [?:?]
	at org.testng.TestRunner.privateRun(TestRunner.java:766) [testng-7.1.0.jar:?]
	at org.testng.TestRunner.run(TestRunner.java:587) [testng-7.1.0.jar:?]
	at org.testng.SuiteRunner.runTest(SuiteRunner.java:384) [testng-7.1.0.jar:?]
	at org.testng.SuiteRunner.runSequentially(SuiteRunner.java:378) [testng-7.1.0.jar:?]
	at org.testng.SuiteRunner.privateRun(SuiteRunner.java:337) [testng-7.1.0.jar:?]
	at org.testng.SuiteRunner.run(SuiteRunner.java:286) [testng-7.1.0.jar:?]
	at org.testng.SuiteRunnerWorker.runSuite(SuiteRunnerWorker.java:53) [testng-7.1.0.jar:?]
	at org.testng.SuiteRunnerWorker.run(SuiteRunnerWorker.java:96) [testng-7.1.0.jar:?]
	at org.testng.TestNG.runSuitesSequentially(TestNG.java:1187) [testng-7.1.0.jar:?]
	at org.testng.TestNG.runSuitesLocally(TestNG.java:1109) [testng-7.1.0.jar:?]
	at org.testng.TestNG.runSuites(TestNG.java:1039) [testng-7.1.0.jar:?]
	at org.testng.TestNG.run(TestNG.java:1007) [testng-7.1.0.jar:?]
	at Utils.Main.RunTest.main(RunTest.java:116) [classes/:?]
Caused by: org.openqa.selenium.NoSuchWindowException: no such window: target window already closed
from unknown error: web view not found
  (Session info: chrome=87.0.4280.88)
Build info: version: '3.141.59', revision: 'e82be7d358', time: '2018-11-14T08:17:03'
System info: host: 'NTY-EN-8D25HC2', ip: '10.243.68.159', os.name: 'Windows 10', os.arch: 'amd64', os.version: '10.0', java.version: '12.0.2'
Driver info: org.openqa.selenium.chrome.ChromeDriver
Capabilities {acceptInsecureCerts: false, browserName: chrome, browserVersion: 87.0.4280.88, chrome: {chromedriverVersion: 87.0.4280.20 (c99e81631faa0..., userDataDir: C:\Users\MOSHE~1.AVI\AppDat...}, goog:chromeOptions: {debuggerAddress: localhost:57376}, javascriptEnabled: true, networkConnectionEnabled: false, pageLoadStrategy: normal, platform: WINDOWS, platformName: WINDOWS, proxy: Proxy(), setWindowRect: true, strictFileInteractability: false, timeouts: {implicit: 0, pageLoad: 300000, script: 30000}, unhandledPromptBehavior: dismiss and notify, webauthn:virtualAuthenticators: true}
Session ID: d4d8065adac5e38c28fc5da1325ff215
*** Element info: {Using=xpath, value=//twa-table-row//div[normalize-space(text())='Test12345678']}
	at jdk.internal.reflect.GeneratedConstructorAccessor23.newInstance(Unknown Source) ~[?:?]
	at jdk.internal.reflect.DelegatingConstructorAccessorImpl.newInstance(DelegatingConstructorAccessorImpl.java:45) ~[?:?]
	at java.lang.reflect.Constructor.newInstanceWithCaller(Constructor.java:500) ~[?:?]
	at java.lang.reflect.Constructor.newInstance(Constructor.java:481) ~[?:?]
	at org.openqa.selenium.remote.http.W3CHttpResponseCodec.createException(W3CHttpResponseCodec.java:187) ~[selenium-remote-driver-3.141.59.jar:?]
	at org.openqa.selenium.remote.http.W3CHttpResponseCodec.decode(W3CHttpResponseCodec.java:122) ~[selenium-remote-driver-3.141.59.jar:?]
	at org.openqa.selenium.remote.http.W3CHttpResponseCodec.decode(W3CHttpResponseCodec.java:49) ~[selenium-remote-driver-3.141.59.jar:?]
	at org.openqa.selenium.remote.HttpCommandExecutor.execute(HttpCommandExecutor.java:158) ~[selenium-remote-driver-3.141.59.jar:?]
	at org.openqa.selenium.remote.service.DriverCommandExecutor.execute(DriverCommandExecutor.java:83) ~[selenium-remote-driver-3.141.59.jar:?]
	at org.openqa.selenium.remote.RemoteWebDriver.execute(RemoteWebDriver.java:552) ~[selenium-remote-driver-3.141.59.jar:?]
	at org.openqa.selenium.remote.RemoteWebDriver.findElement(RemoteWebDriver.java:323) ~[selenium-remote-driver-3.141.59.jar:?]
	at org.openqa.selenium.remote.RemoteWebDriver.findElementByXPath(RemoteWebDriver.java:428) ~[selenium-remote-driver-3.141.59.jar:?]
	at org.openqa.selenium.By$ByXPath.findElement(By.java:353) ~[selenium-api-3.141.59.jar:?]
	at org.openqa.selenium.remote.RemoteWebDriver.findElement(RemoteWebDriver.java:315) ~[selenium-remote-driver-3.141.59.jar:?]
	at org.openqa.selenium.support.ui.ExpectedConditions$7.apply(ExpectedConditions.java:205) ~[selenium-support-3.141.59.jar:?]
	at org.openqa.selenium.support.ui.ExpectedConditions$7.apply(ExpectedConditions.java:201) ~[selenium-support-3.141.59.jar:?]
	at org.openqa.selenium.support.ui.ExpectedConditions$22.apply(ExpectedConditions.java:641) ~[selenium-support-3.141.59.jar:?]
	at org.openqa.selenium.support.ui.ExpectedConditions$22.apply(ExpectedConditions.java:638) ~[selenium-support-3.141.59.jar:?]
	at org.openqa.selenium.support.ui.FluentWait.until(FluentWait.java:249) ~[selenium-support-3.141.59.jar:?]
	... 30 more
2020-12-30 12:02:50,513 ERROR U.T.InvokedMethodListener [main] Could not delete from CentCom endpoint: NTY-EN-8D25HC2
org.openqa.selenium.NoSuchWindowException: no such window: target window already closed
from unknown error: web view not found
  (Session info: chrome=87.0.4280.88)
Build info: version: '3.141.59', revision: 'e82be7d358', time: '2018-11-14T08:17:03'
System info: host: 'NTY-EN-8D25HC2', ip: '10.243.68.159', os.name: 'Windows 10', os.arch: 'amd64', os.version: '10.0', java.version: '12.0.2'
Driver info: org.openqa.selenium.chrome.ChromeDriver
Capabilities {acceptInsecureCerts: false, browserName: chrome, browserVersion: 87.0.4280.88, chrome: {chromedriverVersion: 87.0.4280.20 (c99e81631faa0..., userDataDir: C:\Users\MOSHE~1.AVI\AppDat...}, goog:chromeOptions: {debuggerAddress: localhost:57376}, javascriptEnabled: true, networkConnectionEnabled: false, pageLoadStrategy: normal, platform: WINDOWS, platformName: WINDOWS, proxy: Proxy(), setWindowRect: true, strictFileInteractability: false, timeouts: {implicit: 0, pageLoad: 300000, script: 30000}, unhandledPromptBehavior: dismiss and notify, webauthn:virtualAuthenticators: true}
Session ID: d4d8065adac5e38c28fc5da1325ff215
*** Element info: {Using=xpath, value=//twa-button[@icon='tw-binoculars']/material-button}

Video: C:\Nep-4-next\nep-qa-next@f35aa3a96df\nep-qa-automation/test-output/capture/InitAndCleanupPortal-30-12-2020-12.01.05.avi


2020-12-30 12:26:36,258 DEBUG T.RecordedTest [main] screenshot file: C:\Nep-4-next\nep-qa-next@f35aa3a96df\nep-qa-automation/test-output/capture/InitAndCleanupPortal-30-12-2020-12.26.36.png
2020-12-30 12:26:36,266 INFO T.E.InitAndCleanupPortal [main] Starting Cleanup agents
2020-12-30 12:26:42,525 INFO U.R.SSHManager [main] Connected Successfully to host 10.243.68.159
2020-12-30 12:26:42,528 INFO U.R.SSHManager [main] Going to executing command: hostname
2020-12-30 12:26:42,554 DEBUG U.R.SSHManager [main] Done.
2020-12-30 12:26:46,843 INFO A.SimulatedAgentActions [main] SimulatedAgentActions, DS URL: https://endpoint-protection-services.qa.tw-test.net:443/
2020-12-30 12:26:46,886 INFO T.E.InitAndCleanupPortal [main] Going to send delete action to Centcom for agent on hostanem NTY-EN-8D25HC2
2020-12-30 12:26:46,889 DEBUG A.SeleniumBrowser [main] Selenium browser Launch - Before switch application type: Chrome
2020-12-30 12:26:46,890 DEBUG A.SeleniumBrowser [main] Setting Chrome driver location: C:/home/NepManagerDownloads/utils/chromedriver.exe
2020-12-30 12:26:46,892 DEBUG A.SeleniumBrowser [main] Selenium browser Launch - After creating new hashMap
2020-12-30 12:26:46,893 DEBUG A.SeleniumBrowser [main] Selenium browser Launch - After reading MasterDownloadFolder property: C:\home\NepManagerDownloads
2020-12-30 12:26:46,893 DEBUG A.SeleniumBrowser [main] Selenium browser Launch - After put to hash
2020-12-30 12:26:46,900 DEBUG A.SeleniumBrowser [main] Selenium browser Launch - After new chrome options
2020-12-30 12:26:46,906 DEBUG A.SeleniumBrowser [main] Selenium browser Launch - After chrome setExperimentalOption
2020-12-30 12:26:46,906 DEBUG A.SeleniumBrowser [main] Selenium browser Launch - Before setting several chrome options
2020-12-30 12:26:46,914 DEBUG A.SeleniumBrowser [main] Selenium browser Launch - Before creating new chrome driver
2020-12-30 12:26:51,150 DEBUG A.SeleniumBrowser [main] Selenium browser Launch - After creating new chrome driver
2020-12-30 12:26:51,157 DEBUG A.SeleniumBrowser [main] After Setting implicit timeout
2020-12-30 12:26:53,174 DEBUG A.SeleniumBrowser [main] After maximizing window 
2020-12-30 12:26:53,175 DEBUG A.SeleniumBrowser [main] LoadURL: Before check if driver equals to null 
2020-12-30 12:26:53,175 DEBUG A.SeleniumBrowser [main] LoadURL: After check if driver equals to null 
2020-12-30 12:26:53,175 DEBUG A.SeleniumBrowser [main] LoadURL: URL =  https://portal.qa.tw-test.net
2020-12-30 12:26:58,657 DEBUG A.SeleniumBrowser [main] LoadURL: after get URL =  https://portal.qa.tw-test.net
2020-12-30 12:27:00,496 DEBUG A.BrowserActions [main] Waiting for login button to be clickable...
2020-12-30 12:27:00,688 DEBUG A.BrowserActions [main] Login button clicked successfully...
2020-12-30 12:27:02,482 DEBUG A.SeleniumBrowser [main] LoadURL: Before check if driver equals to null 
2020-12-30 12:27:02,483 DEBUG A.SeleniumBrowser [main] LoadURL: After check if driver equals to null 
2020-12-30 12:27:02,483 DEBUG A.SeleniumBrowser [main] LoadURL: URL =  https://portal.qa.tw-test.net/#/operations?menuKey=centcom-devices&stackKey=entity-search&types=EntityType.AGENT
2020-12-30 12:27:03,126 DEBUG A.SeleniumBrowser [main] LoadURL: after get URL =  https://portal.qa.tw-test.net/#/operations?menuKey=centcom-devices&stackKey=entity-search&types=EntityType.AGENT
2020-12-30 12:30:00,454 DEBUG T.RecordedTest [main] screenshot file: C:\Nep-4-next\nep-qa-next@f35aa3a96df\nep-qa-automation/test-output/capture/InitAndCleanupPortal-30-12-2020-12.30.00.png
2020-12-30 12:30:00,460 INFO T.E.InitAndCleanupPortal [main] Starting Cleanup agents
2020-12-30 12:30:08,945 INFO U.R.SSHManager [main] Connected Successfully to host 10.243.68.159
2020-12-30 12:30:08,947 INFO U.R.SSHManager [main] Going to executing command: hostname
2020-12-30 12:30:08,971 DEBUG U.R.SSHManager [main] Done.
2020-12-30 12:30:13,097 INFO A.SimulatedAgentActions [main] SimulatedAgentActions, DS URL: https://endpoint-protection-services.qa.tw-test.net:443/
2020-12-30 12:30:13,129 INFO T.E.InitAndCleanupPortal [main] Going to send delete action to Centcom for agent on hostanem NTY-EN-8D25HC2
2020-12-30 12:30:13,129 DEBUG A.SeleniumBrowser [main] Selenium browser Launch - Before switch application type: Chrome
2020-12-30 12:30:13,130 DEBUG A.SeleniumBrowser [main] Setting Chrome driver location: C:/home/NepManagerDownloads/utils/chromedriver.exe
2020-12-30 12:30:13,131 DEBUG A.SeleniumBrowser [main] Selenium browser Launch - After creating new hashMap
2020-12-30 12:30:13,131 DEBUG A.SeleniumBrowser [main] Selenium browser Launch - After reading MasterDownloadFolder property: C:\home\NepManagerDownloads
2020-12-30 12:30:13,132 DEBUG A.SeleniumBrowser [main] Selenium browser Launch - After put to hash
2020-12-30 12:30:13,137 DEBUG A.SeleniumBrowser [main] Selenium browser Launch - After new chrome options
2020-12-30 12:30:13,140 DEBUG A.SeleniumBrowser [main] Selenium browser Launch - After chrome setExperimentalOption
2020-12-30 12:30:13,140 DEBUG A.SeleniumBrowser [main] Selenium browser Launch - Before setting several chrome options
2020-12-30 12:30:13,147 DEBUG A.SeleniumBrowser [main] Selenium browser Launch - Before creating new chrome driver
2020-12-30 12:30:16,904 DEBUG A.SeleniumBrowser [main] Selenium browser Launch - After creating new chrome driver
2020-12-30 12:30:16,912 DEBUG A.SeleniumBrowser [main] After Setting implicit timeout
2020-12-30 12:30:18,927 DEBUG A.SeleniumBrowser [main] After maximizing window 
2020-12-30 12:30:18,928 DEBUG A.SeleniumBrowser [main] LoadURL: Before check if driver equals to null 
2020-12-30 12:30:18,928 DEBUG A.SeleniumBrowser [main] LoadURL: After check if driver equals to null 
2020-12-30 12:30:18,928 DEBUG A.SeleniumBrowser [main] LoadURL: URL =  https://portal.qa.tw-test.net
2020-12-30 12:30:25,000 DEBUG A.SeleniumBrowser [main] LoadURL: after get URL =  https://portal.qa.tw-test.net
2020-12-30 12:30:26,524 DEBUG A.BrowserActions [main] Waiting for login button to be clickable...
2020-12-30 12:30:26,722 DEBUG A.BrowserActions [main] Login button clicked successfully...
2020-12-30 12:30:28,593 DEBUG A.SeleniumBrowser [main] LoadURL: Before check if driver equals to null 
2020-12-30 12:30:28,595 DEBUG A.SeleniumBrowser [main] LoadURL: After check if driver equals to null 
2020-12-30 12:30:28,596 DEBUG A.SeleniumBrowser [main] LoadURL: URL =  https://portal.qa.tw-test.net/#/operations?menuKey=centcom-devices&stackKey=entity-search&types=EntityType.AGENT
2020-12-30 12:30:29,042 DEBUG A.SeleniumBrowser [main] LoadURL: after get URL =  https://portal.qa.tw-test.net/#/operations?menuKey=centcom-devices&stackKey=entity-search&types=EntityType.AGENT
2020-12-30 12:31:48,453 INFO A.BrowserActions [main] test
2020-12-30 12:32:00,512 DEBUG T.RecordedTest [main] screenshot file: C:\Nep-4-next\nep-qa-next@f35aa3a96df\nep-qa-automation/test-output/capture/InitAndCleanupPortal-30-12-2020-12.32.00.png
2020-12-30 12:32:00,519 INFO T.E.InitAndCleanupPortal [main] Starting Cleanup agents
2020-12-30 12:32:06,041 INFO U.R.SSHManager [main] Connected Successfully to host 10.243.68.159
2020-12-30 12:32:06,043 INFO U.R.SSHManager [main] Going to executing command: hostname
2020-12-30 12:32:06,068 DEBUG U.R.SSHManager [main] Done.
2020-12-30 12:32:10,432 INFO A.SimulatedAgentActions [main] SimulatedAgentActions, DS URL: https://endpoint-protection-services.qa.tw-test.net:443/
2020-12-30 12:32:10,449 INFO T.E.InitAndCleanupPortal [main] Going to send delete action to Centcom for agent on hostanem NTY-EN-8D25HC2
2020-12-30 12:32:10,450 DEBUG A.SeleniumBrowser [main] Selenium browser Launch - Before switch application type: Chrome
2020-12-30 12:32:10,450 DEBUG A.SeleniumBrowser [main] Setting Chrome driver location: C:/home/NepManagerDownloads/utils/chromedriver.exe
2020-12-30 12:32:10,451 DEBUG A.SeleniumBrowser [main] Selenium browser Launch - After creating new hashMap
2020-12-30 12:32:10,451 DEBUG A.SeleniumBrowser [main] Selenium browser Launch - After reading MasterDownloadFolder property: C:\home\NepManagerDownloads
2020-12-30 12:32:10,451 DEBUG A.SeleniumBrowser [main] Selenium browser Launch - After put to hash
2020-12-30 12:32:10,456 DEBUG A.SeleniumBrowser [main] Selenium browser Launch - After new chrome options
2020-12-30 12:32:10,459 DEBUG A.SeleniumBrowser [main] Selenium browser Launch - After chrome setExperimentalOption
2020-12-30 12:32:10,459 DEBUG A.SeleniumBrowser [main] Selenium browser Launch - Before setting several chrome options
2020-12-30 12:32:10,465 DEBUG A.SeleniumBrowser [main] Selenium browser Launch - Before creating new chrome driver
2020-12-30 12:32:14,433 DEBUG A.SeleniumBrowser [main] Selenium browser Launch - After creating new chrome driver
2020-12-30 12:32:14,439 DEBUG A.SeleniumBrowser [main] After Setting implicit timeout
2020-12-30 12:32:16,461 DEBUG A.SeleniumBrowser [main] After maximizing window 
2020-12-30 12:32:16,461 DEBUG A.SeleniumBrowser [main] LoadURL: Before check if driver equals to null 
2020-12-30 12:32:16,462 DEBUG A.SeleniumBrowser [main] LoadURL: After check if driver equals to null 
2020-12-30 12:32:16,462 DEBUG A.SeleniumBrowser [main] LoadURL: URL =  https://portal.qa.tw-test.net
2020-12-30 12:32:27,039 DEBUG A.SeleniumBrowser [main] LoadURL: after get URL =  https://portal.qa.tw-test.net
2020-12-30 12:32:28,573 DEBUG A.BrowserActions [main] Waiting for login button to be clickable...
2020-12-30 12:32:28,727 DEBUG A.BrowserActions [main] Login button clicked successfully...
2020-12-30 12:32:30,411 DEBUG A.SeleniumBrowser [main] LoadURL: Before check if driver equals to null 
2020-12-30 12:32:30,411 DEBUG A.SeleniumBrowser [main] LoadURL: After check if driver equals to null 
2020-12-30 12:32:30,411 DEBUG A.SeleniumBrowser [main] LoadURL: URL =  https://portal.qa.tw-test.net/#/operations?menuKey=centcom-devices&stackKey=entity-search&types=EntityType.AGENT
2020-12-30 12:32:30,715 DEBUG A.SeleniumBrowser [main] LoadURL: after get URL =  https://portal.qa.tw-test.net/#/operations?menuKey=centcom-devices&stackKey=entity-search&types=EntityType.AGENT
2020-12-30 12:35:25,533 ERROR U.T.InvokedMethodListener [main] Could not delete from CentCom endpoint: NTY-EN-8D25HC2
org.openqa.selenium.TimeoutException: Expected condition failed: waiting for Pages.GenericPage$$Lambda$464/0x0000000801586840@650a1aff (tried for 120 second(s) with 500 milliseconds interval)

Video: C:\Nep-4-next\nep-qa-next@f35aa3a96df\nep-qa-automation/test-output/capture/InitAndCleanupPortal-30-12-2020-12.32.00.avi


2020-12-30 12:58:41,333 DEBUG T.RecordedTest [main] screenshot file: C:\Nep-4-next\nep-qa-next@f35aa3a96df\nep-qa-automation/test-output/capture/InitAndCleanupPortal-30-12-2020-12.58.41.png
2020-12-30 12:58:41,341 INFO T.E.InitAndCleanupPortal [main] Starting Cleanup agents
2020-12-30 12:58:47,954 INFO U.R.SSHManager [main] Connected Successfully to host 10.243.68.159
2020-12-30 12:58:47,957 INFO U.R.SSHManager [main] Going to executing command: hostname
2020-12-30 12:58:47,984 DEBUG U.R.SSHManager [main] Done.
2020-12-30 12:58:52,354 INFO A.SimulatedAgentActions [main] SimulatedAgentActions, DS URL: https://endpoint-protection-services.qa.tw-test.net:443/
2020-12-30 12:58:52,371 INFO T.E.InitAndCleanupPortal [main] Going to send delete action to Centcom for agent on hostanem NTY-EN-8D25HC2
2020-12-30 12:58:52,371 DEBUG A.SeleniumBrowser [main] Selenium browser Launch - Before switch application type: Chrome
2020-12-30 12:58:52,372 DEBUG A.SeleniumBrowser [main] Setting Chrome driver location: C:/home/NepManagerDownloads/utils/chromedriver.exe
2020-12-30 12:58:52,372 DEBUG A.SeleniumBrowser [main] Selenium browser Launch - After creating new hashMap
2020-12-30 12:58:52,373 DEBUG A.SeleniumBrowser [main] Selenium browser Launch - After reading MasterDownloadFolder property: C:\home\NepManagerDownloads
2020-12-30 12:58:52,373 DEBUG A.SeleniumBrowser [main] Selenium browser Launch - After put to hash
2020-12-30 12:58:52,377 DEBUG A.SeleniumBrowser [main] Selenium browser Launch - After new chrome options
2020-12-30 12:58:52,379 DEBUG A.SeleniumBrowser [main] Selenium browser Launch - After chrome setExperimentalOption
2020-12-30 12:58:52,380 DEBUG A.SeleniumBrowser [main] Selenium browser Launch - Before setting several chrome options
2020-12-30 12:58:52,385 DEBUG A.SeleniumBrowser [main] Selenium browser Launch - Before creating new chrome driver
2020-12-30 12:58:56,704 DEBUG A.SeleniumBrowser [main] Selenium browser Launch - After creating new chrome driver
2020-12-30 12:58:56,713 DEBUG A.SeleniumBrowser [main] After Setting implicit timeout
2020-12-30 12:58:58,730 DEBUG A.SeleniumBrowser [main] After maximizing window 
2020-12-30 12:58:58,730 DEBUG A.SeleniumBrowser [main] LoadURL: Before check if driver equals to null 
2020-12-30 12:58:58,731 DEBUG A.SeleniumBrowser [main] LoadURL: After check if driver equals to null 
2020-12-30 12:58:58,731 DEBUG A.SeleniumBrowser [main] LoadURL: URL =  https://portal.qa.tw-test.net
2020-12-30 12:59:04,661 DEBUG A.SeleniumBrowser [main] LoadURL: after get URL =  https://portal.qa.tw-test.net
2020-12-30 12:59:06,471 DEBUG A.BrowserActions [main] Waiting for login button to be clickable...
2020-12-30 12:59:06,660 DEBUG A.BrowserActions [main] Login button clicked successfully...
2020-12-30 12:59:09,401 DEBUG A.SeleniumBrowser [main] LoadURL: Before check if driver equals to null 
2020-12-30 12:59:09,401 DEBUG A.SeleniumBrowser [main] LoadURL: After check if driver equals to null 
2020-12-30 12:59:09,401 DEBUG A.SeleniumBrowser [main] LoadURL: URL =  https://portal.qa.tw-test.net/#/operations?menuKey=centcom-devices&stackKey=entity-search&types=EntityType.AGENT
2020-12-30 12:59:10,085 DEBUG A.SeleniumBrowser [main] LoadURL: after get URL =  https://portal.qa.tw-test.net/#/operations?menuKey=centcom-devices&stackKey=entity-search&types=EntityType.AGENT
2020-12-30 13:01:31,308 ERROR U.T.InvokedMethodListener [main] Could not delete from CentCom endpoint: NTY-EN-8D25HC2
org.openqa.selenium.ElementNotInteractableException: element not interactable
  (Session info: chrome=87.0.4280.88)
Build info: version: '3.141.59', revision: 'e82be7d358', time: '2018-11-14T08:17:03'
System info: host: 'NTY-EN-8D25HC2', ip: '10.243.68.159', os.name: 'Windows 10', os.arch: 'amd64', os.version: '10.0', java.version: '12.0.2'
Driver info: org.openqa.selenium.chrome.ChromeDriver
Capabilities {acceptInsecureCerts: false, browserName: chrome, browserVersion: 87.0.4280.88, chrome: {chromedriverVersion: 87.0.4280.20 (c99e81631faa0..., userDataDir: C:\Users\MOSHE~1.AVI\AppDat...}, goog:chromeOptions: {debuggerAddress: localhost:60936}, javascriptEnabled: true, networkConnectionEnabled: false, pageLoadStrategy: normal, platform: WINDOWS, platformName: WINDOWS, proxy: Proxy(), setWindowRect: true, strictFileInteractability: false, timeouts: {implicit: 0, pageLoad: 300000, script: 30000}, unhandledPromptBehavior: dismiss and notify, webauthn:virtualAuthenticators: true}
Session ID: 50c54774aec12acc6d3ebb380c5d3820

Video: C:\Nep-4-next\nep-qa-next@f35aa3a96df\nep-qa-automation/test-output/capture/InitAndCleanupPortal-30-12-2020-12.58.41.avi
ScreenShot: C:\Nep-4-next\nep-qa-next@f35aa3a96df\nep-qa-automation/test-output/capture/InitAndCleanupPortal-30-12-2020-12.58.41.png


2020-12-30 13:20:25,383 DEBUG T.RecordedTest [main] screenshot file: C:\Nep-4-next\nep-qa-next@f35aa3a96df\nep-qa-automation/test-output/capture/InitAndCleanupPortal-30-12-2020-13.20.25.png
2020-12-30 13:20:25,391 INFO T.E.InitAndCleanupPortal [main] Starting Cleanup agents
2020-12-30 13:20:31,662 INFO U.R.SSHManager [main] Connected Successfully to host 10.243.68.159
2020-12-30 13:20:31,665 INFO U.R.SSHManager [main] Going to executing command: hostname
2020-12-30 13:20:31,691 DEBUG U.R.SSHManager [main] Done.
2020-12-30 13:20:36,247 INFO A.SimulatedAgentActions [main] SimulatedAgentActions, DS URL: https://endpoint-protection-services.qa.tw-test.net:443/
2020-12-30 13:20:36,274 INFO T.E.InitAndCleanupPortal [main] Going to send delete action to Centcom for agent on hostanem NTY-EN-8D25HC2
2020-12-30 13:20:36,275 DEBUG A.SeleniumBrowser [main] Selenium browser Launch - Before switch application type: Chrome
2020-12-30 13:20:36,277 DEBUG A.SeleniumBrowser [main] Setting Chrome driver location: C:/home/NepManagerDownloads/utils/chromedriver.exe
2020-12-30 13:20:36,278 DEBUG A.SeleniumBrowser [main] Selenium browser Launch - After creating new hashMap
2020-12-30 13:20:36,279 DEBUG A.SeleniumBrowser [main] Selenium browser Launch - After reading MasterDownloadFolder property: C:\home\NepManagerDownloads
2020-12-30 13:20:36,280 DEBUG A.SeleniumBrowser [main] Selenium browser Launch - After put to hash
2020-12-30 13:20:36,288 DEBUG A.SeleniumBrowser [main] Selenium browser Launch - After new chrome options
2020-12-30 13:20:36,291 DEBUG A.SeleniumBrowser [main] Selenium browser Launch - After chrome setExperimentalOption
2020-12-30 13:20:36,292 DEBUG A.SeleniumBrowser [main] Selenium browser Launch - Before setting several chrome options
2020-12-30 13:20:36,298 DEBUG A.SeleniumBrowser [main] Selenium browser Launch - Before creating new chrome driver
2020-12-30 13:20:40,054 DEBUG A.SeleniumBrowser [main] Selenium browser Launch - After creating new chrome driver
2020-12-30 13:20:40,062 DEBUG A.SeleniumBrowser [main] After Setting implicit timeout
2020-12-30 13:20:42,077 DEBUG A.SeleniumBrowser [main] After maximizing window 
2020-12-30 13:20:42,078 DEBUG A.SeleniumBrowser [main] LoadURL: Before check if driver equals to null 
2020-12-30 13:20:42,078 DEBUG A.SeleniumBrowser [main] LoadURL: After check if driver equals to null 
2020-12-30 13:20:42,078 DEBUG A.SeleniumBrowser [main] LoadURL: URL =  https://portal.qa.tw-test.net
2020-12-30 13:20:48,027 DEBUG A.SeleniumBrowser [main] LoadURL: after get URL =  https://portal.qa.tw-test.net
2020-12-30 13:20:50,019 DEBUG A.BrowserActions [main] Waiting for login button to be clickable...
2020-12-30 13:20:50,210 DEBUG A.BrowserActions [main] Login button clicked successfully...
2020-12-30 13:20:52,029 DEBUG A.SeleniumBrowser [main] LoadURL: Before check if driver equals to null 
2020-12-30 13:20:52,030 DEBUG A.SeleniumBrowser [main] LoadURL: After check if driver equals to null 
2020-12-30 13:20:52,030 DEBUG A.SeleniumBrowser [main] LoadURL: URL =  https://portal.qa.tw-test.net/#/operations?menuKey=centcom-devices&stackKey=entity-search&types=EntityType.AGENT
2020-12-30 13:20:52,420 DEBUG A.SeleniumBrowser [main] LoadURL: after get URL =  https://portal.qa.tw-test.net/#/operations?menuKey=centcom-devices&stackKey=entity-search&types=EntityType.AGENT
2020-12-30 13:27:32,906 DEBUG T.RecordedTest [main] screenshot file: C:\Nep-4-next\nep-qa-next@f35aa3a96df\nep-qa-automation/test-output/capture/InitAndCleanupPortal-30-12-2020-13.27.32.png
2020-12-30 13:27:32,914 INFO T.E.InitAndCleanupPortal [main] Starting Cleanup agents
2020-12-30 13:27:38,421 INFO U.R.SSHManager [main] Connected Successfully to host 10.243.68.159
2020-12-30 13:27:38,423 INFO U.R.SSHManager [main] Going to executing command: hostname
2020-12-30 13:27:38,447 DEBUG U.R.SSHManager [main] Done.
2020-12-30 13:27:43,034 INFO A.SimulatedAgentActions [main] SimulatedAgentActions, DS URL: https://endpoint-protection-services.qa.tw-test.net:443/
2020-12-30 13:27:43,049 INFO T.E.InitAndCleanupPortal [main] Going to send delete action to Centcom for agent on hostanem NTY-EN-8D25HC2
2020-12-30 13:27:43,050 DEBUG A.SeleniumBrowser [main] Selenium browser Launch - Before switch application type: Chrome
2020-12-30 13:27:43,050 DEBUG A.SeleniumBrowser [main] Setting Chrome driver location: C:/home/NepManagerDownloads/utils/chromedriver.exe
2020-12-30 13:27:43,051 DEBUG A.SeleniumBrowser [main] Selenium browser Launch - After creating new hashMap
2020-12-30 13:27:43,051 DEBUG A.SeleniumBrowser [main] Selenium browser Launch - After reading MasterDownloadFolder property: C:\home\NepManagerDownloads
2020-12-30 13:27:43,052 DEBUG A.SeleniumBrowser [main] Selenium browser Launch - After put to hash
2020-12-30 13:27:43,055 DEBUG A.SeleniumBrowser [main] Selenium browser Launch - After new chrome options
2020-12-30 13:27:43,058 DEBUG A.SeleniumBrowser [main] Selenium browser Launch - After chrome setExperimentalOption
2020-12-30 13:27:43,058 DEBUG A.SeleniumBrowser [main] Selenium browser Launch - Before setting several chrome options
2020-12-30 13:27:43,063 DEBUG A.SeleniumBrowser [main] Selenium browser Launch - Before creating new chrome driver
2020-12-30 13:27:46,941 DEBUG A.SeleniumBrowser [main] Selenium browser Launch - After creating new chrome driver
2020-12-30 13:27:46,949 DEBUG A.SeleniumBrowser [main] After Setting implicit timeout
2020-12-30 13:27:48,966 DEBUG A.SeleniumBrowser [main] After maximizing window 
2020-12-30 13:27:48,967 DEBUG A.SeleniumBrowser [main] LoadURL: Before check if driver equals to null 
2020-12-30 13:27:48,967 DEBUG A.SeleniumBrowser [main] LoadURL: After check if driver equals to null 
2020-12-30 13:27:48,967 DEBUG A.SeleniumBrowser [main] LoadURL: URL =  https://portal.qa.tw-test.net
2020-12-30 13:27:55,712 DEBUG A.SeleniumBrowser [main] LoadURL: after get URL =  https://portal.qa.tw-test.net
2020-12-30 13:27:57,229 DEBUG A.BrowserActions [main] Waiting for login button to be clickable...
2020-12-30 13:27:57,379 DEBUG A.BrowserActions [main] Login button clicked successfully...
2020-12-30 13:27:59,466 DEBUG A.SeleniumBrowser [main] LoadURL: Before check if driver equals to null 
2020-12-30 13:27:59,467 DEBUG A.SeleniumBrowser [main] LoadURL: After check if driver equals to null 
2020-12-30 13:27:59,467 DEBUG A.SeleniumBrowser [main] LoadURL: URL =  https://portal.qa.tw-test.net/#/operations?menuKey=centcom-devices&stackKey=entity-search&types=EntityType.AGENT
2020-12-30 13:27:59,766 DEBUG A.SeleniumBrowser [main] LoadURL: after get URL =  https://portal.qa.tw-test.net/#/operations?menuKey=centcom-devices&stackKey=entity-search&types=EntityType.AGENT
2020-12-30 13:28:54,726 DEBUG T.RecordedTest [main] screenshot file: C:\Nep-4-next\nep-qa-next@f35aa3a96df\nep-qa-automation/test-output/capture/InitAndCleanupPortal-30-12-2020-13.28.54.png
2020-12-30 13:28:54,733 INFO T.E.InitAndCleanupPortal [main] Starting Cleanup agents
2020-12-30 13:29:00,438 INFO U.R.SSHManager [main] Connected Successfully to host 10.243.68.159
2020-12-30 13:29:00,441 INFO U.R.SSHManager [main] Going to executing command: hostname
2020-12-30 13:29:00,467 DEBUG U.R.SSHManager [main] Done.
2020-12-30 13:29:04,774 INFO A.SimulatedAgentActions [main] SimulatedAgentActions, DS URL: https://endpoint-protection-services.qa.tw-test.net:443/
2020-12-30 13:29:04,793 INFO T.E.InitAndCleanupPortal [main] Going to send delete action to Centcom for agent on hostanem NTY-EN-8D25HC2
2020-12-30 13:29:04,794 DEBUG A.SeleniumBrowser [main] Selenium browser Launch - Before switch application type: Chrome
2020-12-30 13:29:04,794 DEBUG A.SeleniumBrowser [main] Setting Chrome driver location: C:/home/NepManagerDownloads/utils/chromedriver.exe
2020-12-30 13:29:04,795 DEBUG A.SeleniumBrowser [main] Selenium browser Launch - After creating new hashMap
2020-12-30 13:29:04,795 DEBUG A.SeleniumBrowser [main] Selenium browser Launch - After reading MasterDownloadFolder property: C:\home\NepManagerDownloads
2020-12-30 13:29:04,795 DEBUG A.SeleniumBrowser [main] Selenium browser Launch - After put to hash
2020-12-30 13:29:04,801 DEBUG A.SeleniumBrowser [main] Selenium browser Launch - After new chrome options
2020-12-30 13:29:04,803 DEBUG A.SeleniumBrowser [main] Selenium browser Launch - After chrome setExperimentalOption
2020-12-30 13:29:04,804 DEBUG A.SeleniumBrowser [main] Selenium browser Launch - Before setting several chrome options
2020-12-30 13:29:04,811 DEBUG A.SeleniumBrowser [main] Selenium browser Launch - Before creating new chrome driver
2020-12-30 13:29:08,546 DEBUG A.SeleniumBrowser [main] Selenium browser Launch - After creating new chrome driver
2020-12-30 13:29:08,553 DEBUG A.SeleniumBrowser [main] After Setting implicit timeout
2020-12-30 13:29:10,567 DEBUG A.SeleniumBrowser [main] After maximizing window 
2020-12-30 13:29:10,568 DEBUG A.SeleniumBrowser [main] LoadURL: Before check if driver equals to null 
2020-12-30 13:29:10,568 DEBUG A.SeleniumBrowser [main] LoadURL: After check if driver equals to null 
2020-12-30 13:29:10,568 DEBUG A.SeleniumBrowser [main] LoadURL: URL =  https://portal.qa.tw-test.net
2020-12-30 13:29:16,632 DEBUG A.SeleniumBrowser [main] LoadURL: after get URL =  https://portal.qa.tw-test.net
2020-12-30 13:29:18,176 DEBUG A.BrowserActions [main] Waiting for login button to be clickable...
2020-12-30 13:29:18,408 DEBUG A.BrowserActions [main] Login button clicked successfully...
2020-12-30 13:29:20,364 DEBUG A.SeleniumBrowser [main] LoadURL: Before check if driver equals to null 
2020-12-30 13:29:20,364 DEBUG A.SeleniumBrowser [main] LoadURL: After check if driver equals to null 
2020-12-30 13:29:20,365 DEBUG A.SeleniumBrowser [main] LoadURL: URL =  https://portal.qa.tw-test.net/#/operations?menuKey=centcom-devices&stackKey=entity-search&types=EntityType.AGENT
2020-12-30 13:29:20,735 DEBUG A.SeleniumBrowser [main] LoadURL: after get URL =  https://portal.qa.tw-test.net/#/operations?menuKey=centcom-devices&stackKey=entity-search&types=EntityType.AGENT
2020-12-30 13:30:06,928 ERROR U.T.InvokedMethodListener [main] Could not delete from CentCom endpoint: NTY-EN-8D25HC2
org.openqa.selenium.WebDriverException: chrome not reachable
  (Session info: chrome=87.0.4280.88)
Build info: version: '3.141.59', revision: 'e82be7d358', time: '2018-11-14T08:17:03'
System info: host: 'NTY-EN-8D25HC2', ip: '10.243.68.159', os.name: 'Windows 10', os.arch: 'amd64', os.version: '10.0', java.version: '12.0.2'
Driver info: org.openqa.selenium.chrome.ChromeDriver
Capabilities {acceptInsecureCerts: false, browserName: chrome, browserVersion: 87.0.4280.88, chrome: {chromedriverVersion: 87.0.4280.20 (c99e81631faa0..., userDataDir: C:\Users\MOSHE~1.AVI\AppDat...}, goog:chromeOptions: {debuggerAddress: localhost:61316}, javascriptEnabled: true, networkConnectionEnabled: false, pageLoadStrategy: normal, platform: WINDOWS, platformName: WINDOWS, proxy: Proxy(), setWindowRect: true, strictFileInteractability: false, timeouts: {implicit: 0, pageLoad: 300000, script: 30000}, unhandledPromptBehavior: dismiss and notify, webauthn:virtualAuthenticators: true}
Session ID: 2ade766102c73a9d0b2b07c1cd2c548d

Video: C:\Nep-4-next\nep-qa-next@f35aa3a96df\nep-qa-automation/test-output/capture/InitAndCleanupPortal-30-12-2020-13.28.54.avi


2020-12-30 13:30:37,027 DEBUG T.RecordedTest [main] screenshot file: C:\Nep-4-next\nep-qa-next@f35aa3a96df\nep-qa-automation/test-output/capture/InitAndCleanupPortal-30-12-2020-13.30.37.png
2020-12-30 13:30:37,033 INFO T.E.InitAndCleanupPortal [main] Starting Cleanup agents
2020-12-30 13:30:42,983 INFO U.R.SSHManager [main] Connected Successfully to host 10.243.68.159
2020-12-30 13:30:42,986 INFO U.R.SSHManager [main] Going to executing command: hostname
2020-12-30 13:30:43,014 DEBUG U.R.SSHManager [main] Done.
2020-12-30 13:30:47,277 INFO A.SimulatedAgentActions [main] SimulatedAgentActions, DS URL: https://endpoint-protection-services.qa.tw-test.net:443/
2020-12-30 13:30:47,294 INFO T.E.InitAndCleanupPortal [main] Going to send delete action to Centcom for agent on hostanem NTY-EN-8D25HC2
2020-12-30 13:30:47,295 DEBUG A.SeleniumBrowser [main] Selenium browser Launch - Before switch application type: Chrome
2020-12-30 13:30:47,295 DEBUG A.SeleniumBrowser [main] Setting Chrome driver location: C:/home/NepManagerDownloads/utils/chromedriver.exe
2020-12-30 13:30:47,296 DEBUG A.SeleniumBrowser [main] Selenium browser Launch - After creating new hashMap
2020-12-30 13:30:47,296 DEBUG A.SeleniumBrowser [main] Selenium browser Launch - After reading MasterDownloadFolder property: C:\home\NepManagerDownloads
2020-12-30 13:30:47,296 DEBUG A.SeleniumBrowser [main] Selenium browser Launch - After put to hash
2020-12-30 13:30:47,300 DEBUG A.SeleniumBrowser [main] Selenium browser Launch - After new chrome options
2020-12-30 13:30:47,302 DEBUG A.SeleniumBrowser [main] Selenium browser Launch - After chrome setExperimentalOption
2020-12-30 13:30:47,302 DEBUG A.SeleniumBrowser [main] Selenium browser Launch - Before setting several chrome options
2020-12-30 13:30:47,307 DEBUG A.SeleniumBrowser [main] Selenium browser Launch - Before creating new chrome driver
2020-12-30 13:30:51,144 DEBUG A.SeleniumBrowser [main] Selenium browser Launch - After creating new chrome driver
2020-12-30 13:30:51,152 DEBUG A.SeleniumBrowser [main] After Setting implicit timeout
2020-12-30 13:30:53,170 DEBUG A.SeleniumBrowser [main] After maximizing window 
2020-12-30 13:30:53,170 DEBUG A.SeleniumBrowser [main] LoadURL: Before check if driver equals to null 
2020-12-30 13:30:53,170 DEBUG A.SeleniumBrowser [main] LoadURL: After check if driver equals to null 
2020-12-30 13:30:53,170 DEBUG A.SeleniumBrowser [main] LoadURL: URL =  https://portal.qa.tw-test.net
2020-12-30 13:30:59,331 DEBUG A.SeleniumBrowser [main] LoadURL: after get URL =  https://portal.qa.tw-test.net
2020-12-30 13:31:00,920 DEBUG A.BrowserActions [main] Waiting for login button to be clickable...
2020-12-30 13:31:01,104 DEBUG A.BrowserActions [main] Login button clicked successfully...
2020-12-30 13:31:03,026 DEBUG A.SeleniumBrowser [main] LoadURL: Before check if driver equals to null 
2020-12-30 13:31:03,027 DEBUG A.SeleniumBrowser [main] LoadURL: After check if driver equals to null 
2020-12-30 13:31:03,027 DEBUG A.SeleniumBrowser [main] LoadURL: URL =  https://portal.qa.tw-test.net/#/operations?menuKey=centcom-devices&stackKey=entity-search&types=EntityType.AGENT
2020-12-30 13:31:03,422 DEBUG A.SeleniumBrowser [main] LoadURL: after get URL =  https://portal.qa.tw-test.net/#/operations?menuKey=centcom-devices&stackKey=entity-search&types=EntityType.AGENT
2020-12-30 13:31:57,524 DEBUG T.RecordedTest [main] screenshot file: C:\Nep-4-next\nep-qa-next@f35aa3a96df\nep-qa-automation/test-output/capture/InitAndCleanupPortal-30-12-2020-13.31.57.png
2020-12-30 13:31:57,531 INFO T.E.InitAndCleanupPortal [main] Starting Cleanup agents
2020-12-30 13:32:03,067 INFO U.R.SSHManager [main] Connected Successfully to host 10.243.68.159
2020-12-30 13:32:03,070 INFO U.R.SSHManager [main] Going to executing command: hostname
2020-12-30 13:32:03,095 DEBUG U.R.SSHManager [main] Done.
2020-12-30 13:32:07,393 INFO A.SimulatedAgentActions [main] SimulatedAgentActions, DS URL: https://endpoint-protection-services.qa.tw-test.net:443/
2020-12-30 13:32:07,440 INFO T.E.InitAndCleanupPortal [main] Going to send delete action to Centcom for agent on hostanem NTY-EN-8D25HC2
2020-12-30 13:32:07,441 DEBUG A.SeleniumBrowser [main] Selenium browser Launch - Before switch application type: Chrome
2020-12-30 13:32:07,441 DEBUG A.SeleniumBrowser [main] Setting Chrome driver location: C:/home/NepManagerDownloads/utils/chromedriver.exe
2020-12-30 13:32:07,442 DEBUG A.SeleniumBrowser [main] Selenium browser Launch - After creating new hashMap
2020-12-30 13:32:07,442 DEBUG A.SeleniumBrowser [main] Selenium browser Launch - After reading MasterDownloadFolder property: C:\home\NepManagerDownloads
2020-12-30 13:32:07,443 DEBUG A.SeleniumBrowser [main] Selenium browser Launch - After put to hash
2020-12-30 13:32:07,449 DEBUG A.SeleniumBrowser [main] Selenium browser Launch - After new chrome options
2020-12-30 13:32:07,453 DEBUG A.SeleniumBrowser [main] Selenium browser Launch - After chrome setExperimentalOption
2020-12-30 13:32:07,453 DEBUG A.SeleniumBrowser [main] Selenium browser Launch - Before setting several chrome options
2020-12-30 13:32:07,459 DEBUG A.SeleniumBrowser [main] Selenium browser Launch - Before creating new chrome driver
2020-12-30 13:32:11,418 DEBUG A.SeleniumBrowser [main] Selenium browser Launch - After creating new chrome driver
2020-12-30 13:32:11,426 DEBUG A.SeleniumBrowser [main] After Setting implicit timeout
2020-12-30 13:32:13,448 DEBUG A.SeleniumBrowser [main] After maximizing window 
2020-12-30 13:32:13,449 DEBUG A.SeleniumBrowser [main] LoadURL: Before check if driver equals to null 
2020-12-30 13:32:13,449 DEBUG A.SeleniumBrowser [main] LoadURL: After check if driver equals to null 
2020-12-30 13:32:13,450 DEBUG A.SeleniumBrowser [main] LoadURL: URL =  https://portal.qa.tw-test.net
2020-12-30 13:32:19,117 DEBUG A.SeleniumBrowser [main] LoadURL: after get URL =  https://portal.qa.tw-test.net
2020-12-30 13:32:20,740 DEBUG A.BrowserActions [main] Waiting for login button to be clickable...
2020-12-30 13:32:20,883 DEBUG A.BrowserActions [main] Login button clicked successfully...
2020-12-30 13:32:23,449 DEBUG A.SeleniumBrowser [main] LoadURL: Before check if driver equals to null 
2020-12-30 13:32:23,449 DEBUG A.SeleniumBrowser [main] LoadURL: After check if driver equals to null 
2020-12-30 13:32:23,450 DEBUG A.SeleniumBrowser [main] LoadURL: URL =  https://portal.qa.tw-test.net/#/operations?menuKey=centcom-devices&stackKey=entity-search&types=EntityType.AGENT
2020-12-30 13:32:24,001 DEBUG A.SeleniumBrowser [main] LoadURL: after get URL =  https://portal.qa.tw-test.net/#/operations?menuKey=centcom-devices&stackKey=entity-search&types=EntityType.AGENT
2020-12-30 13:32:57,771 INFO A.BrowserActions [main] test Test1234567
2020-12-30 13:32:57,848 ERROR A.BrowserActions [main] Could not select the specific cluster  at CentCom search page. cluster: Test1234567
org.openqa.selenium.NoSuchWindowException: no such window: target window already closed
from unknown error: web view not found
  (Session info: chrome=87.0.4280.88)
Build info: version: '3.141.59', revision: 'e82be7d358', time: '2018-11-14T08:17:03'
System info: host: 'NTY-EN-8D25HC2', ip: '10.243.68.159', os.name: 'Windows 10', os.arch: 'amd64', os.version: '10.0', java.version: '12.0.2'
Driver info: org.openqa.selenium.chrome.ChromeDriver
Capabilities {acceptInsecureCerts: false, browserName: chrome, browserVersion: 87.0.4280.88, chrome: {chromedriverVersion: 87.0.4280.20 (c99e81631faa0..., userDataDir: C:\Users\MOSHE~1.AVI\AppDat...}, goog:chromeOptions: {debuggerAddress: localhost:61481}, javascriptEnabled: true, networkConnectionEnabled: false, pageLoadStrategy: normal, platform: WINDOWS, platformName: WINDOWS, proxy: Proxy(), setWindowRect: true, strictFileInteractability: false, timeouts: {implicit: 0, pageLoad: 300000, script: 30000}, unhandledPromptBehavior: dismiss and notify, webauthn:virtualAuthenticators: true}
Session ID: d6a153459289b04c5bb675b3a6c48120
*** Element info: {Using=xpath, value=//twa-table-row//div[normalize-space(text())='Test1234567']}
	at jdk.internal.reflect.NativeConstructorAccessorImpl.newInstance0(Native Method) ~[?:?]
	at jdk.internal.reflect.NativeConstructorAccessorImpl.newInstance(NativeConstructorAccessorImpl.java:62) ~[?:?]
	at jdk.internal.reflect.DelegatingConstructorAccessorImpl.newInstance(DelegatingConstructorAccessorImpl.java:45) ~[?:?]
	at java.lang.reflect.Constructor.newInstanceWithCaller(Constructor.java:500) ~[?:?]
	at java.lang.reflect.Constructor.newInstance(Constructor.java:481) ~[?:?]
	at org.openqa.selenium.remote.http.W3CHttpResponseCodec.createException(W3CHttpResponseCodec.java:187) ~[selenium-remote-driver-3.141.59.jar:?]
	at org.openqa.selenium.remote.http.W3CHttpResponseCodec.decode(W3CHttpResponseCodec.java:122) ~[selenium-remote-driver-3.141.59.jar:?]
	at org.openqa.selenium.remote.http.W3CHttpResponseCodec.decode(W3CHttpResponseCodec.java:49) ~[selenium-remote-driver-3.141.59.jar:?]
	at org.openqa.selenium.remote.HttpCommandExecutor.execute(HttpCommandExecutor.java:158) ~[selenium-remote-driver-3.141.59.jar:?]
	at org.openqa.selenium.remote.service.DriverCommandExecutor.execute(DriverCommandExecutor.java:83) ~[selenium-remote-driver-3.141.59.jar:?]
	at org.openqa.selenium.remote.RemoteWebDriver.execute(RemoteWebDriver.java:552) ~[selenium-remote-driver-3.141.59.jar:?]
	at org.openqa.selenium.remote.RemoteWebDriver.findElements(RemoteWebDriver.java:353) ~[selenium-remote-driver-3.141.59.jar:?]
	at org.openqa.selenium.remote.RemoteWebDriver.findElementsByXPath(RemoteWebDriver.java:432) ~[selenium-remote-driver-3.141.59.jar:?]
	at org.openqa.selenium.By$ByXPath.findElements(By.java:348) ~[selenium-api-3.141.59.jar:?]
	at org.openqa.selenium.remote.RemoteWebDriver.findElements(RemoteWebDriver.java:311) ~[selenium-remote-driver-3.141.59.jar:?]
	at Pages.GenericPage.IsElementExist(GenericPage.java:53) ~[classes/:?]
	at Actions.BrowserActions.CreateNewCluster(BrowserActions.java:696) ~[classes/:?]
	at Tests.Environments.InitAndCleanupPortal.deleteEndpointFromCentCom(InitAndCleanupPortal.java:123) ~[classes/:?]
	at Tests.Environments.InitAndCleanupPortal.cleanupAgents(InitAndCleanupPortal.java:65) ~[classes/:?]
	at jdk.internal.reflect.NativeMethodAccessorImpl.invoke0(Native Method) ~[?:?]
	at jdk.internal.reflect.NativeMethodAccessorImpl.invoke(NativeMethodAccessorImpl.java:62) ~[?:?]
	at jdk.internal.reflect.DelegatingMethodAccessorImpl.invoke(DelegatingMethodAccessorImpl.java:43) ~[?:?]
	at java.lang.reflect.Method.invoke(Method.java:567) ~[?:?]
	at org.testng.internal.MethodInvocationHelper.invokeMethod(MethodInvocationHelper.java:134) ~[testng-7.1.0.jar:?]
	at org.testng.internal.TestInvoker.invokeMethod(TestInvoker.java:597) ~[testng-7.1.0.jar:?]
	at org.testng.internal.TestInvoker.invokeTestMethod(TestInvoker.java:173) ~[testng-7.1.0.jar:?]
	at org.testng.internal.MethodRunner.runInSequence(MethodRunner.java:46) ~[testng-7.1.0.jar:?]
	at org.testng.internal.TestInvoker$MethodInvocationAgent.invoke(TestInvoker.java:816) ~[testng-7.1.0.jar:?]
	at org.testng.internal.TestInvoker.invokeTestMethods(TestInvoker.java:146) ~[testng-7.1.0.jar:?]
	at org.testng.internal.TestMethodWorker.invokeTestMethods(TestMethodWorker.java:146) ~[testng-7.1.0.jar:?]
	at org.testng.internal.TestMethodWorker.run(TestMethodWorker.java:128) ~[testng-7.1.0.jar:?]
	at java.util.ArrayList.forEach(ArrayList.java:1540) [?:?]
	at org.testng.TestRunner.privateRun(TestRunner.java:766) [testng-7.1.0.jar:?]
	at org.testng.TestRunner.run(TestRunner.java:587) [testng-7.1.0.jar:?]
	at org.testng.SuiteRunner.runTest(SuiteRunner.java:384) [testng-7.1.0.jar:?]
	at org.testng.SuiteRunner.runSequentially(SuiteRunner.java:378) [testng-7.1.0.jar:?]
	at org.testng.SuiteRunner.privateRun(SuiteRunner.java:337) [testng-7.1.0.jar:?]
	at org.testng.SuiteRunner.run(SuiteRunner.java:286) [testng-7.1.0.jar:?]
	at org.testng.SuiteRunnerWorker.runSuite(SuiteRunnerWorker.java:53) [testng-7.1.0.jar:?]
	at org.testng.SuiteRunnerWorker.run(SuiteRunnerWorker.java:96) [testng-7.1.0.jar:?]
	at org.testng.TestNG.runSuitesSequentially(TestNG.java:1187) [testng-7.1.0.jar:?]
	at org.testng.TestNG.runSuitesLocally(TestNG.java:1109) [testng-7.1.0.jar:?]
	at org.testng.TestNG.runSuites(TestNG.java:1039) [testng-7.1.0.jar:?]
	at org.testng.TestNG.run(TestNG.java:1007) [testng-7.1.0.jar:?]
	at Utils.Main.RunTest.main(RunTest.java:116) [classes/:?]
2020-12-30 13:33:01,923 ERROR U.T.InvokedMethodListener [main] Could not delete from CentCom endpoint: NTY-EN-8D25HC2
org.openqa.selenium.NoSuchWindowException: no such window: target window already closed
from unknown error: web view not found
  (Session info: chrome=87.0.4280.88)
Build info: version: '3.141.59', revision: 'e82be7d358', time: '2018-11-14T08:17:03'
System info: host: 'NTY-EN-8D25HC2', ip: '10.243.68.159', os.name: 'Windows 10', os.arch: 'amd64', os.version: '10.0', java.version: '12.0.2'
Driver info: org.openqa.selenium.chrome.ChromeDriver
Capabilities {acceptInsecureCerts: false, browserName: chrome, browserVersion: 87.0.4280.88, chrome: {chromedriverVersion: 87.0.4280.20 (c99e81631faa0..., userDataDir: C:\Users\MOSHE~1.AVI\AppDat...}, goog:chromeOptions: {debuggerAddress: localhost:61481}, javascriptEnabled: true, networkConnectionEnabled: false, pageLoadStrategy: normal, platform: WINDOWS, platformName: WINDOWS, proxy: Proxy(), setWindowRect: true, strictFileInteractability: false, timeouts: {implicit: 0, pageLoad: 300000, script: 30000}, unhandledPromptBehavior: dismiss and notify, webauthn:virtualAuthenticators: true}
Session ID: d6a153459289b04c5bb675b3a6c48120
*** Element info: {Using=xpath, value=//twa-button[@icon='tw-binoculars']/material-button}

Video: C:\Nep-4-next\nep-qa-next@f35aa3a96df\nep-qa-automation/test-output/capture/InitAndCleanupPortal-30-12-2020-13.31.57.avi


2020-12-30 13:38:36,039 DEBUG T.RecordedTest [main] screenshot file: C:\Nep-4-next\nep-qa-next@f35aa3a96df\nep-qa-automation/test-output/capture/InitAndCleanupPortal-30-12-2020-13.38.36.png
2020-12-30 13:38:36,045 INFO T.E.InitAndCleanupPortal [main] Starting Cleanup agents
2020-12-30 13:38:41,800 INFO U.R.SSHManager [main] Connected Successfully to host 10.243.68.159
2020-12-30 13:38:41,803 INFO U.R.SSHManager [main] Going to executing command: hostname
2020-12-30 13:38:41,833 DEBUG U.R.SSHManager [main] Done.
2020-12-30 13:38:46,390 INFO A.SimulatedAgentActions [main] SimulatedAgentActions, DS URL: https://endpoint-protection-services.qa.tw-test.net:443/
2020-12-30 13:38:46,407 INFO T.E.InitAndCleanupPortal [main] Going to send delete action to Centcom for agent on hostanem NTY-EN-8D25HC2
2020-12-30 13:38:46,408 DEBUG A.SeleniumBrowser [main] Selenium browser Launch - Before switch application type: Chrome
2020-12-30 13:38:46,408 DEBUG A.SeleniumBrowser [main] Setting Chrome driver location: C:/home/NepManagerDownloads/utils/chromedriver.exe
2020-12-30 13:38:46,409 DEBUG A.SeleniumBrowser [main] Selenium browser Launch - After creating new hashMap
2020-12-30 13:38:46,409 DEBUG A.SeleniumBrowser [main] Selenium browser Launch - After reading MasterDownloadFolder property: C:\home\NepManagerDownloads
2020-12-30 13:38:46,410 DEBUG A.SeleniumBrowser [main] Selenium browser Launch - After put to hash
2020-12-30 13:38:46,414 DEBUG A.SeleniumBrowser [main] Selenium browser Launch - After new chrome options
2020-12-30 13:38:46,416 DEBUG A.SeleniumBrowser [main] Selenium browser Launch - After chrome setExperimentalOption
2020-12-30 13:38:46,416 DEBUG A.SeleniumBrowser [main] Selenium browser Launch - Before setting several chrome options
2020-12-30 13:38:46,421 DEBUG A.SeleniumBrowser [main] Selenium browser Launch - Before creating new chrome driver
2020-12-30 13:38:50,388 DEBUG A.SeleniumBrowser [main] Selenium browser Launch - After creating new chrome driver
2020-12-30 13:38:50,395 DEBUG A.SeleniumBrowser [main] After Setting implicit timeout
2020-12-30 13:38:52,409 DEBUG A.SeleniumBrowser [main] After maximizing window 
2020-12-30 13:38:52,409 DEBUG A.SeleniumBrowser [main] LoadURL: Before check if driver equals to null 
2020-12-30 13:38:52,410 DEBUG A.SeleniumBrowser [main] LoadURL: After check if driver equals to null 
2020-12-30 13:38:52,410 DEBUG A.SeleniumBrowser [main] LoadURL: URL =  https://portal.qa.tw-test.net
2020-12-30 13:38:59,222 DEBUG A.SeleniumBrowser [main] LoadURL: after get URL =  https://portal.qa.tw-test.net
2020-12-30 13:39:00,759 DEBUG A.BrowserActions [main] Waiting for login button to be clickable...
2020-12-30 13:39:00,933 DEBUG A.BrowserActions [main] Login button clicked successfully...
2020-12-30 13:39:03,159 DEBUG A.SeleniumBrowser [main] LoadURL: Before check if driver equals to null 
2020-12-30 13:39:03,159 DEBUG A.SeleniumBrowser [main] LoadURL: After check if driver equals to null 
2020-12-30 13:39:03,160 DEBUG A.SeleniumBrowser [main] LoadURL: URL =  https://portal.qa.tw-test.net/#/operations?menuKey=centcom-devices&stackKey=entity-search&types=EntityType.AGENT
2020-12-30 13:39:03,465 DEBUG A.SeleniumBrowser [main] LoadURL: after get URL =  https://portal.qa.tw-test.net/#/operations?menuKey=centcom-devices&stackKey=entity-search&types=EntityType.AGENT
2020-12-30 13:39:54,069 DEBUG T.RecordedTest [main] screenshot file: C:\Nep-4-next\nep-qa-next@f35aa3a96df\nep-qa-automation/test-output/capture/InitAndCleanupPortal-30-12-2020-13.39.54.png
2020-12-30 13:39:54,088 INFO T.E.InitAndCleanupPortal [main] Starting Cleanup agents
2020-12-30 13:39:59,723 INFO U.R.SSHManager [main] Connected Successfully to host 10.243.68.159
2020-12-30 13:39:59,726 INFO U.R.SSHManager [main] Going to executing command: hostname
2020-12-30 13:39:59,750 DEBUG U.R.SSHManager [main] Done.
2020-12-30 13:40:04,010 INFO A.SimulatedAgentActions [main] SimulatedAgentActions, DS URL: https://endpoint-protection-services.qa.tw-test.net:443/
2020-12-30 13:40:04,028 INFO T.E.InitAndCleanupPortal [main] Going to send delete action to Centcom for agent on hostanem NTY-EN-8D25HC2
2020-12-30 13:40:04,028 DEBUG A.SeleniumBrowser [main] Selenium browser Launch - Before switch application type: Chrome
2020-12-30 13:40:04,028 DEBUG A.SeleniumBrowser [main] Setting Chrome driver location: C:/home/NepManagerDownloads/utils/chromedriver.exe
2020-12-30 13:40:04,029 DEBUG A.SeleniumBrowser [main] Selenium browser Launch - After creating new hashMap
2020-12-30 13:40:04,029 DEBUG A.SeleniumBrowser [main] Selenium browser Launch - After reading MasterDownloadFolder property: C:\home\NepManagerDownloads
2020-12-30 13:40:04,030 DEBUG A.SeleniumBrowser [main] Selenium browser Launch - After put to hash
2020-12-30 13:40:04,035 DEBUG A.SeleniumBrowser [main] Selenium browser Launch - After new chrome options
2020-12-30 13:40:04,037 DEBUG A.SeleniumBrowser [main] Selenium browser Launch - After chrome setExperimentalOption
2020-12-30 13:40:04,038 DEBUG A.SeleniumBrowser [main] Selenium browser Launch - Before setting several chrome options
2020-12-30 13:40:04,044 DEBUG A.SeleniumBrowser [main] Selenium browser Launch - Before creating new chrome driver
2020-12-30 13:40:07,910 DEBUG A.SeleniumBrowser [main] Selenium browser Launch - After creating new chrome driver
2020-12-30 13:40:07,917 DEBUG A.SeleniumBrowser [main] After Setting implicit timeout
2020-12-30 13:40:09,928 DEBUG A.SeleniumBrowser [main] After maximizing window 
2020-12-30 13:40:09,928 DEBUG A.SeleniumBrowser [main] LoadURL: Before check if driver equals to null 
2020-12-30 13:40:09,929 DEBUG A.SeleniumBrowser [main] LoadURL: After check if driver equals to null 
2020-12-30 13:40:09,929 DEBUG A.SeleniumBrowser [main] LoadURL: URL =  https://portal.qa.tw-test.net
2020-12-30 13:40:15,912 DEBUG A.SeleniumBrowser [main] LoadURL: after get URL =  https://portal.qa.tw-test.net
2020-12-30 13:40:17,514 DEBUG A.BrowserActions [main] Waiting for login button to be clickable...
2020-12-30 13:40:17,716 DEBUG A.BrowserActions [main] Login button clicked successfully...
2020-12-30 13:40:19,792 DEBUG A.SeleniumBrowser [main] LoadURL: Before check if driver equals to null 
2020-12-30 13:40:19,792 DEBUG A.SeleniumBrowser [main] LoadURL: After check if driver equals to null 
2020-12-30 13:40:19,793 DEBUG A.SeleniumBrowser [main] LoadURL: URL =  https://portal.qa.tw-test.net/#/operations?menuKey=centcom-devices&stackKey=entity-search&types=EntityType.AGENT
2020-12-30 13:40:20,116 DEBUG A.SeleniumBrowser [main] LoadURL: after get URL =  https://portal.qa.tw-test.net/#/operations?menuKey=centcom-devices&stackKey=entity-search&types=EntityType.AGENT
2020-12-30 13:43:38,871 DEBUG T.RecordedTest [main] screenshot file: C:\Nep-4-next\nep-qa-next@f35aa3a96df\nep-qa-automation/test-output/capture/InitAndCleanupPortal-30-12-2020-13.43.38.png
2020-12-30 13:43:38,878 INFO T.E.InitAndCleanupPortal [main] Starting Cleanup agents
2020-12-30 13:43:44,739 INFO U.R.SSHManager [main] Connected Successfully to host 10.243.68.159
2020-12-30 13:43:44,741 INFO U.R.SSHManager [main] Going to executing command: hostname
2020-12-30 13:43:44,765 DEBUG U.R.SSHManager [main] Done.
2020-12-30 13:43:49,193 INFO A.SimulatedAgentActions [main] SimulatedAgentActions, DS URL: https://endpoint-protection-services.qa.tw-test.net:443/
2020-12-30 13:43:49,217 INFO T.E.InitAndCleanupPortal [main] Going to send delete action to Centcom for agent on hostanem NTY-EN-8D25HC2
2020-12-30 13:43:49,217 DEBUG A.SeleniumBrowser [main] Selenium browser Launch - Before switch application type: Chrome
2020-12-30 13:43:49,218 DEBUG A.SeleniumBrowser [main] Setting Chrome driver location: C:/home/NepManagerDownloads/utils/chromedriver.exe
2020-12-30 13:43:49,218 DEBUG A.SeleniumBrowser [main] Selenium browser Launch - After creating new hashMap
2020-12-30 13:43:49,219 DEBUG A.SeleniumBrowser [main] Selenium browser Launch - After reading MasterDownloadFolder property: C:\home\NepManagerDownloads
2020-12-30 13:43:49,219 DEBUG A.SeleniumBrowser [main] Selenium browser Launch - After put to hash
2020-12-30 13:43:49,222 DEBUG A.SeleniumBrowser [main] Selenium browser Launch - After new chrome options
2020-12-30 13:43:49,224 DEBUG A.SeleniumBrowser [main] Selenium browser Launch - After chrome setExperimentalOption
2020-12-30 13:43:49,224 DEBUG A.SeleniumBrowser [main] Selenium browser Launch - Before setting several chrome options
2020-12-30 13:43:49,229 DEBUG A.SeleniumBrowser [main] Selenium browser Launch - Before creating new chrome driver
2020-12-30 13:43:53,051 DEBUG A.SeleniumBrowser [main] Selenium browser Launch - After creating new chrome driver
2020-12-30 13:43:53,058 DEBUG A.SeleniumBrowser [main] After Setting implicit timeout
2020-12-30 13:43:55,079 DEBUG A.SeleniumBrowser [main] After maximizing window 
2020-12-30 13:43:55,079 DEBUG A.SeleniumBrowser [main] LoadURL: Before check if driver equals to null 
2020-12-30 13:43:55,080 DEBUG A.SeleniumBrowser [main] LoadURL: After check if driver equals to null 
2020-12-30 13:43:55,080 DEBUG A.SeleniumBrowser [main] LoadURL: URL =  https://portal.qa.tw-test.net
2020-12-30 13:44:02,920 DEBUG A.SeleniumBrowser [main] LoadURL: after get URL =  https://portal.qa.tw-test.net
2020-12-30 13:44:04,365 DEBUG A.BrowserActions [main] Waiting for login button to be clickable...
2020-12-30 13:44:04,570 DEBUG A.BrowserActions [main] Login button clicked successfully...
2020-12-30 13:44:07,999 DEBUG A.SeleniumBrowser [main] LoadURL: Before check if driver equals to null 
2020-12-30 13:44:08,000 DEBUG A.SeleniumBrowser [main] LoadURL: After check if driver equals to null 
2020-12-30 13:44:08,000 DEBUG A.SeleniumBrowser [main] LoadURL: URL =  https://portal.qa.tw-test.net/#/operations?menuKey=centcom-devices&stackKey=entity-search&types=EntityType.AGENT
2020-12-30 13:44:08,435 DEBUG A.SeleniumBrowser [main] LoadURL: after get URL =  https://portal.qa.tw-test.net/#/operations?menuKey=centcom-devices&stackKey=entity-search&types=EntityType.AGENT
2020-12-30 13:45:05,928 DEBUG T.RecordedTest [main] screenshot file: C:\Nep-4-next\nep-qa-next@f35aa3a96df\nep-qa-automation/test-output/capture/InitAndCleanupPortal-30-12-2020-13.45.05.png
2020-12-30 13:45:05,934 INFO T.E.InitAndCleanupPortal [main] Starting Cleanup agents
2020-12-30 13:45:11,385 INFO U.R.SSHManager [main] Connected Successfully to host 10.243.68.159
2020-12-30 13:45:11,387 INFO U.R.SSHManager [main] Going to executing command: hostname
2020-12-30 13:45:11,414 DEBUG U.R.SSHManager [main] Done.
2020-12-30 13:45:15,577 INFO A.SimulatedAgentActions [main] SimulatedAgentActions, DS URL: https://endpoint-protection-services.qa.tw-test.net:443/
2020-12-30 13:45:15,594 INFO T.E.InitAndCleanupPortal [main] Going to send delete action to Centcom for agent on hostanem NTY-EN-8D25HC2
2020-12-30 13:45:15,595 DEBUG A.SeleniumBrowser [main] Selenium browser Launch - Before switch application type: Chrome
2020-12-30 13:45:15,596 DEBUG A.SeleniumBrowser [main] Setting Chrome driver location: C:/home/NepManagerDownloads/utils/chromedriver.exe
2020-12-30 13:45:15,597 DEBUG A.SeleniumBrowser [main] Selenium browser Launch - After creating new hashMap
2020-12-30 13:45:15,597 DEBUG A.SeleniumBrowser [main] Selenium browser Launch - After reading MasterDownloadFolder property: C:\home\NepManagerDownloads
2020-12-30 13:45:15,598 DEBUG A.SeleniumBrowser [main] Selenium browser Launch - After put to hash
2020-12-30 13:45:15,602 DEBUG A.SeleniumBrowser [main] Selenium browser Launch - After new chrome options
2020-12-30 13:45:15,605 DEBUG A.SeleniumBrowser [main] Selenium browser Launch - After chrome setExperimentalOption
2020-12-30 13:45:15,605 DEBUG A.SeleniumBrowser [main] Selenium browser Launch - Before setting several chrome options
2020-12-30 13:45:15,611 DEBUG A.SeleniumBrowser [main] Selenium browser Launch - Before creating new chrome driver
2020-12-30 13:45:19,656 DEBUG A.SeleniumBrowser [main] Selenium browser Launch - After creating new chrome driver
2020-12-30 13:45:19,664 DEBUG A.SeleniumBrowser [main] After Setting implicit timeout
2020-12-30 13:45:21,680 DEBUG A.SeleniumBrowser [main] After maximizing window 
2020-12-30 13:45:21,680 DEBUG A.SeleniumBrowser [main] LoadURL: Before check if driver equals to null 
2020-12-30 13:45:21,681 DEBUG A.SeleniumBrowser [main] LoadURL: After check if driver equals to null 
2020-12-30 13:45:21,681 DEBUG A.SeleniumBrowser [main] LoadURL: URL =  https://portal.qa.tw-test.net
2020-12-30 13:45:27,820 DEBUG A.SeleniumBrowser [main] LoadURL: after get URL =  https://portal.qa.tw-test.net
2020-12-30 13:45:29,428 DEBUG A.BrowserActions [main] Waiting for login button to be clickable...
2020-12-30 13:45:29,630 DEBUG A.BrowserActions [main] Login button clicked successfully...
2020-12-30 13:45:31,542 DEBUG A.SeleniumBrowser [main] LoadURL: Before check if driver equals to null 
2020-12-30 13:45:31,542 DEBUG A.SeleniumBrowser [main] LoadURL: After check if driver equals to null 
2020-12-30 13:45:31,543 DEBUG A.SeleniumBrowser [main] LoadURL: URL =  https://portal.qa.tw-test.net/#/operations?menuKey=centcom-devices&stackKey=entity-search&types=EntityType.AGENT
2020-12-30 13:45:32,009 DEBUG A.SeleniumBrowser [main] LoadURL: after get URL =  https://portal.qa.tw-test.net/#/operations?menuKey=centcom-devices&stackKey=entity-search&types=EntityType.AGENT
2020-12-30 13:46:31,983 DEBUG T.RecordedTest [main] screenshot file: C:\Nep-4-next\nep-qa-next@f35aa3a96df\nep-qa-automation/test-output/capture/InitAndCleanupPortal-30-12-2020-13.46.31.png
2020-12-30 13:46:31,992 INFO T.E.InitAndCleanupPortal [main] Starting Cleanup agents
2020-12-30 13:46:37,795 INFO U.R.SSHManager [main] Connected Successfully to host 10.243.68.159
2020-12-30 13:46:37,798 INFO U.R.SSHManager [main] Going to executing command: hostname
2020-12-30 13:46:37,832 DEBUG U.R.SSHManager [main] Done.
2020-12-30 13:46:41,951 INFO A.SimulatedAgentActions [main] SimulatedAgentActions, DS URL: https://endpoint-protection-services.qa.tw-test.net:443/
2020-12-30 13:46:41,974 INFO T.E.InitAndCleanupPortal [main] Going to send delete action to Centcom for agent on hostanem NTY-EN-8D25HC2
2020-12-30 13:46:41,975 DEBUG A.SeleniumBrowser [main] Selenium browser Launch - Before switch application type: Chrome
2020-12-30 13:46:41,976 DEBUG A.SeleniumBrowser [main] Setting Chrome driver location: C:/home/NepManagerDownloads/utils/chromedriver.exe
2020-12-30 13:46:41,976 DEBUG A.SeleniumBrowser [main] Selenium browser Launch - After creating new hashMap
2020-12-30 13:46:41,976 DEBUG A.SeleniumBrowser [main] Selenium browser Launch - After reading MasterDownloadFolder property: C:\home\NepManagerDownloads
2020-12-30 13:46:41,977 DEBUG A.SeleniumBrowser [main] Selenium browser Launch - After put to hash
2020-12-30 13:46:41,986 DEBUG A.SeleniumBrowser [main] Selenium browser Launch - After new chrome options
2020-12-30 13:46:41,989 DEBUG A.SeleniumBrowser [main] Selenium browser Launch - After chrome setExperimentalOption
2020-12-30 13:46:41,989 DEBUG A.SeleniumBrowser [main] Selenium browser Launch - Before setting several chrome options
2020-12-30 13:46:41,996 DEBUG A.SeleniumBrowser [main] Selenium browser Launch - Before creating new chrome driver
2020-12-30 13:46:46,420 DEBUG A.SeleniumBrowser [main] Selenium browser Launch - After creating new chrome driver
2020-12-30 13:46:46,428 DEBUG A.SeleniumBrowser [main] After Setting implicit timeout
2020-12-30 13:46:48,443 DEBUG A.SeleniumBrowser [main] After maximizing window 
2020-12-30 13:46:48,444 DEBUG A.SeleniumBrowser [main] LoadURL: Before check if driver equals to null 
2020-12-30 13:46:48,444 DEBUG A.SeleniumBrowser [main] LoadURL: After check if driver equals to null 
2020-12-30 13:46:48,445 DEBUG A.SeleniumBrowser [main] LoadURL: URL =  https://portal.qa.tw-test.net
2020-12-30 13:46:53,885 DEBUG A.SeleniumBrowser [main] LoadURL: after get URL =  https://portal.qa.tw-test.net
2020-12-30 13:46:55,487 DEBUG A.BrowserActions [main] Waiting for login button to be clickable...
2020-12-30 13:46:55,640 DEBUG A.BrowserActions [main] Login button clicked successfully...
2020-12-30 13:46:57,897 DEBUG A.SeleniumBrowser [main] LoadURL: Before check if driver equals to null 
2020-12-30 13:46:57,897 DEBUG A.SeleniumBrowser [main] LoadURL: After check if driver equals to null 
2020-12-30 13:46:57,897 DEBUG A.SeleniumBrowser [main] LoadURL: URL =  https://portal.qa.tw-test.net/#/operations?menuKey=centcom-devices&stackKey=entity-search&types=EntityType.AGENT
2020-12-30 13:46:58,193 DEBUG A.SeleniumBrowser [main] LoadURL: after get URL =  https://portal.qa.tw-test.net/#/operations?menuKey=centcom-devices&stackKey=entity-search&types=EntityType.AGENT
2020-12-30 13:48:28,056 DEBUG T.RecordedTest [main] screenshot file: C:\Nep-4-next\nep-qa-next@f35aa3a96df\nep-qa-automation/test-output/capture/InitAndCleanupPortal-30-12-2020-13.48.28.png
2020-12-30 13:48:28,062 INFO T.E.InitAndCleanupPortal [main] Starting Cleanup agents
2020-12-30 13:48:33,469 INFO U.R.SSHManager [main] Connected Successfully to host 10.243.68.159
2020-12-30 13:48:33,471 INFO U.R.SSHManager [main] Going to executing command: hostname
2020-12-30 13:48:33,494 DEBUG U.R.SSHManager [main] Done.
2020-12-30 13:48:37,612 INFO A.SimulatedAgentActions [main] SimulatedAgentActions, DS URL: https://endpoint-protection-services.qa.tw-test.net:443/
2020-12-30 13:48:37,637 INFO T.E.InitAndCleanupPortal [main] Going to send delete action to Centcom for agent on hostanem NTY-EN-8D25HC2
2020-12-30 13:48:37,638 DEBUG A.SeleniumBrowser [main] Selenium browser Launch - Before switch application type: Chrome
2020-12-30 13:48:37,638 DEBUG A.SeleniumBrowser [main] Setting Chrome driver location: C:/home/NepManagerDownloads/utils/chromedriver.exe
2020-12-30 13:48:37,639 DEBUG A.SeleniumBrowser [main] Selenium browser Launch - After creating new hashMap
2020-12-30 13:48:37,639 DEBUG A.SeleniumBrowser [main] Selenium browser Launch - After reading MasterDownloadFolder property: C:\home\NepManagerDownloads
2020-12-30 13:48:37,640 DEBUG A.SeleniumBrowser [main] Selenium browser Launch - After put to hash
2020-12-30 13:48:37,643 DEBUG A.SeleniumBrowser [main] Selenium browser Launch - After new chrome options
2020-12-30 13:48:37,646 DEBUG A.SeleniumBrowser [main] Selenium browser Launch - After chrome setExperimentalOption
2020-12-30 13:48:37,646 DEBUG A.SeleniumBrowser [main] Selenium browser Launch - Before setting several chrome options
2020-12-30 13:48:37,651 DEBUG A.SeleniumBrowser [main] Selenium browser Launch - Before creating new chrome driver
2020-12-30 13:48:41,418 DEBUG A.SeleniumBrowser [main] Selenium browser Launch - After creating new chrome driver
2020-12-30 13:48:41,427 DEBUG A.SeleniumBrowser [main] After Setting implicit timeout
2020-12-30 13:48:43,442 DEBUG A.SeleniumBrowser [main] After maximizing window 
2020-12-30 13:48:43,443 DEBUG A.SeleniumBrowser [main] LoadURL: Before check if driver equals to null 
2020-12-30 13:48:43,443 DEBUG A.SeleniumBrowser [main] LoadURL: After check if driver equals to null 
2020-12-30 13:48:43,443 DEBUG A.SeleniumBrowser [main] LoadURL: URL =  https://portal.qa.tw-test.net
2020-12-30 13:48:49,195 DEBUG A.SeleniumBrowser [main] LoadURL: after get URL =  https://portal.qa.tw-test.net
2020-12-30 13:48:50,680 DEBUG A.BrowserActions [main] Waiting for login button to be clickable...
2020-12-30 13:48:50,832 DEBUG A.BrowserActions [main] Login button clicked successfully...
2020-12-30 13:48:52,456 DEBUG A.SeleniumBrowser [main] LoadURL: Before check if driver equals to null 
2020-12-30 13:48:52,457 DEBUG A.SeleniumBrowser [main] LoadURL: After check if driver equals to null 
2020-12-30 13:48:52,457 DEBUG A.SeleniumBrowser [main] LoadURL: URL =  https://portal.qa.tw-test.net/#/operations?menuKey=centcom-devices&stackKey=entity-search&types=EntityType.AGENT
2020-12-30 13:48:52,913 DEBUG A.SeleniumBrowser [main] LoadURL: after get URL =  https://portal.qa.tw-test.net/#/operations?menuKey=centcom-devices&stackKey=entity-search&types=EntityType.AGENT
2020-12-30 13:51:16,157 ERROR U.T.InvokedMethodListener [main] Could not delete from CentCom endpoint: NTY-EN-8D25HC2
org.openqa.selenium.ElementNotInteractableException: element not interactable
  (Session info: chrome=87.0.4280.88)
Build info: version: '3.141.59', revision: 'e82be7d358', time: '2018-11-14T08:17:03'
System info: host: 'NTY-EN-8D25HC2', ip: '10.243.68.159', os.name: 'Windows 10', os.arch: 'amd64', os.version: '10.0', java.version: '12.0.2'
Driver info: org.openqa.selenium.chrome.ChromeDriver
Capabilities {acceptInsecureCerts: false, browserName: chrome, browserVersion: 87.0.4280.88, chrome: {chromedriverVersion: 87.0.4280.20 (c99e81631faa0..., userDataDir: C:\Users\MOSHE~1.AVI\AppDat...}, goog:chromeOptions: {debuggerAddress: localhost:55377}, javascriptEnabled: true, networkConnectionEnabled: false, pageLoadStrategy: normal, platform: WINDOWS, platformName: WINDOWS, proxy: Proxy(), setWindowRect: true, strictFileInteractability: false, timeouts: {implicit: 0, pageLoad: 300000, script: 30000}, unhandledPromptBehavior: dismiss and notify, webauthn:virtualAuthenticators: true}
Session ID: 9c6c154c8b61148361409c830ae9cfa9

Video: C:\Nep-4-next\nep-qa-next@f35aa3a96df\nep-qa-automation/test-output/capture/InitAndCleanupPortal-30-12-2020-13.48.28.avi
ScreenShot: C:\Nep-4-next\nep-qa-next@f35aa3a96df\nep-qa-automation/test-output/capture/InitAndCleanupPortal-30-12-2020-13.48.28.png


